                              IERS Bulletin A                   No. 1752
                  Values of Earth Orientation Parameters *
   YR MO DA   MJD        x     error      y     error   UT1-UTC   error
   16  4  1  57479  -0.00841 0.00001  0.42119 0.00003 -0.082453 0.000006
   16  4  2  57480  -0.00809 0.00001  0.42267 0.00003 -0.084254 0.000006
   16  4  3  57481  -0.00752 0.00002  0.42414 0.00003 -0.086166 0.000004
   16  4  4  57482  -0.00642 0.00003  0.42585 0.00002 -0.088160 0.000005
   16  4  5  57483  -0.00472 0.00003  0.42786 0.00002 -0.090289 0.000007
   16  4  6  57484  -0.00260 0.00003  0.42990 0.00002 -0.092523 0.000005
   16  4  7  57485  -0.00079 0.00003  0.43220 0.00002 -0.094874 0.000005
   16  4  8  57486   0.00067 0.00003  0.43471 0.00002 -0.097260 0.000005
   16  4  9  57487   0.00206 0.00002  0.43705 0.00002 -0.099586 0.000006
   16  4 10  57488   0.00335 0.00002  0.43904 0.00002 -0.101724 0.000005
   16  4 11  57489   0.00462 0.00002  0.44093 0.00002 -0.103663 0.000004
   16  4 12  57490   0.00615 0.00001  0.44266 0.00002 -0.105471 0.000006
   16  4 13  57491   0.00774 0.00002  0.44419 0.00002 -0.107166 0.000005
   16  4 14  57492   0.00911 0.00002  0.44568 0.00002 -0.108771 0.000005
   16  4 15  57493   0.01047 0.00001  0.44746 0.00002 -0.110313 0.000006
   16  4 16  57494   0.01197 0.00001  0.44963 0.00002 -0.111906 0.000007
   16  4 17  57495   0.01365 0.00002  0.45188 0.00002 -0.113520 0.000006
   16  4 18  57496   0.01545 0.00003  0.45405 0.00002 -0.115141 0.000006
   16  4 19  57497   0.01704 0.00003  0.45577 0.00002 -0.116905 0.000007
   16  4 20  57498   0.01857 0.00003  0.45679 0.00004 -0.118638 0.000006
   16  4 21  57499   0.02028 0.00003  0.45764 0.00004 -0.120331 0.000006
   16  4 22  57500   0.02209 0.00003  0.45871 0.00004 -0.121969 0.000006
   16  4 23  57501   0.02404 0.00002  0.46021 0.00003 -0.123581 0.000003
   16  4 24  57502   0.02575 0.00002  0.46185 0.00003 -0.125130 0.000004
   16  4 25  57503   0.02704 0.00002  0.46350 0.00003 -0.126509 0.000005
   16  4 26  57504   0.02803 0.00002  0.46532 0.00002 -0.127792 0.000005
   16  4 27  57505   0.02886 0.00002  0.46698 0.00003 -0.129026 0.000005
   16  4 28  57506   0.02970 0.00002  0.46852 0.00003 -0.130323 0.000006
   16  4 29  57507   0.03063 0.00003  0.46984 0.00003 -0.131716 0.000006
   16  4 30  57508   0.03223 0.00003  0.47091 0.00003 -0.133191 0.000006
   16  5  1  57509   0.03452 0.00003  0.47228 0.00003 -0.134830 0.000007
   16  5  2  57510   0.03666 0.00003  0.47398 0.00003 -0.136561 0.000006
   16  5  3  57511   0.03860 0.00003  0.47551 0.00002 -0.138541 0.000008
   16  5  4  57512   0.04061 0.00003  0.47680 0.00003 -0.140668 0.000008
   16  5  5  57513   0.04227 0.00003  0.47799 0.00003 -0.142873 0.000008
   16  5  6  57514   0.04349 0.00003  0.47906 0.00003 -0.145012 0.000008
   16  5  7  57515   0.04492 0.00003  0.48022 0.00003 -0.147032 0.000008
   16  5  8  57516   0.04661 0.00002  0.48151 0.00003 -0.148892 0.000010
   16  5  9  57517   0.04836 0.00002  0.48283 0.00003 -0.150512 0.000010
   16  5 10  57518   0.05021 0.00002  0.48408 0.00002 -0.152055 0.000010
   16  5 11  57519   0.05223 0.00002  0.48527 0.00002 -0.153439 0.000009
   16  5 12  57520   0.05430 0.00002  0.48634 0.00002 -0.154839 0.000009
   16  5 13  57521   0.05638 0.00002  0.48730 0.00002 -0.156266 0.000009
   16  5 14  57522   0.05844 0.00001  0.48817 0.00002 -0.157809 0.000011
   16  5 15  57523   0.06047 0.00001  0.48878 0.00002 -0.159444 0.000010
   16  5 16  57524   0.06253 0.00001  0.48913 0.00003 -0.161143 0.000005
   16  5 17  57525   0.06455 0.00001  0.48964 0.00002 -0.162900 0.000004
   16  5 18  57526   0.06637 0.00002  0.49034 0.00003 -0.164655 0.000007
   16  5 19  57527   0.06801 0.00002  0.49117 0.00003 -0.166298 0.000007
   16  5 20  57528   0.06940 0.00002  0.49213 0.00003 -0.167864 0.000007
   16  5 21  57529   0.07042 0.00002  0.49305 0.00003 -0.169385 0.000007
   16  5 22  57530   0.07123 0.00003  0.49362 0.00004 -0.170842 0.000010
   16  5 23  57531   0.07247 0.00003  0.49382 0.00004 -0.172319 0.000010
   16  5 24  57532   0.07432 0.00003  0.49418 0.00003 -0.173773 0.000007
   16  5 25  57533   0.07641 0.00003  0.49482 0.00004 -0.175202 0.000007
   16  5 26  57534   0.07872 0.00003  0.49545 0.00004 -0.176570 0.000006
   16  5 27  57535   0.08089 0.00003  0.49606 0.00004 -0.177928 0.000008
   16  5 28  57536   0.08276 0.00003  0.49651 0.00003 -0.179401 0.000013
   16  5 29  57537   0.08502 0.00003  0.49665 0.00003 -0.180993 0.000013
   16  5 30  57538   0.08779 0.00003  0.49655 0.00003 -0.182736 0.000006
   16  5 31  57539   0.09040 0.00002  0.49651 0.00002 -0.184531 0.000006
   16  6  1  57540   0.09280 0.00002  0.49664 0.00002 -0.186346 0.000006
   16  6  2  57541   0.09506 0.00002  0.49692 0.00003 -0.188193 0.000005
   16  6  3  57542   0.09706 0.00002  0.49716 0.00003 -0.189939 0.000005
   16  6  4  57543   0.09876 0.00002  0.49737 0.00003 -0.191502 0.000006
   16  6  5  57544   0.10013 0.00002  0.49746 0.00002 -0.192869 0.000010
   16  6  6  57545   0.10149 0.00002  0.49754 0.00003 -0.194114 0.000008
   16  6  7  57546   0.10269 0.00002  0.49782 0.00002 -0.195185 0.000010
   16  6  8  57547   0.10368 0.00002  0.49788 0.00002 -0.196188 0.000011
   16  6  9  57548   0.10482 0.00002  0.49767 0.00002 -0.197198 0.000011
   16  6 10  57549   0.10614 0.00002  0.49713 0.00002 -0.198095 0.000011
   16  6 11  57550   0.10767 0.00002  0.49632 0.00002 -0.199037 0.000010
   16  6 12  57551   0.10959 0.00002  0.49532 0.00002 -0.199955 0.000009
   16  6 13  57552   0.11223 0.00002  0.49430 0.00002 -0.200836 0.000009
   16  6 14  57553   0.11520 0.00002  0.49405 0.00001 -0.201668 0.000008
   16  6 15  57554   0.11800 0.00002  0.49448 0.00002 -0.202476 0.000007
   16  6 16  57555   0.12077 0.00002  0.49475 0.00002 -0.203125 0.000007
   16  6 17  57556   0.12366 0.00008  0.49451 0.00008 -0.203635 0.000005
   16  6 18  57557   0.12621 0.00008  0.49397 0.00008 -0.204054 0.000012
   16  6 19  57558   0.12834 0.00009  0.49320 0.00009 -0.204387 0.000016
   16  6 20  57559   0.13039 0.00009  0.49228 0.00009 -0.204665 0.000016
   16  6 21  57560   0.13229 0.00009  0.49147 0.00009 -0.204857 0.000017
   16  6 22  57561   0.13425 0.00009  0.49073 0.00009 -0.205089 0.000019
   16  6 23  57562   0.13647 0.00009  0.49016 0.00009 -0.205472 0.000018
   16  6 24  57563   0.13869 0.00009  0.48956 0.00009 -0.205923 0.000016
   16  6 25  57564   0.14068 0.00009  0.48901 0.00009 -0.206538 0.000014
   16  6 26  57565   0.14255 0.00009  0.48867 0.00009 -0.207328 0.000011
   16  6 27  57566   0.14445 0.00009  0.48812 0.00009 -0.208296 0.000013
   16  6 28  57567   0.14647 0.00009  0.48722 0.00009 -0.209315 0.000011
   16  6 29  57568   0.14852 0.00009  0.48627 0.00009 -0.210417 0.000012
   16  6 30  57569   0.15039 0.00009  0.48536 0.00009 -0.211441 0.000012
P  16  7  1  57570   0.1524  0.0006   0.4844  0.0004  -0.21241  0.00011
P  16  7  2  57571   0.1543  0.0009   0.4836  0.0007  -0.21324  0.00020
P  16  7  3  57572   0.1563  0.0011   0.4828  0.0009  -0.21393  0.00030
P  16  7  4  57573   0.1583  0.0014   0.4820  0.0011  -0.21452  0.00040
P  16  7  5  57574   0.1602  0.0015   0.4813  0.0013  -0.21503  0.00050
P  16  7  6  57575   0.1623  0.0017   0.4805  0.0015  -0.21552  0.00060
P  16  7  7  57576   0.1643  0.0019   0.4797  0.0016  -0.21603  0.00070
P  16  7  8  57577   0.1662  0.0020   0.4788  0.0018  -0.21657  0.00075
P  16  7  9  57578   0.1682  0.0021   0.4779  0.0019  -0.21715  0.00055
P  16  7 10  57579   0.1701  0.0023   0.4769  0.0021  -0.21777  0.00075
P  16  7 11  57580   0.1720  0.0024   0.4759  0.0022  -0.21842  0.00093
P  16  7 12  57581   0.1739  0.0025   0.4750  0.0024  -0.21905  0.00110
P  16  7 13  57582   0.1758  0.0026   0.4740  0.0025  -0.21963  0.00125
P  16  7 14  57583   0.1777  0.0028   0.4730  0.0027  -0.22012  0.00140
P  16  7 15  57584   0.1795  0.0029   0.4720  0.0028  -0.22049  0.00154
P  16  7 16  57585   0.1813  0.0030   0.4709  0.0029  -0.22076  0.00168
P  16  7 17  57586   0.1831  0.0031   0.4698  0.0031  -0.22094  0.00181
P  16  7 18  57587   0.1848  0.0032   0.4686  0.0032  -0.22107  0.00194
P  16  7 19  57588   0.1865  0.0033   0.4675  0.0033  -0.22119  0.00207
P  16  7 20  57589   0.1883  0.0034   0.4663  0.0035  -0.22138  0.00219
P  16  7 21  57590   0.1900  0.0035   0.4651  0.0036  -0.22169  0.00231
P  16  7 22  57591   0.1917  0.0036   0.4638  0.0037  -0.22215  0.00243
P  16  7 23  57592   0.1933  0.0037   0.4626  0.0038  -0.22278  0.00254
P  16  7 24  57593   0.1949  0.0037   0.4613  0.0039  -0.22357  0.00265
P  16  7 25  57594   0.1966  0.0038   0.4600  0.0041  -0.22447  0.00277
P  16  7 26  57595   0.1981  0.0039   0.4587  0.0042  -0.22542  0.00288
P  16  7 27  57596   0.1997  0.0040   0.4573  0.0043  -0.22634  0.00299
P  16  7 28  57597   0.2012  0.0041   0.4560  0.0044  -0.22719  0.00309
P  16  7 29  57598   0.2027  0.0042   0.4546  0.0045  -0.22794  0.00320
P  16  7 30  57599   0.2042  0.0043   0.4531  0.0046  -0.22860  0.00330
P  16  7 31  57600   0.2057  0.0043   0.4517  0.0047  -0.22921  0.00341
P  16  8  1  57601   0.2071  0.0044   0.4503  0.0049  -0.22981  0.00351
P  16  8  2  57602   0.2085  0.0045   0.4488  0.0050  -0.23044  0.00361
P  16  8  3  57603   0.2099  0.0046   0.4473  0.0051  -0.23114  0.00371
P  16  8  4  57604   0.2112  0.0046   0.4458  0.0052  -0.23192  0.00381
P  16  8  5  57605   0.2125  0.0047   0.4442  0.0053  -0.23277  0.00391
P  16  8  6  57606   0.2138  0.0048   0.4426  0.0054  -0.23364  0.00401
P  16  8  7  57607   0.2150  0.0049   0.4411  0.0055  -0.23452  0.00411
P  16  8  8  57608   0.2163  0.0049   0.4395  0.0056  -0.23538  0.00420
P  16  8  9  57609   0.2174  0.0050   0.4378  0.0057  -0.23619  0.00430
P  16  8 10  57610   0.2186  0.0051   0.4362  0.0058  -0.23693  0.00439
P  16  8 11  57611   0.2197  0.0052   0.4345  0.0059  -0.23760  0.00448
P  16  8 12  57612   0.2208  0.0052   0.4329  0.0060  -0.23819  0.00458
P  16  8 13  57613   0.2219  0.0053   0.4312  0.0061  -0.23872  0.00467
P  16  8 14  57614   0.2229  0.0054   0.4295  0.0062  -0.23922  0.00476
P  16  8 15  57615   0.2240  0.0054   0.4277  0.0063  -0.23972  0.00485
P  16  8 16  57616   0.2249  0.0055   0.4260  0.0064  -0.24028  0.00494
P  16  8 17  57617   0.2259  0.0056   0.4242  0.0065  -0.24095  0.00503
P  16  8 18  57618   0.2268  0.0056   0.4225  0.0066  -0.24177  0.00512
P  16  8 19  57619   0.2276  0.0057   0.4207  0.0067  -0.24276  0.00521
P  16  8 20  57620   0.2285  0.0058   0.4189  0.0068  -0.24391  0.00530
P  16  8 21  57621   0.2293  0.0058   0.4171  0.0069  -0.24518  0.00539
P  16  8 22  57622   0.2301  0.0059   0.4153  0.0070  -0.24649  0.00548
P  16  8 23  57623   0.2308  0.0060   0.4134  0.0071  -0.24777  0.00556
P  16  8 24  57624   0.2315  0.0060   0.4116  0.0072  -0.24894  0.00565
P  16  8 25  57625   0.2322  0.0061   0.4097  0.0073  -0.24998  0.00574
P  16  8 26  57626   0.2328  0.0061   0.4079  0.0074  -0.25089  0.00582
P  16  8 27  57627   0.2334  0.0062   0.4060  0.0074  -0.25172  0.00591
P  16  8 28  57628   0.2340  0.0063   0.4041  0.0075  -0.25251  0.00599
P  16  8 29  57629   0.2345  0.0063   0.4022  0.0076  -0.25332  0.00608
P  16  8 30  57630   0.2350  0.0064   0.4003  0.0077  -0.25419  0.00616
P  16  8 31  57631   0.2355  0.0064   0.3984  0.0078  -0.25515  0.00624
P  16  9  1  57632   0.2359  0.0065   0.3965  0.0079  -0.25619  0.00633
P  16  9  2  57633   0.2363  0.0066   0.3945  0.0080  -0.25731  0.00641
P  16  9  3  57634   0.2367  0.0066   0.3926  0.0081  -0.25847  0.00649
P  16  9  4  57635   0.2370  0.0067   0.3907  0.0082  -0.25963  0.00657
P  16  9  5  57636   0.2373  0.0067   0.3887  0.0083  -0.26078  0.00666
P  16  9  6  57637   0.2376  0.0068   0.3868  0.0083  -0.26188  0.00674
P  16  9  7  57638   0.2378  0.0068   0.3848  0.0084  -0.26293  0.00682
P  16  9  8  57639   0.2380  0.0069   0.3829  0.0085  -0.26391  0.00690
P  16  9  9  57640   0.2381  0.0070   0.3809  0.0086  -0.26485  0.00698
P  16  9 10  57641   0.2382  0.0070   0.3790  0.0087  -0.26576  0.00706
P  16  9 11  57642   0.2383  0.0071   0.3770  0.0088  -0.26669  0.00714
P  16  9 12  57643   0.2383  0.0071   0.3750  0.0089  -0.26767  0.00722
P  16  9 13  57644   0.2383  0.0072   0.3731  0.0090  -0.26876  0.00730
P  16  9 14  57645   0.2383  0.0072   0.3711  0.0090  -0.26999  0.00738
P  16  9 15  57646   0.2382  0.0073   0.3691  0.0091  -0.27142  0.00745
P  16  9 16  57647   0.2381  0.0073   0.3672  0.0092  -0.27304  0.00753
P  16  9 17  57648   0.2380  0.0074   0.3652  0.0093  -0.27482  0.00761
P  16  9 18  57649   0.2378  0.0074   0.3633  0.0094  -0.27670  0.00769
P  16  9 19  57650   0.2376  0.0075   0.3613  0.0095  -0.27858  0.00777
P  16  9 20  57651   0.2374  0.0076   0.3593  0.0096  -0.28038  0.00784
P  16  9 21  57652   0.2371  0.0076   0.3574  0.0096  -0.28205  0.00792
P  16  9 22  57653   0.2368  0.0077   0.3554  0.0097  -0.28356  0.00800
P  16  9 23  57654   0.2364  0.0077   0.3535  0.0098  -0.28496  0.00807
P  16  9 24  57655   0.2360  0.0078   0.3516  0.0099  -0.28628  0.00815
P  16  9 25  57656   0.2356  0.0078   0.3496  0.0100  -0.28759  0.00822
P  16  9 26  57657   0.2351  0.0079   0.3477  0.0101  -0.28892  0.00830
P  16  9 27  57658   0.2347  0.0079   0.3458  0.0101  -0.29033  0.00838
P  16  9 28  57659   0.2341  0.0080   0.3439  0.0102  -0.29181  0.00845

* "P" indicates that data are predicted for that day
