h1 CRD  1 2011  2 11 19
h2 MDOL       7080 24 19  4
h3 apollo15        103  103        0 0 2
h4  0 2011  2 11  2 34 24 2011  2 11  3  4  5  0 0 0 0 1 0 2 0
c0 0 532.000 std ml1 ham mt1
c1 0 ml1 Nd-Yag 1064.00 10.00 -1.00 200.0 -1.00 1
c2 0 ham ham 532.000 -1.00 3800.0 0.0 unknown -1.0 6.00 -1.0 10.0 none
c3 0 mt1 Symmetricom_Cs_4310 Symmetricom_Cs_4310 MLRS_CMOS_TMRB_TD811 na -0.4
60 std 6 4
20 9256.000 797.27 272.76 43 0
40 9256.0000000 0 std 466 358 -1.000 774.1 0.0 355.9 1.384 1.120 -170.0 3 3 0
30 9264.500 256.7925 61.7476 0 1 1
12 9264.5004720 std 0.0 0.0000 0.00 0.0000
10 9271.329595759469 2.597840009835 std 2 1 0 0 0
10 9272.450794197121 2.597841163345 std 2 1 0 0 0
10 9287.026380792313 2.597853293254 std 2 1 0 0 0
10 9297.422956409750 2.597861685951 std 2 1 0 0 0
10 9298.034518420181 2.597862272104 std 2 1 0 0 0
10 9301.092333823599 2.597864691173 std 2 1 0 0 0
10 9301.805826176544 2.597865471604 std 2 1 0 0 0
10 9305.475204380091 2.597868598199 std 2 1 0 0 0
10 9351.036672749566 2.597906537290 std 2 1 0 0 0
10 9354.604125138687 2.597909709184 std 2 1 0 0 0
10 9368.364296357900 2.597921233501 std 2 1 0 0 0
10 9374.378000607490 2.597926155227 std 2 1 0 0 0
10 9388.240100596959 2.597937994381 std 2 1 0 0 0
10 9391.501769958291 2.597940634872 std 2 1 0 0 0
10 9398.025109253973 2.597946114812 std 2 1 0 0 0
10 9402.509905934876 2.597949883628 std 2 1 0 0 0
10 9406.179284188611 2.597953269745 std 2 1 0 0 0
10 9412.091061378249 2.597958172427 std 2 1 0 0 0
10 9416.270076444447 2.597961659117 std 2 1 0 0 0
10 9429.826394110642 2.597973123014 std 2 1 0 0 0
10 9430.947591735596 2.597974129400 std 2 1 0 0 0
10 9435.534317474348 2.597978251056 std 2 1 0 0 0
10 9436.859370527689 2.597979260088 std 2 1 0 0 0
10 9450.415686211891 2.597990788025 std 2 1 0 0 0
10 9451.231103997339 2.597991468516 std 2 1 0 0 0
10 9456.531317886291 2.597996151853 std 2 1 0 0 0
10 9457.040953461341 2.597996202202 std 2 1 0 0 0
10 9465.297055914045 2.598003577361 std 2 1 0 0 0
10 9473.145449194459 2.598010354146 std 2 1 0 0 0
10 9474.674356442587 2.598011320581 std 2 1 0 0 0
10 9516.974095134470 2.598048027502 std 2 1 0 0 0
10 9525.230197659814 2.598055190437 std 2 1 0 0 0
10 9532.059319184174 2.598061014871 std 2 2 0 0 0
10 9541.130840291136 2.598068698493 std 2 1 0 0 0
10 9542.761675254695 2.598070242271 std 2 1 0 0 0
30 9549.081 257.7977 60.7773 0 1 1
10 9564.981801762329 2.598089401273 std 2 1 0 0 0
10 9567.529981965125 2.598091899195 std 2 1 0 0 0
20 9574.000 797.27 272.56 44 0
10 9579.761246654754 2.598102419652 std 2 1 0 0 0
10 9582.105571988028 2.598104618834 std 2 1 0 0 0
10 9583.022917400869 2.598105348065 std 2 1 0 0 0
10 9605.854607508551 2.598125306129 std 2 1 0 0 0
10 9607.281587977714 2.598126627696 std 2 1 0 0 0
10 9610.543258825655 2.598129252747 std 2 1 0 0 0
10 9617.882017166248 2.598135876684 std 2 1 0 0 0
10 9622.672594094964 2.598140101319 std 2 1 0 0 0
10 9627.768953106444 2.598144508736 std 2 1 0 0 0
10 9629.501715946739 2.598145875528 std 2 1 0 0 0
10 9630.419060669665 2.598146720718 std 2 1 0 0 0
10 9635.515421034555 2.598151239286 std 2 1 0 0 0
10 9648.867885134428 2.598163106837 std 2 1 0 0 0
10 9663.341544104984 2.598175994262 std 2 1 0 0 0
10 9664.972379212202 2.598177438877 std 2 1 0 0 0
10 9722.765099872244 2.598228781784 std 2 1 0 0 0
10 9724.294009574554 2.598230284684 std 2 1 0 0 0
10 9726.230624439573 2.598231845606 std 2 1 0 0 0
10 9727.249895341038 2.598232844700 std 2 1 0 0 0
10 9740.092723216747 2.598244353466 std 2 1 0 0 0
10 9746.310282479464 2.598249747784 std 2 1 0 0 0
10 9756.910708656138 2.598259332695 std 2 1 0 0 0
10 9770.568951747240 2.598271417200 std 2 1 0 0 0
10 9772.505571314912 2.598273460704 std 2 1 0 0 0
10 9775.461455831630 2.598276055969 std 2 1 0 0 0
10 9778.723129535951 2.598278893060 std 2 1 0 0 0
10 9785.858032305945 2.598285447272 std 2 1 0 0 0
10 9792.381370145249 2.598291195771 std 2 1 0 0 0
10 9805.733833933169 2.598303267886 std 2 1 0 0 0
10 9806.956959088640 2.598304469942 std 2 1 0 0 0
10 9809.708994962630 2.598306786495 std 2 1 0 0 0
10 9810.626339868522 2.598307876931 std 2 1 0 0 0
10 9814.601501879975 2.598311397256 std 2 1 0 0 0
10 9822.144114118806 2.598318150507 std 2 1 0 0 0
10 9825.609636391557 2.598321349904 std 2 1 0 0 0
10 9831.419489175541 2.598326633258 std 2 1 0 0 0
30 9870.457 258.8794 59.6778 0 1 1
10 9870.457600580799 2.598362423491 std 2 1 0 0 0
10 9871.578800201549 2.598363137439 std 2 1 0 0 0
10 9878.509848541285 2.598369759129 std 2 1 0 0 0
10 9894.818199941416 2.598384615821 std 2 1 0 0 0
10 9898.385651553572 2.598387961120 std 2 1 0 0 0
10 9902.462739447976 2.598391447530 std 2 1 0 0 0
10 9908.782225629751 2.598397256784 std 2 1 0 0 0
10 9913.368946907796 2.598401748393 std 2 1 0 0 0
10 9917.547964588495 2.598405683519 std 2 1 0 0 0
10 9918.159525886644 2.598405926593 std 2 1 0 0 0
10 9921.013487288626 2.598408819402 std 2 1 0 0 0
10 9922.338541267158 2.598409929952 std 2 1 0 0 0
10 9930.696570561709 2.598417749547 std 2 1 0 0 0
10 9936.404495596362 2.598423049664 std 2 1 0 0 0
10 9936.506422670331 2.598422935531 std 2 1 0 0 0
10 9947.310704678957 2.598432950952 std 2 1 0 0 0
10 9949.756955885385 2.598435297958 std 2 1 0 0 0
10 9953.120555072859 2.598438459174 std 2 1 0 0 0
10 9956.280299408907 2.598441458944 std 2 1 0 0 0
10 9971.263594243204 2.598455327586 std 2 1 0 0 0
10 9976.054173579019 2.598459649395 std 2 1 0 0 0
10 9980.844749797257 2.598464268366 std 2 1 0 0 0
10 9990.323978799826 2.598473018211 std 2 1 0 0 0
10 10003.880296536536 2.598485597643 std 2 1 0 0 0
10 10004.797641447900 2.598486472173 std 2 1 0 0 0
10 10005.001494345319 2.598486609483 std 2 1 0 0 0
10 10006.938112371470 2.598488362579 std 2 1 0 0 0
10 10010.709418862309 2.598492101447 std 2 1 0 0 0
10 10015.805778104221 2.598496643216 std 2 1 0 0 0
10 10021.207919849738 2.598501762814 std 2 1 0 0 0
10 10026.304278195814 2.598506513538 std 2 1 0 0 0
10 10030.381366391937 2.598510604656 std 2 1 0 0 0
10 10031.502567314697 2.598511337051 std 2 1 0 0 0
10 10031.706420213033 2.598511483388 std 2 1 0 0 0
10 10041.185648186127 2.598520660963 std 2 1 0 0 0
10 10050.359097525563 2.598529251699 std 2 1 0 0 0
10 10050.664875447965 2.598529331123 std 2 1 0 0 0
10 10088.581792949863 2.598565167448 std 2 1 0 0 0
10 10092.658879158025 2.598569222776 std 2 1 0 0 0
10 10108.559523125041 2.598584118842 std 2 1 0 0 0
10 10112.025048455060 2.598587413775 std 2 1 0 0 0
10 10126.091003081116 2.598600972965 std 2 1 0 0 0
10 10127.619907837052 2.598602341365 std 2 1 0 0 0
10 10132.818194753698 2.598607140589 std 2 1 0 0 0
30 10169.613 259.8385 58.6507 0 1 1
10 10176.952670162113 2.598649333247 std 2 1 0 0 0
10 10189.489717039398 2.598661417877 std 2 1 0 0 0
10 10192.445602660004 2.598664385677 std 2 1 0 0 0
10 10194.382222721477 2.598666281886 std 2 1 0 0 0
10 10198.153526048596 2.598669910084 std 2 1 0 0 0
10 10202.128686107098 2.598673732682 std 2 2 0 0 0
10 10203.861448562417 2.598675162384 std 2 1 0 0 0
10 10214.461878517173 2.598685657329 std 2 1 0 0 0
10 10215.073439775661 2.598686030957 std 2 1 0 0 0
10 10216.704274481901 2.598687648064 std 2 1 0 0 0
10 10224.960378055444 2.598695683459 std 2 1 0 0 0
10 10225.775795239775 2.598696530839 std 2 1 0 0 0
10 10236.478150583929 2.598706823592 std 2 1 0 0 0
10 10246.263159585020 2.598716199973 std 2 1 0 0 0
10 10248.199777947370 2.598718209957 std 2 1 0 0 0
10 10249.524832130808 2.598719506211 std 2 1 0 0 0
10 10258.392497089728 2.598728088500 std 2 1 0 0 0
10 10261.348383533435 2.598731031778 std 2 1 0 0 0
10 10268.890998259812 2.598738189573 std 2 1 0 0 0
10 10273.375794467529 2.598742434002 std 2 1 0 0 0
10 10274.904705255323 2.598743939924 std 2 1 0 0 0
10 10300.998066240099 2.598769549278 std 2 1 0 0 0
10 10303.852026013725 2.598772185048 std 2 1 0 0 0
10 10309.356094109047 2.598777663825 std 2 1 0 0 0
10 10320.058450036186 2.598788153817 std 2 1 0 0 0
10 10326.479860965384 2.598794353203 std 2 1 0 0 0
10 10330.964659051611 2.598798637773 std 2 1 0 0 0
10 10332.799347933304 2.598800804641 std 2 1 0 0 0
10 10334.939820915826 2.598802725763 std 2 1 0 0 0
10 10337.386072187470 2.598805252854 std 2 1 0 0 0
10 10353.694423136922 2.598821071372 std 2 1 0 0 0
10 10353.796349668470 2.598821493378 std 2 1 0 0 0
10 10359.708129380757 2.598827166383 std 2 1 0 0 0
10 10361.542817009744 2.598829014435 std 2 1 0 0 0
10 10367.046882480914 2.598834467501 std 2 1 0 0 0
10 10367.658444790211 2.598834795078 std 2 1 0 0 0
10 10424.533822617455 2.598891332401 std 2 1 0 0 0
10 10426.674292883592 2.598893431855 std 2 1 0 0 0
10 10427.387784015362 2.598894110460 std 2 2 0 0 0
10 10437.478577227759 2.598903992033 std 2 1 0 0 0
10 10450.627183419754 2.598916969501 std 2 1 0 0 0
10 10457.252451873306 2.598923682042 std 2 1 0 0 0
10 10457.456304659434 2.598924064161 std 2 1 0 0 0
30 10460.310 260.7330 57.6495 0 1 1
10 10471.929965285921 2.598938453900 std 2 1 0 0 0
10 10472.031895471571 2.598938461891 std 2 1 0 0 0
10 10474.885857102396 2.598941485394 std 2 2 0 0 0
10 10480.491851349321 2.598946933617 std 2 1 0 0 0
10 10482.632322203302 2.598949289264 std 2 1 0 0 0
10 10484.059302969434 2.598950668679 std 2 1 0 0 0
10 10505.260159887390 2.598971836528 std 2 1 0 0 0
10 10507.298703071761 2.598973934463 std 2 1 0 0 0
10 10513.720114642752 2.598980246009 std 2 1 0 0 0
10 10518.510692752739 2.598985120684 std 2 1 0 0 0
10 10522.282003043558 2.598988907252 std 2 1 0 0 0
10 10548.375362991828 2.599015214736 std 2 1 0 0 0
10 10549.394633618576 2.599016316155 std 2 1 0 0 0
10 10553.064014104873 2.599020060912 std 2 1 0 0 0
10 10558.873862988516 2.599025810482 std 2 1 0 0 0
10 10566.314547660795 2.599033519047 std 2 1 0 0 0
10 10566.926110541455 2.599034192343 std 2 2 0 0 0
10 10577.628465757927 2.599044751803 std 2 1 0 0 0
10 10583.540243735342 2.599050995666 std 2 1 0 0 0
10 10596.281140463972 2.599063912609 std 2 1 0 0 0
10 10600.052447716173 2.599067918494 std 2 1 0 0 0
10 10601.377501579378 2.599068957629 std 2 1 0 0 0
10 10604.027608862019 2.599071634077 std 2 1 0 0 0
10 10607.900842595192 2.599075752891 std 2 1 0 0 0
10 10622.068748311711 2.599090145455 std 2 1 0 0 0
10 10628.795943700117 2.599096888183 std 2 1 0 0 0
10 10632.771103412531 2.599101266470 std 2 1 0 0 0
10 10642.148405437933 2.599110834372 std 2 2 0 0 0
10 10652.443052477463 2.599121255950 std 2 1 0 0 0
10 10654.583524060576 2.599123333076 std 2 1 0 0 0
10 10654.787377783174 2.599123616890 std 2 1 0 0 0
10 10670.688020405634 2.599140113169 std 2 1 0 0 0
10 10689.136842265027 2.599158940200 std 2 1 0 0 0
10 10696.271744823058 2.599166379268 std 2 1 0 0 0
10 10702.489304670022 2.599172738718 std 2 1 0 0 0
10 10712.274316281961 2.599182710750 std 2 1 0 0 0
10 10721.855470782079 2.599192712555 std 2 1 0 0 0
10 10723.995941809688 2.599195023345 std 2 1 0 0 0
10 10728.378812570956 2.599199447753 std 2 1 0 0 0
10 10728.684590913075 2.599199762527 std 2 1 0 0 0
10 10729.194228513175 2.599200575228 std 2 1 0 0 0
30 10762.533 261.6250 56.6043 0 1 1
10 10765.388919715704 2.599238063811 std 2 1 0 0 0
10 10766.000854024000 2.599238646924 std 2 1 0 0 0
10 10770.794345772914 2.599243780302 std 2 1 0 0 0
10 10775.485844813827 2.599248530090 std 2 1 0 0 0
10 10776.709716806665 2.599249788649 std 2 1 0 0 0
10 10815.159621042530 2.599289961344 std 2 1 0 0 0
10 10816.383491773839 2.599291428989 std 2 1 0 0 0
10 10821.584940785791 2.599296614367 std 2 1 0 0 0
10 10824.542624674958 2.599300029635 std 2 1 0 0 0
10 10829.744070066548 2.599305311065 std 2 1 0 0 0
10 10829.846062967266 2.599305492603 std 2 1 0 0 0
10 10831.375896753023 2.599306858356 std 2 1 0 0 0
10 10833.823635694132 2.599309477445 std 2 1 0 0 0
10 10834.537561515212 2.599310271284 std 2 1 0 0 0
10 10850.651849453727 2.599327183034 std 2 1 0 0 0
10 10850.957815206530 2.599327434420 std 2 1 0 0 0
10 10852.997596542778 2.599329751032 std 2 1 0 0 0
10 10862.992533960516 2.599340393177 std 2 1 0 0 0
10 10865.950219374288 2.599343491112 std 2 2 0 0 0
10 10873.089459936711 2.599350898828 std 2 1 0 0 0
10 10873.497416697939 2.599351561464 std 2 1 0 0 0
10 10876.251126058365 2.599354287275 std 2 1 0 0 0
10 10885.634126145438 2.599364080486 std 2 1 0 0 0
10 10887.571922377205 2.599366152362 std 2 1 0 0 0
10 10889.101758112507 2.599368013817 std 2 1 0 0 0
10 10901.952392131365 2.599381349226 std 2 1 0 0 0
10 10902.462338201804 2.599382274453 std 2 1 0 0 0
10 10905.318034992748 2.599385031606 std 2 1 0 0 0
10 10906.235937584985 2.599386269520 std 2 1 0 0 0
10 10913.579157531882 2.599393892676 std 2 1 0 0 0
10 10917.250765727489 2.599397604271 std 2 1 0 0 0
10 10918.270657157165 2.599398625487 std 2 1 0 0 0
10 10919.086570219341 2.599399745711 std 2 1 0 0 0
10 10922.350225275273 2.599403203461 std 2 2 0 0 0
10 10929.897423154298 2.599411326146 std 2 1 0 0 0
10 10931.121291855761 2.599412472064 std 2 1 0 0 0
10 10932.141182048212 2.599413403462 std 2 1 0 0 0
10 10939.790368512082 2.599421832129 std 2 1 0 0 0
10 10978.444259492469 2.599463128577 std 2 1 0 0 0
10 10987.011350941375 2.599472081336 std 2 1 0 0 0
10 10993.232687560216 2.599478611928 std 2 1 0 0 0
10 11012.814604184296 2.599499992234 std 2 1 0 0 0
10 11016.282235082215 2.599503532625 std 2 1 0 0 0
10 11016.894170396867 2.599504153206 std 2 1 0 0 0
10 11022.605563849704 2.599510432191 std 2 2 0 0 0
10 11036.476086930003 2.599525175668 std 2 1 0 0 0
10 11037.801946955115 2.599526718844 std 2 1 0 0 0
10 11041.167588829258 2.599530438204 std 2 1 0 0 0
10 11045.349147701332 2.599534999229 std 2 1 0 0 0
50 std -1.0 -1.000 -1.000 -1.0 4
h8
h9
