h1 CRD 2 2025 3 14 14
h2 WETL 8834 10 01 4 ILRS
h3 apollo15 0000103 0103 na 0 1 1
h4 0 2025 3 7 17 27 55 2025 3 7 17 34 29 0 0 0 0 1 0 2 0
C0 0   1064.000 std4 las1 det4 tim0   na   na met0   na
C1 0 las1     Nd:YAG    1064.00      20.00      80.00   10.0  2.00    1
C2 0 det4       SPAD   1064.000  70.00   -93.0 180.0     analog 150.0  0.35  90.0  18.0       none    0.0    0.0  0
C3 0 tim0                  TAC              EFOS-18             Dassault             02,09,10    0.0
C6 0 met0 Paroscientific Digiquarz_765-16B     155046 E+E_Elektronik EE33-PFTM2022N 17059374047303 E+E_Elektronik EE33-PFTM2022N 17059374047303
20 62580.000000000000  944.44 285.51   53 0
20 62760.000000000000  944.46 285.33   54 0
20 62940.000000000000  944.47 284.96   55 0
20 63120.000000000000  944.47 285.16   54 0
20 63300.000000000000  944.49 285.70   52 0
20 63480.000000000000  944.49 285.10   54 0
20 63660.000000000000  944.47 285.34   53 0
20 63840.000000000000  944.46 285.17   54 0
40 62982.214878800000 0 std4       na       na      na   119024.2      1.0   25.8      na      na     na 3 4 0 3    na
41 56509.781030800000 0 std4     2582     2582      na   119023.3       na   25.4   0.055  -0.733   -5.3 3 0 0 1   4.3
41 59957.834449800000 0 std4     2542     2542      na   119021.4       na   25.2  -0.088  -0.803   -9.4 3 0 0 1  17.9
41 63760.152412500000 0 std4     2944     2944      na   119022.6       na   27.1  -0.093  -0.859    4.4 3 0 0 2  19.1
41 65553.543579300000 0 std4     2724     2724      na   119028.7       na   26.1   0.053  -0.880  -13.7 3 0 0 2  14.1
41 69454.648726700000 0 std4     2540     2540      na   119025.1       na   25.2   0.012  -0.877   -4.1 3 0 0 2   9.1
10 62875.442855383192     2.481924720603 std4 2 2 0 0     0     0
10 62876.834855397454     2.481924751831 std4 2 2 0 0     0     0
10 62879.518855397476     2.481924812357 std4 2 2 0 0     0     0
10 62882.566855397459     2.481924882454 std4 2 2 0 0     0     0
10 62895.578855397500     2.481925193410 std4 2 2 0 0     0     0
10 62899.602855397458     2.481925294036 std4 2 2 0 0     0     0
10 62909.034855397502     2.481925536548 std4 2 2 0 0     0     0
10 62909.726855383171     2.481925555239 std4 2 2 0 0     0     0
10 62915.094855397493     2.481925698357 std4 2 2 0 0     0     0
10 62920.430855383172     2.481925844213 std4 2 2 0 0     0     0
10 62930.118855383197     2.481926117345 std4 2 2 0 0     0     0
10 62934.110855397487     2.481926233667 std4 2 2 0 0     0     0
10 62936.678855397480     2.481926309306 std4 2 2 0 0     0     0
10 62950.086855397479     2.481926716768 std4 2 2 0 0     0     0
10 62951.062855397473     2.481926747041 std4 2 2 0 0     0     0
10 62952.650855397499     2.481926796979 std4 2 2 0 0     0     0
10 62964.362855397471     2.481927174203 std4 2 2 0 0     0     0
10 62966.394855397486     2.481927241342 std4 2 2 0 0     0     0
10 62970.546855397495     2.481927380082 std4 2 2 0 0     0     0
10 62972.146855397493     2.481927433885 std4 2 2 0 0     0     0
10 62975.878855397498     2.481927560758 std4 2 2 0 0     0     0
10 62989.958855397487     2.481928055282 std4 2 2 0 0     0     0
10 62991.758855397489     2.481928120198 std4 2 2 0 0     0     0
10 62998.682855397469     2.481928373052 std4 2 2 0 0     0     0
10 63023.110855383190     2.481929311821 std4 2 2 0 0     0     0
10 63025.602855397493     2.481929411461 std4 2 2 0 0     0     0
10 63028.446855397468     2.481929526546 std4 2 2 0 0     0     0
10 63029.686855397466     2.481929576647 std4 2 2 0 0     0     0
10 63038.526855397482     2.481929940840 std4 2 2 0 0     0     0
10 63040.266855397489     2.481930014004 std4 2 2 0 0     0     0
10 63046.686855397500     2.481930285195 std4 2 2 0 0     0     0
10 63048.814855397497     2.481930376476 std4 2 2 0 0     0     0
10 63051.682855383212     2.481930500051 std4 2 2 0 0     0     0
10 63059.566855397477     2.481930845319 std4 2 2 0 0     0     0
10 63066.038855397499     2.481931134184 std4 2 2 0 0     0     0
10 63076.834855397506     2.481931626797 std4 2 2 0 0     0     0
10 63086.062855397501     2.481932059284 std4 2 2 0 0     0     0
10 63094.510855397498     2.481932464272 std4 2 2 0 0     0     0
10 63096.998855397495     2.481932584691 std4 2 2 0 0     0     0
10 63101.050855397512     2.481932783405 std4 2 2 0 0     0     0
10 63102.306855397491     2.481932845237 std4 2 2 0 0     0     0
10 63120.390855397494     2.481933756812 std4 2 2 0 0     0     0
10 63120.574855397511     2.481933766581 std4 2 2 0 0     0     0
10 63129.246855397492     2.481934217529 std4 2 2 0 0     0     0
10 63139.398855397472     2.481934757095 std4 2 2 0 0     0     0
10 63152.198855397508     2.481935455140 std4 2 2 0 0     0     0
10 63154.042855397483     2.481935557673 std4 2 2 0 0     0     0
10 63170.602855383195     2.481936493237 std4 2 2 0 0     0     0
10 63171.550855397488     2.481936547456 std4 2 2 0 0     0     0
10 63176.314855397506     2.481936823462 std4 2 2 0 0     0     0
10 63182.518855397489     2.481937186626 std4 2 2 0 0     0     0
10 63185.946855397488     2.481937389778 std4 2 2 0 0     0     0
10 63188.862855397510     2.481937563123 std4 2 2 0 0     0     0
10 63189.686855397494     2.481937611903 std4 2 2 0 0     0     0
10 63199.458855397516     2.481938201793 std4 2 2 0 0     0     0
10 63207.430855397487     2.481938692018 std4 2 2 0 0     0     0
10 63211.426855397512     2.481938940335 std4 2 2 0 0     0     0
10 63212.146855397513     2.481938985027 std4 2 2 0 0     0     0
10 63216.570855383212     2.481939262438 std4 2 2 0 0     0     0
10 63221.382855397510     2.481939566570 std4 2 2 0 0     0     0
10 63222.706855383200     2.481939651463 std4 2 2 0 0     0     0
10 63242.210855397515     2.481940916800 std4 2 2 0 0     0     0
10 63251.046855397499     2.481941505190 std4 2 2 0 0     0     0
10 63254.386855397504     2.481941729611 std4 2 2 0 0     0     0
10 63254.486855383222     2.481941736854 std4 2 2 0 0     0     0
10 63257.014855397499     2.481941907250 std4 2 2 0 0     0     0
10 63257.262855397486     2.481941924567 std4 2 2 0 0     0     0
10 63269.366855397498     2.481942754628 std4 2 2 0 0     0     0
h8
h9
