h1 CRD 2 2025 3 13 19
h2 WETL 8834 10 01 4 ILRS
h3 apollo15 0000103 0103 na 0 1 1
h4 0 2025 3 6 20 15 36 2025 3 6 20 23 5 0 0 0 0 1 0 2 0
C0 0   1064.000 std4 las1 det4 tim0   na   na met0   na
C1 0 las1     Nd:YAG    1064.00      20.00      80.00   10.0  2.00    1
C2 0 det4       SPAD   1064.000  70.00   -93.0 180.0     analog 150.0  0.35  90.0  18.0       none    0.0    0.0  0
C3 0 tim0                  TAC              EFOS-18             Dassault             02,09,10    0.0
C6 0 met0 Paroscientific Digiquarz_765-16B     155046 E+E_Elektronik EE33-PFTM2022N 17059374047303 E+E_Elektronik EE33-PFTM2022N 17059374047303
20 72660.000000000000  948.39 280.85   60 0
20 73020.000000000000  948.41 281.13   59 0
20 73200.000000000000  948.43 280.99   60 0
20 73380.000000000000  948.41 280.76   61 0
20 73560.000000000000  948.37 280.46   62 0
20 73920.000000000000  948.41 280.81   60 0
40 71266.046555800000 0 std4       na       na      na   119026.4      0.1   24.6      na      na     na 3 4 0 3    na
41 67586.528127300000 0 std4     2566     2566      na   119026.4       na   25.3   0.011  -0.797    3.6 3 0 0 1   7.6
41 71731.595017400000 0 std4     2248     2248      na   119026.2       na   23.7  -0.005  -0.876   -2.2 3 0 0 2   7.3
41 74617.451967400000 0 std4     2713     2713      na   119026.8       na   26.0  -0.046  -0.834   -2.8 3 0 0 2   8.1
41 74945.564984300000 0 std4     2200     2200      na   119026.5       na   23.5   0.028  -0.788    6.5 3 0 0 2   7.6
10 72936.686197263945     2.463906769407 std4 2 2 0 0     0     0
10 72939.356398363939     2.463910884301 std4 2 2 0 0     0     0
10 72940.825609463931     2.463913148245 std4 2 2 0 0     0     0
10 72941.157883363941     2.463913660692 std4 2 2 0 0     0     0
10 72941.658295863944     2.463914432039 std4 2 2 0 0     0     0
10 72942.046615963936     2.463915030201 std4 2 2 0 0     0     0
10 72942.106665463934     2.463915122887 std4 2 2 0 0     0     0
10 72942.234771063921     2.463915320511 std4 2 2 0 0     0     0
10 72942.907325463933     2.463916357176 std4 2 2 0 0     0     0
10 72943.631922763956     2.463917473951 std4 2 2 0 0     0     0
10 72947.286935663923     2.463923108605 std4 2 2 0 0     0     0
10 72947.334975263959     2.463923182672 std4 2 2 0 0     0     0
10 72948.059572563932     2.463924299870 std4 2 2 0 0     0     0
10 72948.624037863950     2.463925170413 std4 2 2 0 0     0     0
10 72956.414459663929     2.463937184997 std4 2 2 0 0     0     0
10 72965.177683363936     2.463950705926 std4 2 2 0 0     0     0
10 72967.159316863942     2.463953764380 std4 2 2 0 0     0     0
10 72967.539630363944     2.463954351664 std4 2 2 0 0     0     0
10 72967.715775563916     2.463954623535 std4 2 2 0 0     0     0
10 72970.161791863954     2.463958398910 std4 2 2 0 0     0     0
10 72970.197821563937     2.463958454688 std4 2 2 0 0     0     0
10 72972.355600263918     2.463961786238 std4 2 2 0 0     0     0
10 72980.101985763959     2.463973748555 std4 2 2 0 0     0     0
10 72984.845896263928     2.463981076642 std4 2 2 0 0     0     0
10 72986.231038063955     2.463983217003 std4 2 2 0 0     0     0
10 72994.425793163922     2.463995881292 std4 2 2 0 0     0     0
10 72995.654806263962     2.463997781491 std4 2 2 0 0     0     0
10 72996.583571863959     2.463999217025 std4 2 2 0 0     0     0
10 72996.795746763939     2.463999545419 std4 2 2 0 0     0     0
10 72996.835779763941     2.463999606864 std4 2 2 0 0     0     0
10 72998.044776363957     2.464001475985 std4 2 2 0 0     0     0
10 72998.272964463956     2.464001828871 std4 2 2 0 0     0     0
10 72998.513162463951     2.464002200362 std4 2 2 0 0     0     0
10 73003.569330363923     2.464010018954 std4 2 2 0 0     0     0
10 73004.586168563956     2.464011591942 std4 2 2 0 0     0     0
10 73005.310765863923     2.464012712521 std4 2 2 0 0     0     0
10 73005.410848363925     2.464012867287 std4 2 2 0 0     0     0
10 73005.759135463952     2.464013406139 std4 2 2 0 0     0     0
10 73011.900197663964     2.464022906394 std4 2 2 0 0     0     0
10 73012.084349463933     2.464023191219 std4 2 2 0 0     0     0
10 73013.765735463943     2.464025793090 std4 2 2 0 0     0     0
10 73014.734534063934     2.464027292261 std4 2 2 0 0     0     0
10 73018.113319263923     2.464032521719 std4 2 2 0 0     0     0
10 73018.121325863966     2.464032534154 std4 2 2 0 0     0     0
10 73024.102256063933     2.464041793180 std4 2 2 0 0     0     0
10 73030.415460163938     2.464051569688 std4 2 2 0 0     0     0
10 73031.484341263931     2.464053225263 std4 2 2 0 0     0     0
10 73044.398987063951     2.464073236475 std4 2 2 0 0     0     0
10 73044.703237863952     2.464073707972 std4 2 2 0 0     0     0
10 73048.998778763949     2.464080367302 std4 2 2 0 0     0     0
10 73053.258289963944     2.464086972288 std4 2 2 0 0     0     0
10 73054.395227163927     2.464088735257 std4 2 2 0 0     0     0
10 73056.444916763925     2.464091914564 std4 2 2 0 0     0     0
10 73060.904592963937     2.464098832439 std4 2 2 0 0     0     0
10 73065.624483663967     2.464106155847 std4 2 2 0 0     0     0
10 73069.071324963941     2.464111505660 std4 2 2 0 0     0     0
10 73069.103351363953     2.464111555665 std4 2 2 0 0     0     0
10 73069.819942063932     2.464112667508 std4 2 2 0 0     0     0
10 73071.481311563934     2.464115246666 std4 2 2 0 0     0     0
10 73072.794393963946     2.464117285098 std4 2 2 0 0     0     0
10 73074.511809663931     2.464119951358 std4 2 2 0 0     0     0
10 73077.113954663939     2.464123991596 std4 2 2 0 0     0     0
10 73079.559970963966     2.464127789998 std4 2 2 0 0     0     0
10 73079.996330663945     2.464128467680 std4 2 2 0 0     0     0
10 73082.218162163949     2.464131918524 std4 2 2 0 0     0     0
10 73083.715396363928     2.464134244112 std4 2 2 0 0     0     0
10 73083.931574563961     2.464134580166 std4 2 2 0 0     0     0
10 73086.833967063966     2.464139089283 std4 2 2 0 0     0     0
10 73099.196157463950     2.464158302268 std4 2 2 0 0     0     0
10 73102.110559863965     2.464162833426 std4 2 2 0 0     0     0
10 73103.155421163931     2.464164458313 std4 2 2 0 0     0     0
10 73103.827975563950     2.464165503925 std4 2 2 0 0     0     0
10 73105.313199863967     2.464167813822 std4 2 2 0 0     0     0
10 73106.261981963960     2.464169289029 std4 2 2 0 0     0     0
10 73106.758391163940     2.464170061177 std4 2 2 0 0     0     0
10 73107.567057763920     2.464171319086 std4 2 2 0 0     0     0
10 73111.842582163951     2.464177969925 std4 2 2 0 0     0     0
10 73113.323803163954     2.464180274300 std4 2 2 0 0     0     0
10 73127.883805263970     2.464202937293 std4 2 2 0 0     0     0
10 73127.979884463955     2.464203086756 std4 2 2 0 0     0     0
10 73128.384217763972     2.464203716126 std4 2 2 0 0     0     0
10 73129.341006463959     2.464205205974 std4 2 2 0 0     0     0
10 73132.355491363968     2.464209900692 std4 2 2 0 0     0     0
10 73135.213847563965     2.464214352937 std4 2 2 0 0     0     0
10 73139.741579863945     2.464221406535 std4 2 2 0 0     0     0
10 73142.103526863956     2.464225087088 std4 2 2 0 0     0     0
10 73142.367744663971     2.464225498586 std4 2 2 0 0     0     0
10 73149.413552663944     2.464236480653 std4 2 2 0 0     0     0
10 73151.651397363931     2.464239969150 std4 2 2 0 0     0     0
10 73151.735466663952     2.464240100735 std4 2 2 0 0     0     0
10 73151.955648163955     2.464240443601 std4 2 2 0 0     0     0
10 73154.637859163965     2.464244625836 std4 2 2 0 0     0     0
10 73156.531420063950     2.464247578899 std4 2 2 0 0     0     0
10 73157.632327563938     2.464249295728 std4 2 2 0 0     0     0
10 73159.345739963946     2.464251968175 std4 2 2 0 0     0     0
10 73159.946234963950     2.464252904928 std4 2 2 0 0     0     0
10 73161.511525263973     2.464255346296 std4 2 2 0 0     0     0
10 73161.907851963956     2.464255964751 std4 2 2 0 0     0     0
10 73163.092828763973     2.464257813290 std4 2 2 0 0     0     0
10 73163.429105963957     2.464258338003 std4 2 2 0 0     0     0
10 73163.593241263965     2.464258594105 std4 2 2 0 0     0     0
10 73163.685317163938     2.464258737745 std4 2 2 0 0     0     0
10 73163.721346863970     2.464258793679 std4 2 2 0 0     0     0
10 73164.009584463962     2.464259243536 std4 2 2 0 0     0     0
10 73164.702155363968     2.464260324021 std4 2 2 0 0     0     0
10 73165.522831863976     2.464261604456 std4 2 2 0 0     0     0
10 73165.951184963964     2.464262273125 std4 2 2 0 0     0     0
10 73170.242722563967     2.464268969572 std4 2 2 0 0     0     0
10 73171.940121763948     2.464271619239 std4 2 2 0 0     0     0
10 73174.942596763957     2.464276305851 std4 2 2 0 0     0     0
10 73176.391791363956     2.464278568401 std4 2 2 0 0     0     0
10 73176.615976163976     2.464278917969 std4 2 2 0 0     0     0
10 73176.940243463949     2.464279424356 std4 2 2 0 0     0     0
10 73177.937065163942     2.464280980951 std4 2 2 0 0     0     0
10 73179.013952863965     2.464282662016 std4 2 2 0 0     0     0
10 73179.210114563943     2.464282968310 std4 2 2 0 0     0     0
10 73180.759391663942     2.464285387638 std4 2 2 0 0     0     0
10 73181.123691963965     2.464285956468 std4 2 2 0 0     0     0
10 73181.592078063956     2.464286688149 std4 2 2 0 0     0     0
10 73183.293480563966     2.464289344805 std4 2 2 0 0     0     0
10 73186.035741063973     2.464293628158 std4 2 2 0 0     0     0
10 73186.123813663969     2.464293765747 std4 2 2 0 0     0     0
10 73197.248984363951     2.464311148365 std4 2 2 0 0     0     0
10 73197.297023963942     2.464311223602 std4 2 2 0 0     0     0
10 73197.577254963944     2.464311661374 std4 2 2 0 0     0     0
10 73197.613284663975     2.464311717805 std4 2 2 0 0     0     0
10 73197.973581663971     2.464312280989 std4 2 2 0 0     0     0
10 73198.069660863959     2.464312431059 std4 2 2 0 0     0     0
10 73198.461984263972     2.464313044386 std4 2 2 0 0     0     0
10 73198.954390163954     2.464313814112 std4 2 2 0 0     0     0
10 73198.978409963951     2.464313851894 std4 2 2 0 0     0     0
10 73198.994423163954     2.464313876452 std4 2 2 0 0     0     0
10 73199.751046863965     2.464315059306 std4 2 2 0 0     0     0
10 73200.579729963959     2.464316354741 std4 2 2 0 0     0     0
10 73200.647786063949     2.464316461208 std4 2 2 0 0     0     0
10 73200.667802563946     2.464316492485 std4 2 2 0 0     0     0
10 73200.899993963959     2.464316855534 std4 2 2 0 0     0     0
10 73201.024096263958     2.464317049453 std4 2 2 0 0     0     0
10 73202.157030163947     2.464318820530 std4 2 2 0 0     0     0
10 73202.665449263933     2.464319615238 std4 2 2 0 0     0     0
10 73203.634247863939     2.464321129773 std4 2 2 0 0     0     0
10 73203.662270963971     2.464321173626 std4 2 2 0 0     0     0
10 73204.751168563970     2.464322876371 std4 2 2 0 0     0     0
10 73208.722442163956     2.464329085958 std4 2 2 0 0     0     0
10 73210.335772063952     2.464331609490 std4 2 2 0 0     0     0
10 73212.337422063960     2.464334739991 std4 2 2 0 0     0     0
10 73214.030817963954     2.464337389345 std4 2 2 0 0     0     0
10 73214.315052263953     2.464337833653 std4 2 2 0 0     0     0
10 73220.039771263959     2.464346790525 std4 2 2 0 0     0     0
10 73221.196724963966     2.464348601122 std4 2 2 0 0     0     0
10 73229.663704463950     2.464361854361 std4 2 2 0 0     0     0
10 73230.232173063937     2.464362744428 std4 2 2 0 0     0     0
10 73230.316242363957     2.464362876205 std4 2 2 0 0     0     0
10 73235.256314563954     2.464370612006 std4 2 2 0 0     0     0
10 73236.381241863973     2.464372373878 std4 2 2 0 0     0     0
10 73239.888132663956     2.464377867230 std4 2 2 0 0     0     0
10 73244.884251063933     2.464385694251 std4 2 2 0 0     0     0
10 73245.672901163968     2.464386930145 std4 2 2 0 0     0     0
10 73246.861881263977     2.464388793314 std4 2 2 0 0     0     0
10 73249.584125263937     2.464393059444 std4 2 2 0 0     0     0
10 73250.368772063967     2.464394289849 std4 2 2 0 0     0     0
10 73262.502774363940     2.464413314426 std4 2 2 0 0     0     0
10 73265.036863263966     2.464417288813 std4 2 2 0 0     0     0
10 73265.389153663972     2.464417841534 std4 2 2 0 0     0     0
10 73266.313915963948     2.464419292023 std4 2 2 0 0     0     0
10 73266.646189863962     2.464419813652 std4 2 2 0 0     0     0
10 73268.835994963956     2.464423248720 std4 2 2 0 0     0     0
10 73268.884034563952     2.464423324230 std4 2 2 0 0     0     0
10 73269.292371163941     2.464423964673 std4 2 2 0 0     0     0
10 73269.984942063956     2.464425051549 std4 2 2 0 0     0     0
10 73270.701532763945     2.464426175649 std4 2 2 0 0     0     0
10 73273.515852663965     2.464430591925 std4 2 2 0 0     0     0
10 73273.567895563973     2.464430673639 std4 2 2 0 0     0     0
10 73278.055594863964     2.464437717310 std4 2 2 0 0     0     0
10 73278.263766463955     2.464438044029 std4 2 2 0 0     0     0
10 73278.307802763977     2.464438113175 std4 2 2 0 0     0     0
10 73287.859676563939     2.464453110483 std4 2 2 0 0     0     0
10 73288.824471863967     2.464454626025 std4 2 2 0 0     0     0
10 73289.521046063953     2.464455719842 std4 2 2 0 0     0     0
10 73291.310521163949     2.464458530914 std4 2 2 0 0     0     0
10 73291.622778563965     2.464459021022 std4 2 2 0 0     0     0
10 73294.361035763959     2.464463323095 std4 2 2 0 0     0     0
10 73295.425913563980     2.464464996033 std4 2 2 0 0     0     0
10 73296.775025663977     2.464467115675 std4 2 2 0 0     0     0
10 73311.286988163984     2.464489926344 std4 2 2 0 0     0     0
10 73312.031601963959     2.464491097402 std4 2 2 0 0     0     0
10 73316.719466263940     2.464498470064 std4 2 2 0 0     0     0
10 73320.630690363957     2.464504622481 std4 2 2 0 0     0     0
10 73324.037498663944     2.464509982670 std4 2 2 0 0     0     0
10 73324.357762663941     2.464510486468 std4 2 2 0 0     0     0
10 73327.136052863966     2.464514858828 std4 2 2 0 0     0     0
10 73329.269811763959     2.464518217123 std4 2 2 0 0     0     0
10 73333.773524263978     2.464525306118 std4 2 2 0 0     0     0
10 73334.245913663945     2.464526050271 std4 2 2 0 0     0     0
10 73335.042570363979     2.464527304153 std4 2 2 0 0     0     0
10 73344.013965663944     2.464541432772 std4 2 2 0 0     0     0
10 73345.307031563962     2.464543469578 std4 2 2 0 0     0     0
10 73371.948993063973     2.464585467356 std4 2 2 0 0     0     0
10 73371.952996363950     2.464585473758 std4 2 2 0 0     0     0
10 73373.117956663970     2.464587311655 std4 2 2 0 0     0     0
10 73374.811352563987     2.464589983234 std4 2 2 0 0     0     0
10 73375.976312863965     2.464591821595 std4 2 2 0 0     0     0
10 73376.788982763975     2.464593103628 std4 2 2 0 0     0     0
10 73378.578457863977     2.464595927376 std4 2 2 0 0     0     0
10 73385.864463863961     2.464607426820 std4 2 2 0 0     0     0
h8
h9
