h1 CRD 2 2025 3 14 14
h2 WETL 8834 10 01 4 ILRS
h3 apollo15 0000103 0103 na 0 1 1
h4 0 2025 3 8 18 37 27 2025 3 8 18 44 54 0 0 0 0 1 0 2 0
C0 0   1064.000 std4 las1 det4 tim0   na   na met0   na
C1 0 las1     Nd:YAG    1064.00      20.00      80.00   10.0  2.00    1
C2 0 det4       SPAD   1064.000  70.00   -93.0 180.0     analog 150.0  0.35  90.0  18.0       none    0.0    0.0  0
C3 0 tim0                  TAC              EFOS-18             Dassault             02,09,10    0.0
C6 0 met0 Paroscientific Digiquarz_765-16B     155046 E+E_Elektronik EE33-PFTM2022N 17059374047303 E+E_Elektronik EE33-PFTM2022N 17059374047303
20 66900.000000000000  939.43 283.41   45 0
20 67080.000000000000  939.43 283.52   45 0
20 67260.000000000000  939.42 283.12   46 0
20 67440.000000000000  939.39 282.97   47 0
20 67620.000000000000  939.39 282.86   49 0
20 67800.000000000000  939.37 282.62   48 0
20 67980.000000000000  939.34 282.22   50 0
40 68608.548282500000 0 std4       na       na      na   119024.2      0.7   25.6      na      na     na 3 4 0 3    na
41 65106.819307300000 0 std4     2319     2319      na   119023.8       na   24.1   0.026  -0.822    7.2 3 0 0 1   4.6
41 68747.848529400000 0 std4     2951     2951      na   119023.5       na   27.2  -0.097  -0.674   -4.5 3 0 0 2  14.3
41 72110.277257800000 0 std4     2614     2614      na   119025.2       na   25.6   0.070  -0.865    1.8 3 0 0 2   9.4
10 67047.603575960427     2.510978072477 std4 2 2 0 0     0     0
10 67049.649211160426     2.510978255690 std4 2 2 0 0     0     0
10 67051.202452760430     2.510978394631 std4 2 2 0 0     0     0
10 67051.770907160422     2.510978445173 std4 2 2 0 0     0     0
10 67061.146401560440     2.510979291148 std4 2 2 0 0     0     0
10 67067.415412760453     2.510979862664 std4 2 2 0 0     0     0
10 67067.599559960427     2.510979879461 std4 2 2 0 0     0     0
10 67067.991873560440     2.510979915376 std4 2 2 0 0     0     0
10 67068.168014360420     2.510979931733 std4 2 2 0 0     0     0
10 67069.673217560457     2.510980069744 std4 2 2 0 0     0     0
10 67079.453035160443     2.510980973611 std4 2 2 0 0     0     0
10 67084.020686360444     2.510981399650 std4 2 2 0 0     0     0
10 67089.124766360429     2.510981878746 std4 2 2 0 0     0     0
10 67097.395377560456     2.510982661678 std4 2 2 0 0     0     0
10 67101.402580760449     2.510983044403 std4 2 2 0 0     0     0
10 67102.043092760457     2.510983105426 std4 2 2 0 0     0     0
10 67102.739649560442     2.510983172233 std4 2 2 0 0     0     0
10 67103.524276760421     2.510983247452 std4 2 2 0 0     0     0
10 67103.660385560448     2.510983260609 std4 2 2 0 0     0     0
10 67106.802897560417     2.510983562960 std4 2 2 0 0     0     0
10 67106.971031960460     2.510983578865 std4 2 2 0 0     0     0
10 67108.776475160438     2.510983753297 std4 2 2 0 0     0     0
10 67109.120750360456     2.510983786147 std4 2 2 0 0     0     0
10 67115.589921560421     2.510984413848 std4 2 2 0 0     0     0
10 67115.818103960463     2.510984436090 std4 2 2 0 0     0     0
10 67118.664379160446     2.510984713818 std4 2 2 0 0     0     0
10 67124.985431960424     2.510985334387 std4 2 2 0 0     0     0
10 67125.005447960425     2.510985336179 std4 2 2 0 0     0     0
10 67128.099921560447     2.510985641358 std4 2 2 0 0     0     0
10 67128.528263960443     2.510985684042 std4 2 2 0 0     0     0
10 67130.573899160425     2.510985886623 std4 2 2 0 0     0     0
10 67131.090311960460     2.510985938007 std4 2 2 0 0     0     0
10 67136.578699160432     2.510986484368 std4 2 2 0 0     0     0
10 67139.132740760441     2.510986740076 std4 2 2 0 0     0     0
10 67140.701995160442     2.510986897797 std4 2 2 0 0     0     0
10 67142.347310360417     2.510987063220 std4 2 2 0 0     0     0
10 67142.823691160452     2.510987111384 std4 2 2 0 0     0     0
10 67146.014241560426     2.510987433336 std4 2 2 0 0     0     0
10 67147.307275160436     2.510987563522 std4 2 2 0 0     0     0
10 67149.773246360424     2.510987814169 std4 2 2 0 0     0     0
10 67151.070283160455     2.510987945729 std4 2 2 0 0     0     0
10 67152.499425560454     2.510988090959 std4 2 2 0 0     0     0
10 67157.575483160452     2.510988610106 std4 2 2 0 0     0     0
10 67159.304865560454     2.510988786970 std4 2 2 0 0     0     0
10 67162.867713560431     2.510989153678 std4 2 2 0 0     0     0
10 67168.244011160426     2.510989710156 std4 2 2 0 0     0     0
10 67169.028638360450     2.510989791627 std4 2 2 0 0     0     0
10 67169.408942360454     2.510989831245 std4 2 2 0 0     0     0
10 67170.117508760454     2.510989904924 std4 2 2 0 0     0     0
10 67172.791646360430     2.510990183158 std4 2 2 0 0     0     0
10 67176.806855960428     2.510990603315 std4 2 2 0 0     0     0
10 67183.524225560428     2.510991309807 std4 2 2 0 0     0     0
10 67186.506609560455     2.510991625939 std4 2 2 0 0     0     0
10 67186.650724760418     2.510991640693 std4 2 2 0 0     0     0
10 67192.107086360418     2.510992221049 std4 2 2 0 0     0     0
10 67196.978980760444     2.510992742227 std4 2 2 0 0     0     0
10 67198.055841560438     2.510992858102 std4 2 2 0 0     0     0
10 67200.753998360436     2.510993148076 std4 2 2 0 0     0     0
10 67208.992583960452     2.510994039976 std4 2 2 0 0     0     0
10 67211.494583960427     2.510994312197 std4 2 2 0 0     0     0
10 67214.741179160459     2.510994666872 std4 2 2 0 0     0     0
10 67217.951745560421     2.510995018997 std4 2 2 0 0     0     0
10 67221.330446360421     2.510995390446 std4 2 2 0 0     0     0
10 67221.402503960435     2.510995398397 std4 2 2 0 0     0     0
10 67222.843655960446     2.510995557746 std4 2 2 0 0     0     0
10 67228.520193560431     2.510996186305 std4 2 2 0 0     0     0
10 67228.616270360464     2.510996196888 std4 2 2 0 0     0     0
10 67230.129479960433     2.510996365049 std4 2 2 0 0     0     0
10 67231.126276760444     2.510996476006 std4 2 2 0 0     0     0
10 67242.907694360463     2.510997797643 std4 2 2 0 0     0     0
10 67243.356052760454     2.510997848305 std4 2 2 0 0     0     0
10 67244.236756760457     2.510997947293 std4 2 2 0 0     0     0
10 67248.027787160420     2.510998376431 std4 2 2 0 0     0     0
10 67249.396881560423     2.510998532109 std4 2 2 0 0     0     0
10 67253.436110360430     2.510998992575 std4 2 2 0 0     0     0
10 67253.560209560457     2.510999006484 std4 2 2 0 0     0     0
10 67254.701121560462     2.510999136788 std4 2 2 0 0     0     0
10 67255.413691160425     2.510999218228 std4 2 2 0 0     0     0
10 67255.577822360446     2.510999236791 std4 2 2 0 0     0     0
10 67255.958126360453     2.510999280793 std4 2 2 0 0     0     0
10 67259.528980760461     2.510999690183 std4 2 2 0 0     0     0
10 67260.349636760454     2.510999783933 std4 2 2 0 0     0     0
10 67262.395271960459     2.511000019823 std4 2 2 0 0     0     0
10 67264.044590360452     2.511000209778 std4 2 2 0 0     0     0
10 67270.862039960467     2.511000999422 std4 2 2 0 0     0     0
10 67272.587419160453     2.511001200575 std4 2 2 0 0     0     0
10 67273.440100760467     2.511001299626 std4 2 2 0 0     0     0
10 67273.744343960441     2.511001335197 std4 2 2 0 0     0     0
10 67274.100628760449     2.511001376824 std4 2 2 0 0     0     0
10 67275.994142360445     2.511001598069 std4 2 2 0 0     0     0
10 67277.727527960463     2.511001800306 std4 2 2 0 0     0     0
10 67286.958907160456     2.511002886616 std4 2 2 0 0     0     0
10 67292.119031960425     2.511003498528 std4 2 2 0 0     0     0
10 67293.512145560454     2.511003663666 std4 2 2 0 0     0     0
10 67293.572193560452     2.511003670729 std4 2 2 0 0     0     0
10 67298.404055960424     2.511004247808 std4 2 2 0 0     0     0
10 67299.112622360435     2.511004332379 std4 2 2 0 0     0     0
10 67299.244727960438     2.511004348327 std4 2 2 0 0     0     0
10 67299.380836760465     2.511004364179 std4 2 2 0 0     0     0
10 67299.981316760455     2.511004436287 std4 2 2 0 0     0     0
10 67301.734718360444     2.511004646454 std4 2 2 0 0     0     0
10 67301.906855960455     2.511004667066 std4 2 2 0 0     0     0
10 67303.051771160435     2.511004804498 std4 2 2 0 0     0     0
10 67309.817179160436     2.511005620561 std4 2 2 0 0     0     0
10 67313.171860760464     2.511006027049 std4 2 2 0 0     0     0
10 67313.812372760435     2.511006104678 std4 2 2 0 0     0     0
10 67315.509729560468     2.511006310853 std4 2 2 0 0     0     0
10 67316.026142360454     2.511006374255 std4 2 2 0 0     0     0
10 67319.476900760469     2.511006795041 std4 2 2 0 0     0     0
10 67320.105403160461     2.511006871645 std4 2 2 0 0     0     0
10 67320.493713560455     2.511006918780 std4 2 2 0 0     0     0
10 67322.927659160438     2.511007217222 std4 2 2 0 0     0     0
10 67324.124615960433     2.511007363944 std4 2 2 0 0     0     0
10 67326.130219160462     2.511007610466 std4 2 2 0 0     0     0
10 67326.706679960445     2.511007681283 std4 2 2 0 0     0     0
10 67327.755518360448     2.511007810444 std4 2 2 0 0     0     0
10 67335.489700760457     2.511008766451 std4 2 2 0 0     0     0
10 67337.459275160456     2.511009011250 std4 2 2 0 0     0     0
10 67337.671444760469     2.511009037419 std4 2 2 0 0     0     0
10 67338.544142360439     2.511009146516 std4 2 2 0 0     0     0
10 67338.996503960454     2.511009202272 std4 2 2 0 0     0     0
10 67340.177447960460     2.511009349984 std4 2 2 0 0     0     0
10 67344.072561560449     2.511009836486 std4 2 2 0 0     0     0
10 67344.488894360425     2.511009888367 std4 2 2 0 0     0     0
10 67345.449662360440     2.511010008472 std4 2 2 0 0     0     0
10 67367.675428760441     2.511012824293 std4 2 2 0 0     0     0
10 67367.835556760442     2.511012844312 std4 2 2 0 0     0     0
10 67372.287115160471     2.511013415765 std4 2 2 0 0     0     0
10 67373.187835160440     2.511013531537 std4 2 2 0 0     0     0
10 67373.460052760439     2.511013566411 std4 2 2 0 0     0     0
10 67382.499278360435     2.511014735176 std4 2 2 0 0     0     0
10 67397.887579160431     2.511016747524 std4 2 2 0 0     0     0
10 67398.367963160440     2.511016810765 std4 2 2 0 0     0     0
10 67401.146183960444     2.511017177291 std4 2 2 0 0     0     0
10 67403.864356760442     2.511017536541 std4 2 2 0 0     0     0
10 67408.652183960449     2.511018172384 std4 2 2 0 0     0     0
10 67417.355140760438     2.511019334574 std4 2 2 0 0     0     0
10 67421.902775960447     2.511019945167 std4 2 2 0 0     0     0
10 67429.056494360457     2.511020911661 std4 2 2 0 0     0     0
10 67429.672987160442     2.511020994791 std4 2 2 0 0     0     0
10 67430.565700760461     2.511021115970 std4 2 2 0 0     0     0
10 67434.997243160446     2.511021718681 std4 2 2 0 0     0     0
10 67435.954007960436     2.511021848820 std4 2 2 0 0     0     0
10 67438.852324760443     2.511022244753 std4 2 2 0 0     0     0
10 67458.119726360445     2.511024900645 std4 2 2 0 0     0     0
10 67460.673767960466     2.511025255945 std4 2 2 0 0     0     0
10 67464.488817560459     2.511025788708 std4 2 2 0 0     0     0
10 67467.010833560476     2.511026141699 std4 2 2 0 0     0     0
10 67467.531249560447     2.511026214894 std4 2 2 0 0     0     0
10 67467.535252760455     2.511026214909 std4 2 2 0 0     0     0
10 67475.377521560452     2.511027318420 std4 2 2 0 0     0     0
10 67482.583281560454     2.511028338426 std4 2 2 0 0     0     0
10 67485.449572760448     2.511028745723 std4 2 2 0 0     0     0
10 67487.239003160447     2.511029000514 std4 2 2 0 0     0     0
10 67491.442363160467     2.511029600881 std4 2 2 0 0     0     0
10 67491.618503960465     2.511029626554 std4 2 2 0 0     0     0
10 67494.604891160457     2.511030054325 std4 2 2 0 0     0     0
h8
h9
