h1 CRD 2 2025 3 14 14
h2 WETL 8834 10 01 4 ILRS
h3 apollo15 0000103 0103 na 0 1 1
h4 0 2025 3 7 17 46 47 2025 3 7 17 49 14 0 0 0 0 1 0 2 0
C0 0   1064.000 std4 las1 det4 tim0   na   na met0   na
C1 0 las1     Nd:YAG    1064.00      20.00      80.00   10.0  2.00    1
C2 0 det4       SPAD   1064.000  70.00   -93.0 180.0     analog 150.0  0.35  90.0  18.0       none    0.0    0.0  0
C3 0 tim0                  TAC              EFOS-18             Dassault             02,09,10    0.0
C6 0 met0 Paroscientific Digiquarz_765-16B     155046 E+E_Elektronik EE33-PFTM2022N 17059374047303 E+E_Elektronik EE33-PFTM2022N 17059374047303
20 63840.000000000000  944.46 285.17   54 0
20 64020.000000000000  944.45 284.85   55 0
20 64200.000000000000  944.43 284.61   56 0
20 64380.000000000000  944.43 284.41   56 0
20 64740.000000000000  944.46 284.19   57 0
40 66942.983398500000 0 std4       na       na      na   119025.4      1.5   25.5      na      na     na 3 4 0 3    na
41 59957.834449800000 0 std4     2542     2542      na   119021.4       na   25.2  -0.088  -0.803   -9.4 3 0 0 1  17.9
41 63760.152412500000 0 std4     2944     2944      na   119022.6       na   27.1  -0.093  -0.859    4.4 3 0 0 1  19.1
41 65553.543579300000 0 std4     2724     2724      na   119028.7       na   26.1   0.053  -0.880  -13.7 3 0 0 1  14.1
41 69454.648726700000 0 std4     2540     2540      na   119025.1       na   25.2   0.012  -0.877   -4.1 3 0 0 2   9.1
41 73928.132347200000 0 std4     2287     2287      na   119028.1       na   23.9   0.009  -0.836    1.9 3 0 0 2   8.7
10 64007.038855383245     2.482026487333 std4 2 2 0 0     0     0
10 64009.310855397535     2.482026846183 std4 2 2 0 0     0     0
10 64010.434855383274     2.482027023827 std4 2 2 0 0     0     0
10 64015.598855383251     2.482027842835 std4 2 2 0 0     0     0
10 64020.250855397539     2.482028583041 std4 2 2 0 0     0     0
10 64024.554855397562     2.482029270257 std4 2 2 0 0     0     0
10 64024.914855397567     2.482029327884 std4 2 2 0 0     0     0
10 64032.490855397559     2.482030543238 std4 2 2 0 0     0     0
10 64034.190855397559     2.482030817132 std4 2 2 0 0     0     0
10 64035.534855397550     2.482031033619 std4 2 2 0 0     0     0
10 64041.326855397545     2.482031969645 std4 2 2 0 0     0     0
10 64045.110855397568     2.482032583031 std4 2 2 0 0     0     0
10 64048.254855397542     2.482033094502 std4 2 2 0 0     0     0
10 64052.918855397566     2.482033854638 std4 2 2 0 0     0     0
10 64067.994855397548     2.482036331503 std4 2 2 0 0     0     0
10 64075.802855397565     2.482037624452 std4 2 2 0 0     0     0
10 64081.514855397573     2.482038575086 std4 2 2 0 0     0     0
10 64085.394855397568     2.482039223457 std4 2 2 0 0     0     0
10 64104.174855397542     2.482042385247 std4 2 2 0 0     0     0
10 64105.274855397559     2.482042571835 std4 2 2 0 0     0     0
10 64105.342855397566     2.482042583364 std4 2 2 0 0     0     0
10 64106.062855383281     2.482042705743 std4 2 2 0 0     0     0
10 64106.326855397533     2.482042750552 std4 2 2 0 0     0     0
10 64109.406855397540     2.482043274303 std4 2 2 0 0     0     0
10 64114.006855397572     2.482044057910 std4 2 2 0 0     0     0
10 64130.866855397550     2.482046953221 std4 2 2 0 0     0     0
10 64135.690855397566     2.482047787747 std4 2 2 0 0     0     0
10 64149.014855397572     2.482050107707 std4 2 2 0 0     0     0
10 64149.126855397535     2.482050127203 std4 2 2 0 0     0     0
10 64149.902855397565     2.482050263019 std4 2 2 0 0     0     0
10 64151.758855397543     2.482050588227 std4 2 2 0 0     0     0
10 64154.978855397544     2.482051152627 std4 2 2 0 0     0     0
h8
h9
