h1 CRD 2 2025 3 14 14
h2 WETL 8834 10 01 4 ILRS
h3 apollo15 0000103 0103 na 0 1 1
h4 0 2025 3 7 17 22 43 2025 3 7 17 27 43 0 0 0 0 1 0 2 0
C0 0   1064.000 std4 las1 det4 tim0   na   na met0   na
C1 0 las1     Nd:YAG    1064.00      20.00      80.00   10.0  2.00    1
C2 0 det4       SPAD   1064.000  70.00   -93.0 180.0     analog 150.0  0.35  90.0  18.0       none    0.0    0.0  0
C3 0 tim0                  TAC              EFOS-18             Dassault             02,09,10    0.0
C6 0 met0 Paroscientific Digiquarz_765-16B     155046 E+E_Elektronik EE33-PFTM2022N 17059374047303 E+E_Elektronik EE33-PFTM2022N 17059374047303
20 62400.000000000000  944.42 284.80   56 0
20 62580.000000000000  944.44 285.51   53 0
20 62760.000000000000  944.46 285.33   54 0
20 62940.000000000000  944.47 284.96   55 0
20 63120.000000000000  944.47 285.16   54 0
20 63300.000000000000  944.49 285.70   52 0
40 62982.214878800000 0 std4       na       na      na   119024.2      1.0   25.8      na      na     na 3 4 0 3    na
41 56509.781030800000 0 std4     2582     2582      na   119023.3       na   25.4   0.055  -0.733   -5.3 3 0 0 1   4.3
41 59957.834449800000 0 std4     2542     2542      na   119021.4       na   25.2  -0.088  -0.803   -9.4 3 0 0 1  17.9
41 63760.152412500000 0 std4     2944     2944      na   119022.6       na   27.1  -0.093  -0.859    4.4 3 0 0 2  19.1
41 65553.543579300000 0 std4     2724     2724      na   119028.7       na   26.1   0.053  -0.880  -13.7 3 0 0 2  14.1
41 69454.648726700000 0 std4     2540     2540      na   119025.1       na   25.2   0.012  -0.877   -4.1 3 0 0 2   9.1
10 62563.794855383167     2.481923542960 std4 2 2 0 0     0     0
10 62568.374855397471     2.481923477048 std4 2 2 0 0     0     0
10 62568.734855397480     2.481923471607 std4 2 2 0 0     0     0
10 62569.198855383169     2.481923465214 std4 2 2 0 0     0     0
10 62574.378855397463     2.481923393940 std4 2 2 0 0     0     0
10 62579.802855397432     2.481923322255 std4 2 2 0 0     0     0
10 62580.794855383158     2.481923310022 std4 2 2 0 0     0     0
10 62582.086855397453     2.481923293419 std4 2 2 0 0     0     0
10 62583.006855397454     2.481923282409 std4 2 2 0 0     0     0
10 62589.182855397473     2.481923207441 std4 2 2 0 0     0     0
10 62602.294855397457     2.481923064488 std4 2 2 0 0     0     0
10 62606.898855397468     2.481923018567 std4 2 2 0 0     0     0
10 62609.322855397475     2.481922995527 std4 2 2 0 0     0     0
10 62609.594855383160     2.481922993260 std4 2 2 0 0     0     0
10 62609.814855397438     2.481922991605 std4 2 2 0 0     0     0
10 62612.702855383191     2.481922964878 std4 2 2 0 0     0     0
10 62613.622855397478     2.481922957097 std4 2 2 0 0     0     0
10 62617.426855397453     2.481922924276 std4 2 2 0 0     0     0
10 62619.238855397439     2.481922909559 std4 2 2 0 0     0     0
10 62628.842855397445     2.481922836370 std4 2 2 0 0     0     0
10 62640.902855397466     2.481922760610 std4 2 2 0 0     0     0
10 62655.702855397441     2.481922690922 std4 2 2 0 0     0     0
10 62656.898855397470     2.481922686568 std4 2 2 0 0     0     0
10 62658.530855397473     2.481922680946 std4 2 2 0 0     0     0
10 62659.954855397481     2.481922676069 std4 2 2 0 0     0     0
10 62661.790855397458     2.481922670547 std4 2 2 0 0     0     0
10 62664.646855383193     2.481922661722 std4 2 2 0 0     0     0
10 62683.890855397483     2.481922631149 std4 2 2 0 0     0     0
10 62688.274855397479     2.481922629966 std4 2 2 0 0     0     0
10 62688.698855397458     2.481922629781 std4 2 2 0 0     0     0
10 62690.150855397467     2.481922630089 std4 2 2 0 0     0     0
10 62690.314855397481     2.481922629975 std4 2 2 0 0     0     0
10 62693.618855397453     2.481922631972 std4 2 2 0 0     0     0
10 62705.154855397483     2.481922647525 std4 2 2 0 0     0     0
10 62706.766855397485     2.481922650700 std4 2 2 0 0     0     0
10 62716.434855397450     2.481922677894 std4 2 2 0 0     0     0
10 62719.310855397468     2.481922688454 std4 2 2 0 0     0     0
10 62723.930855397463     2.481922706822 std4 2 2 0 0     0     0
10 62725.234855383193     2.481922712581 std4 2 2 0 0     0     0
10 62727.006855397481     2.481922720932 std4 2 2 0 0     0     0
10 62727.170855397450     2.481922721284 std4 2 2 0 0     0     0
10 62734.178855383183     2.481922757615 std4 2 2 0 0     0     0
10 62740.230855397466     2.481922793107 std4 2 2 0 0     0     0
10 62762.038855397439     2.481922956582 std4 2 2 0 0     0     0
10 62764.394855397477     2.481922977288 std4 2 2 0 0     0     0
10 62768.662855397454     2.481923017585 std4 2 2 0 0     0     0
10 62770.458855397483     2.481923035017 std4 2 2 0 0     0     0
10 62771.098855397483     2.481923041384 std4 2 2 0 0     0     0
10 62795.686855397455     2.481923320265 std4 2 2 0 0     0     0
10 62809.982855397457     2.481923515622 std4 2 2 0 0     0     0
10 62815.634855397457     2.481923599411 std4 2 2 0 0     0     0
10 62817.458855397480     2.481923627799 std4 2 2 0 0     0     0
10 62822.918855397466     2.481923713227 std4 2 2 0 0     0     0
10 62823.050855397470     2.481923715463 std4 2 2 0 0     0     0
10 62826.654855397485     2.481923773969 std4 2 2 0 0     0     0
10 62828.498855397464     2.481923805181 std4 2 2 0 0     0     0
10 62829.558855397472     2.481923822457 std4 2 2 0 0     0     0
10 62831.138855383212     2.481923849111 std4 2 2 0 0     0     0
10 62833.270855397458     2.481923885891 std4 2 2 0 0     0     0
10 62854.150855383205     2.481924272230 std4 2 2 0 0     0     0
10 62854.930855383207     2.481924288049 std4 2 2 0 0     0     0
10 62863.838855397452     2.481924469902 std4 2 2 0 0     0     0
h8
h9
