h1 CRD 2 2025 3 14 14
h2 WETL 8834 10 01 4 ILRS
h3 apollo15 0000103 0103 na 0 1 1
h4 0 2025 3 7 20 17 43 2025 3 7 20 25 11 0 0 0 0 1 0 2 0
C0 0   1064.000 std4 las1 det4 tim0   na   na met0   na
C1 0 las1     Nd:YAG    1064.00      20.00      80.00   10.0  2.00    1
C2 0 det4       SPAD   1064.000  70.00   -93.0 180.0     analog 150.0  0.35  90.0  18.0       none    0.0    0.0  0
C3 0 tim0                  TAC              EFOS-18             Dassault             02,09,10    0.0
C6 0 met0 Paroscientific Digiquarz_765-16B     155046 E+E_Elektronik EE33-PFTM2022N 17059374047303 E+E_Elektronik EE33-PFTM2022N 17059374047303
20 72840.000000000000  944.41 281.89   63 0
20 73020.000000000000  944.42 281.51   64 0
20 73200.000000000000  944.45 281.32   65 0
20 73560.000000000000  944.47 281.16   64 0
20 73740.000000000000  944.46 280.78   66 0
20 73920.000000000000  944.44 280.51   67 0
40 68844.142379800000 0 std4       na       na      na   119026.3      1.0   25.6      na      na     na 3 4 0 3    na
41 63760.152412500000 0 std4     2944     2944      na   119022.6       na   27.1  -0.093  -0.859    4.4 3 0 0 1  19.1
41 65553.543579300000 0 std4     2724     2724      na   119028.7       na   26.1   0.053  -0.880  -13.7 3 0 0 1  14.1
41 69454.648726700000 0 std4     2540     2540      na   119025.1       na   25.2   0.012  -0.877   -4.1 3 0 0 2   9.1
41 73928.132347200000 0 std4     2287     2287      na   119028.1       na   23.9   0.009  -0.836    1.9 3 0 0 2   8.7
10 73063.174791283875     2.488328273040 std4 2 2 0 0     0     0
10 73063.619146483887     2.488328810368 std4 2 2 0 0     0     0
10 73064.864141683862     2.488330314970 std4 2 2 0 0     0     0
10 73066.705613683871     2.488332540922 std4 2 2 0 0     0     0
10 73066.709616883884     2.488332545650 std4 2 2 0 0     0     0
10 73067.946605683873     2.488334041159 std4 2 2 0 0     0     0
10 73068.154772083865     2.488334292992 std4 2 2 0 0     0     0
10 73075.080308083885     2.488342669208 std4 2 2 0 0     0     0
10 73077.017856883872     2.488345013219 std4 2 2 0 0     0     0
10 73082.606324083854     2.488351776434 std4 2 2 0 0     0     0
10 73084.267652083865     2.488353787778 std4 2 2 0 0     0     0
10 73089.471812083883     2.488360090235 std4 2 2 0 0     0     0
10 73091.501434483878     2.488362549097 std4 2 2 0 0     0     0
10 73097.310077683877     2.488369587780 std4 2 2 0 0     0     0
10 73098.206794483852     2.488370674597 std4 2 2 0 0     0     0
10 73098.683175283885     2.488371252176 std4 2 2 0 0     0     0
10 73099.475808883849     2.488372213395 std4 2 2 0 0     0     0
10 73100.468602483867     2.488373416575 std4 2 2 0 0     0     0
10 73103.999424883868     2.488377698201 std4 2 2 0 0     0     0
10 73105.336493683852     2.488379320156 std4 2 2 0 0     0     0
10 73105.372522483883     2.488379363829 std4 2 2 0 0     0     0
10 73105.616717683848     2.488379659703 std4 2 2 0 0     0     0
10 73107.057869683857     2.488381408105 std4 2 2 0 0     0     0
10 73107.125924083859     2.488381490609 std4 2 2 0 0     0     0
10 73107.382128883879     2.488381801449 std4 2 2 0 0     0     0
10 73110.048260083856     2.488385036069 std4 2 2 0 0     0     0
10 73111.413351283883     2.488386692547 std4 2 2 0 0     0     0
10 73122.562263283867     2.488400228642 std4 2 2 0 0     0     0
10 73124.107498483893     2.488402105962 std4 2 2 0 0     0     0
10 73125.516624883883     2.488403818210 std4 2 2 0 0     0     0
10 73125.692765683868     2.488404032134 std4 2 2 0 0     0     0
10 73129.167543283886     2.488408254206 std4 2 2 0 0     0     0
10 73135.316458483873     2.488415729948 std4 2 2 0 0     0     0
10 73138.358890483882     2.488419429929 std4 2 2 0 0     0     0
10 73138.795239283864     2.488419960723 std4 2 2 0 0     0     0
10 73139.904125683850     2.488421309845 std4 2 2 0 0     0     0
10 73145.176340083861     2.488427724625 std4 2 2 0 0     0     0
10 73149.756000883851     2.488433299638 std4 2 2 0 0     0     0
10 73150.952957683892     2.488434757034 std4 2 2 0 0     0     0
10 73151.953757683894     2.488435975294 std4 2 2 0 0     0     0
10 73153.583060083890     2.488437959664 std4 2 2 0 0     0     0
10 73153.711162483879     2.488438115922 std4 2 2 0 0     0     0
10 73153.959360883870     2.488438417901 std4 2 2 0 0     0     0
10 73157.890503283875     2.488443206704 std4 2 2 0 0     0     0
10 73158.711159283875     2.488444206663 std4 2 2 0 0     0     0
10 73158.875290483898     2.488444406687 std4 2 2 0 0     0     0
10 73159.820045683867     2.488445557663 std4 2 2 0 0     0     0
10 73168.703146483877     2.488456386543 std4 2 2 0 0     0     0
10 73168.899303283860     2.488456625404 std4 2 2 0 0     0     0
10 73169.767997683891     2.488457685230 std4 2 2 0 0     0     0
10 73172.362071283860     2.488460849235 std4 2 2 0 0     0     0
10 73178.222756083860     2.488467999913 std4 2 2 0 0     0     0
10 73181.933722483891     2.488472529716 std4 2 2 0 0     0     0
10 73187.830436083876     2.488479730370 std4 2 2 0 0     0     0
10 73191.309216883861     2.488483980483 std4 2 2 0 0     0     0
10 73191.885677683894     2.488484684560 std4 2 2 0 0     0     0
10 73194.575828083892     2.488487971995 std4 2 2 0 0     0     0
10 73196.845642483887     2.488490746105 std4 2 2 0 0     0     0
10 73196.889677683853     2.488490799788 std4 2 2 0 0     0     0
10 73198.963335283876     2.488493335100 std4 2 2 0 0     0     0
10 73204.735949683890     2.488500394603 std4 2 2 0 0     0     0
10 73208.098637683898     2.488504508436 std4 2 2 0 0     0     0
10 73208.595034483880     2.488505115451 std4 2 2 0 0     0     0
10 73209.419693683900     2.488506124509 std4 2 2 0 0     0     0
10 73212.874455283871     2.488510352791 std4 2 2 0 0     0     0
10 73219.824010483860     2.488518861818 std4 2 2 0 0     0     0
10 73220.788781683892     2.488520043403 std4 2 2 0 0     0     0
10 73221.525370483871     2.488520945659 std4 2 2 0 0     0     0
10 73224.379652083888     2.488524442412 std4 2 2 0 0     0     0
10 73225.048186483885     2.488525261489 std4 2 2 0 0     0     0
10 73225.428490483884     2.488525727366 std4 2 2 0 0     0     0
10 73227.277968883883     2.488527993878 std4 2 2 0 0     0     0
10 73228.238736883885     2.488529171263 std4 2 2 0 0     0     0
10 73229.119440883886     2.488530250559 std4 2 2 0 0     0     0
10 73233.478925683891     2.488535595330 std4 2 2 0 0     0     0
10 73235.492535283870     2.488538064185 std4 2 2 0 0     0     0
10 73237.882445683864     2.488540995314 std4 2 2 0 0     0     0
10 73241.741530483888     2.488545729863 std4 2 2 0 0     0     0
10 73245.196292083880     2.488549969275 std4 2 2 0 0     0     0
10 73249.023351283866     2.488554667505 std4 2 2 0 0     0     0
10 73255.112218483870     2.488562144877 std4 2 2 0 0     0     0
10 73255.472506483872     2.488562587453 std4 2 2 0 0     0     0
10 73256.205092083888     2.488563487404 std4 2 2 0 0     0     0
10 73257.109815283862     2.488564599110 std4 2 2 0 0     0     0
10 73261.817578483873     2.488570383769 std4 2 2 0 0     0     0
10 73266.541354483879     2.488576191011 std4 2 2 0 0     0     0
10 73268.430864883877     2.488578514467 std4 2 2 0 0     0     0
10 73268.506925683866     2.488578608077 std4 2 2 0 0     0     0
10 73268.743114483891     2.488578898707 std4 2 2 0 0     0     0
10 73269.587789683856     2.488579937253 std4 2 2 0 0     0     0
10 73269.984106483894     2.488580424630 std4 2 2 0 0     0     0
10 73272.145834483899     2.488583083752 std4 2 2 0 0     0     0
10 73274.475696883903     2.488585950034 std4 2 2 0 0     0     0
10 73275.784743283903     2.488587560672 std4 2 2 0 0     0     0
10 73277.382020083885     2.488589526364 std4 2 2 0 0     0     0
10 73279.551754483883     2.488592196884 std4 2 2 0 0     0     0
10 73290.048144883877     2.488605121885 std4 2 2 0 0     0     0
10 73290.336375283897     2.488605477483 std4 2 2 0 0     0     0
10 73292.213876083888     2.488607790667 std4 2 2 0 0     0     0
10 73304.671834483865     2.488623149133 std4 2 2 0 0     0     0
10 73308.522912883866     2.488627900125 std4 2 2 0 0     0     0
10 73310.820749683904     2.488630735584 std4 2 2 0 0     0     0
10 73316.601370483872     2.488637870977 std4 2 2 0 0     0     0
10 73317.966461683894     2.488639556648 std4 2 2 0 0     0     0
10 73320.944842483884     2.488643234782 std4 2 2 0 0     0     0
10 73321.389197683904     2.488643783873 std4 2 2 0 0     0     0
10 73322.229869683894     2.488644821842 std4 2 2 0 0     0     0
10 73328.558928883891     2.488652642261 std4 2 2 0 0     0     0
10 73334.331543283884     2.488659778317 std4 2 2 0 0     0     0
10 73338.230660083891     2.488664600405 std4 2 2 0 0     0     0
10 73346.020887283904     2.488674239817 std4 2 2 0 0     0     0
10 73348.058516083898     2.488676761480 std4 2 2 0 0     0     0
10 73349.087338483893     2.488678035506 std4 2 2 0 0     0     0
10 73349.235456883888     2.488678218844 std4 2 2 0 0     0     0
10 73349.731853683875     2.488678833384 std4 2 2 0 0     0     0
10 73351.052909683869     2.488680469152 std4 2 2 0 0     0     0
10 73353.687015283900     2.488683730608 std4 2 2 0 0     0     0
10 73355.812714483878     2.488686364018 std4 2 2 0 0     0     0
10 73359.135370483895     2.488690480075 std4 2 2 0 0     0     0
10 73360.228244083906     2.488691834372 std4 2 2 0 0     0     0
10 73362.121757683872     2.488694180962 std4 2 2 0 0     0     0
10 73362.229844083872     2.488694315104 std4 2 2 0 0     0     0
10 73363.414791283893     2.488695783743 std4 2 2 0 0     0     0
10 73365.564509683890     2.488698448432 std4 2 2 0 0     0     0
10 73365.740650483865     2.488698666853 std4 2 2 0 0     0     0
10 73368.823114483881     2.488702488487 std4 2 2 0 0     0     0
10 73379.183396083908     2.488715341261 std4 2 2 0 0     0     0
10 73381.449207283894     2.488718153914 std4 2 2 0 0     0     0
10 73382.285876083874     2.488719192355 std4 2 2 0 0     0     0
10 73394.031264883890     2.488733780329 std4 2 2 0 0     0     0
10 73394.980023283888     2.488734959287 std4 2 2 0 0     0     0
10 73395.008045683877     2.488734994093 std4 2 2 0 0     0     0
10 73395.716612083868     2.488735874569 std4 2 2 0 0     0     0
10 73396.945594483867     2.488737402208 std4 2 2 0 0     0     0
10 73399.023255283884     2.488739985014 std4 2 2 0 0     0     0
10 73400.844711283874     2.488742249007 std4 2 2 0 0     0     0
10 73401.172973683872     2.488742657596 std4 2 2 0 0     0     0
10 73402.209802483907     2.488743946358 std4 2 2 0 0     0     0
10 73407.405956083899     2.488750409257 std4 2 2 0 0     0     0
10 73412.185776883905     2.488756356236 std4 2 2 0 0     0     0
10 73414.571684083888     2.488759325813 std4 2 2 0 0     0     0
10 73415.824685683903     2.488760885319 std4 2 2 0 0     0     0
10 73418.566877683874     2.488764299481 std4 2 2 0 0     0     0
10 73420.176164083884     2.488766303570 std4 2 2 0 0     0     0
10 73421.709389683888     2.488768212507 std4 2 2 0 0     0     0
10 73422.762231283904     2.488769524221 std4 2 2 0 0     0     0
10 73425.280244083894     2.488772660747 std4 2 2 0 0     0     0
10 73426.797456883884     2.488774551027 std4 2 2 0 0     0     0
10 73431.473194483888     2.488780377688 std4 2 2 0 0     0     0
10 73433.807060083893     2.488783287490 std4 2 2 0 0     0     0
10 73434.239405683900     2.488783826346 std4 2 2 0 0     0     0
10 73435.696570483893     2.488785643416 std4 2 2 0 0     0     0
10 73436.453175283875     2.488786586404 std4 2 2 0 0     0     0
10 73439.267424883902     2.488790096101 std4 2 2 0 0     0     0
10 73439.527632883904     2.488790420895 std4 2 2 0 0     0     0
10 73449.975984883911     2.488803458030 std4 2 2 0 0     0     0
10 73453.470778483894     2.488807821447 std4 2 2 0 0     0     0
10 73460.660525683900     2.488816801865 std4 2 2 0 0     0     0
10 73465.064045683907     2.488822304773 std4 2 2 0 0     0     0
10 73466.337063283881     2.488823895594 std4 2 2 0 0     0     0
10 73469.615684083878     2.488827994844 std4 2 2 0 0     0     0
10 73470.392304883902     2.488828965901 std4 2 2 0 0     0     0
10 73484.995978483882     2.488847237479 std4 2 2 0 0     0     0
10 73488.014391283878     2.488851016564 std4 2 2 0 0     0     0
10 73490.916711283898     2.488854651346 std4 2 2 0 0     0     0
10 73494.927917683909     2.488859676044 std4 2 2 0 0     0     0
10 73501.313021683895     2.488867678140 std4 2 2 0 0     0     0
10 73501.337040883911     2.488867708125 std4 2 2 0 0     0     0
10 73506.192922483895     2.488873796510 std4 2 2 0 0     0     0
10 73506.933514483897     2.488874725415 std4 2 2 0 0     0     0
10 73511.817418483914     2.488880851774 std4 2 2 0 0     0     0
h8
h9
