h1 CRD 2 2025 3 13 19
h2 WETL 8834 10 01 4 ILRS
h3 apollo15 0000103 0103 na 0 1 1
h4 0 2025 3 6 20 8 2 2025 3 6 20 15 32 0 0 0 0 1 0 2 0
C0 0   1064.000 std4 las1 det4 tim0   na   na met0   na
C1 0 las1     Nd:YAG    1064.00      20.00      80.00   10.0  2.00    1
C2 0 det4       SPAD   1064.000  70.00   -93.0 180.0     analog 150.0  0.35  90.0  18.0       none    0.0    0.0  0
C3 0 tim0                  TAC              EFOS-18             Dassault             02,09,10    0.0
C6 0 met0 Paroscientific Digiquarz_765-16B     155046 E+E_Elektronik EE33-PFTM2022N 17059374047303 E+E_Elektronik EE33-PFTM2022N 17059374047303
20 72480.000000000000  948.40 280.80   60 0
20 73020.000000000000  948.41 281.13   59 0
20 73200.000000000000  948.43 280.99   60 0
20 73380.000000000000  948.41 280.76   61 0
20 72300.000000000000  948.41 280.91   60 0
40 71266.046555800000 0 std4       na       na      na   119026.4      0.1   24.6      na      na     na 3 4 0 3    na
41 67586.528127300000 0 std4     2566     2566      na   119026.4       na   25.3   0.011  -0.797    3.6 3 0 0 1   7.6
41 71731.595017400000 0 std4     2248     2248      na   119026.2       na   23.7  -0.005  -0.876   -2.2 3 0 0 2   7.3
41 74617.451967400000 0 std4     2713     2713      na   119026.8       na   26.0  -0.046  -0.834   -2.8 3 0 0 2   8.1
41 74945.564984300000 0 std4     2200     2200      na   119026.5       na   23.5   0.028  -0.788    6.5 3 0 0 2   7.6
10 72482.163525163889     2.463215324749 std4 2 2 0 0     0     0
10 72483.164350163886     2.463216827459 std4 2 2 0 0     0     0
10 72491.827491363893     2.463229838646 std4 2 2 0 0     0     0
10 72492.804296563923     2.463231305841 std4 2 2 0 0     0     0
10 72493.737065463933     2.463232707499 std4 2 2 0 0     0     0
10 72493.853161163920     2.463232881994 std4 2 2 0 0     0     0
10 72494.021299763906     2.463233134361 std4 2 2 0 0     0     0
10 72496.099012463895     2.463236256344 std4 2 2 0 0     0     0
10 72496.175075163923     2.463236370827 std4 2 2 0 0     0     0
10 72496.515355663922     2.463236882230 std4 2 2 0 0     0     0
10 72497.175900163922     2.463237874879 std4 2 2 0 0     0     0
10 72497.760381963887     2.463238753386 std4 2 2 0 0     0     0
10 72505.410688263923     2.463250252621 std4 2 2 0 0     0     0
10 72511.195456763922     2.463258950916 std4 2 2 0 0     0     0
10 72511.551750463910     2.463259486800 std4 2 2 0 0     0     0
10 72525.411175063901     2.463280340233 std4 2 2 0 0     0     0
10 72531.836471563917     2.463290013669 std4 2 2 0 0     0     0
10 72556.152515763938     2.463326654223 std4 2 2 0 0     0     0
10 72557.229403463917     2.463328278430 std4 2 2 0 0     0     0
10 72560.291927963922     2.463332897097 std4 2 2 0 0     0     0
10 72560.900429563916     2.463333815093 std4 2 2 0 0     0     0
10 72562.914089463929     2.463336852423 std4 2 2 0 0     0     0
10 72565.788458863923     2.463341188413 std4 2 2 0 0     0     0
10 72570.476323163915     2.463348262767 std4 2 2 0 0     0     0
10 72571.385072263907     2.463349634408 std4 2 2 0 0     0     0
10 72571.885484763912     2.463350389177 std4 2 2 0 0     0     0
10 72580.140289363911     2.463362851447 std4 2 2 0 0     0     0
10 72584.135582763928     2.463368885476 std4 2 2 0 0     0     0
10 72586.713707963909     2.463372779101 std4 2 2 0 0     0     0
10 72589.047631863925     2.463376305247 std4 2 2 0 0     0     0
10 72590.877139963916     2.463379069741 std4 2 2 0 0     0     0
10 72590.901159763937     2.463379105573 std4 2 2 0 0     0     0
10 72591.197403963916     2.463379553234 std4 2 2 0 0     0     0
10 72591.950024363928     2.463380690803 std4 2 2 0 0     0     0
10 72593.018905463922     2.463382305866 std4 2 2 0 0     0     0
10 72595.020555463926     2.463385330808 std4 2 2 0 0     0     0
10 72595.508958063917     2.463386068993 std4 2 2 0 0     0     0
10 72596.341644463926     2.463387327504 std4 2 2 0 0     0     0
10 72609.360376063903     2.463407012234 std4 2 2 0 0     0     0
10 72610.052946963915     2.463408059804 std4 2 2 0 0     0     0
10 72610.557362763935     2.463408822549 std4 2 2 0 0     0     0
10 72618.479893463938     2.463420809981 std4 2 2 0 0     0     0
10 72620.709731563929     2.463424184726 std4 2 2 0 0     0     0
10 72620.777787663922     2.463424287671 std4 2 2 0 0     0     0
10 72620.781790963942     2.463424293807 std4 2 2 0 0     0     0
10 72631.794869263935     2.463440968253 std4 2 2 0 0     0     0
10 72633.540308063904     2.463443611971 std4 2 2 0 0     0     0
10 72644.385247763908     2.463460043683 std4 2 2 0 0     0     0
10 72644.653468863910     2.463460450195 std4 2 2 0 0     0     0
10 72645.866468763911     2.463462288808 std4 2 2 0 0     0     0
10 72645.962547963937     2.463462434328 std4 2 2 0 0     0     0
10 72646.134689863898     2.463462695537 std4 2 2 0 0     0     0
10 72648.044263963919     2.463465590291 std4 2 2 0 0     0     0
10 72657.379959563915     2.463479746667 std4 2 2 0 0     0     0
10 72657.932414963929     2.463480584645 std4 2 2 0 0     0     0
10 72658.216649263939     2.463481015803 std4 2 2 0 0     0     0
10 72658.344754863940     2.463481209846 std4 2 2 0 0     0     0
10 72658.568939663904     2.463481549924 std4 2 2 0 0     0     0
10 72669.413879363929     2.463498005974 std4 2 2 0 0     0     0
10 72672.576486363942     2.463502806283 std4 2 2 0 0     0     0
10 72675.190641263912     2.463506775129 std4 2 2 0 0     0     0
10 72677.212307763918     2.463509845108 std4 2 2 0 0     0     0
10 72678.165093163933     2.463511291681 std4 2 2 0 0     0     0
10 72679.249987463903     2.463512939315 std4 2 2 0 0     0     0
10 72679.866495663942     2.463513875742 std4 2 2 0 0     0     0
10 72680.206776163941     2.463514392506 std4 2 2 0 0     0     0
10 72682.056300763940     2.463517201682 std4 2 2 0 0     0     0
10 72683.001079563910     2.463518636604 std4 2 2 0 0     0     0
10 72683.469465663907     2.463519347987 std4 2 2 0 0     0     0
10 72684.013914463928     2.463520175350 std4 2 2 0 0     0     0
10 72684.061954063920     2.463520248387 std4 2 2 0 0     0     0
10 72684.113996963928     2.463520327436 std4 2 2 0 0     0     0
10 72688.689768863915     2.463527279238 std4 2 2 0 0     0     0
10 72695.931738563901     2.463538285917 std4 2 2 0 0     0     0
10 72697.957408363934     2.463541365628 std4 2 2 0 0     0     0
10 72698.025464463922     2.463541468698 std4 2 2 0 0     0     0
10 72698.177589863934     2.463541700182 std4 2 2 0 0     0     0
10 72698.517870363937     2.463542217391 std4 2 2 0 0     0     0
10 72698.525876963926     2.463542229539 std4 2 2 0 0     0     0
10 72699.286503963933     2.463543385767 std4 2 2 0 0     0     0
10 72700.763721663915     2.463545631834 std4 2 2 0 0     0     0
10 72700.867807463932     2.463545790383 std4 2 2 0 0     0     0
10 72703.698140563937     2.463550094521 std4 2 2 0 0     0     0
10 72707.040896063948     2.463555178590 std4 2 2 0 0     0     0
10 72709.114605463915     2.463558333141 std4 2 2 0 0     0     0
10 72709.667060863927     2.463559173340 std4 2 2 0 0     0     0
10 72710.283569063906     2.463560111505 std4 2 2 0 0     0     0
10 72711.844856063914     2.463562486947 std4 2 2 0 0     0     0
10 72714.270855863940     2.463566178058 std4 2 2 0 0     0     0
10 72714.503047263911     2.463566531634 std4 2 2 0 0     0     0
10 72715.940231963943     2.463568718708 std4 2 2 0 0     0     0
10 72720.800238163941     2.463576116140 std4 2 2 0 0     0     0
10 72722.065280963901     2.463578042079 std4 2 2 0 0     0     0
10 72722.177373363916     2.463578212701 std4 2 2 0 0     0     0
10 72722.197389863920     2.463578243250 std4 2 2 0 0     0     0
10 72722.974030063918     2.463579425550 std4 2 2 0 0     0     0
10 72724.014888063909     2.463581010356 std4 2 2 0 0     0     0
10 72730.508240663915     2.463590898747 std4 2 2 0 0     0     0
10 72730.712408963937     2.463591209764 std4 2 2 0 0     0     0
10 72731.016659763906     2.463591673235 std4 2 2 0 0     0     0
10 72731.196808263901     2.463591947502 std4 2 2 0 0     0     0
10 72731.809313163922     2.463592880187 std4 2 2 0 0     0     0
10 72731.873365963937     2.463592978138 std4 2 2 0 0     0     0
10 72732.049511163922     2.463593246279 std4 2 2 0 0     0     0
10 72732.129577163923     2.463593367946 std4 2 2 0 0     0     0
10 72743.575011863936     2.463610808511 std4 2 2 0 0     0     0
10 72744.579840163907     2.463612340328 std4 2 2 0 0     0     0
10 72747.153962063925     2.463616263997 std4 2 2 0 0     0     0
10 72749.091559263904     2.463619218584 std4 2 2 0 0     0     0
10 72749.171625263909     2.463619340639 std4 2 2 0 0     0     0
10 72749.772120263910     2.463620256234 std4 2 2 0 0     0     0
10 72749.776123563935     2.463620262302 std4 2 2 0 0     0     0
10 72750.800968363921     2.463621825081 std4 2 2 0 0     0     0
10 72750.897047563937     2.463621971351 std4 2 2 0 0     0     0
10 72751.021149863920     2.463622160810 std4 2 2 0 0     0     0
10 72751.085202663926     2.463622258383 std4 2 2 0 0     0     0
10 72751.665681163932     2.463623143620 std4 2 2 0 0     0     0
10 72752.282189363911     2.463624083954 std4 2 2 0 0     0     0
10 72752.854661263918     2.463624957068 std4 2 2 0 0     0     0
10 72754.131713963945     2.463626904391 std4 2 2 0 0     0     0
10 72754.628123163931     2.463627661534 std4 2 2 0 0     0     0
10 72755.969228663937     2.463629707147 std4 2 2 0 0     0     0
10 72757.194238463911     2.463631575675 std4 2 2 0 0     0     0
10 72757.306330863920     2.463631746750 std4 2 2 0 0     0     0
10 72757.786726863925     2.463632479878 std4 2 2 0 0     0     0
10 72758.299149263932     2.463633261285 std4 2 2 0 0     0     0
10 72762.526634063908     2.463639711244 std4 2 2 0 0     0     0
10 72768.783791963941     2.463649260626 std4 2 2 0 0     0     0
10 72769.068026263912     2.463649694956 std4 2 2 0 0     0     0
10 72771.341900663927     2.463653165767 std4 2 2 0 0     0     0
10 72773.587751963950     2.463656595086 std4 2 2 0 0     0     0
10 72773.887999463954     2.463657053587 std4 2 2 0 0     0     0
10 72776.778382063954     2.463661466811 std4 2 2 0 0     0     0
10 72777.306817663945     2.463662273868 std4 2 2 0 0     0     0
10 72777.446933163944     2.463662488334 std4 2 2 0 0     0     0
10 72777.539009063950     2.463662628495 std4 2 2 0 0     0     0
10 72780.913790963924     2.463667783112 std4 2 2 0 0     0     0
10 72781.226048363934     2.463668259759 std4 2 2 0 0     0     0
10 72781.562325563916     2.463668773590 std4 2 2 0 0     0     0
10 72782.362985563916     2.463669996871 std4 2 2 0 0     0     0
10 72792.107017763928     2.463684885981 std4 2 2 0 0     0     0
10 72794.661123163945     2.463688790440 std4 2 2 0 0     0     0
10 72795.297647863928     2.463689763134 std4 2 2 0 0     0     0
10 72795.401733663948     2.463689922525 std4 2 2 0 0     0     0
10 72797.351340763948     2.463692903127 std4 2 2 0 0     0     0
10 72797.923812663915     2.463693778643 std4 2 2 0 0     0     0
10 72799.761327363940     2.463696587787 std4 2 2 0 0     0     0
10 72800.345809163923     2.463697481721 std4 2 2 0 0     0     0
10 72800.377835563929     2.463697530810 std4 2 2 0 0     0     0
10 72800.870241463938     2.463698283801 std4 2 2 0 0     0     0
10 72801.158479063932     2.463698724516 std4 2 2 0 0     0     0
10 72801.955135763907     2.463699942688 std4 2 2 0 0     0     0
10 72802.591660463944     2.463700916040 std4 2 2 0 0     0     0
10 72802.835861763915     2.463701289726 std4 2 2 0 0     0     0
10 72804.196983763920     2.463703371616 std4 2 2 0 0     0     0
10 72805.089719663933     2.463704736908 std4 2 2 0 0     0     0
10 72808.020135263932     2.463709219762 std4 2 2 0 0     0     0
10 72809.209115363923     2.463711038514 std4 2 2 0 0     0     0
10 72817.503952963931     2.463723732248 std4 2 2 0 0     0     0
10 72842.748762763935     2.463762400851 std4 2 2 0 0     0     0
10 72842.796802363922     2.463762474611 std4 2 2 0 0     0     0
10 72842.952931063951     2.463762713568 std4 2 2 0 0     0     0
10 72843.365270963906     2.463763345845 std4 2 2 0 0     0     0
10 72857.721104763942     2.463785360210 std4 2 2 0 0     0     0
10 72863.437817163915     2.463794131784 std4 2 2 0 0     0     0
10 72864.746896263911     2.463796140730 std4 2 2 0 0     0     0
10 72865.715694863934     2.463797627714 std4 2 2 0 0     0     0
10 72868.425928963925     2.463801788056 std4 2 2 0 0     0     0
10 72875.159479563939     2.463812126080 std4 2 2 0 0     0     0
10 72875.219529063940     2.463812218079 std4 2 2 0 0     0     0
10 72876.728773163937     2.463814536020 std4 2 2 0 0     0     0
10 72876.864885363907     2.463814745081 std4 2 2 0 0     0     0
10 72877.000997563953     2.463814953664 std4 2 2 0 0     0     0
10 72877.085066863916     2.463815083165 std4 2 2 0 0     0     0
10 72877.389317663942     2.463815550156 std4 2 2 0 0     0     0
10 72877.401327563950     2.463815568879 std4 2 2 0 0     0     0
10 72877.501410063951     2.463815722267 std4 2 2 0 0     0     0
10 72877.825677363923     2.463816220656 std4 2 2 0 0     0     0
10 72878.073881963918     2.463816601856 std4 2 2 0 0     0     0
10 72878.554277963912     2.463817339389 std4 2 2 0 0     0     0
10 72879.142763063940     2.463818243695 std4 2 2 0 0     0     0
10 72879.955432963926     2.463819491890 std4 2 2 0 0     0     0
10 72880.007475863935     2.463819571799 std4 2 2 0 0     0     0
10 72881.084363563918     2.463821225943 std4 2 2 0 0     0     0
10 72881.088366863942     2.463821231848 std4 2 2 0 0     0     0
10 72881.780937763954     2.463822295714 std4 2 2 0 0     0     0
10 72881.921053263954     2.463822511003 std4 2 2 0 0     0     0
10 72883.846640563933     2.463825469122 std4 2 2 0 0     0     0
10 72884.519194963948     2.463826502857 std4 2 2 0 0     0     0
10 72884.563231263918     2.463826570416 std4 2 2 0 0     0     0
10 72888.094141863917     2.463831995536 std4 2 2 0 0     0     0
10 72890.964507963920     2.463836407142 std4 2 2 0 0     0     0
10 72891.256748863928     2.463836856396 std4 2 2 0 0     0     0
10 72892.721956663956     2.463839108371 std4 2 2 0 0     0     0
10 72893.066240463929     2.463839637573 std4 2 2 0 0     0     0
10 72893.602682663934     2.463840462252 std4 2 2 0 0     0     0
10 72894.027032463933     2.463841114384 std4 2 2 0 0     0     0
10 72902.345889863936     2.463853905411 std4 2 2 0 0     0     0
10 72904.015265963934     2.463856472950 std4 2 2 0 0     0     0
10 72905.276305463939     2.463858412833 std4 2 2 0 0     0     0
10 72906.241100763921     2.463859896817 std4 2 2 0 0     0     0
10 72907.970526363922     2.463862557413 std4 2 2 0 0     0     0
10 72913.250879063926     2.463870681990 std4 2 2 0 0     0     0
10 72930.028709363914     2.463896513041 std4 2 2 0 0     0     0
10 72932.266554063954     2.463899960223 std4 2 2 0 0     0     0
h8
h9
