h1 CRD 2 2025 3 13 18
h2 WETL 8834 10 01 4 ILRS
h3 apollo15 0000103 0103 na 0 1 1
h4 0 2025 3 6 17 56 7 2025 3 6 17 58 56 0 0 0 0 1 0 2 0
C0 0   1064.000 std4 las1 det4 tim0   na   na met0   na
C1 0 las1     Nd:YAG    1064.00      20.00      80.00   10.0  2.00    1
C2 0 det4       SPAD   1064.000  70.00   -93.0 180.0     analog 150.0  0.35  90.0  18.0       none    0.0    0.0  0
C3 0 tim0                  TAC              EFOS-18             Dassault             02,09,10    0.0
C6 0 met0 Paroscientific Digiquarz_765-16B     155046 E+E_Elektronik EE33-PFTM2022N 17059374047303 E+E_Elektronik EE33-PFTM2022N 17059374047303
20 64380.000000000000  948.42 285.11   45 0
20 64560.000000000000  948.39 285.27   44 0
20 64920.000000000000  948.34 285.38   42 0
20 65100.000000000000  948.37 285.57   41 0
40 66735.143458000000 0 std4       na       na      na   119025.4      0.7   24.7      na      na     na 3 4 0 3    na
41 58524.721931700000 0 std4     2345     2345      na   119021.4       na   24.2  -0.031  -0.825   -6.4 3 0 0 1   7.4
41 62890.335111300000 0 std4     2597     2597      na   119027.2       na   25.5   0.026  -0.746   -3.2 3 0 0 1   7.5
41 67586.528127300000 0 std4     2566     2566      na   119026.4       na   25.3   0.011  -0.797    3.6 3 0 0 2   7.6
41 71731.595017400000 0 std4     2248     2248      na   119026.2       na   23.7  -0.005  -0.876   -2.2 3 0 0 2   7.3
41 74617.451967400000 0 std4     2713     2713      na   119026.8       na   26.0  -0.046  -0.834   -2.8 3 0 0 2   8.1
41 74945.564984300000 0 std4     2200     2200      na   119026.5       na   23.5   0.028  -0.788    6.5 3 0 0 2   7.6
10 64567.570485091949     2.454505500224 std4 2 2 0 0     0     0
10 64568.978485091934     2.454506427164 std4 2 2 0 0     0     0
10 64569.294485091968     2.454506635199 std4 2 2 0 0     0     0
10 64572.994485091953     2.454509071536 std4 2 2 0 0     0     0
10 64583.550485091957     2.454516031595 std4 2 2 0 0     0     0
10 64583.822485091964     2.454516211325 std4 2 2 0 0     0     0
10 64588.378485091936     2.454519219349 std4 2 2 0 0     0     0
10 64588.962485091952     2.454519605521 std4 2 2 0 0     0     0
10 64592.382485091940     2.454521865550 std4 2 2 0 0     0     0
10 64592.878485091970     2.454522193536 std4 2 2 0 0     0     0
10 64593.778485091967     2.454522788427 std4 2 2 0 0     0     0
10 64596.394485091939     2.454524518793 std4 2 2 0 0     0     0
10 64597.806485091947     2.454525453156 std4 2 2 0 0     0     0
10 64604.502485091958     2.454529886358 std4 2 2 0 0     0     0
10 64604.742485091960     2.454530045363 std4 2 2 0 0     0     0
10 64608.654485091959     2.454532638257 std4 2 2 0 0     0     0
10 64612.082485091951     2.454534911791 std4 2 2 0 0     0     0
10 64612.922485091947     2.454535468826 std4 2 2 0 0     0     0
10 64628.882485091973     2.454546073478 std4 2 2 0 0     0     0
10 64636.786485091979     2.454551336579 std4 2 2 0 0     0     0
10 64638.966485091973     2.454552790036 std4 2 2 0 0     0     0
10 64640.566485091970     2.454553856603 std4 2 2 0 0     0     0
10 64643.382485091948     2.454555734897 std4 2 2 0 0     0     0
10 64668.590485091974     2.454572589782 std4 2 2 0 0     0     0
10 64672.898485091965     2.454575478080 std4 2 2 0 0     0     0
10 64698.106485091970     2.454592421966 std4 2 2 0 0     0     0
10 64699.162485091954     2.454593133653 std4 2 2 0 0     0     0
10 64703.430485091941     2.454596010321 std4 2 2 0 0     0     0
10 64708.378485091975     2.454599347987 std4 2 2 0 0     0     0
10 64711.582485091962     2.454601511335 std4 2 2 0 0     0     0
10 64712.146485091978     2.454601892216 std4 2 2 0 0     0     0
10 64727.426485091980     2.454612225134 std4 2 2 0 0     0     0
10 64727.978485091945     2.454612598882 std4 2 2 0 0     0     0
10 64728.310485091958     2.454612823821 std4 2 2 0 0     0     0
10 64732.798485091946     2.454615864527 std4 2 2 0 0     0     0
10 64736.546485091974     2.454618405913 std4 2 2 0 0     0     0
h8
h9
