h1 CRD 2 2025 3 14 14
h2 WETL 8834 10 01 4 ILRS
h3 apollo15 0000103 0103 na 0 1 1
h4 0 2025 3 7 19 3 55 2025 3 7 19 8 48 0 0 0 0 1 0 2 0
C0 0   1064.000 std4 las1 det4 tim0   na   na met0   na
C1 0 las1     Nd:YAG    1064.00      20.00      80.00   10.0  2.00    1
C2 0 det4       SPAD   1064.000  70.00   -93.0 180.0     analog 150.0  0.35  90.0  18.0       none    0.0    0.0  0
C3 0 tim0                  TAC              EFOS-18             Dassault             02,09,10    0.0
C6 0 met0 Paroscientific Digiquarz_765-16B     155046 E+E_Elektronik EE33-PFTM2022N 17059374047303 E+E_Elektronik EE33-PFTM2022N 17059374047303
20 68340.000000000000  944.50 282.86   55 0
20 68520.000000000000  944.49 282.72   56 0
20 68880.000000000000  944.50 282.40   57 0
20 69060.000000000000  944.48 282.17   57 0
20 69240.000000000000  944.45 281.91   59 0
20 69420.000000000000  944.43 281.68   59 0
40 66942.983398500000 0 std4       na       na      na   119025.4      1.5   25.5      na      na     na 3 4 0 3    na
41 59957.834449800000 0 std4     2542     2542      na   119021.4       na   25.2  -0.088  -0.803   -9.4 3 0 0 1  17.9
41 63760.152412500000 0 std4     2944     2944      na   119022.6       na   27.1  -0.093  -0.859    4.4 3 0 0 1  19.1
41 65553.543579300000 0 std4     2724     2724      na   119028.7       na   26.1   0.053  -0.880  -13.7 3 0 0 1  14.1
41 69454.648726700000 0 std4     2540     2540      na   119025.1       na   25.2   0.012  -0.877   -4.1 3 0 0 2   9.1
41 73928.132347200000 0 std4     2287     2287      na   119028.1       na   23.9   0.009  -0.836    1.9 3 0 0 2   8.7
10 68635.807583740702     2.484048983332 std4 2 2 0 0     0     0
10 68649.006134140717     2.484058418548 std4 2 2 0 0     0     0
10 68660.803564540734     2.484066869817 std4 2 2 0 0     0     0
10 68678.029334140737     2.484079238755 std4 2 2 0 0     0     0
10 68709.474470140711     2.484101908749 std4 2 2 0 0     0     0
10 68744.014079740698     2.484126943613 std4 2 2 0 0     0     0
10 68745.543302140745     2.484128054837 std4 2 2 0 0     0     0
10 68750.010873340719     2.484131304574 std4 2 2 0 0     0     0
10 68763.793890940708     2.484141343054 std4 2 2 0 0     0     0
10 68769.426393340711     2.484145452288 std4 2 2 0 0     0     0
10 68778.685794940741     2.484152215151 std4 2 2 0 0     0     0
10 68780.891558140726     2.484153827780 std4 2 2 0 0     0     0
10 68784.778665340698     2.484156670445 std4 2 2 0 0     0     0
10 68787.729023740702     2.484158830083 std4 2 2 0 0     0     0
10 68788.497638140746     2.484159392405 std4 2 2 0 0     0     0
10 68799.774652540707     2.484167655612 std4 2 2 0 0     0     0
10 68800.475212540714     2.484168169200 std4 2 2 0 0     0     0
10 68824.026038140739     2.484185476233 std4 2 2 0 0     0     0
10 68839.666540540745     2.484197005602 std4 2 2 0 0     0     0
10 68841.415938940740     2.484198296935 std4 2 2 0 0     0     0
10 68852.604882940742     2.484206564933 std4 2 2 0 0     0     0
10 68868.817842940726     2.484218571806 std4 2 2 0 0     0     0
10 68870.190940540719     2.484219590135 std4 2 2 0 0     0     0
10 68873.917919740753     2.484222355064 std4 2 2 0 0     0     0
10 68876.600063740712     2.484224345943 std4 2 2 0 0     0     0
10 68877.777004540742     2.484225219944 std4 2 2 0 0     0     0
10 68878.689734140727     2.484225897737 std4 2 2 0 0     0     0
10 68881.391894140716     2.484227904821 std4 2 2 0 0     0     0
10 68884.758585340748     2.484230407122 std4 2 2 0 0     0     0
10 68922.408681340745     2.484258478379 std4 2 2 0 0     0     0
10 68928.257356540714     2.484262854213 std4 2 2 0 0     0     0
h8
h9
