h1 CRD 2 2025 3 14 14
h2 WETL 8834 10 01 4 ILRS
h3 apollo15 0000103 0103 na 0 1 1
h4 0 2025 3 7 19 32 40 2025 3 7 19 39 53 0 0 0 0 1 0 2 0
C0 0   1064.000 std4 las1 det4 tim0   na   na met0   na
C1 0 las1     Nd:YAG    1064.00      20.00      80.00   10.0  2.00    1
C2 0 det4       SPAD   1064.000  70.00   -93.0 180.0     analog 150.0  0.35  90.0  18.0       none    0.0    0.0  0
C3 0 tim0                  TAC              EFOS-18             Dassault             02,09,10    0.0
C6 0 met0 Paroscientific Digiquarz_765-16B     155046 E+E_Elektronik EE33-PFTM2022N 17059374047303 E+E_Elektronik EE33-PFTM2022N 17059374047303
20 70140.000000000000  944.39 281.05   65 0
20 70320.000000000000  944.43 281.37   65 0
20 70680.000000000000  944.47 280.95   66 0
20 70860.000000000000  944.45 281.05   65 0
20 71040.000000000000  944.43 281.20   65 0
40 68844.142379800000 0 std4       na       na      na   119026.3      1.0   25.6      na      na     na 3 4 0 3    na
41 63760.152412500000 0 std4     2944     2944      na   119022.6       na   27.1  -0.093  -0.859    4.4 3 0 0 1  19.1
41 65553.543579300000 0 std4     2724     2724      na   119028.7       na   26.1   0.053  -0.880  -13.7 3 0 0 1  14.1
41 69454.648726700000 0 std4     2540     2540      na   119025.1       na   25.2   0.012  -0.877   -4.1 3 0 0 2   9.1
41 73928.132347200000 0 std4     2287     2287      na   119028.1       na   23.9   0.009  -0.836    1.9 3 0 0 2   8.7
10 70360.017709969415     2.485453543823 std4 2 2 0 0     0     0
10 70365.917709969431     2.485458937492 std4 2 2 0 0     0     0
10 70367.473709969412     2.485460360831 std4 2 2 0 0     0     0
10 70371.577709969430     2.485464115969 std4 2 2 0 0     0     0
10 70372.157709969434     2.485464646710 std4 2 2 0 0     0     0
10 70372.641709969396     2.485465089454 std4 2 2 0 0     0     0
10 70373.285709969421     2.485465679155 std4 2 2 0 0     0     0
10 70377.417709969428     2.485469462847 std4 2 2 0 0     0     0
10 70383.581709969437     2.485475110287 std4 2 2 0 0     0     0
10 70384.045709969409     2.485475535686 std4 2 2 0 0     0     0
10 70384.501709969436     2.485475953939 std4 2 2 0 0     0     0
10 70388.173709969432     2.485479320681 std4 2 2 0 0     0     0
10 70389.041709969428     2.485480116425 std4 2 2 0 0     0     0
10 70393.757709969399     2.485484443365 std4 2 2 0 0     0     0
10 70398.165709969432     2.485488489946 std4 2 2 0 0     0     0
10 70398.537709969418     2.485488831382 std4 2 2 0 0     0     0
10 70406.217709969426     2.485495887080 std4 2 2 0 0     0     0
10 70407.877709969419     2.485497413645 std4 2 2 0 0     0     0
10 70411.881709969431     2.485501095624 std4 2 2 0 0     0     0
10 70413.545709969403     2.485502626101 std4 2 2 0 0     0     0
10 70414.777709969404     2.485503759423 std4 2 2 0 0     0     0
10 70417.701709969423     2.485506450280 std4 2 2 0 0     0     0
10 70420.801709969417     2.485509304275 std4 2 2 0 0     0     0
10 70421.149709969398     2.485509624870 std4 2 2 0 0     0     0
10 70423.781709969401     2.485512049185 std4 2 2 0 0     0     0
10 70425.681709969404     2.485513799504 std4 2 2 0 0     0     0
10 70428.077709969424     2.485516007308 std4 2 2 0 0     0     0
10 70429.593709969413     2.485517404634 std4 2 2 0 0     0     0
10 70433.357709969401     2.485520874894 std4 2 2 0 0     0     0
10 70436.669709969404     2.485523930277 std4 2 2 0 0     0     0
10 70438.421709969410     2.485525547017 std4 2 2 0 0     0     0
10 70441.093709969415     2.485528013205 std4 2 2 0 0     0     0
10 70441.549709969419     2.485528434070 std4 2 2 0 0     0     0
10 70444.881709969398     2.485531510658 std4 2 2 0 0     0     0
10 70448.049709969438     2.485534436678 std4 2 2 0 0     0     0
10 70449.933709969401     2.485536177471 std4 2 2 0 0     0     0
10 70450.861709969442     2.485537035146 std4 2 2 0 0     0     0
10 70453.621709969435     2.485539586660 std4 2 2 0 0     0     0
10 70455.941709969432     2.485541731699 std4 2 2 0 0     0     0
10 70458.425709969410     2.485544029352 std4 2 2 0 0     0     0
10 70459.493709969436     2.485545017250 std4 2 2 0 0     0     0
10 70462.949709969412     2.485548215461 std4 2 2 0 0     0     0
10 70465.173709969426     2.485550274217 std4 2 2 0 0     0     0
10 70470.605709969424     2.485555305259 std4 2 2 0 0     0     0
10 70475.585709969415     2.485559920094 std4 2 2 0 0     0     0
10 70495.977709969437     2.485578847811 std4 2 2 0 0     0     0
10 70522.605709969404     2.485603633892 std4 2 2 0 0     0     0
10 70522.981709969432     2.485603984671 std4 2 2 0 0     0     0
10 70540.141709969409     2.485620000975 std4 2 2 0 0     0     0
10 70541.925709969420     2.485621668248 std4 2 2 0 0     0     0
10 70546.065709969407     2.485625537638 std4 2 2 0 0     0     0
10 70548.437709969414     2.485627756179 std4 2 2 0 0     0     0
10 70548.941709969435     2.485628227322 std4 2 2 0 0     0     0
10 70554.909709969418     2.485633811674 std4 2 2 0 0     0     0
10 70558.225709969442     2.485636915877 std4 2 2 0 0     0     0
10 70559.889709969415     2.485638474157 std4 2 2 0 0     0     0
10 70560.985709969445     2.485639500694 std4 2 2 0 0     0     0
10 70570.893709969432     2.485648787168 std4 2 2 0 0     0     0
10 70571.337709969442     2.485649203235 std4 2 2 0 0     0     0
10 70574.677709969448     2.485652336738 std4 2 2 0 0     0     0
10 70578.457709969447     2.485655883414 std4 2 2 0 0     0     0
10 70591.669709969433     2.485668295086 std4 2 2 0 0     0     0
10 70606.401709969447     2.485682157851 std4 2 2 0 0     0     0
10 70606.781709969446     2.485682515836 std4 2 2 0 0     0     0
10 70607.577709969423     2.485683265427 std4 2 2 0 0     0     0
10 70618.165709969408     2.485693245066 std4 2 2 0 0     0     0
10 70622.357709969424     2.485697199755 std4 2 2 0 0     0     0
10 70622.485709969410     2.485697320779 std4 2 2 0 0     0     0
10 70625.305709969414     2.485699982092 std4 2 2 0 0     0     0
10 70625.545709969410     2.485700208965 std4 2 2 0 0     0     0
10 70629.801709969451     2.485704227237 std4 2 2 0 0     0     0
10 70633.585709969429     2.485707802236 std4 2 2 0 0     0     0
10 70636.617709969441     2.485710667113 std4 2 2 0 0     0     0
10 70639.861709969412     2.485713734100 std4 2 2 0 0     0     0
10 70641.897709969445     2.485715659949 std4 2 2 0 0     0     0
10 70644.669709969424     2.485718282130 std4 2 2 0 0     0     0
10 70646.185709969446     2.485719716169 std4 2 2 0 0     0     0
10 70654.417709969424     2.485727510476 std4 2 2 0 0     0     0
10 70658.089709969424     2.485730989080 std4 2 2 0 0     0     0
10 70660.369709969433     2.485733149878 std4 2 2 0 0     0     0
10 70661.953709969451     2.485734652137 std4 2 2 0 0     0     0
10 70665.569709969443     2.485738080700 std4 2 2 0 0     0     0
10 70668.493709969419     2.485740854611 std4 2 2 0 0     0     0
10 70673.825709969442     2.485745915519 std4 2 2 0 0     0     0
10 70674.173709969441     2.485746245944 std4 2 2 0 0     0     0
10 70677.065709969454     2.485748992438 std4 2 2 0 0     0     0
10 70679.013709969451     2.485750842483 std4 2 2 0 0     0     0
10 70683.821709969452     2.485755411479 std4 2 2 0 0     0     0
10 70685.861709969450     2.485757350729 std4 2 2 0 0     0     0
10 70688.665709969440     2.485760017295 std4 2 2 0 0     0     0
10 70693.113709969442     2.485764249089 std4 2 2 0 0     0     0
10 70702.449709969446     2.485773137902 std4 2 2 0 0     0     0
10 70712.285709969435     2.485782513457 std4 2 2 0 0     0     0
10 70713.597709969447     2.485783765222 std4 2 2 0 0     0     0
10 70723.289709969426     2.485793015313 std4 2 2 0 0     0     0
10 70733.865709969419     2.485803121872 std4 2 2 0 0     0     0
10 70748.901709969427     2.485817511995 std4 2 2 0 0     0     0
10 70750.505709969436     2.485819048075 std4 2 2 0 0     0     0
10 70756.513709969438     2.485824806280 std4 2 2 0 0     0     0
10 70756.653709969440     2.485824940858 std4 2 2 0 0     0     0
10 70768.801709969451     2.485836595683 std4 2 2 0 0     0     0
10 70772.753709969430     2.485840390823 std4 2 2 0 0     0     0
10 70781.453709969428     2.485848751966 std4 2 2 0 0     0     0
10 70782.977709969453     2.485850217608 std4 2 2 0 0     0     0
10 70785.837709969459     2.485852968395 std4 2 2 0 0     0     0
10 70793.385709969461     2.485860232885 std4 2 2 0 0     0     0
h8
h9
