h1 CRD 2 2025 3 14 14
h2 WETL 8834 10 01 4 ILRS
h3 apollo15 0000103 0103 na 0 1 1
h4 0 2025 3 7 18 2 50 2025 3 7 18 4 56 0 0 0 0 1 0 2 0
C0 0   1064.000 std4 las1 det4 tim0   na   na met0   na
C1 0 las1     Nd:YAG    1064.00      20.00      80.00   10.0  2.00    1
C2 0 det4       SPAD   1064.000  70.00   -93.0 180.0     analog 150.0  0.35  90.0  18.0       none    0.0    0.0  0
C3 0 tim0                  TAC              EFOS-18             Dassault             02,09,10    0.0
C6 0 met0 Paroscientific Digiquarz_765-16B     155046 E+E_Elektronik EE33-PFTM2022N 17059374047303 E+E_Elektronik EE33-PFTM2022N 17059374047303
20 64740.000000000000  944.46 284.19   57 0
20 64920.000000000000  944.47 284.01   57 0
20 65100.000000000000  944.46 284.29   55 0
20 65280.000000000000  944.47 284.08   55 0
20 65460.000000000000  944.49 283.85   56 0
20 65640.000000000000  944.50 283.66   57 0
40 66942.983398500000 0 std4       na       na      na   119025.4      1.5   25.5      na      na     na 3 4 0 3    na
41 59957.834449800000 0 std4     2542     2542      na   119021.4       na   25.2  -0.088  -0.803   -9.4 3 0 0 1  17.9
41 63760.152412500000 0 std4     2944     2944      na   119022.6       na   27.1  -0.093  -0.859    4.4 3 0 0 1  19.1
41 65553.543579300000 0 std4     2724     2724      na   119028.7       na   26.1   0.053  -0.880  -13.7 3 0 0 1  14.1
41 69454.648726700000 0 std4     2540     2540      na   119025.1       na   25.2   0.012  -0.877   -4.1 3 0 0 2   9.1
41 73928.132347200000 0 std4     2287     2287      na   119028.1       na   23.9   0.009  -0.836    1.9 3 0 0 2   8.7
10 64970.026855397598     2.482234382246 std4 2 2 0 0     0     0
10 64979.174855397604     2.482236894384 std4 2 2 0 0     0     0
10 64982.670855397617     2.482237857338 std4 2 2 0 0     0     0
10 64988.914855397629     2.482239579835 std4 2 2 0 0     0     0
10 64989.046855383306     2.482239616754 std4 2 2 0 0     0     0
10 64990.822855397623     2.482240107307 std4 2 2 0 0     0     0
10 65005.298855397606     2.482244123463 std4 2 2 0 0     0     0
10 65009.946855397601     2.482245418570 std4 2 2 0 0     0     0
10 65012.338855397616     2.482246085775 std4 2 2 0 0     0     0
10 65013.474855397590     2.482246403035 std4 2 2 0 0     0     0
10 65028.506855383351     2.482250615087 std4 2 2 0 0     0     0
10 65052.542855397625     2.482257406544 std4 2 2 0 0     0     0
10 65052.618855397602     2.482257428421 std4 2 2 0 0     0     0
10 65052.954855397631     2.482257523466 std4 2 2 0 0     0     0
10 65059.282855397626     2.482259323384 std4 2 2 0 0     0     0
10 65065.446855397604     2.482261081759 std4 2 2 0 0     0     0
10 65065.766855383323     2.482261173289 std4 2 2 0 0     0     0
10 65089.082855383355     2.482267865497 std4 2 2 0 0     0     0
10 65089.486855397609     2.482267981632 std4 2 2 0 0     0     0
10 65091.134855397603     2.482268457747 std4 2 2 0 0     0     0
10 65092.266855397616     2.482268784431 std4 2 2 0 0     0     0
10 65093.602855397600     2.482269170505 std4 2 2 0 0     0     0
10 65096.334855397612     2.482269960381 std4 2 2 0 0     0     0
h8
h9
