h1 CRD 2 2025 3 14 14
h2 WETL 8834 10 01 4 ILRS
h3 apollo15 0000103 0103 na 0 1 1
h4 0 2025 3 7 17 34 55 2025 3 7 17 39 51 0 0 0 0 1 0 2 0
C0 0   1064.000 std4 las1 det4 tim0   na   na met0   na
C1 0 las1     Nd:YAG    1064.00      20.00      80.00   10.0  2.00    1
C2 0 det4       SPAD   1064.000  70.00   -93.0 180.0     analog 150.0  0.35  90.0  18.0       none    0.0    0.0  0
C3 0 tim0                  TAC              EFOS-18             Dassault             02,09,10    0.0
C6 0 met0 Paroscientific Digiquarz_765-16B     155046 E+E_Elektronik EE33-PFTM2022N 17059374047303 E+E_Elektronik EE33-PFTM2022N 17059374047303
20 63120.000000000000  944.47 285.16   54 0
20 63300.000000000000  944.49 285.70   52 0
20 63480.000000000000  944.49 285.10   54 0
20 63660.000000000000  944.47 285.34   53 0
20 63840.000000000000  944.46 285.17   54 0
20 64020.000000000000  944.45 284.85   55 0
40 62982.214878800000 0 std4       na       na      na   119024.2      1.0   25.8      na      na     na 3 4 0 3    na
41 56509.781030800000 0 std4     2582     2582      na   119023.3       na   25.4   0.055  -0.733   -5.3 3 0 0 1   4.3
41 59957.834449800000 0 std4     2542     2542      na   119021.4       na   25.2  -0.088  -0.803   -9.4 3 0 0 1  17.9
41 63760.152412500000 0 std4     2944     2944      na   119022.6       na   27.1  -0.093  -0.859    4.4 3 0 0 2  19.1
41 65553.543579300000 0 std4     2724     2724      na   119028.7       na   26.1   0.053  -0.880  -13.7 3 0 0 2  14.1
41 69454.648726700000 0 std4     2540     2540      na   119025.1       na   25.2   0.012  -0.877   -4.1 3 0 0 2   9.1
10 63295.242855397491     2.481944587523 std4 2 2 0 0     0     0
10 63310.778855397519     2.481945726879 std4 2 2 0 0     0     0
10 63322.918855383201     2.481946637147 std4 2 2 0 0     0     0
10 63328.682855397512     2.481947075045 std4 2 2 0 0     0     0
10 63330.998855397487     2.481947252715 std4 2 2 0 0     0     0
10 63332.814855397524     2.481947391691 std4 2 2 0 0     0     0
10 63355.870855397525     2.481949196744 std4 2 2 0 0     0     0
10 63381.066855397509     2.481951241290 std4 2 2 0 0     0     0
10 63390.066855397504     2.481951989866 std4 2 2 0 0     0     0
10 63390.922855383247     2.481952061470 std4 2 2 0 0     0     0
10 63391.890855397524     2.481952143218 std4 2 2 0 0     0     0
10 63403.238855397490     2.481953103785 std4 2 2 0 0     0     0
10 63406.394855383239     2.481953373432 std4 2 2 0 0     0     0
10 63407.470855397499     2.481953465545 std4 2 2 0 0     0     0
10 63410.702855397507     2.481953743245 std4 2 2 0 0     0     0
10 63415.278855383252     2.481954139344 std4 2 2 0 0     0     0
10 63417.222855397503     2.481954308601 std4 2 2 0 0     0     0
10 63417.766855397526     2.481954355872 std4 2 2 0 0     0     0
10 63418.426855397525     2.481954413245 std4 2 2 0 0     0     0
10 63421.614855397510     2.481954691612 std4 2 2 0 0     0     0
10 63422.346855397517     2.481954755600 std4 2 2 0 0     0     0
10 63437.842855397530     2.481956127577 std4 2 2 0 0     0     0
10 63438.890855397517     2.481956221537 std4 2 2 0 0     0     0
10 63441.334855397538     2.481956440787 std4 2 2 0 0     0     0
10 63445.198855397505     2.481956788961 std4 2 2 0 0     0     0
10 63451.886855397533     2.481957395675 std4 2 2 0 0     0     0
10 63456.198855397530     2.481957789776 std4 2 2 0 0     0     0
10 63460.046855397526     2.481958143537 std4 2 2 0 0     0     0
10 63461.006855397522     2.481958231708 std4 2 2 0 0     0     0
10 63461.034855397511     2.481958234470 std4 2 2 0 0     0     0
10 63463.842855397499     2.481958494128 std4 2 2 0 0     0     0
10 63465.826855383229     2.481958678346 std4 2 2 0 0     0     0
10 63473.566855397509     2.481959399909 std4 2 2 0 0     0     0
10 63479.018855397535     2.481959912846 std4 2 2 0 0     0     0
10 63479.158855397540     2.481959926344 std4 2 2 0 0     0     0
10 63486.462855397515     2.481960618703 std4 2 2 0 0     0     0
10 63505.594855397515     2.481962463466 std4 2 2 0 0     0     0
10 63506.662855397497     2.481962568330 std4 2 2 0 0     0     0
10 63518.382855397534     2.481963721240 std4 2 2 0 0     0     0
10 63518.602855397534     2.481963743028 std4 2 2 0 0     0     0
10 63518.946855397505     2.481963777405 std4 2 2 0 0     0     0
10 63521.482855397531     2.481964029150 std4 2 2 0 0     0     0
10 63523.010855383227     2.481964181136 std4 2 2 0 0     0     0
10 63535.646855383238     2.481965450114 std4 2 2 0 0     0     0
10 63536.042855397505     2.481965490799 std4 2 2 0 0     0     0
10 63538.710855397537     2.481965760692 std4 2 2 0 0     0     0
10 63542.838855397517     2.481966181080 std4 2 2 0 0     0     0
10 63543.830855397523     2.481966282400 std4 2 2 0 0     0     0
10 63544.074855397539     2.481966307348 std4 2 2 0 0     0     0
10 63545.438855397509     2.481966446677 std4 2 2 0 0     0     0
10 63545.650855397518     2.481966468337 std4 2 2 0 0     0     0
10 63546.250855397517     2.481966530011 std4 2 2 0 0     0     0
10 63551.902855383219     2.481967110927 std4 2 2 0 0     0     0
10 63554.850855397535     2.481967415611 std4 2 2 0 0     0     0
10 63562.326855397535     2.481968192818 std4 2 2 0 0     0     0
10 63570.518855397512     2.481969051298 std4 2 2 0 0     0     0
10 63571.178855397511     2.481969121560 std4 2 2 0 0     0     0
10 63576.854855397528     2.481969721799 std4 2 2 0 0     0     0
10 63577.178855397538     2.481969756165 std4 2 2 0 0     0     0
10 63579.770855397539     2.481970031615 std4 2 2 0 0     0     0
10 63586.830855383253     2.481970786475 std4 2 2 0 0     0     0
10 63588.270855383249     2.481970940860 std4 2 2 0 0     0     0
10 63591.654855397544     2.481971305466 std4 2 2 0 0     0     0
h8
h9
