h1 CRD 2 2025 3 13 18
h2 WETL 8834 10 01 4 ILRS
h3 apollo15 0000103 0103 na 0 1 1
h4 0 2025 3 6 17 1 2 2025 3 6 17 4 45 0 0 0 0 1 0 2 0
C0 0   1064.000 std4 las1 det4 tim0   na   na met0   na
C1 0 las1     Nd:YAG    1064.00      20.00      80.00   10.0  2.00    1
C2 0 det4       SPAD   1064.000  70.00   -93.0 180.0     analog 150.0  0.35  90.0  18.0       none    0.0    0.0  0
C3 0 tim0                  TAC              EFOS-18             Dassault             02,09,10    0.0
C6 0 met0 Paroscientific Digiquarz_765-16B     155046 E+E_Elektronik EE33-PFTM2022N 17059374047303 E+E_Elektronik EE33-PFTM2022N 17059374047303
20 61140.000000000000  948.23 285.41   44 0
20 61320.000000000000  948.22 284.85   46 0
20 61500.000000000000  948.21 284.50   47 0
20 61680.000000000000  948.24 284.39   48 0
20 61860.000000000000  948.27 284.20   49 0
20 62040.000000000000  948.30 284.60   49 0
40 61191.726050600000 0 std4       na       na      na   119024.5      1.7   24.9      na      na     na 3 4 0 3    na
41 54796.923974000000 0 std4     2407     2407      na   119022.6       na   24.5  -0.030  -0.818   10.4 3 0 0 1   3.6
41 58524.721931700000 0 std4     2345     2345      na   119021.4       na   24.2  -0.031  -0.825   -6.4 3 0 0 1   7.4
41 62890.335111300000 0 std4     2597     2597      na   119027.2       na   25.5   0.026  -0.746   -3.2 3 0 0 2   7.5
41 67586.528127300000 0 std4     2566     2566      na   119026.4       na   25.3   0.011  -0.797    3.6 3 0 0 2   7.6
10 61262.777107648895     2.452990309741 std4 2 2 0 0     0     0
10 61263.994110848929     2.452990623149 std4 2 2 0 0     0     0
10 61264.670668548917     2.452990797556 std4 2 2 0 0     0     0
10 61265.287176748890     2.452990956244 std4 2 2 0 0     0     0
10 61279.138594748927     2.452994538890 std4 2 2 0 0     0     0
10 61281.400459248933     2.452995126004 std4 2 2 0 0     0     0
10 61282.149076348926     2.452995320799 std4 2 2 0 0     0     0
10 61284.210775848928     2.452995856653 std4 2 2 0 0     0     0
10 61285.227614048913     2.452996121203 std4 2 2 0 0     0     0
10 61287.657617148906     2.452996754000 std4 2 2 0 0     0     0
10 61288.706481748898     2.452997027256 std4 2 2 0 0     0     0
10 61291.744986448940     2.452997819543 std4 2 2 0 0     0     0
10 61292.129303248917     2.452997920153 std4 2 2 0 0     0     0
10 61296.052537248930     2.452998945315 std4 2 2 0 0     0     0
10 61296.729094948911     2.452999122261 std4 2 2 0 0     0     0
10 61297.097398548895     2.452999218541 std4 2 2 0 0     0     0
10 61298.742754848926     2.452999649270 std4 2 2 0 0     0     0
10 61299.071025448920     2.452999735143 std4 2 2 0 0     0     0
10 61299.627484148895     2.452999881044 std4 2 2 0 0     0     0
10 61299.823645848928     2.452999932456 std4 2 2 0 0     0     0
10 61302.545889848936     2.453000646078 std4 2 2 0 0     0     0
10 61303.214440948929     2.453000821560 std4 2 2 0 0     0     0
10 61309.976014648929     2.453002598679 std4 2 2 0 0     0     0
10 61310.012044348906     2.453002608031 std4 2 2 0 0     0     0
10 61322.278155548920     2.453005846419 std4 2 2 0 0     0     0
10 61325.989214648915     2.453006829404 std4 2 2 0 0     0     0
10 61334.596309648929     2.453009116757 std4 2 2 0 0     0     0
10 61345.529321948919     2.453012034718 std4 2 2 0 0     0     0
10 61352.370961648909     2.453013868164 std4 2 2 0 0     0     0
10 61354.184456548910     2.453014355191 std4 2 2 0 0     0     0
10 61356.390274848932     2.453014947853 std4 2 2 0 0     0     0
10 61361.122175448934     2.453016221733 std4 2 2 0 0     0     0
10 61364.569016748907     2.453017151283 std4 2 2 0 0     0     0
10 61365.185524948943     2.453017317754 std4 2 2 0 0     0     0
10 61366.450567748911     2.453017659562 std4 2 2 0 0     0     0
10 61371.991134948895     2.453019157917 std4 2 2 0 0     0     0
10 61374.148913648940     2.453019742768 std4 2 2 0 0     0     0
10 61374.685355848919     2.453019888235 std4 2 2 0 0     0     0
10 61374.849491148939     2.453019932678 std4 2 2 0 0     0     0
10 61374.961583548909     2.453019962756 std4 2 2 0 0     0     0
10 61376.410778148937     2.453020355939 std4 2 2 0 0     0     0
10 61380.686302548914     2.453021517086 std4 2 2 0 0     0     0
10 61382.856091148898     2.453022107608 std4 2 2 0 0     0     0
10 61384.097114148903     2.453022445361 std4 2 2 0 0     0     0
10 61384.245236248938     2.453022485753 std4 2 2 0 0     0     0
10 61385.081925948932     2.453022713275 std4 2 2 0 0     0     0
10 61385.502272448929     2.453022827786 std4 2 2 0 0     0     0
10 61388.008338248905     2.453023510966 std4 2 2 0 0     0     0
10 61397.704330848920     2.453026161625 std4 2 2 0 0     0     0
10 61398.012584948909     2.453026246162 std4 2 2 0 0     0     0
10 61398.156703748932     2.453026285286 std4 2 2 0 0     0     0
10 61403.409033348929     2.453027726279 std4 2 2 0 0     0     0
10 61415.815260048929     2.453031142915 std4 2 2 0 0     0     0
10 61418.993880248915     2.453032021274 std4 2 2 0 0     0     0
10 61424.142124048936     2.453033446308 std4 2 2 0 0     0     0
10 61428.153430648938     2.453034559320 std4 2 2 0 0     0     0
10 61428.705886048944     2.453034712759 std4 2 2 0 0     0     0
10 61429.482526248927     2.453034928275 std4 2 2 0 0     0     0
10 61433.882152948916     2.453036152036 std4 2 2 0 0     0     0
10 61439.622885148900     2.453037751986 std4 2 2 0 0     0     0
10 61440.903941148910     2.453038109326 std4 2 2 0 0     0     0
10 61441.532459248928     2.453038285038 std4 2 2 0 0     0     0
10 61444.570963948935     2.453039134226 std4 2 2 0 0     0     0
10 61446.080208048932     2.453039556444 std4 2 2 0 0     0     0
10 61448.678349748916     2.453040283564 std4 2 2 0 0     0     0
10 61451.897002948920     2.453041186260 std4 2 2 0 0     0     0
10 61451.901006248925     2.453041187287 std4 2 2 0 0     0     0
10 61452.109177848911     2.453041245717 std4 2 2 0 0     0     0
10 61452.617596948912     2.453041388184 std4 2 2 0 0     0     0
10 61454.238933448903     2.453041843529 std4 2 2 0 0     0     0
10 61454.891471348923     2.453042026556 std4 2 2 0 0     0     0
10 61462.673886548926     2.453044216753 std4 2 2 0 0     0     0
10 61464.747595948938     2.453044801263 std4 2 2 0 0     0     0
10 61465.900546348947     2.453045126672 std4 2 2 0 0     0     0
10 61467.081519848951     2.453045459911 std4 2 2 0 0     0     0
10 61469.791753948943     2.453046226039 std4 2 2 0 0     0     0
10 61482.914571348921     2.453049946851 std4 2 2 0 0     0     0
10 61485.632812048917     2.453050719988 std4 2 2 0 0     0     0
h8
h9
