h1 CRD 2 2025 3 14 14
h2 WETL 8834 10 01 4 ILRS
h3 apollo15 0000103 0103 na 0 1 1
h4 0 2025 3 7 19 55 12 2025 3 7 20 2 37 0 0 0 0 1 0 2 0
C0 0   1064.000 std4 las1 det4 tim0   na   na met0   na
C1 0 las1     Nd:YAG    1064.00      20.00      80.00   10.0  2.00    1
C2 0 det4       SPAD   1064.000  70.00   -93.0 180.0     analog 150.0  0.35  90.0  18.0       none    0.0    0.0  0
C3 0 tim0                  TAC              EFOS-18             Dassault             02,09,10    0.0
C6 0 met0 Paroscientific Digiquarz_765-16B     155046 E+E_Elektronik EE33-PFTM2022N 17059374047303 E+E_Elektronik EE33-PFTM2022N 17059374047303
20 71580.000000000000  944.46 281.57   65 0
20 71940.000000000000  944.48 281.27   65 0
20 72120.000000000000  944.44 281.39   64 0
20 72300.000000000000  944.43 281.27   65 0
20 72660.000000000000  944.40 281.76   63 0
40 68844.142379800000 0 std4       na       na      na   119026.3      1.0   25.6      na      na     na 3 4 0 3    na
41 63760.152412500000 0 std4     2944     2944      na   119022.6       na   27.1  -0.093  -0.859    4.4 3 0 0 1  19.1
41 65553.543579300000 0 std4     2724     2724      na   119028.7       na   26.1   0.053  -0.880  -13.7 3 0 0 1  14.1
41 69454.648726700000 0 std4     2540     2540      na   119025.1       na   25.2   0.012  -0.877   -4.1 3 0 0 2   9.1
41 73928.132347200000 0 std4     2287     2287      na   119028.1       na   23.9   0.009  -0.836    1.9 3 0 0 2   8.7
10 71712.005709969481     2.486791710106 std4 2 2 0 0     0     0
10 71716.253709969500     2.486796233456 std4 2 2 0 0     0     0
10 71722.475088883775     2.486802862050 std4 2 2 0 0     0     0
10 71722.887418483786     2.486803301424 std4 2 2 0 0     0     0
10 71729.184452083773     2.486810015300 std4 2 2 0 0     0     0
10 71729.816957683789     2.486810689752 std4 2 2 0 0     0     0
10 71732.539133683804     2.486813593654 std4 2 2 0 0     0     0
10 71733.864192883778     2.486815007404 std4 2 2 0 0     0     0
10 71737.094775283781     2.486818455162 std4 2 2 0 0     0     0
10 71738.103581683768     2.486819532082 std4 2 2 0 0     0     0
10 71738.519914483799     2.486819976147 std4 2 2 0 0     0     0
10 71738.543933683773     2.486820001917 std4 2 2 0 0     0     0
10 71741.582362483772     2.486823245848 std4 2 2 0 0     0     0
10 71747.587162483791     2.486829660493 std4 2 2 0 0     0     0
10 71748.672029683780     2.486830819783 std4 2 2 0 0     0     0
10 71748.776112883786     2.486830931189 std4 2 2 0 0     0     0
10 71752.346967283789     2.486834747371 std4 2 2 0 0     0     0
10 71754.584756083786     2.486837140055 std4 2 2 0 0     0     0
10 71754.808935283798     2.486837379915 std4 2 2 0 0     0     0
10 71755.321344883808     2.486837927966 std4 2 2 0 0     0     0
10 71756.166020083788     2.486838831212 std4 2 2 0 0     0     0
10 71757.583152883767     2.486840346725 std4 2 2 0 0     0     0
10 71757.639197683801     2.486840406708 std4 2 2 0 0     0     0
10 71758.968260083801     2.486841828491 std4 2 2 0 0     0     0
10 71760.417418483790     2.486843378784 std4 2 2 0 0     0     0
10 71764.524701683776     2.486847773890 std4 2 2 0 0     0     0
10 71766.318135283798     2.486849693972 std4 2 2 0 0     0     0
10 71783.651991283765     2.486868267058 std4 2 2 0 0     0     0
10 71786.398186483804     2.486871212767 std4 2 2 0 0     0     0
10 71786.522285683773     2.486871345594 std4 2 2 0 0     0     0
10 71793.179607283798     2.486878489975 std4 2 2 0 0     0     0
10 71797.627162483805     2.486883265732 std4 2 2 0 0     0     0
10 71800.037088883802     2.486885853986 std4 2 2 0 0     0     0
10 71800.401380083768     2.486886245210 std4 2 2 0 0     0     0
10 71804.200416883789     2.486890327489 std4 2 2 0 0     0     0
10 71808.519869683809     2.486894970259 std4 2 2 0 0     0     0
10 71810.157178483805     2.486896730941 std4 2 2 0 0     0     0
10 71810.189204083814     2.486896765537 std4 2 2 0 0     0     0
10 71815.297287283812     2.486902259640 std4 2 2 0 0     0     0
10 71820.221223283789     2.486907558904 std4 2 2 0 0     0     0
10 71825.237232883779     2.486912959261 std4 2 2 0 0     0     0
10 71827.430986483807     2.486915322167 std4 2 2 0 0     0     0
10 71831.506244083786     2.486919713314 std4 2 2 0 0     0     0
10 71834.848916083806     2.486923315649 std4 2 2 0 0     0     0
10 71838.784061683793     2.486927558623 std4 2 2 0 0     0     0
10 71840.389344883820     2.486929289897 std4 2 2 0 0     0     0
10 71841.994628083795     2.486931021663 std4 2 2 0 0     0     0
10 71843.872128883783     2.486933047201 std4 2 2 0 0     0     0
10 71853.691978483781     2.486943648053 std4 2 2 0 0     0     0
10 71859.204384883790     2.486949603879 std4 2 2 0 0     0     0
10 71863.900138483817     2.486954679350 std4 2 2 0 0     0     0
10 71867.462986483773     2.486958532424 std4 2 2 0 0     0     0
10 71867.987405683804     2.486959099576 std4 2 2 0 0     0     0
10 71876.450170483816     2.486968256639 std4 2 2 0 0     0     0
10 71879.944964083792     2.486972040535 std4 2 2 0 0     0     0
10 71881.017821683810     2.486973202551 std4 2 2 0 0     0     0
10 71882.859293683817     2.486975197064 std4 2 2 0 0     0     0
10 71887.903325683779     2.486980662644 std4 2 2 0 0     0     0
10 71889.752804083783     2.486982667273 std4 2 2 0 0     0     0
10 71891.462170483811     2.486984520195 std4 2 2 0 0     0     0
10 71892.326861683799     2.486985457796 std4 2 2 0 0     0     0
10 71895.093072883816     2.486988457100 std4 2 2 0 0     0     0
10 71898.495792883775     2.486992148425 std4 2 2 0 0     0     0
10 71903.223572083812     2.486997278875 std4 2 2 0 0     0     0
10 71907.150711283790     2.487001542305 std4 2 2 0 0     0     0
10 71908.363680883806     2.487002859844 std4 2 2 0 0     0     0
10 71909.304432883810     2.487003881433 std4 2 2 0 0     0     0
10 71909.836858483822     2.487004459610 std4 2 2 0 0     0     0
10 71913.836055283813     2.487008804565 std4 2 2 0 0     0     0
10 71920.361271283785     2.487015896533 std4 2 2 0 0     0     0
10 71924.536608883800     2.487020437672 std4 2 2 0 0     0     0
10 71926.986567283792     2.487023102769 std4 2 2 0 0     0     0
10 71928.812026483818     2.487025089161 std4 2 2 0 0     0     0
10 71930.245172083784     2.487026649204 std4 2 2 0 0     0     0
10 71933.087444083783     2.487029743016 std4 2 2 0 0     0     0
10 71933.832039283811     2.487030553146 std4 2 2 0 0     0     0
10 71938.211540083802     2.487035322631 std4 2 2 0 0     0     0
10 71943.087437683823     2.487040635079 std4 2 2 0 0     0     0
10 71961.826416883795     2.487061074961 std4 2 2 0 0     0     0
10 71962.074615283783     2.487061345720 std4 2 2 0 0     0     0
10 71962.843229683821     2.487062185146 std4 2 2 0 0     0     0
10 71974.396464883812     2.487074807166 std4 2 2 0 0     0     0
10 71974.628650483819     2.487075061146 std4 2 2 0 0     0     0
10 71979.768759283812     2.487080681729 std4 2 2 0 0     0     0
10 71989.272356083811     2.487091081056 std4 2 2 0 0     0     0
10 71991.117831283791     2.487093101709 std4 2 2 0 0     0     0
10 71991.241930483803     2.487093237470 std4 2 2 0 0     0     0
10 71994.544570483808     2.487096854284 std4 2 2 0 0     0     0
10 71994.588605683810     2.487096902684 std4 2 2 0 0     0     0
10 71997.066586483818     2.487099617064 std4 2 2 0 0     0     0
10 71998.427674483818     2.487101108363 std4 2 2 0 0     0     0
10 71999.764743283801     2.487102573612 std4 2 2 0 0     0     0
10 72001.390042483824     2.487104354817 std4 2 2 0 0     0     0
10 72001.854413683792     2.487104863707 std4 2 2 0 0     0     0
10 72002.659056883816     2.487105745628 std4 2 2 0 0     0     0
10 72013.703885683794     2.487117859656 std4 2 2 0 0     0     0
10 72013.856007283805     2.487118026618 std4 2 2 0 0     0     0
10 72014.316375283805     2.487118532164 std4 2 2 0 0     0     0
10 72016.077783283805     2.487120465517 std4 2 2 0 0     0     0
10 72018.251520883812     2.487122851756 std4 2 2 0 0     0     0
10 72026.297952883807     2.487131689336 std4 2 2 0 0     0     0
10 72027.911242483815     2.487133462091 std4 2 2 0 0     0     0
10 72028.619808883805     2.487134240652 std4 2 2 0 0     0     0
10 72037.731092083803     2.487144258764 std4 2 2 0 0     0     0
10 72042.486893683805     2.487149491206 std4 2 2 0 0     0     0
10 72052.286727283801     2.487160280998 std4 2 2 0 0     0     0
10 72053.627799283801     2.487161758554 std4 2 2 0 0     0     0
10 72055.661424883811     2.487163998946 std4 2 2 0 0     0     0
10 72063.231476083827     2.487172343777 std4 2 2 0 0     0     0
10 72068.207453683828     2.487177832606 std4 2 2 0 0     0     0
10 72068.483674483812     2.487178137365 std4 2 2 0 0     0     0
10 72068.751888883803     2.487178433376 std4 2 2 0 0     0     0
10 72072.675024883793     2.487182762626 std4 2 2 0 0     0     0
10 72074.620580083809     2.487184910256 std4 2 2 0 0     0     0
10 72075.661412083812     2.487186059367 std4 2 2 0 0     0     0
10 72075.909610483797     2.487186333347 std4 2 2 0 0     0     0
10 72078.087351283829     2.487188738149 std4 2 2 0 0     0     0
10 72078.932026483787     2.487189671023 std4 2 2 0 0     0     0
10 72079.612570483790     2.487190422389 std4 2 2 0 0     0     0
10 72080.437229683812     2.487191333377 std4 2 2 0 0     0     0
10 72080.813530483793     2.487191748908 std4 2 2 0 0     0     0
10 72082.783104883828     2.487193925160 std4 2 2 0 0     0     0
10 72084.320333683806     2.487195623555 std4 2 2 0 0     0     0
10 72084.968852083789     2.487196340005 std4 2 2 0 0     0     0
10 72085.557322483831     2.487196990462 std4 2 2 0 0     0     0
10 72087.699034483834     2.487199357801 std4 2 2 0 0     0     0
10 72088.659802483831     2.487200419645 std4 2 2 0 0     0     0
10 72091.734260083791     2.487203818948 std4 2 2 0 0     0     0
10 72098.964039283822     2.487211816647 std4 2 2 0 0     0     0
10 72099.396384883828     2.487212295069 std4 2 2 0 0     0     0
10 72099.796704883832     2.487212737943 std4 2 2 0 0     0     0
10 72100.132973683817     2.487213110253 std4 2 2 0 0     0     0
10 72104.516477683817     2.487217962738 std4 2 2 0 0     0     0
10 72104.560512883809     2.487218011593 std4 2 2 0 0     0     0
10 72106.430007283830     2.487220081191 std4 2 2 0 0     0     0
10 72106.694218483800     2.487220373856 std4 2 2 0 0     0     0
10 72114.616551283794     2.487229151110 std4 2 2 0 0     0     0
10 72115.461226483812     2.487230086954 std4 2 2 0 0     0     0
10 72118.267469683806     2.487233197605 std4 2 2 0 0     0     0
10 72125.533277683796     2.487241256022 std4 2 2 0 0     0     0
10 72131.790279283817     2.487248199920 std4 2 2 0 0     0     0
10 72131.970423283818     2.487248400194 std4 2 2 0 0     0     0
10 72134.832711283820     2.487251577761 std4 2 2 0 0     0     0
10 72134.872743283822     2.487251622385 std4 2 2 0 0     0     0
10 72137.510852083801     2.487254552602 std4 2 2 0 0     0     0
10 72137.703005683813     2.487254765761 std4 2 2 0 0     0     0
10 72138.303485683815     2.487255433083 std4 2 2 0 0     0     0
10 72140.581306483797     2.487257963512 std4 2 2 0 0     0     0
10 72142.070496883832     2.487259617925 std4 2 2 0 0     0     0
10 72142.602922483794     2.487260209990 std4 2 2 0 0     0     0
10 72143.123338483798     2.487260788387 std4 2 2 0 0     0     0
10 72143.835908083806     2.487261580025 std4 2 2 0 0     0     0
10 72144.780663283828     2.487262630285 std4 2 2 0 0     0     0
10 72144.884746483796     2.487262746125 std4 2 2 0 0     0     0
10 72151.345911283826     2.487269930197 std4 2 2 0 0     0     0
10 72152.246631283825     2.487270931719 std4 2 2 0 0     0     0
10 72152.530858483793     2.487271248036 std4 2 2 0 0     0     0
10 72156.826292083807     2.487276027033 std4 2 2 0 0     0     0
10 72157.246628083806     2.487276494763 std4 2 2 0 0     0     0
h8
h9
