h1 CRD  1 2025  3 13 17
h2 WETL       8834 10  1  4
h3 apollo15    0000103  103 -10000000 0 1
h4  0 2025  3  6 16  0 39 2025  3  6 16  7  9  0 0 0 0 1 0 2 0
c0 0 1064.000 std4 las1 det4 tim0 met0
c1 0 las1 Nd:YAG 1064.00 20.00 80.00 10.0 2.00 1
c2 0 det4 SPAD 1064.000 70.00 -93.0 180.0 analog 150.0 0.35 90.0 18.0 none
c3 0 tim0 TAC EFOS-18 Dassault 02,09,10 0.0
20 57360.000 948.07 287.71 39 0
20 58080.000 948.06 287.38 38 0
40 61191.7260506 0 std4 -10000000 -10000000 -1000000000000000019884624838656.000 119024.5 1.7 24.9 -1000000000000000019884624838656.000 -1000000000000000019884624838656.000 -1000000000000000019884624838656.0 3 4 0
10 57639.688365520058 2.452851342823 std4 2 2 0 0 0
10 57641.657989120074 2.452850992990 std4 2 2 0 0 0
10 57644.740530120092 2.452850445803 std4 2 2 0 0 0
10 57647.074454020069 2.452850032479 std4 2 2 0 0 0
10 57649.796698020094 2.452849551236 std4 2 2 0 0 0
10 57651.438051020064 2.452849261259 std4 2 2 0 0 0
10 57651.914443720096 2.452849177172 std4 2 2 0 0 0
10 57652.014526220089 2.452849159942 std4 2 2 0 0 0
10 57654.240361020078 2.452848767309 std4 2 2 0 0 0
10 57657.467020820077 2.452848199826 std4 2 2 0 0 0
10 57661.482330720071 2.452847494822 std4 2 2 0 0 0
10 57663.035611120096 2.452847222503 std4 2 2 0 0 0
10 57664.692977320083 2.452846932871 std4 2 2 0 0 0
10 57669.536970320070 2.452846086396 std4 2 2 0 0 0
10 57670.441716120098 2.452845929050 std4 2 2 0 0 0
10 57672.011009720103 2.452845655450 std4 2 2 0 0 0
10 57674.312907220068 2.452845255259 std4 2 2 0 0 0
10 57678.640474520071 2.452844504642 std4 2 2 0 0 0
10 57679.220953020078 2.452844404220 std4 2 2 0 0 0
10 57687.735972120092 2.452842933268 std4 2 2 0 0 0
10 57691.595153320064 2.452842269926 std4 2 2 0 0 0
10 57698.312690720093 2.452841118165 std4 2 2 0 0 0
10 57712.628491520059 2.452838683092 std4 2 2 0 0 0
10 57717.204263420070 2.452837909131 std4 2 2 0 0 0
10 57724.105952620084 2.452836747777 std4 2 2 0 0 0
10 57725.703269320074 2.452836479533 std4 2 2 0 0 0
10 57726.099596020103 2.452836412971 std4 2 2 0 0 0
10 57727.180487020072 2.452836231808 std4 2 2 0 0 0
10 57732.376770420087 2.452835362603 std4 2 2 0 0 0
10 57733.661829720069 2.452835148128 std4 2 2 0 0 0
10 57743.273753020076 2.452833549783 std4 2 2 0 0 0
10 57745.715766020105 2.452833145742 std4 2 2 0 0 0
10 57746.916756020066 2.452832947347 std4 2 2 0 0 0
10 57747.525257620095 2.452832846774 std4 2 2 0 0 0
10 57749.074534720072 2.452832590972 std4 2 2 0 0 0
10 57751.092197920065 2.452832258070 std4 2 2 0 0 0
10 57751.556580720091 2.452832181720 std4 2 2 0 0 0
10 57758.065946520073 2.452831111929 std4 2 2 0 0 0
10 57763.950797520083 2.452830148651 std4 2 2 0 0 0
10 57770.488186420072 2.452829084242 std4 2 2 0 0 0
10 57774.715671220074 2.452828398021 std4 2 2 0 0 0
10 57781.633373620112 2.452827280343 std4 2 2 0 0 0
10 57784.247528520093 2.452826859316 std4 2 2 0 0 0
10 57790.196432320081 2.452825904177 std4 2 2 0 0 0
10 57790.688838220092 2.452825825168 std4 2 2 0 0 0
10 57791.529531220098 2.452825690368 std4 2 2 0 0 0
10 57793.659286820097 2.452825349768 std4 2 2 0 0 0
10 57795.660936820081 2.452825030288 std4 2 2 0 0 0
10 57796.577692520070 2.452824884572 std4 2 2 0 0 0
10 57799.231880420106 2.452824461765 std4 2 2 0 0 0
10 57799.736296220086 2.452824381112 std4 2 2 0 0 0
10 57803.951771120082 2.452823711728 std4 2 2 0 0 0
10 57804.556269420093 2.452823615926 std4 2 2 0 0 0
10 57806.389780820093 2.452823325602 std4 2 2 0 0 0
10 57818.323618120077 2.452821444612 std4 2 2 0 0 0
10 57829.841112220078 2.452819645750 std4 2 2 0 0 0
10 57830.545693020103 2.452819536100 std4 2 2 0 0 0
10 57841.770946220080 2.452817798811 std4 2 2 0 0 0
10 57842.587619420105 2.452817672959 std4 2 2 0 0 0
10 57844.705365120106 2.452817347002 std4 2 2 0 0 0
10 57846.182582820111 2.452817119950 std4 2 2 0 0 0
10 57861.267017220103 2.452814815647 std4 2 2 0 0 0
10 57862.295865320099 2.452814659483 std4 2 2 0 0 0
10 57864.473660520096 2.452814329754 std4 2 2 0 0 0
10 57868.945346620072 2.452813653496 std4 2 2 0 0 0
10 57870.658759020102 2.452813395070 std4 2 2 0 0 0
10 57872.332138420068 2.452813143015 std4 2 2 0 0 0
10 57872.344148320080 2.452813141478 std4 2 2 0 0 0
10 57875.931105120086 2.452812601814 std4 2 2 0 0 0
10 57878.965606520091 2.452812146937 std4 2 2 0 0 0
10 57906.087964020102 2.452808128632 std4 2 2 0 0 0
10 57909.582844920078 2.452807617196 std4 2 2 0 0 0
10 57912.393161520093 2.452807206451 std4 2 2 0 0 0
10 57915.787959920068 2.452806712464 std4 2 2 0 0 0
10 57917.697534020081 2.452806434857 std4 2 2 0 0 0
10 57918.342065320103 2.452806341358 std4 2 2 0 0 0
10 57920.728032120096 2.452805995144 std4 2 2 0 0 0
10 57920.860141020108 2.452805976322 std4 2 2 0 0 0
10 57921.332530420121 2.452805907887 std4 2 2 0 0 0
10 57922.169220120100 2.452805786916 std4 2 2 0 0 0
10 57924.134840420083 2.452805502527 std4 2 2 0 0 0
10 57932.649859520090 2.452804277128 std4 2 2 0 0 0
10 57932.994143320109 2.452804227568 std4 2 2 0 0 0
10 57941.288980920108 2.452803041935 std4 2 2 0 0 0
10 57944.627733120113 2.452802567358 std4 2 2 0 0 0
10 57946.557323720095 2.452802293569 std4 2 2 0 0 0
10 57947.646221320116 2.452802139107 std4 2 2 0 0 0
10 57949.599831720094 2.452801862433 std4 2 2 0 0 0
10 57950.292402620107 2.452801764647 std4 2 2 0 0 0
10 57950.340442220106 2.452801757613 std4 2 2 0 0 0
10 57950.492567620116 2.452801736189 std4 2 2 0 0 0
10 57951.353277120113 2.452801614401 std4 2 2 0 0 0
10 57951.677544420090 2.452801569091 std4 2 2 0 0 0
10 57955.088356020111 2.452801088118 std4 2 2 0 0 0
10 57959.832266520105 2.452800421462 std4 2 2 0 0 0
10 57961.613735020117 2.452800171643 std4 2 2 0 0 0
10 57968.495407720104 2.452799210560 std4 2 2 0 0 0
10 57969.400153520080 2.452799085126 std4 2 2 0 0 0
10 57969.492229420095 2.452799072157 std4 2 2 0 0 0
10 57971.169612120088 2.452798839009 std4 2 2 0 0 0
10 57972.594786920119 2.452798641331 std4 2 2 0 0 0
10 57975.048809820109 2.452798301145 std4 2 2 0 0 0
10 57987.523092620082 2.452796583231 std4 2 2 0 0 0
10 57987.647194920108 2.452796566348 std4 2 2 0 0 0
10 57988.475878020108 2.452796452906 std4 2 2 0 0 0
10 57988.964280620094 2.452796385826 std4 2 2 0 0 0
10 57995.986068820115 2.452795428249 std4 2 2 0 0 0
10 57997.343187520113 2.452795243606 std4 2 2 0 0 0
10 57997.731507620112 2.452795191084 std4 2 2 0 0 0
10 58006.214500320086 2.452794043513 std4 2 2 0 0 0
10 58006.887054720100 2.452793952921 std4 2 2 0 0 0
10 58006.979130620108 2.452793940539 std4 2 2 0 0 0
10 58007.367450720107 2.452793888302 std4 2 2 0 0 0
10 58008.080038120119 2.452793792425 std4 2 2 0 0 0
10 58014.121017820085 2.452792981479 std4 2 2 0 0 0
10 58015.690311420098 2.452792771737 std4 2 2 0 0 0
10 58023.072396620097 2.452791788426 std4 2 2 0 0 0
10 58024.425512020112 2.452791608620 std4 2 2 0 0 0
10 58027.371940820092 2.452791218764 std4 2 2 0 0 0
10 58028.420805420086 2.452791079632 std4 2 2 0 0 0
10 58029.930049520088 2.452790880532 std4 2 2 0 0 0
h8
h9
