h1 CRD 2 2025 3 14 14
h2 WETL 8834 10 01 4 ILRS
h3 apollo15 0000103 0103 na 0 1 1
h4 0 2025 3 8 18 45 2 2025 3 8 18 52 26 0 0 0 0 1 0 2 0
C0 0   1064.000 std4 las1 det4 tim0   na   na met0   na
C1 0 las1     Nd:YAG    1064.00      20.00      80.00   10.0  2.00    1
C2 0 det4       SPAD   1064.000  70.00   -93.0 180.0     analog 150.0  0.35  90.0  18.0       none    0.0    0.0  0
C3 0 tim0                  TAC              EFOS-18             Dassault             02,09,10    0.0
C6 0 met0 Paroscientific Digiquarz_765-16B     155046 E+E_Elektronik EE33-PFTM2022N 17059374047303 E+E_Elektronik EE33-PFTM2022N 17059374047303
20 67260.000000000000  939.42 283.12   46 0
20 67440.000000000000  939.39 282.97   47 0
20 67620.000000000000  939.39 282.86   49 0
20 67800.000000000000  939.37 282.62   48 0
20 67980.000000000000  939.34 282.22   50 0
20 68160.000000000000  939.30 281.98   53 0
20 68340.000000000000  939.30 282.19   52 0
20 68520.000000000000  939.29 282.03   52 0
40 68608.548282500000 0 std4       na       na      na   119024.2      0.7   25.6      na      na     na 3 4 0 3    na
41 65106.819307300000 0 std4     2319     2319      na   119023.8       na   24.1   0.026  -0.822    7.2 3 0 0 1   4.6
41 68747.848529400000 0 std4     2951     2951      na   119023.5       na   27.2  -0.097  -0.674   -4.5 3 0 0 2  14.3
41 72110.277257800000 0 std4     2614     2614      na   119025.2       na   25.6   0.070  -0.865    1.8 3 0 0 2   9.4
10 67502.263012760475     2.511031156482 std4 2 2 0 0     0     0
10 67502.539233560460     2.511031196533 std4 2 2 0 0     0     0
10 67502.639313560459     2.511031210584 std4 2 2 0 0     0     0
10 67505.697758360457     2.511031653100 std4 2 2 0 0     0     0
10 67509.360686360482     2.511032184652 std4 2 2 0 0     0     0
10 67514.680939160441     2.511032958945 std4 2 2 0 0     0     0
10 67515.041227160445     2.511033011409 std4 2 2 0 0     0     0
10 67516.526414360477     2.511033228726 std4 2 2 0 0     0     0
10 67517.715364760475     2.511033402353 std4 2 2 0 0     0     0
10 67524.300628760468     2.511034368381 std4 2 2 0 0     0     0
10 67525.201348760470     2.511034500929 std4 2 2 0 0     0     0
10 67526.966759960457     2.511034761108 std4 2 2 0 0     0     0
10 67530.225364760458     2.511035241718 std4 2 2 0 0     0     0
10 67535.269396760480     2.511035988946 std4 2 2 0 0     0     0
10 67536.938731160477     2.511036236702 std4 2 2 0 0     0     0
10 67540.425518360465     2.511036755656 std4 2 2 0 0     0     0
10 67542.431121560440     2.511037055353 std4 2 2 0 0     0     0
10 67543.628078360478     2.511037233833 std4 2 2 0 0     0     0
10 67547.246971160469     2.511037775595 std4 2 2 0 0     0     0
10 67549.909099160473     2.511038175022 std4 2 2 0 0     0     0
10 67557.567220760465     2.511039329176 std4 2 2 0 0     0     0
10 67561.278187160475     2.511039890523 std4 2 2 0 0     0     0
10 67578.299793560474     2.511042488402 std4 2 2 0 0     0     0
10 67581.186100760455     2.511042932805 std4 2 2 0 0     0     0
10 67597.779364760450     2.511045504973 std4 2 2 0 0     0     0
10 67602.106823960481     2.511046181506 std4 2 2 0 0     0     0
10 67606.866628760481     2.511046928168 std4 2 2 0 0     0     0
10 67610.689684760445     2.511047529861 std4 2 2 0 0     0     0
10 67611.174071960472     2.511047606258 std4 2 2 0 0     0     0
10 67617.575188760484     2.511048617697 std4 2 2 0 0     0     0
10 67625.233310360490     2.511049835015 std4 2 2 0 0     0     0
10 67626.686471960459     2.511050066469 std4 2 2 0 0     0     0
10 67630.457486360471     2.511050668885 std4 2 2 0 0     0     0
10 67635.489508760487     2.511051475891 std4 2 2 0 0     0     0
10 67647.579172760458     2.511053427036 std4 2 2 0 0     0     0
10 67657.487092760447     2.511055038948 std4 2 2 0 0     0     0
10 67662.683246360460     2.511055889421 std4 2 2 0 0     0     0
10 67664.156423960466     2.511056130750 std4 2 2 0 0     0     0
10 67664.448657560481     2.511056179277 std4 2 2 0 0     0     0
10 67665.877799960480     2.511056413524 std4 2 2 0 0     0     0
10 67666.486286360470     2.511056514091 std4 2 2 0 0     0     0
10 67669.969070360458     2.511057087320 std4 2 2 0 0     0     0
10 67671.966667160493     2.511057416437 std4 2 2 0 0     0     0
10 67672.995489560490     2.511057586547 std4 2 2 0 0     0     0
10 67685.373383960464     2.511059640941 std4 2 2 0 0     0     0
10 67685.477467160481     2.511059658093 std4 2 2 0 0     0     0
10 67690.133188760472     2.511060435702 std4 2 2 0 0     0     0
10 67693.367774360459     2.511060977559 std4 2 2 0 0     0     0
10 67705.653595160458     2.511063047215 std4 2 2 0 0     0     0
10 67709.380574360448     2.511063678670 std4 2 2 0 0     0     0
10 67710.301310360456     2.511063834989 std4 2 2 0 0     0     0
10 67712.078731160460     2.511064136403 std4 2 2 0 0     0     0
10 67712.967441560475     2.511064287814 std4 2 2 0 0     0     0
10 67714.168401560456     2.511064492285 std4 2 2 0 0     0     0
10 67718.123563160495     2.511065166166 std4 2 2 0 0     0     0
10 67721.434209560453     2.511065732195 std4 2 2 0 0     0     0
10 67722.427003160479     2.511065901961 std4 2 2 0 0     0     0
10 67725.337329560484     2.511066401016 std4 2 2 0 0     0     0
10 67727.366951960485     2.511066749320 std4 2 2 0 0     0     0
10 67732.551095960458     2.511067641740 std4 2 2 0 0     0     0
10 67734.796891160494     2.511068029765 std4 2 2 0 0     0     0
10 67738.876151960493     2.511068735401 std4 2 2 0 0     0     0
10 67748.043479960498     2.511070328282 std4 2 2 0 0     0     0
10 67749.720820760491     2.511070621479 std4 2 2 0 0     0     0
10 67749.912974360498     2.511070654771 std4 2 2 0 0     0     0
10 67751.113934360462     2.511070864481 std4 2 2 0 0     0     0
10 67761.033863960465     2.511072603917 std4 2 2 0 0     0     0
10 67762.675175960479     2.511072892923 std4 2 2 0 0     0     0
10 67768.623931160481     2.511073943095 std4 2 2 0 0     0     0
10 67768.663963160482     2.511073950259 std4 2 2 0 0     0     0
10 67771.153953560481     2.511074390514 std4 2 2 0 0     0     0
10 67773.932174360471     2.511074883480 std4 2 2 0 0     0     0
10 67774.156353560497     2.511074923396 std4 2 2 0 0     0     0
10 67776.442180760476     2.511075329585 std4 2 2 0 0     0     0
10 67781.538254360465     2.511076237215 std4 2 2 0 0     0     0
10 67784.576683160463     2.511076780221 std4 2 2 0 0     0     0
10 67784.964993560468     2.511076849576 std4 2 2 0 0     0     0
10 67785.165153560466     2.511076885408 std4 2 2 0 0     0     0
10 67790.585486360471     2.511077856990 std4 2 2 0 0     0     0
10 67795.677556760488     2.511078772611 std4 2 2 0 0     0     0
10 67795.841687960469     2.511078802213 std4 2 2 0 0     0     0
10 67796.294049560471     2.511078883661 std4 2 2 0 0     0     0
10 67806.606292760498     2.511080748929 std4 2 2 0 0     0     0
10 67806.858494360466     2.511080794431 std4 2 2 0 0     0     0
10 67809.392519960488     2.511081255402 std4 2 2 0 0     0     0
10 67810.573463960492     2.511081469757 std4 2 2 0 0     0     0
10 67812.815255960482     2.511081878605 std4 2 2 0 0     0     0
10 67815.805646360464     2.511082423730 std4 2 2 0 0     0     0
10 67816.105886360466     2.511082478773 std4 2 2 0 0     0     0
10 67818.864091160466     2.511082982713 std4 2 2 0 0     0     0
10 67820.149118360496     2.511083218344 std4 2 2 0 0     0     0
10 67825.785623960488     2.511084252820 std4 2 2 0 0     0     0
10 67826.866487960496     2.511084451153 std4 2 2 0 0     0     0
10 67829.592667160481     2.511084953556 std4 2 2 0 0     0     0
10 67832.110679960481     2.511085418006 std4 2 2 0 0     0     0
10 67833.539822360476     2.511085681805 std4 2 2 0 0     0     0
10 67837.755191960470     2.511086462195 std4 2 2 0 0     0     0
10 67838.483774360506     2.511086596796 std4 2 2 0 0     0     0
10 67839.492580760500     2.511086783776 std4 2 2 0 0     0     0
10 67844.764795160476     2.511087763613 std4 2 2 0 0     0     0
10 67845.933729560468     2.511087981616 std4 2 2 0 0     0     0
10 67849.216353560495     2.511088594042 std4 2 2 0 0     0     0
10 67849.320436760482     2.511088613437 std4 2 2 0 0     0     0
10 67849.456545560487     2.511088638894 std4 2 2 0 0     0     0
10 67850.269195160503     2.511088790395 std4 2 2 0 0     0     0
10 67851.474158360485     2.511089015614 std4 2 2 0 0     0     0
10 67851.670315160465     2.511089052516 std4 2 2 0 0     0     0
10 67851.794414360486     2.511089075632 std4 2 2 0 0     0     0
10 67851.998577560509     2.511089113710 std4 2 2 0 0     0     0
10 67853.391691160477     2.511089374668 std4 2 2 0 0     0     0
10 67853.527799960509     2.511089399936 std4 2 2 0 0     0     0
10 67857.070631960485     2.511090064177 std4 2 2 0 0     0     0
10 67858.828036760470     2.511090393812 std4 2 2 0 0     0     0
10 67863.331636760499     2.511091241370 std4 2 2 0 0     0     0
10 67866.245966360479     2.511091791066 std4 2 2 0 0     0     0
10 67870.045003160485     2.511092508941 std4 2 2 0 0     0     0
10 67871.021783960470     2.511092694124 std4 2 2 0 0     0     0
10 67872.162695960477     2.511092910398 std4 2 2 0 0     0     0
10 67872.466939160498     2.511092967790 std4 2 2 0 0     0     0
10 67872.971342360471     2.511093063297 std4 2 2 0 0     0     0
10 67874.520580760471     2.511093357699 std4 2 2 0 0     0     0
10 67875.173102360487     2.511093481055 std4 2 2 0 0     0     0
10 67876.426103960505     2.511093719446 std4 2 2 0 0     0     0
10 67877.522980760492     2.511093927894 std4 2 2 0 0     0     0
10 67878.731947160490     2.511094157747 std4 2 2 0 0     0     0
10 67879.888871960472     2.511094378319 std4 2 2 0 0     0     0
10 67880.109047960474     2.511094420176 std4 2 2 0 0     0     0
10 67880.289191960477     2.511094454221 std4 2 2 0 0     0     0
10 67884.608644760485     2.511095278053 std4 2 2 0 0     0     0
10 67885.561406360501     2.511095460623 std4 2 2 0 0     0     0
10 67888.379659160499     2.511095999614 std4 2 2 0 0     0     0
10 67890.697511960491     2.511096443690 std4 2 2 0 0     0     0
10 67892.943307160470     2.511096874591 std4 2 2 0 0     0     0
10 67895.593425560481     2.511097384217 std4 2 2 0 0     0     0
10 67900.537377560480     2.511098337055 std4 2 2 0 0     0     0
10 67904.516558360470     2.511099105792 std4 2 2 0 0     0     0
10 67905.569399960492     2.511099309501 std4 2 2 0 0     0     0
10 67906.710311960500     2.511099530467 std4 2 2 0 0     0     0
10 67906.830407960500     2.511099553684 std4 2 2 0 0     0     0
10 67907.799182360498     2.511099741519 std4 2 2 0 0     0     0
10 67908.227524760485     2.511099824417 std4 2 2 0 0     0     0
10 67909.792775960476     2.511100127873 std4 2 2 0 0     0     0
10 67910.048980760498     2.511100178051 std4 2 2 0 0     0     0
10 67912.735127960481     2.511100699358 std4 2 2 0 0     0     0
10 67914.324398360481     2.511101008841 std4 2 2 0 0     0     0
10 67915.917671960502     2.511101318980 std4 2 2 0 0     0     0
10 67918.231521560480     2.511101770066 std4 2 2 0 0     0     0
10 67919.012145560481     2.511101922896 std4 2 2 0 0     0     0
10 67919.556580760504     2.511102029111 std4 2 2 0 0     0     0
10 67921.942487960496     2.511102495506 std4 2 2 0 0     0     0
10 67923.399652760485     2.511102780636 std4 2 2 0 0     0     0
10 67923.431678360493     2.511102786594 std4 2 2 0 0     0     0
10 67929.996926360488     2.511104074847 std4 2 2 0 0     0     0
10 67931.233915160475     2.511104317749 std4 2 2 0 0     0     0
10 67935.361214360475     2.511105130943 std4 2 2 0 0     0     0
10 67939.968897560472     2.511106041265 std4 2 2 0 0     0     0
10 67944.920855960496     2.511107021847 std4 2 2 0 0     0     0
10 67945.241111960496     2.511107085626 std4 2 2 0 0     0     0
10 67946.458084760483     2.511107326833 std4 2 2 0 0     0     0
h8
h9
