h1 CRD 2 2025 3 14 14
h2 WETL 8834 10 01 4 ILRS
h3 apollo15 0000103 0103 na 0 1 1
h4 0 2025 3 7 17 56 2 2025 3 7 18 2 35 0 0 0 0 1 0 2 0
C0 0   1064.000 std4 las1 det4 tim0   na   na met0   na
C1 0 las1     Nd:YAG    1064.00      20.00      80.00   10.0  2.00    1
C2 0 det4       SPAD   1064.000  70.00   -93.0 180.0     analog 150.0  0.35  90.0  18.0       none    0.0    0.0  0
C3 0 tim0                  TAC              EFOS-18             Dassault             02,09,10    0.0
C6 0 met0 Paroscientific Digiquarz_765-16B     155046 E+E_Elektronik EE33-PFTM2022N 17059374047303 E+E_Elektronik EE33-PFTM2022N 17059374047303
20 64380.000000000000  944.43 284.41   56 0
20 64740.000000000000  944.46 284.19   57 0
20 64920.000000000000  944.47 284.01   57 0
20 65100.000000000000  944.46 284.29   55 0
20 65280.000000000000  944.47 284.08   55 0
20 65460.000000000000  944.49 283.85   56 0
40 66942.983398500000 0 std4       na       na      na   119025.4      1.5   25.5      na      na     na 3 4 0 3    na
41 59957.834449800000 0 std4     2542     2542      na   119021.4       na   25.2  -0.088  -0.803   -9.4 3 0 0 1  17.9
41 63760.152412500000 0 std4     2944     2944      na   119022.6       na   27.1  -0.093  -0.859    4.4 3 0 0 1  19.1
41 65553.543579300000 0 std4     2724     2724      na   119028.7       na   26.1   0.053  -0.880  -13.7 3 0 0 1  14.1
41 69454.648726700000 0 std4     2540     2540      na   119025.1       na   25.2   0.012  -0.877   -4.1 3 0 0 2   9.1
41 73928.132347200000 0 std4     2287     2287      na   119028.1       na   23.9   0.009  -0.836    1.9 3 0 0 2   8.7
10 64562.866855397604     2.482132823467 std4 2 2 0 0     0     0
10 64563.634855397589     2.482132996460 std4 2 2 0 0     0     0
10 64565.546855397599     2.482133426504 std4 2 2 0 0     0     0
10 64565.814855397595     2.482133486767 std4 2 2 0 0     0     0
10 64567.370855397576     2.482133837236 std4 2 2 0 0     0     0
10 64567.498855397566     2.482133866464 std4 2 2 0 0     0     0
10 64571.230855397570     2.482134708608 std4 2 2 0 0     0     0
10 64575.238855383281     2.482135614354 std4 2 2 0 0     0     0
10 64579.842855397583     2.482136657841 std4 2 2 0 0     0     0
10 64579.938855397567     2.482136679598 std4 2 2 0 0     0     0
10 64586.966855397599     2.482138277431 std4 2 2 0 0     0     0
10 64592.066855397599     2.482139440161 std4 2 2 0 0     0     0
10 64593.002855397584     2.482139654001 std4 2 2 0 0     0     0
10 64595.234855397594     2.482140164149 std4 2 2 0 0     0     0
10 64599.918855397565     2.482141237438 std4 2 2 0 0     0     0
10 64606.918855397566     2.482142845179 std4 2 2 0 0     0     0
10 64611.230855397582     2.482143839143 std4 2 2 0 0     0     0
10 64618.754855397596     2.482145578141 std4 2 2 0 0     0     0
10 64646.546855397594     2.482152061044 std4 2 2 0 0     0     0
10 64653.866855383314     2.482153784050 std4 2 2 0 0     0     0
10 64670.158855397603     2.482157642276 std4 2 2 0 0     0     0
10 64675.538855397593     2.482158923020 std4 2 2 0 0     0     0
10 64678.030855397594     2.482159517527 std4 2 2 0 0     0     0
10 64680.826855397563     2.482160185912 std4 2 2 0 0     0     0
10 64684.290855397590     2.482161014967 std4 2 2 0 0     0     0
10 64696.702855397598     2.482163996758 std4 2 2 0 0     0     0
10 64699.858855397578     2.482164757943 std4 2 2 0 0     0     0
10 64703.662855397598     2.482165676782 std4 2 2 0 0     0     0
10 64708.662855383312     2.482166887713 std4 2 2 0 0     0     0
10 64709.630855397585     2.482167122335 std4 2 2 0 0     0     0
10 64713.278855397570     2.482168008068 std4 2 2 0 0     0     0
10 64716.394855383328     2.482168765909 std4 2 2 0 0     0     0
10 64728.810855397606     2.482171796793 std4 2 2 0 0     0     0
10 64729.694855397573     2.482172013911 std4 2 2 0 0     0     0
10 64732.438855397598     2.482172686203 std4 2 2 0 0     0     0
10 64737.834855397581     2.482174011443 std4 2 2 0 0     0     0
10 64752.966855397609     2.482177747892 std4 2 2 0 0     0     0
10 64759.358855383291     2.482179333736 std4 2 2 0 0     0     0
10 64760.082855397595     2.482179514407 std4 2 2 0 0     0     0
10 64761.782855383313     2.482179936752 std4 2 2 0 0     0     0
10 64762.554855397612     2.482180128678 std4 2 2 0 0     0     0
10 64763.138855397582     2.482180274388 std4 2 2 0 0     0     0
10 64766.266855397572     2.482181054059 std4 2 2 0 0     0     0
10 64768.162855397611     2.482181526937 std4 2 2 0 0     0     0
10 64770.114855383320     2.482182014976 std4 2 2 0 0     0     0
10 64777.278855397594     2.482183807644 std4 2 2 0 0     0     0
10 64778.954855397583     2.482184228216 std4 2 2 0 0     0     0
10 64787.178855383314     2.482186296086 std4 2 2 0 0     0     0
10 64808.426855397603     2.482191676507 std4 2 2 0 0     0     0
10 64809.242855397581     2.482191884518 std4 2 2 0 0     0     0
10 64816.086855383326     2.482193629876 std4 2 2 0 0     0     0
10 64829.746855383302     2.482197130063 std4 2 2 0 0     0     0
10 64849.094855397618     2.482202126494 std4 2 2 0 0     0     0
10 64850.342855397611     2.482202450281 std4 2 2 0 0     0     0
10 64852.170855397605     2.482202925325 std4 2 2 0 0     0     0
10 64861.858855397616     2.482205447453 std4 2 2 0 0     0     0
10 64865.446855397618     2.482206384452 std4 2 2 0 0     0     0
10 64868.042855397604     2.482207063596 std4 2 2 0 0     0     0
10 64870.746855397601     2.482207771759 std4 2 2 0 0     0     0
10 64870.946855383313     2.482207824290 std4 2 2 0 0     0     0
10 64872.662855397613     2.482208274085 std4 2 2 0 0     0     0
10 64873.182855397611     2.482208410533 std4 2 2 0 0     0     0
10 64874.674855397622     2.482208801694 std4 2 2 0 0     0     0
10 64875.082855397616     2.482208909353 std4 2 2 0 0     0     0
10 64878.114855383315     2.482209706008 std4 2 2 0 0     0     0
10 64888.954855397587     2.482212562813 std4 2 2 0 0     0     0
10 64891.370855397618     2.482213201727 std4 2 2 0 0     0     0
10 64897.390855397621     2.482214796542 std4 2 2 0 0     0     0
10 64901.702855383345     2.482215941065 std4 2 2 0 0     0     0
10 64903.718855383320     2.482216477338 std4 2 2 0 0     0     0
10 64910.814855397628     2.482218367885 std4 2 2 0 0     0     0
10 64923.858855383308     2.482221859287 std4 2 2 0 0     0     0
10 64924.382855397606     2.482222000321 std4 2 2 0 0     0     0
10 64936.794855397605     2.482225342477 std4 2 2 0 0     0     0
10 64936.962855397595     2.482225387793 std4 2 2 0 0     0     0
10 64945.922855397595     2.482227812425 std4 2 2 0 0     0     0
10 64946.834855397609     2.482228059263 std4 2 2 0 0     0     0
10 64948.442855397604     2.482228496207 std4 2 2 0 0     0     0
10 64955.526855397628     2.482230421832 std4 2 2 0 0     0     0
h8
h9
