h1 CRD 2 2025 3 14 14
h2 WETL 8834 10 01 4 ILRS
h3 apollo15 0000103 0103 na 0 1 1
h4 0 2025 3 8 19 0 4 2025 3 8 19 4 25 0 0 0 0 1 0 2 0
C0 0   1064.000 std4 las1 det4 tim0   na   na met0   na
C1 0 las1     Nd:YAG    1064.00      20.00      80.00   10.0  2.00    1
C2 0 det4       SPAD   1064.000  70.00   -93.0 180.0     analog 150.0  0.35  90.0  18.0       none    0.0    0.0  0
C3 0 tim0                  TAC              EFOS-18             Dassault             02,09,10    0.0
C6 0 met0 Paroscientific Digiquarz_765-16B     155046 E+E_Elektronik EE33-PFTM2022N 17059374047303 E+E_Elektronik EE33-PFTM2022N 17059374047303
20 68160.000000000000  939.30 281.98   53 0
20 68340.000000000000  939.30 282.19   52 0
20 68520.000000000000  939.29 282.03   52 0
20 68880.000000000000  939.23 281.89   51 0
20 69060.000000000000  939.19 282.04   52 0
40 68608.548282500000 0 std4       na       na      na   119024.2      0.7   25.6      na      na     na 3 4 0 3    na
41 65106.819307300000 0 std4     2319     2319      na   119023.8       na   24.1   0.026  -0.822    7.2 3 0 0 1   4.6
41 68747.848529400000 0 std4     2951     2951      na   119023.5       na   27.2  -0.097  -0.674   -4.5 3 0 0 2  14.3
41 72110.277257800000 0 std4     2614     2614      na   119025.2       na   25.6   0.070  -0.865    1.8 3 0 0 2   9.4
10 68404.724404760503     2.511211166147 std4 2 2 0 0     0     0
10 68407.082289560538     2.511211766614 std4 2 2 0 0     0     0
10 68411.958187160538     2.511213010861 std4 2 2 0 0     0     0
10 68412.698779160538     2.511213200574 std4 2 2 0 0     0     0
10 68414.668353560524     2.511213704255 std4 2 2 0 0     0     0
10 68414.688369560527     2.511213709237 std4 2 2 0 0     0     0
10 68414.864510360497     2.511213754086 std4 2 2 0 0     0     0
10 68415.464990360498     2.511213907859 std4 2 2 0 0     0     0
10 68418.435364760535     2.511214668893 std4 2 2 0 0     0     0
10 68418.731601560517     2.511214744698 std4 2 2 0 0     0     0
10 68418.975796760535     2.511214807055 std4 2 2 0 0     0     0
10 68419.896532760533     2.511215043239 std4 2 2 0 0     0     0
10 68420.701175960512     2.511215249774 std4 2 2 0 0     0     0
10 68420.889326360538     2.511215297956 std4 2 2 0 0     0     0
10 68421.269630360538     2.511215395806 std4 2 2 0 0     0     0
10 68424.292046360531     2.511216171738 std4 2 2 0 0     0     0
10 68435.705169560514     2.511219113148 std4 2 2 0 0     0     0
10 68435.905329560510     2.511219165111 std4 2 2 0 0     0     0
10 68436.249604760532     2.511219254072 std4 2 2 0 0     0     0
10 68437.378507160519     2.511219545669 std4 2 2 0 0     0     0
10 68440.685150360532     2.511220401631 std4 2 2 0 0     0     0
10 68445.056644760510     2.511221534885 std4 2 2 0 0     0     0
10 68451.101476760519     2.511223106067 std4 2 2 0 0     0     0
10 68452.894910360505     2.511223573527 std4 2 2 0 0     0     0
10 68453.659521560528     2.511223772759 std4 2 2 0 0     0     0
10 68461.673927960531     2.511225864798 std4 2 2 0 0     0     0
10 68462.334455960547     2.511226037775 std4 2 2 0 0     0     0
10 68462.450548760533     2.511226067938 std4 2 2 0 0     0     0
10 68464.207953560510     2.511226528593 std4 2 2 0 0     0     0
10 68465.545022360531     2.511226878639 std4 2 2 0 0     0     0
10 68465.913316760521     2.511226975310 std4 2 2 0 0     0     0
10 68470.220759960535     2.511228104967 std4 2 2 0 0     0     0
10 68471.898100760514     2.511228545736 std4 2 2 0 0     0     0
10 68477.566631960517     2.511230037665 std4 2 2 0 0     0     0
10 68477.734766360546     2.511230081856 std4 2 2 0 0     0     0
10 68479.388087960549     2.511230518067 std4 2 2 0 0     0     0
10 68480.384884760524     2.511230781140 std4 2 2 0 0     0     0
10 68485.829236760516     2.511232219201 std4 2 2 0 0     0     0
10 68493.235156760534     2.511234181840 std4 2 2 0 0     0     0
10 68494.011777560508     2.511234388397 std4 2 2 0 0     0     0
10 68495.236756760526     2.511234713818 std4 2 2 0 0     0     0
10 68496.469742360533     2.511235041489 std4 2 2 0 0     0     0
10 68498.803607960543     2.511235662182 std4 2 2 0 0     0     0
10 68503.719537560543     2.511236971612 std4 2 2 0 0     0     0
10 68507.746756760514     2.511238047210 std4 2 2 0 0     0     0
10 68508.006964760516     2.511238116495 std4 2 2 0 0     0     0
10 68508.927700760515     2.511238362972 std4 2 2 0 0     0     0
10 68516.677895960523     2.511240438492 std4 2 2 0 0     0     0
10 68517.518567960517     2.511240664085 std4 2 2 0 0     0     0
10 68518.143067160537     2.511240831675 std4 2 2 0 0     0     0
10 68519.263963160540     2.511241132557 std4 2 2 0 0     0     0
10 68523.243143960525     2.511242202652 std4 2 2 0 0     0     0
10 68534.968516760514     2.511245366768 std4 2 2 0 0     0     0
10 68540.508945560521     2.511246867603 std4 2 2 0 0     0     0
10 68541.898055960514     2.511247244536 std4 2 2 0 0     0     0
10 68543.511345560513     2.511247682936 std4 2 2 0 0     0     0
10 68544.944491160522     2.511248071878 std4 2 2 0 0     0     0
10 68551.705895960542     2.511249912741 std4 2 2 0 0     0     0
10 68552.150251160513     2.511250033471 std4 2 2 0 0     0     0
10 68556.193483160516     2.511251137289 std4 2 2 0 0     0     0
10 68564.576183960537     2.511253431323 std4 2 2 0 0     0     0
10 68565.052564760514     2.511253562025 std4 2 2 0 0     0     0
10 68576.133422360537     2.511256608042 std4 2 2 0 0     0     0
10 68576.485703960548     2.511256705472 std4 2 2 0 0     0     0
10 68586.001310360510     2.511259333718 std4 2 2 0 0     0     0
10 68586.481694360510     2.511259466877 std4 2 2 0 0     0     0
10 68590.432852760508     2.511260561749 std4 2 2 0 0     0     0
10 68591.153428760514     2.511260761346 std4 2 2 0 0     0     0
10 68596.837972760519     2.511262340595 std4 2 2 0 0     0     0
10 68597.974881560553     2.511262657188 std4 2 2 0 0     0     0
10 68603.827559960547     2.511264287675 std4 2 2 0 0     0     0
10 68618.475268760511     2.511268387505 std4 2 2 0 0     0     0
10 68618.839559960538     2.511268489813 std4 2 2 0 0     0     0
10 68620.084555160525     2.511268839204 std4 2 2 0 0     0     0
10 68622.438436760532     2.511269500907 std4 2 2 0 0     0     0
10 68626.517697560522     2.511270649670 std4 2 2 0 0     0     0
10 68631.065332760552     2.511271932495 std4 2 2 0 0     0     0
10 68631.461649560537     2.511272044211 std4 2 2 0 0     0     0
10 68632.210247960525     2.511272255397 std4 2 2 0 0     0     0
10 68633.499278360518     2.511272620024 std4 2 2 0 0     0     0
10 68633.555323160550     2.511272635550 std4 2 2 0 0     0     0
10 68638.843550360531     2.511274131996 std4 2 2 0 0     0     0
10 68640.316727960548     2.511274549295 std4 2 2 0 0     0     0
10 68650.865159960550     2.511277546090 std4 2 2 0 0     0     0
10 68651.121364760538     2.511277619323 std4 2 2 0 0     0     0
10 68655.705028760542     2.511278925949 std4 2 2 0 0     0     0
10 68658.651383960548     2.511279767479 std4 2 2 0 0     0     0
10 68660.476843160535     2.511280288927 std4 2 2 0 0     0     0
10 68664.624158360554     2.511281476071 std4 2 2 0 0     0     0
10 68665.985246360555     2.511281865815 std4 2 2 0 0     0     0
h8
h9
