h1 CRD 2 2025 3 13 18
h2 WETL 8834 10 01 4 ILRS
h3 apollo15 0000103 0103 na 0 1 1
h4 0 2025 3 6 18 7 8 2025 3 6 18 12 2 0 0 0 0 1 0 2 0
C0 0   1064.000 std4 las1 det4 tim0   na   na met0   na
C1 0 las1     Nd:YAG    1064.00      20.00      80.00   10.0  2.00    1
C2 0 det4       SPAD   1064.000  70.00   -93.0 180.0     analog 150.0  0.35  90.0  18.0       none    0.0    0.0  0
C3 0 tim0                  TAC              EFOS-18             Dassault             02,09,10    0.0
C6 0 met0 Paroscientific Digiquarz_765-16B     155046 E+E_Elektronik EE33-PFTM2022N 17059374047303 E+E_Elektronik EE33-PFTM2022N 17059374047303
20 65100.000000000000  948.37 285.57   41 0
20 65460.000000000000  948.39 285.31   43 0
20 65640.000000000000  948.40 285.12   43 0
20 65820.000000000000  948.44 284.91   44 0
40 66735.143458000000 0 std4       na       na      na   119025.4      0.7   24.7      na      na     na 3 4 0 3    na
41 58524.721931700000 0 std4     2345     2345      na   119021.4       na   24.2  -0.031  -0.825   -6.4 3 0 0 1   7.4
41 62890.335111300000 0 std4     2597     2597      na   119027.2       na   25.5   0.026  -0.746   -3.2 3 0 0 1   7.5
41 67586.528127300000 0 std4     2566     2566      na   119026.4       na   25.3   0.011  -0.797    3.6 3 0 0 2   7.6
41 71731.595017400000 0 std4     2248     2248      na   119026.2       na   23.7  -0.005  -0.876   -2.2 3 0 0 2   7.3
41 74617.451967400000 0 std4     2713     2713      na   119026.8       na   26.0  -0.046  -0.834   -2.8 3 0 0 2   8.1
41 74945.564984300000 0 std4     2200     2200      na   119026.5       na   23.5   0.028  -0.788    6.5 3 0 0 2   7.6
10 65228.329604277710     2.454966321857 std4 2 2 0 0     0     0
10 65234.074339777718     2.454970555374 std4 2 2 0 0     0     0
10 65248.406153777686     2.454981133883 std4 2 2 0 0     0     0
10 65256.236608577723     2.454986923759 std4 2 2 0 0     0     0
10 65256.933182777710     2.454987439109 std4 2 2 0 0     0     0
10 65262.946139377720     2.454991890495 std4 2 2 0 0     0     0
10 65263.766815877720     2.454992498710 std4 2 2 0 0     0     0
10 65272.253811877692     2.454998789583 std4 2 2 0 0     0     0
10 65272.429957077727     2.454998920790 std4 2 2 0 0     0     0
10 65273.670980077725     2.454999841003 std4 2 2 0 0     0     0
10 65275.948857777712     2.455001531618 std4 2 2 0 0     0     0
10 65279.647906977705     2.455004277872 std4 2 2 0 0     0     0
10 65282.978652577700     2.455006752094 std4 2 2 0 0     0     0
10 65283.090744977713     2.455006835306 std4 2 2 0 0     0     0
10 65284.624008877722     2.455007974571 std4 2 2 0 0     0     0
10 65291.497674977731     2.455013086374 std4 2 2 0 0     0     0
10 65297.458588677728     2.455017523793 std4 2 2 0 0     0     0
10 65298.483433477705     2.455018287030 std4 2 2 0 0     0     0
10 65299.820535677690     2.455019282766 std4 2 2 0 0     0     0
10 65306.482026877699     2.455024248529 std4 2 2 0 0     0     0
10 65308.892013477695     2.455026046242 std4 2 2 0 0     0     0
10 65312.615082477713     2.455028824952 std4 2 2 0 0     0     0
10 65317.671250377697     2.455032600854 std4 2 2 0 0     0     0
10 65358.825174377714     2.455063448241 std4 2 2 0 0     0     0
10 65363.641144277690     2.455067071268 std4 2 2 0 0     0     0
10 65364.682002277696     2.455067854502 std4 2 2 0 0     0     0
10 65377.668707477722     2.455077639407 std4 2 2 0 0     0     0
10 65379.366106677706     2.455078919420 std4 2 2 0 0     0     0
10 65384.330198677718     2.455082665863 std4 2 2 0 0     0     0
10 65396.496227377735     2.455091859815 std4 2 2 0 0     0     0
10 65397.721237177704     2.455092786742 std4 2 2 0 0     0     0
10 65415.207651577704     2.455106034250 std4 2 2 0 0     0     0
10 65416.304555777735     2.455106866260 std4 2 2 0 0     0     0
10 65429.007026677725     2.455116514134 std4 2 2 0 0     0     0
10 65431.637194777716     2.455118514261 std4 2 2 0 0     0     0
10 65432.213669977707     2.455118952251 std4 2 2 0 0     0     0
10 65445.392533577715     2.455128986606 std4 2 2 0 0     0     0
10 65452.890714477747     2.455134704891 std4 2 2 0 0     0     0
10 65453.074866277711     2.455134845644 std4 2 2 0 0     0     0
10 65465.244898277746     2.455144141130 std4 2 2 0 0     0     0
10 65471.598135377709     2.455149000481 std4 2 2 0 0     0     0
10 65479.344520877720     2.455154932236 std4 2 2 0 0     0     0
10 65480.073121477710     2.455155490368 std4 2 2 0 0     0     0
10 65480.197223777735     2.455155585169 std4 2 2 0 0     0     0
10 65480.625576877725     2.455155913435 std4 2 2 0 0     0     0
10 65480.753682477713     2.455156011673 std4 2 2 0 0     0     0
10 65486.194167177706     2.455160182682 std4 2 2 0 0     0     0
10 65487.679391477732     2.455161321910 std4 2 2 0 0     0     0
10 65488.980463977739     2.455162320425 std4 2 2 0 0     0     0
10 65494.044638477706     2.455166207418 std4 2 2 0 0     0     0
10 65497.847773477728     2.455169128929 std4 2 2 0 0     0     0
10 65499.437083577729     2.455170350002 std4 2 2 0 0     0     0
10 65500.053591777705     2.455170823941 std4 2 2 0 0     0     0
10 65501.662918377699     2.455172060811 std4 2 2 0 0     0     0
10 65503.880746577740     2.455173766403 std4 2 2 0 0     0     0
10 65521.559319377731     2.455187380626 std4 2 2 0 0     0     0
10 65522.840375377734     2.455188368357 std4 2 2 0 0     0     0
h8
h9
