h1 CRD 2 2025 3 13 19
h2 WETL 8834 10 01 4 ILRS
h3 apollo15 0000103 0103 na 0 1 1
h4 0 2025 3 6 20 1 29 2025 3 6 20 7 57 0 0 0 0 1 0 2 0
C0 0   1064.000 std4 las1 det4 tim0   na   na met0   na
C1 0 las1     Nd:YAG    1064.00      20.00      80.00   10.0  2.00    1
C2 0 det4       SPAD   1064.000  70.00   -93.0 180.0     analog 150.0  0.35  90.0  18.0       none    0.0    0.0  0
C3 0 tim0                  TAC              EFOS-18             Dassault             02,09,10    0.0
C6 0 met0 Paroscientific Digiquarz_765-16B     155046 E+E_Elektronik EE33-PFTM2022N 17059374047303 E+E_Elektronik EE33-PFTM2022N 17059374047303
20 72480.000000000000  948.40 280.80   60 0
20 73020.000000000000  948.41 281.13   59 0
20 71940.000000000000  948.42 280.87   60 0
40 71266.046555800000 0 std4       na       na      na   119026.4      0.1   24.6      na      na     na 3 4 0 3    na
41 67586.528127300000 0 std4     2566     2566      na   119026.4       na   25.3   0.011  -0.797    3.6 3 0 0 1   7.6
41 71731.595017400000 0 std4     2248     2248      na   119026.2       na   23.7  -0.005  -0.876   -2.2 3 0 0 2   7.3
41 74617.451967400000 0 std4     2713     2713      na   119026.8       na   26.0  -0.046  -0.834   -2.8 3 0 0 2   8.1
41 74945.564984300000 0 std4     2200     2200      na   119026.5       na   23.5   0.028  -0.788    6.5 3 0 0 2   7.6
10 72089.335941906728     2.462632388521 std4 2 2 0 0     0     0
10 72090.167941906737     2.462633608490 std4 2 2 0 0     0     0
10 72092.147941906722     2.462636512440 std4 2 2 0 0     0     0
10 72092.447941906736     2.462636952241 std4 2 2 0 0     0     0
10 72092.655941906761     2.462637257389 std4 2 2 0 0     0     0
10 72092.927941906746     2.462637656159 std4 2 2 0 0     0     0
10 72093.223941906752     2.462638090370 std4 2 2 0 0     0     0
10 72093.567941906766     2.462638594754 std4 2 2 0 0     0     0
10 72098.487941906744     2.462645811988 std4 2 2 0 0     0     0
10 72099.467941906742     2.462647249983 std4 2 2 0 0     0     0
10 72100.271941906755     2.462648429892 std4 2 2 0 0     0     0
10 72100.987941906721     2.462649480477 std4 2 2 0 0     0     0
10 72104.151941906729     2.462654123775 std4 2 2 0 0     0     0
10 72104.443941906744     2.462654552013 std4 2 2 0 0     0     0
10 72105.527941906755     2.462656143003 std4 2 2 0 0     0     0
10 72109.715941906737     2.462662290979 std4 2 2 0 0     0     0
10 72110.003941906763     2.462662714297 std4 2 2 0 0     0     0
10 72113.859941906728     2.462668376014 std4 2 2 0 0     0     0
10 72113.891941906738     2.462668423099 std4 2 2 0 0     0     0
10 72114.295941906757     2.462669016219 std4 2 2 0 0     0     0
10 72115.751941906730     2.462671154643 std4 2 2 0 0     0     0
10 72123.023941906766     2.462681837729 std4 2 2 0 0     0     0
10 72124.023941906758     2.462683307168 std4 2 2 0 0     0     0
10 72125.607941906752     2.462685634810 std4 2 2 0 0     0     0
10 72126.079941906726     2.462686328132 std4 2 2 0 0     0     0
10 72127.143941906748     2.462687892080 std4 2 2 0 0     0     0
10 72128.951941906725     2.462690549875 std4 2 2 0 0     0     0
10 72129.447941906757     2.462691278769 std4 2 2 0 0     0     0
10 72132.667941906742     2.462696012454 std4 2 2 0 0     0     0
10 72136.287941906727     2.462701335250 std4 2 2 0 0     0     0
10 72136.319941906741     2.462701382304 std4 2 2 0 0     0     0
10 72138.807941906770     2.462705041218 std4 2 2 0 0     0     0
10 72139.195941906765     2.462705612069 std4 2 2 0 0     0     0
10 72146.287941906746     2.462716045329 std4 2 2 0 0     0     0
10 72147.767941906747     2.462718223159 std4 2 2 0 0     0     0
10 72147.903941906770     2.462718423333 std4 2 2 0 0     0     0
10 72148.451941906766     2.462719229843 std4 2 2 0 0     0     0
10 72151.431941906750     2.462723615753 std4 2 2 0 0     0     0
10 72154.783941906746     2.462728550241 std4 2 2 0 0     0     0
10 72154.811941906732     2.462728591527 std4 2 2 0 0     0     0
10 72155.059941906769     2.462728956755 std4 2 2 0 0     0     0
10 72159.111941906766     2.462734923078 std4 2 2 0 0     0     0
10 72159.147941906747     2.462734976286 std4 2 2 0 0     0     0
10 72161.159941906751     2.462737939412 std4 2 2 0 0     0     0
10 72162.635941906758     2.462740113120 std4 2 2 0 0     0     0
10 72175.427941906741     2.462758962527 std4 2 2 0 0     0     0
10 72181.131941906738     2.462767372144 std4 2 2 0 0     0     0
10 72181.155941892474     2.462767407488 std4 2 2 0 0     0     0
10 72183.579941906771     2.462770982341 std4 2 2 0 0     0     0
10 72186.523941906735     2.462775324216 std4 2 2 0 0     0     0
10 72192.259941906743     2.462783787086 std4 2 2 0 0     0     0
10 72192.903941906761     2.462784737432 std4 2 2 0 0     0     0
10 72195.287941906769     2.462788255448 std4 2 2 0 0     0     0
10 72197.463941906741     2.462791467164 std4 2 2 0 0     0     0
10 72198.575941906744     2.462793108767 std4 2 2 0 0     0     0
10 72212.397151363898     2.462813520177 std4 2 2 0 0     0     0
10 72216.668672463886     2.462819831547 std4 2 2 0 0     0     0
10 72216.800781363896     2.462820026810 std4 2 2 0 0     0     0
10 72217.961738363893     2.462821742994 std4 2 2 0 0     0     0
10 72222.449437663916     2.462828376120 std4 2 2 0 0     0     0
10 72228.770648363903     2.462837722553 std4 2 2 0 0     0     0
10 72234.475350863910     2.462846160844 std4 2 2 0 0     0     0
10 72236.857314363914     2.462849684684 std4 2 2 0 0     0     0
10 72237.137545363913     2.462850099147 std4 2 2 0 0     0     0
10 72237.305683963909     2.462850348292 std4 2 2 0 0     0     0
10 72238.390578263879     2.462851953521 std4 2 2 0 0     0     0
10 72242.345838663889     2.462857806994 std4 2 2 0 0     0     0
10 72242.650089463912     2.462858257642 std4 2 2 0 0     0     0
10 72244.511623963914     2.462861012600 std4 2 2 0 0     0     0
10 72245.040059563904     2.462861795384 std4 2 2 0 0     0     0
10 72247.642204563903     2.462865647545 std4 2 2 0 0     0     0
10 72248.554956963912     2.462866998988 std4 2 2 0 0     0     0
10 72249.647857863890     2.462868617467 std4 2 2 0 0     0     0
10 72262.854744563903     2.462888181208 std4 2 2 0 0     0     0
10 72264.580166863892     2.462890738016 std4 2 2 0 0     0     0
10 72266.717929063905     2.462893906994 std4 2 2 0 0     0     0
10 72281.013713363908     2.462915106557 std4 2 2 0 0     0     0
10 72340.470724963883     2.463003472523 std4 2 2 0 0     0     0
10 72341.643691863898     2.463005219001 std4 2 2 0 0     0     0
10 72376.588497563915     2.463057305182 std4 2 2 0 0     0     0
10 72409.843910663911     2.463106973734 std4 2 2 0 0     0     0
10 72413.615019263926     2.463112612305 std4 2 2 0 0     0     0
10 72414.211510963907     2.463113504096 std4 2 2 0 0     0     0
10 72415.212335963911     2.463115000789 std4 2 2 0 0     0     0
10 72416.429339163882     2.463116821246 std4 2 2 0 0     0     0
10 72419.139573263898     2.463120874716 std4 2 2 0 0     0     0
10 72424.359876463921     2.463128684593 std4 2 2 0 0     0     0
10 72430.076588863884     2.463137240341 std4 2 2 0 0     0     0
10 72432.462555663911     2.463140811618 std4 2 2 0 0     0     0
10 72432.802836163911     2.463141321344 std4 2 2 0 0     0     0
10 72439.560406563928     2.463151440012 std4 2 2 0 0     0     0
10 72445.589376363903     2.463160470861 std4 2 2 0 0     0     0
10 72446.506132063934     2.463161844335 std4 2 2 0 0     0     0
10 72446.814386163921     2.463162306044 std4 2 2 0 0     0     0
10 72446.882442263911     2.463162407971 std4 2 2 0 0     0     0
10 72446.954501663921     2.463162515734 std4 2 2 0 0     0     0
10 72447.022557763912     2.463162617773 std4 2 2 0 0     0     0
10 72447.314798663919     2.463163055817 std4 2 2 0 0     0     0
10 72447.647072563929     2.463163553675 std4 2 2 0 0     0     0
10 72448.655904163923     2.463165065501 std4 2 2 0 0     0     0
10 72450.413352863905     2.463167699250 std4 2 2 0 0     0     0
10 72452.014672863909     2.463170098935 std4 2 2 0 0     0     0
10 72453.079550663931     2.463171694649 std4 2 2 0 0     0     0
10 72453.279715663926     2.463171995083 std4 2 2 0 0     0     0
10 72457.066837463901     2.463177671833 std4 2 2 0 0     0     0
10 72458.143725163901     2.463179286662 std4 2 2 0 0     0     0
10 72458.407942963907     2.463179682647 std4 2 2 0 0     0     0
10 72458.596098063897     2.463179964761 std4 2 2 0 0     0     0
10 72459.456807563900     2.463181255373 std4 2 2 0 0     0     0
10 72461.026101163889     2.463183608251 std4 2 2 0 0     0     0
10 72461.814751263910     2.463184791238 std4 2 2 0 0     0     0
10 72463.323995363926     2.463187054442 std4 2 2 0 0     0     0
10 72464.977358263888     2.463189533940 std4 2 2 0 0     0     0
10 72468.512272163912     2.463194836962 std4 2 2 0 0     0     0
10 72468.768483363884     2.463195220938 std4 2 2 0 0     0     0
10 72469.577149963911     2.463196434743 std4 2 2 0 0     0     0
10 72469.585156563923     2.463196446593 std4 2 2 0 0     0     0
10 72471.166460063929     2.463198819121 std4 2 2 0 0     0     0
10 72472.007153063927     2.463200080446 std4 2 2 0 0     0     0
10 72472.943925263916     2.463201486037 std4 2 2 0 0     0     0
10 72472.955935163923     2.463201504462 std4 2 2 0 0     0     0
10 72474.457172663926     2.463203756876 std4 2 2 0 0     0     0
10 72477.027291263926     2.463207614655 std4 2 2 0 0     0     0
h8
h9
