h1 CRD 2 2025 3 14 14
h2 WETL 8834 10 01 4 ILRS
h3 apollo15 0000103 0103 na 0 1 1
h4 0 2025 3 8 18 29 54 2025 3 8 18 37 22 0 0 0 0 1 0 2 0
C0 0   1064.000 std4 las1 det4 tim0   na   na met0   na
C1 0 las1     Nd:YAG    1064.00      20.00      80.00   10.0  2.00    1
C2 0 det4       SPAD   1064.000  70.00   -93.0 180.0     analog 150.0  0.35  90.0  18.0       none    0.0    0.0  0
C3 0 tim0                  TAC              EFOS-18             Dassault             02,09,10    0.0
C6 0 met0 Paroscientific Digiquarz_765-16B     155046 E+E_Elektronik EE33-PFTM2022N 17059374047303 E+E_Elektronik EE33-PFTM2022N 17059374047303
20 66360.000000000000  939.46 283.28   46 0
20 66900.000000000000  939.43 283.41   45 0
20 67080.000000000000  939.43 283.52   45 0
20 67260.000000000000  939.42 283.12   46 0
20 67440.000000000000  939.39 282.97   47 0
20 67620.000000000000  939.39 282.86   49 0
40 68608.548282500000 0 std4       na       na      na   119024.2      0.7   25.6      na      na     na 3 4 0 3    na
41 65106.819307300000 0 std4     2319     2319      na   119023.8       na   24.1   0.026  -0.822    7.2 3 0 0 1   4.6
41 68747.848529400000 0 std4     2951     2951      na   119023.5       na   27.2  -0.097  -0.674   -4.5 3 0 0 2  14.3
41 72110.277257800000 0 std4     2614     2614      na   119025.2       na   25.6   0.070  -0.865    1.8 3 0 0 2   9.4
10 66594.621479960407     2.510950115716 std4 2 2 0 0     0     0
10 66611.346849560403     2.510950707102 std4 2 2 0 0     0     0
10 66612.351652760419     2.510950743814 std4 2 2 0 0     0     0
10 66616.098647960415     2.510950881284 std4 2 2 0 0     0     0
10 66616.262779160377     2.510950887592 std4 2 2 0 0     0     0
10 66616.603051160380     2.510950899608 std4 2 2 0 0     0     0
10 66619.081031960420     2.510950991826 std4 2 2 0 0     0     0
10 66619.625467160398     2.510951012532 std4 2 2 0 0     0     0
10 66621.038596760410     2.510951064904 std4 2 2 0 0     0     0
10 66621.410894360421     2.510951079224 std4 2 2 0 0     0     0
10 66621.795201560393     2.510951093389 std4 2 2 0 0     0     0
10 66623.192318360397     2.510951146411 std4 2 2 0 0     0     0
10 66624.137073560402     2.510951181827 std4 2 2 0 0     0     0
10 66628.536590360398     2.510951350042 std4 2 2 0 0     0     0
10 66631.474939160386     2.510951463236 std4 2 2 0 0     0     0
10 66637.848033560394     2.510951712777 std4 2 2 0 0     0     0
10 66641.022571160409     2.510951838919 std4 2 2 0 0     0     0
10 66644.032977560409     2.510951959803 std4 2 2 0 0     0     0
10 66655.506148760424     2.510952430266 std4 2 2 0 0     0     0
10 66658.048180760399     2.510952536637 std4 2 2 0 0     0     0
10 66660.898459160388     2.510952657127 std4 2 2 0 0     0     0
10 66663.216311960425     2.510952754975 std4 2 2 0 0     0     0
10 66663.288369560384     2.510952758179 std4 2 2 0 0     0     0
10 66665.506142360423     2.510952852864 std4 2 2 0 0     0     0
10 66666.070593560401     2.510952877177 std4 2 2 0 0     0     0
10 66666.374836760420     2.510952890687 std4 2 2 0 0     0     0
10 66667.355620760424     2.510952932692 std4 2 2 0 0     0     0
10 66670.025755160427     2.510953048117 std4 2 2 0 0     0     0
10 66671.418868760388     2.510953108712 std4 2 2 0 0     0     0
10 66673.020148760398     2.510953179062 std4 2 2 0 0     0     0
10 66675.514142360423     2.510953288528 std4 2 2 0 0     0     0
10 66681.867220760387     2.510953571233 std4 2 2 0 0     0     0
10 66687.531748760419     2.510953827312 std4 2 2 0 0     0     0
10 66695.858404760408     2.510954210507 std4 2 2 0 0     0     0
10 66696.558964760414     2.510954243205 std4 2 2 0 0     0     0
10 66702.475694360397     2.510954521505 std4 2 2 0 0     0     0
10 66705.362001560429     2.510954658446 std4 2 2 0 0     0     0
10 66707.611799960425     2.510954766201 std4 2 2 0 0     0     0
10 66709.789540760420     2.510954871022 std4 2 2 0 0     0     0
10 66712.595783960400     2.510955007068 std4 2 2 0 0     0     0
10 66719.541335960425     2.510955347340 std4 2 2 0 0     0     0
10 66719.753505560389     2.510955358000 std4 2 2 0 0     0     0
10 66722.135409560399     2.510955475825 std4 2 2 0 0     0     0
10 66723.396417560403     2.510955538637 std4 2 2 0 0     0     0
10 66724.044935960393     2.510955571179 std4 2 2 0 0     0     0
10 66724.153022360416     2.510955576496 std4 2 2 0 0     0     0
10 66724.357185560404     2.510955586868 std4 2 2 0 0     0     0
10 66726.374798360387     2.510955687672 std4 2 2 0 0     0     0
10 66727.363588760428     2.510955737483 std4 2 2 0 0     0     0
10 66728.984884760404     2.510955819544 std4 2 2 0 0     0     0
10 66730.498094360395     2.510955896475 std4 2 2 0 0     0     0
10 66735.269908760396     2.510956139788 std4 2 2 0 0     0     0
10 66740.021707160399     2.510956384668 std4 2 2 0 0     0     0
10 66743.004091160406     2.510956540157 std4 2 2 0 0     0     0
10 66745.402007960394     2.510956666167 std4 2 2 0 0     0     0
10 66745.750286360426     2.510956684373 std4 2 2 0 0     0     0
10 66747.671822360432     2.510956785695 std4 2 2 0 0     0     0
10 66749.941636760425     2.510956905591 std4 2 2 0 0     0     0
10 66750.277905560412     2.510956923855 std4 2 2 0 0     0     0
10 66750.526103960396     2.510956937005 std4 2 2 0 0     0     0
10 66750.562132760426     2.510956939046 std4 2 2 0 0     0     0
10 66751.386791960394     2.510956982768 std4 2 2 0 0     0     0
10 66753.912811160423     2.510957117479 std4 2 2 0 0     0     0
10 66754.040913560411     2.510957124537 std4 2 2 0 0     0     0
10 66754.885588760433     2.510957169999 std4 2 2 0 0     0     0
10 66758.812727960413     2.510957381711 std4 2 2 0 0     0     0
10 66761.923214360410     2.510957550413 std4 2 2 0 0     0     0
10 66762.003278360410     2.510957555221 std4 2 2 0 0     0     0
10 66763.936823960424     2.510957660467 std4 2 2 0 0     0     0
10 66765.538103960425     2.510957748560 std4 2 2 0 0     0     0
10 66769.305115160410     2.510957956937 std4 2 2 0 0     0     0
10 66783.156187160389     2.510958736163 std4 2 2 0 0     0     0
10 66783.384369560436     2.510958749178 std4 2 2 0 0     0     0
10 66785.405985560399     2.510958865178 std4 2 2 0 0     0     0
10 66788.448417560400     2.510959040180 std4 2 2 0 0     0     0
10 66793.672593560410     2.510959343586 std4 2 2 0 0     0     0
10 66795.425995160427     2.510959445782 std4 2 2 0 0     0     0
10 66795.638164760434     2.510959458567 std4 2 2 0 0     0     0
10 66795.714225560414     2.510959462771 std4 2 2 0 0     0     0
10 66801.002452760398     2.510959774467 std4 2 2 0 0     0     0
10 66803.784676760409     2.510959939678 std4 2 2 0 0     0     0
10 66805.021665560417     2.510960013944 std4 2 2 0 0     0     0
10 66806.650967960437     2.510960111057 std4 2 2 0 0     0     0
10 66807.495643160407     2.510960162377 std4 2 2 0 0     0     0
10 66812.127345560413     2.510960441618 std4 2 2 0 0     0     0
10 66814.665374360393     2.510960595865 std4 2 2 0 0     0     0
10 66817.051281560431     2.510960741353 std4 2 2 0 0     0     0
10 66817.976020760402     2.510960798126 std4 2 2 0 0     0     0
10 66818.848718360416     2.510960851622 std4 2 2 0 0     0     0
10 66819.589310360417     2.510960897075 std4 2 2 0 0     0     0
10 66823.656561560405     2.510961148287 std4 2 2 0 0     0     0
10 66824.385143960394     2.510961193848 std4 2 2 0 0     0     0
10 66834.253031960422     2.510961812678 std4 2 2 0 0     0     0
10 66837.643742360394     2.510962027864 std4 2 2 0 0     0     0
10 66841.306670360415     2.510962262104 std4 2 2 0 0     0     0
10 66841.578887960433     2.510962279447 std4 2 2 0 0     0     0
10 66842.523643160399     2.510962340073 std4 2 2 0 0     0     0
10 66844.885531160414     2.510962492334 std4 2 2 0 0     0     0
10 66845.806267160418     2.510962551969 std4 2 2 0 0     0     0
10 66846.074481560410     2.510962568793 std4 2 2 0 0     0     0
10 66847.187371160422     2.510962641263 std4 2 2 0 0     0     0
10 66848.600500760436     2.510962732877 std4 2 2 0 0     0     0
10 66849.829483160434     2.510962812658 std4 2 2 0 0     0     0
10 66851.626919960424     2.510962930250 std4 2 2 0 0     0     0
10 66851.739009560434     2.510962937353 std4 2 2 0 0     0     0
10 66855.197774360431     2.510963164351 std4 2 2 0 0     0     0
10 66857.099294360432     2.510963289885 std4 2 2 0 0     0     0
10 66861.979195160436     2.510963613593 std4 2 2 0 0     0     0
10 66876.354686360427     2.510964584398 std4 2 2 0 0     0     0
10 66886.334663960435     2.510965272691 std4 2 2 0 0     0     0
10 66886.767009560435     2.510965303173 std4 2 2 0 0     0     0
10 66890.381899160420     2.510965555855 std4 2 2 0 0     0     0
10 66891.402715160425     2.510965627382 std4 2 2 0 0     0     0
10 66892.207358360419     2.510965683669 std4 2 2 0 0     0     0
10 66894.665323160434     2.510965856704 std4 2 2 0 0     0     0
10 66899.220964760416     2.510966180083 std4 2 2 0 0     0     0
10 66899.573246360433     2.510966205037 std4 2 2 0 0     0     0
10 66901.586855960438     2.510966348555 std4 2 2 0 0     0     0
10 66901.746983960437     2.510966359928 std4 2 2 0 0     0     0
10 66903.060033560414     2.510966454092 std4 2 2 0 0     0     0
10 66903.504388760433     2.510966485941 std4 2 2 0 0     0     0
10 66904.124884760433     2.510966530565 std4 2 2 0 0     0     0
10 66905.101665560421     2.510966600350 std4 2 2 0 0     0     0
10 66908.764593560433     2.510966864377 std4 2 2 0 0     0     0
10 66913.976759960443     2.510967243367 std4 2 2 0 0     0     0
10 66922.783799960430     2.510967890576 std4 2 2 0 0     0     0
10 66925.285799960438     2.510968076023 std4 2 2 0 0     0     0
10 66926.170507160416     2.510968141550 std4 2 2 0 0     0     0
10 66928.400289560411     2.510968307538 std4 2 2 0 0     0     0
10 66928.644484760436     2.510968325761 std4 2 2 0 0     0     0
10 66928.836638360443     2.510968340347 std4 2 2 0 0     0     0
10 66929.881473560422     2.510968418589 std4 2 2 0 0     0     0
10 66930.045604760438     2.510968430706 std4 2 2 0 0     0     0
10 66931.662897560430     2.510968552547 std4 2 2 0 0     0     0
10 66932.879870360413     2.510968643816 std4 2 2 0 0     0     0
10 66937.847841560410     2.510969019122 std4 2 2 0 0     0     0
10 66939.112852760426     2.510969115041 std4 2 2 0 0     0     0
10 66940.209729560412     2.510969198359 std4 2 2 0 0     0     0
10 66942.595636760439     2.510969380362 std4 2 2 0 0     0     0
10 66943.772577560426     2.510969470483 std4 2 2 0 0     0     0
10 66947.191310360417     2.510969732985 std4 2 2 0 0     0     0
10 66949.401076760415     2.510969903554 std4 2 2 0 0     0     0
10 66950.081620760416     2.510969956121 std4 2 2 0 0     0     0
10 66951.758961560408     2.510970085932 std4 2 2 0 0     0     0
10 66956.426692760430     2.510970448863 std4 2 2 0 0     0     0
10 66957.695707160449     2.510970548410 std4 2 2 0 0     0     0
10 66958.372247960439     2.510970600949 std4 2 2 0 0     0     0
10 66959.837419160411     2.510970716113 std4 2 2 0 0     0     0
10 66963.716519960419     2.510971021232 std4 2 2 0 0     0     0
10 66966.502747160410     2.510971241811 std4 2 2 0 0     0     0
10 66968.144059160414     2.510971372170 std4 2 2 0 0     0     0
10 66968.152065560409     2.510971372929 std4 2 2 0 0     0     0
10 66970.157668760435     2.510971532482 std4 2 2 0 0     0     0
10 66971.258548760444     2.510971620418 std4 2 2 0 0     0     0
10 66975.545975960436     2.510971964279 std4 2 2 0 0     0     0
10 66979.112827160430     2.510972251594 std4 2 2 0 0     0     0
10 66981.310583960427     2.510972429581 std4 2 2 0 0     0     0
10 66981.490727960424     2.510972444527 std4 2 2 0 0     0     0
10 66982.555579160448     2.510972530530 std4 2 2 0 0     0     0
10 66985.898251160422     2.510972802860 std4 2 2 0 0     0     0
10 66988.176071960406     2.510972989093 std4 2 2 0 0     0     0
10 66991.514740760411     2.510973263592 std4 2 2 0 0     0     0
10 66992.447486360430     2.510973340489 std4 2 2 0 0     0     0
10 66992.475508760419     2.510973342833 std4 2 2 0 0     0     0
10 66992.823787160405     2.510973371311 std4 2 2 0 0     0     0
10 66994.020743960444     2.510973470513 std4 2 2 0 0     0     0
10 66994.320983960445     2.510973495128 std4 2 2 0 0     0     0
10 66998.128027160437     2.510973810583 std4 2 2 0 0     0     0
10 66999.597201560440     2.510973932943 std4 2 2 0 0     0     0
10 66999.893438360427     2.510973957423 std4 2 2 0 0     0     0
10 67003.372219160427     2.510974248101 std4 2 2 0 0     0     0
10 67003.648439960421     2.510974271792 std4 2 2 0 0     0     0
10 67004.433067160436     2.510974337543 std4 2 2 0 0     0     0
10 67007.103201560437     2.510974561846 std4 2 2 0 0     0     0
10 67010.261726360435     2.510974828491 std4 2 2 0 0     0     0
10 67017.019127960435     2.510975403083 std4 2 2 0 0     0     0
10 67024.360996760412     2.510976033926 std4 2 2 0 0     0     0
10 67025.942260760422     2.510976170036 std4 2 2 0 0     0     0
10 67033.928644760420     2.510976865380 std4 2 2 0 0     0     0
10 67034.372999960447     2.510976903900 std4 2 2 0 0     0     0
10 67034.677243160413     2.510976930750 std4 2 2 0 0     0     0
10 67035.898219160421     2.510977037590 std4 2 2 0 0     0     0
10 67041.422635160441     2.510977523881 std4 2 2 0 0     0     0
10 67042.463467160411     2.510977616012 std4 2 2 0 0     0     0
h8
h9
