h1 CRD 2 2025 3 14 14
h2 WETL 8834 10 01 4 ILRS
h3 apollo15 0000103 0103 na 0 1 1
h4 0 2025 3 8 19 20 56 2025 3 8 19 31 22 0 0 0 0 1 0 2 0
C0 0   1064.000 std4 las1 det4 tim0   na   na met0   na
C1 0 las1     Nd:YAG    1064.00      20.00      80.00   10.0  2.00    1
C2 0 det4       SPAD   1064.000  70.00   -93.0 180.0     analog 150.0  0.35  90.0  18.0       none    0.0    0.0  0
C3 0 tim0                  TAC              EFOS-18             Dassault             02,09,10    0.0
C6 0 met0 Paroscientific Digiquarz_765-16B     155046 E+E_Elektronik EE33-PFTM2022N 17059374047303 E+E_Elektronik EE33-PFTM2022N 17059374047303
20 69420.000000000000  939.15 281.85   53 0
20 69600.000000000000  939.15 281.67   53 0
20 69960.000000000000  939.13 281.84   53 0
20 70140.000000000000  939.15 281.71   53 0
20 70500.000000000000  939.15 281.47   56 0
40 68608.548282500000 0 std4       na       na      na   119024.2      0.7   25.6      na      na     na 3 4 0 3    na
41 65106.819307300000 0 std4     2319     2319      na   119023.8       na   24.1   0.026  -0.822    7.2 3 0 0 1   4.6
41 68747.848529400000 0 std4     2951     2951      na   119023.5       na   27.2  -0.097  -0.674   -4.5 3 0 0 2  14.3
41 72110.277257800000 0 std4     2614     2614      na   119025.2       na   25.6   0.070  -0.865    1.8 3 0 0 2   9.4
10 69656.877326360593     2.511625999448 std4 2 2 0 0     0     0
10 69660.256027160599     2.511627378659 std4 2 2 0 0     0     0
10 69661.108708760616     2.511627726767 std4 2 2 0 0     0     0
10 69672.569870360607     2.511632416667 std4 2 2 0 0     0     0
10 69674.243207960585     2.511633102978 std4 2 2 0 0     0     0
10 69675.183959960593     2.511633488501 std4 2 2 0 0     0     0
10 69679.295246360612     2.511635176031 std4 2 2 0 0     0     0
10 69682.205572760603     2.511636372188 std4 2 2 0 0     0     0
10 69690.039835160592     2.511639596519 std4 2 2 0 0     0     0
10 69690.844478360602     2.511639927740 std4 2 2 0 0     0     0
10 69691.396919960615     2.511640155472 std4 2 2 0 0     0     0
10 69705.804436760614     2.511646107085 std4 2 2 0 0     0     0
10 69711.793223960584     2.511648588676 std4 2 2 0 0     0     0
10 69718.966958360586     2.511651566711 std4 2 2 0 0     0     0
10 69720.788414360603     2.511652323912 std4 2 2 0 0     0     0
10 69720.840455960610     2.511652345530 std4 2 2 0 0     0     0
10 69722.317636760610     2.511652959623 std4 2 2 0 0     0     0
10 69723.498580760615     2.511653451259 std4 2 2 0 0     0     0
10 69731.673115160626     2.511656856903 std4 2 2 0 0     0     0
10 69733.314427160590     2.511657541742 std4 2 2 0 0     0     0
10 69734.331239960626     2.511657966327 std4 2 2 0 0     0     0
10 69734.563425560585     2.511658063051 std4 2 2 0 0     0     0
10 69735.231959960590     2.511658342090 std4 2 2 0 0     0     0
10 69735.704337560597     2.511658539501 std4 2 2 0 0     0     0
10 69736.192727960588     2.511658743392 std4 2 2 0 0     0     0
10 69738.154295960609     2.511659563218 std4 2 2 0 0     0     0
10 69746.841239960619     2.511663198233 std4 2 2 0 0     0     0
10 69747.125467160592     2.511663317155 std4 2 2 0 0     0     0
10 69755.223940760615     2.511666714667 std4 2 2 0 0     0     0
10 69757.145476760624     2.511667521987 std4 2 2 0 0     0     0
10 69758.614651160624     2.511668139781 std4 2 2 0 0     0     0
10 69760.460126360605     2.511668915571 std4 2 2 0 0     0     0
10 69787.381646360608     2.511680284350 std4 2 2 0 0     0     0
10 69792.962107160628     2.511682652235 std4 2 2 0 0     0     0
10 69797.241527960628     2.511684470343 std4 2 2 0 0     0     0
10 69800.728315160623     2.511685953791 std4 2 2 0 0     0     0
10 69805.716302360619     2.511688078277 std4 2 2 0 0     0     0
10 69814.547361560610     2.511691846313 std4 2 2 0 0     0     0
10 69814.823582360625     2.511691964589 std4 2 2 0 0     0     0
10 69815.940475160623     2.511692441964 std4 2 2 0 0     0     0
10 69821.572977560592     2.511694851517 std4 2 2 0 0     0     0
10 69822.918052760623     2.511695427442 std4 2 2 0 0     0     0
10 69823.454481560606     2.511695657166 std4 2 2 0 0     0     0
10 69824.947675160625     2.511696296818 std4 2 2 0 0     0     0
10 69827.561764760596     2.511697417441 std4 2 2 0 0     0     0
10 69832.313563160615     2.511699456762 std4 2 2 0 0     0     0
10 69834.343185560613     2.511700328885 std4 2 2 0 0     0     0
10 69849.299140760588     2.511706769126 std4 2 2 0 0     0     0
10 69854.399217560620     2.511708971183 std4 2 2 0 0     0     0
10 69856.753099160603     2.511709988714 std4 2 2 0 0     0     0
10 69865.920427160631     2.511713958272 std4 2 2 0 0     0     0
10 69870.740279960609     2.511716049330 std4 2 2 0 0     0     0
10 69887.693831960594     2.511723427339 std4 2 2 0 0     0     0
10 69891.869169560603     2.511725249545 std4 2 2 0 0     0     0
10 69891.985262360629     2.511725300335 std4 2 2 0 0     0     0
10 69903.714638360624     2.511730431417 std4 2 2 0 0     0     0
10 69910.972439960601     2.511733614796 std4 2 2 0 0     0     0
10 69918.270273560619     2.511736822315 std4 2 2 0 0     0     0
10 69924.447211160626     2.511739542219 std4 2 2 0 0     0     0
10 69936.380750360631     2.511744809985 std4 2 2 0 0     0     0
10 69956.857118360597     2.511753889964 std4 2 2 0 0     0     0
10 69961.564881560608     2.511755984924 std4 2 2 0 0     0     0
10 69975.247819160627     2.511762088544 std4 2 2 0 0     0     0
10 69976.280644760644     2.511762550023 std4 2 2 0 0     0     0
10 69980.431963160620     2.511764407250 std4 2 2 0 0     0     0
10 69980.992411160627     2.511764658112 std4 2 2 0 0     0     0
10 69988.126113560619     2.511767854519 std4 2 2 0 0     0     0
10 69996.308654360610     2.511771528238 std4 2 2 0 0     0     0
10 70017.029217560624     2.511780868039 std4 2 2 0 0     0     0
10 70020.279815960614     2.511782338139 std4 2 2 0 0     0     0
10 70026.564839960616     2.511785184369 std4 2 2 0 0     0     0
10 70031.272603160624     2.511787319391 std4 2 2 0 0     0     0
10 70037.193335960609     2.511790008169 std4 2 2 0 0     0     0
10 70038.090052760635     2.511790415704 std4 2 2 0 0     0     0
10 70043.286206360642     2.511792779438 std4 2 2 0 0     0     0
10 70044.110865560618     2.511793154787 std4 2 2 0 0     0     0
10 70044.715348760642     2.511793430172 std4 2 2 0 0     0     0
10 70052.797809560635     2.511797114927 std4 2 2 0 0     0     0
10 70053.438321560642     2.511797407263 std4 2 2 0 0     0     0
10 70060.576027160609     2.511800668771 std4 2 2 0 0     0     0
10 70061.636875160620     2.511801153912 std4 2 2 0 0     0     0
10 70065.507969560638     2.511802926018 std4 2 2 0 0     0     0
10 70072.953921560643     2.511806339300 std4 2 2 0 0     0     0
10 70088.110036760626     2.511813308086 std4 2 2 0 0     0     0
10 70088.650468760631     2.511813556757 std4 2 2 0 0     0     0
10 70091.668881560632     2.511814948359 std4 2 2 0 0     0     0
10 70109.963505560630     2.511823405470 std4 2 2 0 0     0     0
10 70112.173271960636     2.511824429720 std4 2 2 0 0     0     0
10 70118.021947160649     2.511827143613 std4 2 2 0 0     0     0
10 70125.083591960647     2.511830425670 std4 2 2 0 0     0     0
10 70153.130011160643     2.511843521641 std4 2 2 0 0     0     0
10 70154.302948760614     2.511844071495 std4 2 2 0 0     0     0
10 70154.362996760609     2.511844099658 std4 2 2 0 0     0     0
10 70156.044340760621     2.511844888481 std4 2 2 0 0     0     0
10 70159.086772760647     2.511846315731 std4 2 2 0 0     0     0
10 70160.311751960622     2.511846890826 std4 2 2 0 0     0     0
10 70161.528724760619     2.511847462579 std4 2 2 0 0     0     0
10 70168.654420760643     2.511850812424 std4 2 2 0 0     0     0
10 70168.878599960632     2.511850917597 std4 2 2 0 0     0     0
10 70179.627191960658     2.511855982920 std4 2 2 0 0     0     0
10 70186.216459160623     2.511859094924 std4 2 2 0 0     0     0
10 70191.941035160657     2.511861803047 std4 2 2 0 0     0     0
10 70198.049918360626     2.511864697300 std4 2 2 0 0     0     0
10 70199.282903960630     2.511865282006 std4 2 2 0 0     0     0
10 70203.730459160621     2.511867392904 std4 2 2 0 0     0     0
10 70204.106759960650     2.511867571730 std4 2 2 0 0     0     0
10 70214.326929560648     2.511872431510 std4 2 2 0 0     0     0
10 70216.240459160623     2.511873342858 std4 2 2 0 0     0     0
10 70229.975438360657     2.511879897101 std4 2 2 0 0     0     0
10 70236.784881560626     2.511883154853 std4 2 2 0 0     0     0
10 70237.661582360659     2.511883575175 std4 2 2 0 0     0     0
10 70245.235636760649     2.511887206173 std4 2 2 0 0     0     0
10 70245.495844760649     2.511887331174 std4 2 2 0 0     0     0
10 70257.041073560627     2.511892880385 std4 2 2 0 0     0     0
10 70264.491028760653     2.511896469503 std4 2 2 0 0     0     0
10 70265.251636760653     2.511896836489 std4 2 2 0 0     0     0
10 70282.861713560642     2.511905349705 std4 2 2 0 0     0     0
h8
h9
