h1 CRD 2 2025 3 14 14
h2 WETL 8834 10 01 4 ILRS
h3 apollo15 0000103 0103 na 0 1 1
h4 0 2025 3 7 19 8 55 2025 3 7 19 13 38 0 0 0 0 1 0 2 0
C0 0   1064.000 std4 las1 det4 tim0   na   na met0   na
C1 0 las1     Nd:YAG    1064.00      20.00      80.00   10.0  2.00    1
C2 0 det4       SPAD   1064.000  70.00   -93.0 180.0     analog 150.0  0.35  90.0  18.0       none    0.0    0.0  0
C3 0 tim0                  TAC              EFOS-18             Dassault             02,09,10    0.0
C6 0 met0 Paroscientific Digiquarz_765-16B     155046 E+E_Elektronik EE33-PFTM2022N 17059374047303 E+E_Elektronik EE33-PFTM2022N 17059374047303
20 68700.000000000000  944.49 282.72   56 0
20 68880.000000000000  944.50 282.40   57 0
20 69060.000000000000  944.48 282.17   57 0
20 69240.000000000000  944.45 281.91   59 0
20 69420.000000000000  944.43 281.68   59 0
20 69600.000000000000  944.39 281.43   59 0
20 69780.000000000000  944.39 281.10   61 0
40 66942.983398500000 0 std4       na       na      na   119025.4      1.5   25.5      na      na     na 3 4 0 3    na
41 59957.834449800000 0 std4     2542     2542      na   119021.4       na   25.2  -0.088  -0.803   -9.4 3 0 0 1  17.9
41 63760.152412500000 0 std4     2944     2944      na   119022.6       na   27.1  -0.093  -0.859    4.4 3 0 0 1  19.1
41 65553.543579300000 0 std4     2724     2724      na   119028.7       na   26.1   0.053  -0.880  -13.7 3 0 0 1  14.1
41 69454.648726700000 0 std4     2540     2540      na   119025.1       na   25.2   0.012  -0.877   -4.1 3 0 0 2   9.1
41 73928.132347200000 0 std4     2287     2287      na   119028.1       na   23.9   0.009  -0.836    1.9 3 0 0 2   8.7
10 68935.323004540716     2.484268145431 std4 2 2 0 0     0     0
10 68937.108431740746     2.484269483433 std4 2 2 0 0     0     0
10 68945.515151740746     2.484275788408 std4 2 2 0 0     0     0
10 68951.652057340744     2.484280396651 std4 2 2 0 0     0     0
10 68967.424665340733     2.484292259762 std4 2 2 0 0     0     0
10 68992.656834940722     2.484311298936 std4 2 2 0 0     0     0
10 69016.936242940746     2.484329689428 std4 2 2 0 0     0     0
10 69026.263698940718     2.484336773034 std4 2 2 0 0     0     0
10 69036.652002940750     2.484344673699 std4 2 2 0 0     0     0
10 69040.703241340743     2.484347758309 std4 2 2 0 0     0     0
10 69055.214841340735     2.484358823735 std4 2 2 0 0     0     0
10 69055.983455740728     2.484359410383 std4 2 2 0 0     0     0
10 69069.970636540724     2.484370100189 std4 2 2 0 0     0     0
10 69072.140370940725     2.484371760619 std4 2 2 0 0     0     0
10 69072.408585340732     2.484371966012 std4 2 2 0 0     0     0
10 69076.900175740730     2.484375404788 std4 2 2 0 0     0     0
10 69079.502255740742     2.484377397787 std4 2 2 0 0     0     0
10 69081.415785340755     2.484378864609 std4 2 2 0 0     0     0
10 69116.583897340744     2.484405890079 std4 2 2 0 0     0     0
10 69119.021846140730     2.484407769065 std4 2 2 0 0     0     0
10 69124.558271740738     2.484412037974 std4 2 2 0 0     0     0
10 69132.880924540746     2.484418462474 std4 2 2 0 0     0     0
10 69141.363705340732     2.484425019151 std4 2 2 0 0     0     0
10 69151.531833340728     2.484432889272 std4 2 2 0 0     0     0
10 69157.368498940758     2.484437412295 std4 2 2 0 0     0     0
10 69166.339670140747     2.484444372316 std4 2 2 0 0     0     0
10 69168.953759740764     2.484446402592 std4 2 2 0 0     0     0
10 69186.928127740731     2.484460380814 std4 2 2 0 0     0     0
10 69187.732770940753     2.484461007646 std4 2 2 0 0     0     0
10 69193.049020540742     2.484465149240 std4 2 2 0 0     0     0
10 69209.634278140745     2.484478092832 std4 2 2 0 0     0     0
10 69218.008972540727     2.484484640923 std4 2 2 0 0     0     0
h8
h9
