h1 CRD 2 2025 3 13 19
h2 WETL 8834 10 01 4 ILRS
h3 apollo15 0000103 0103 na 0 1 1
h4 0 2025 3 6 18 50 11 2025 3 6 18 56 4 0 0 0 0 1 0 2 0
C0 0   1064.000 std4 las1 det4 tim0   na   na met0   na
C1 0 las1     Nd:YAG    1064.00      20.00      80.00   10.0  2.00    1
C2 0 det4       SPAD   1064.000  70.00   -93.0 180.0     analog 150.0  0.35  90.0  18.0       none    0.0    0.0  0
C3 0 tim0                  TAC              EFOS-18             Dassault             02,09,10    0.0
C6 0 met0 Paroscientific Digiquarz_765-16B     155046 E+E_Elektronik EE33-PFTM2022N 17059374047303 E+E_Elektronik EE33-PFTM2022N 17059374047303
20 67620.000000000000  948.52 282.23   52 0
20 67800.000000000000  948.51 281.93   53 0
20 67980.000000000000  948.50 281.63   55 0
20 68340.000000000000  948.53 281.43   56 0
20 68700.000000000000  948.47 281.70   55 0
40 68917.950047800000 0 std4       na       na      na   119026.7     -0.1   24.8      na      na     na 3 4 0 3    na
41 62890.335111300000 0 std4     2597     2597      na   119027.2       na   25.5   0.026  -0.746   -3.2 3 0 0 1   7.5
41 67586.528127300000 0 std4     2566     2566      na   119026.4       na   25.3   0.011  -0.797    3.6 3 0 0 1   7.6
41 71731.595017400000 0 std4     2248     2248      na   119026.2       na   23.7  -0.005  -0.876   -2.2 3 0 0 2   7.3
41 74617.451967400000 0 std4     2713     2713      na   119026.8       na   26.0  -0.046  -0.834   -2.8 3 0 0 2   8.1
41 74945.564984300000 0 std4     2200     2200      na   119026.5       na   23.5   0.028  -0.788    6.5 3 0 0 2   7.6
10 67811.340887106449     2.457255751120 std4 2 2 0 0     0     0
10 67812.352887106461     2.457256796415 std4 2 2 0 0     0     0
10 67815.404887106470     2.457259949477 std4 2 2 0 0     0     0
10 67817.996887106459     2.457262628649 std4 2 2 0 0     0     0
10 67821.116887106471     2.457265853698 std4 2 2 0 0     0     0
10 67827.772887106453     2.457272738314 std4 2 2 0 0     0     0
10 67828.112887106444     2.457273090010 std4 2 2 0 0     0     0
10 67833.400887106434     2.457278563479 std4 2 2 0 0     0     0
10 67843.960887106437     2.457289502649 std4 2 2 0 0     0     0
10 67848.752887106447     2.457294470610 std4 2 2 0 0     0     0
10 67849.148887106451     2.457294881267 std4 2 2 0 0     0     0
10 67852.920887106438     2.457298793849 std4 2 2 0 0     0     0
10 67864.228887106477     2.457310532693 std4 2 2 0 0     0     0
10 67870.072887106439     2.457316604732 std4 2 2 0 0     0     0
10 67871.188887106475     2.457317764790 std4 2 2 0 0     0     0
10 67871.964887106448     2.457318571743 std4 2 2 0 0     0     0
10 67873.920887106472     2.457320605156 std4 2 2 0 0     0     0
10 67895.824887106443     2.457343407484 std4 2 2 0 0     0     0
10 67908.136887106451     2.457356247532 std4 2 2 0 0     0     0
10 67910.600887106473     2.457358819325 std4 2 2 0 0     0     0
10 67912.896887106454     2.457361215919 std4 2 2 0 0     0     0
10 67919.480887106472     2.457368092700 std4 2 2 0 0     0     0
10 67920.132887106469     2.457368774018 std4 2 2 0 0     0     0
10 67920.456887106458     2.457369112604 std4 2 2 0 0     0     0
10 67923.008887106467     2.457371779392 std4 2 2 0 0     0     0
10 67923.512887106472     2.457372306616 std4 2 2 0 0     0     0
10 67928.544887106437     2.457377567693 std4 2 2 0 0     0     0
10 67930.940887106468     2.457380073604 std4 2 2 0 0     0     0
10 67940.784887106449     2.457390376712 std4 2 2 0 0     0     0
10 67941.748887106471     2.457391385980 std4 2 2 0 0     0     0
10 67946.072887106443     2.457395915824 std4 2 2 0 0     0     0
10 67949.344887106455     2.457399344718 std4 2 2 0 0     0     0
10 67950.124887106454     2.457400162224 std4 2 2 0 0     0     0
10 67971.708887106454     2.457422811919 std4 2 2 0 0     0     0
10 67971.976887106444     2.457423093885 std4 2 2 0 0     0     0
10 67972.048887106457     2.457423169447 std4 2 2 0 0     0     0
10 67972.084887106471     2.457423207253 std4 2 2 0 0     0     0
10 67976.012887106477     2.457427334869 std4 2 2 0 0     0     0
10 67978.324887106450     2.457429765384 std4 2 2 0 0     0     0
10 67990.424887106456     2.457442493855 std4 2 2 0 0     0     0
10 67995.852887106448     2.457448209050 std4 2 2 0 0     0     0
10 67995.960887106450     2.457448323159 std4 2 2 0 0     0     0
10 68003.588887106481     2.457456360600 std4 2 2 0 0     0     0
10 68012.884887106471     2.457466164002 std4 2 2 0 0     0     0
10 68019.024887106476     2.457472644548 std4 2 2 0 0     0     0
10 68021.744887106477     2.457475516392 std4 2 2 0 0     0     0
10 68025.936887106443     2.457479944581 std4 2 2 0 0     0     0
10 68025.964887106488     2.457479974210 std4 2 2 0 0     0     0
10 68040.824887106455     2.457495686407 std4 2 2 0 0     0     0
10 68040.960887106483     2.457495830348 std4 2 2 0 0     0     0
10 68042.008887106477     2.457496939439 std4 2 2 0 0     0     0
10 68042.292887106443     2.457497240095 std4 2 2 0 0     0     0
10 68045.064887106459     2.457500174190 std4 2 2 0 0     0     0
10 68045.720887106473     2.457500868770 std4 2 2 0 0     0     0
10 68048.160887106459     2.457503452093 std4 2 2 0 0     0     0
10 68048.852887106456     2.457504185254 std4 2 2 0 0     0     0
10 68053.892887106461     2.457509523936 std4 2 2 0 0     0     0
10 68064.040887106469     2.457520282467 std4 2 2 0 0     0     0
10 68066.200887106467     2.457522574036 std4 2 2 0 0     0     0
10 68066.736887106445     2.457523142776 std4 2 2 0 0     0     0
10 68069.896887106454     2.457526496168 std4 2 2 0 0     0     0
10 68071.824887106447     2.457528542700 std4 2 2 0 0     0     0
10 68073.316887106455     2.457530126740 std4 2 2 0 0     0     0
10 68073.648887106471     2.457530479047 std4 2 2 0 0     0     0
10 68075.052887106472     2.457531969959 std4 2 2 0 0     0     0
10 68089.468887106459     2.457547290070 std4 2 2 0 0     0     0
10 68091.808887106465     2.457549778946 std4 2 2 0 0     0     0
10 68093.584887106458     2.457551668570 std4 2 2 0 0     0     0
10 68109.360887106450     2.457568467159 std4 2 2 0 0     0     0
10 68109.656887106483     2.457568782772 std4 2 2 0 0     0     0
10 68113.968887106488     2.457573379316 std4 2 2 0 0     0     0
10 68130.408887106470     2.457590922102 std4 2 2 0 0     0     0
10 68135.132887106464     2.457595968521 std4 2 2 0 0     0     0
10 68139.392887106458     2.457600521594 std4 2 2 0 0     0     0
10 68141.044887106470     2.457602287785 std4 2 2 0 0     0     0
10 68143.288887106491     2.457604687286 std4 2 2 0 0     0     0
10 68143.452887106467     2.457604862392 std4 2 2 0 0     0     0
10 68145.176887106487     2.457606706396 std4 2 2 0 0     0     0
10 68152.356887106454     2.457614389060 std4 2 2 0 0     0     0
10 68158.588887106476     2.457621061763 std4 2 2 0 0     0     0
10 68164.172887106466     2.457627044674 std4 2 2 0 0     0     0
h8
h9
