h1 CRD 2 2025 3 14 14
h2 WETL 8834 10 01 4 ILRS
h3 apollo15 0000103 0103 na 0 1 1
h4 0 2025 3 8 18 16 3 2025 3 8 18 22 16 0 0 0 0 1 0 2 0
C0 0   1064.000 std4 las1 det4 tim0   na   na met0   na
C1 0 las1     Nd:YAG    1064.00      20.00      80.00   10.0  2.00    1
C2 0 det4       SPAD   1064.000  70.00   -93.0 180.0     analog 150.0  0.35  90.0  18.0       none    0.0    0.0  0
C3 0 tim0                  TAC              EFOS-18             Dassault             02,09,10    0.0
C6 0 met0 Paroscientific Digiquarz_765-16B     155046 E+E_Elektronik EE33-PFTM2022N 17059374047303 E+E_Elektronik EE33-PFTM2022N 17059374047303
20 65640.000000000000  939.55 283.65   46 0
20 66000.000000000000  939.50 283.47   47 0
20 66180.000000000000  939.47 283.35   46 0
20 66540.000000000000  939.44 283.22   46 0
40 68608.548282500000 0 std4       na       na      na   119024.2      0.7   25.6      na      na     na 3 4 0 3    na
41 65106.819307300000 0 std4     2319     2319      na   119023.8       na   24.1   0.026  -0.822    7.2 3 0 0 1   4.6
41 68747.848529400000 0 std4     2951     2951      na   119023.5       na   27.2  -0.097  -0.674   -4.5 3 0 0 2  14.3
41 72110.277257800000 0 std4     2614     2614      na   119025.2       na   25.6   0.070  -0.865    1.8 3 0 0 2   9.4
10 65763.044750360322     2.510963125707 std4 2 2 0 0     0     0
10 65780.762913560352     2.510961985160 std4 2 2 0 0     0     0
10 65782.272119960339     2.510961889961 std4 2 2 0 0     0     0
10 65782.288132760352     2.510961888572 std4 2 2 0 0     0     0
10 65783.477083160356     2.510961813641 std4 2 2 0 0     0     0
10 65794.181639960366     2.510961146177 std4 2 2 0 0     0     0
10 65797.760500760344     2.510960926185 std4 2 2 0 0     0     0
10 65802.408215960359     2.510960642494 std4 2 2 0 0     0     0
10 65808.681230360347     2.510960264083 std4 2 2 0 0     0     0
10 65813.729265560335     2.510959963061 std4 2 2 0 0     0     0
10 65814.690033560337     2.510959905664 std4 2 2 0 0     0     0
10 65816.219255960366     2.510959815011 std4 2 2 0 0     0     0
10 65816.951841560319     2.510959771858 std4 2 2 0 0     0     0
10 65817.127982360359     2.510959761632 std4 2 2 0 0     0     0
10 65819.862167960338     2.510959600508 std4 2 2 0 0     0     0
10 65820.182423960335     2.510959581653 std4 2 2 0 0     0     0
10 65830.666804760342     2.510958974024 std4 2 2 0 0     0     0
10 65837.824526360337     2.510958566323 std4 2 2 0 0     0     0
10 65848.188811160362     2.510957987068 std4 2 2 0 0     0     0
10 65849.673998360331     2.510957905376 std4 2 2 0 0     0     0
10 65850.462628760353     2.510957861773 std4 2 2 0 0     0     0
10 65851.319313560353     2.510957814872 std4 2 2 0 0     0     0
10 65864.685998360339     2.510957091984 std4 2 2 0 0     0     0
10 65869.385755160371     2.510956842774 std4 2 2 0 0     0     0
10 65869.886155160369     2.510956815808 std4 2 2 0 0     0     0
10 65870.402567960355     2.510956788844 std4 2 2 0 0     0     0
10 65871.299284760337     2.510956741871 std4 2 2 0 0     0     0
10 65878.180785560342     2.510956383022 std4 2 2 0 0     0     0
10 65878.296878360356     2.510956377189 std4 2 2 0 0     0     0
10 65881.891751960370     2.510956192267 std4 2 2 0 0     0     0
10 65886.619531160358     2.510955951389 std4 2 2 0 0     0     0
10 65887.099915160355     2.510955926949 std4 2 2 0 0     0     0
10 65887.456199960326     2.510955909322 std4 2 2 0 0     0     0
10 65898.477009560370     2.510955359050 std4 2 2 0 0     0     0
10 65910.170356760366     2.510954791075 std4 2 2 0 0     0     0
10 65911.743614360372     2.510954715953 std4 2 2 0 0     0     0
10 65915.078279960327     2.510954557109 std4 2 2 0 0     0     0
10 65920.618708760367     2.510954297280 std4 2 2 0 0     0     0
10 65924.862100760371     2.510954100500 std4 2 2 0 0     0     0
10 65931.735595160366     2.510953786680 std4 2 2 0 0     0     0
10 65935.930948760348     2.510953597413 std4 2 2 0 0     0     0
10 65937.432148760341     2.510953530352 std4 2 2 0 0     0     0
10 65941.023019160371     2.510953370740 std4 2 2 0 0     0     0
10 65947.824455960374     2.510953072895 std4 2 2 0 0     0     0
10 65948.649115160347     2.510953037200 std4 2 2 0 0     0     0
10 65959.261598360348     2.510952585033 std4 2 2 0 0     0     0
10 65959.501790360348     2.510952575292 std4 2 2 0 0     0     0
10 65961.115079960364     2.510952507054 std4 2 2 0 0     0     0
10 65962.031812760344     2.510952469073 std4 2 2 0 0     0     0
10 65962.536215960369     2.510952447935 std4 2 2 0 0     0     0
10 65964.597863960376     2.510952362516 std4 2 2 0 0     0     0
10 65966.687534360370     2.510952276350 std4 2 2 0 0     0     0
10 65966.723563160353     2.510952275245 std4 2 2 0 0     0     0
10 65967.572241560347     2.510952239783 std4 2 2 0 0     0     0
10 65973.184727960360     2.510952012139 std4 2 2 0 0     0     0
10 65977.660305560337     2.510951832613 std4 2 2 0 0     0     0
10 65990.170305560349     2.510951344160 std4 2 2 0 0     0     0
10 65990.334436760370     2.510951337937 std4 2 2 0 0     0     0
10 65992.396084760381     2.510951259271 std4 2 2 0 0     0     0
10 65993.913297560364     2.510951201395 std4 2 2 0 0     0     0
10 65994.733953560367     2.510951170236 std4 2 2 0 0     0     0
10 65994.990158360349     2.510951160688 std4 2 2 0 0     0     0
10 65998.040596760355     2.510951046275 std4 2 2 0 0     0     0
10 66003.889271960359     2.510950829913 std4 2 2 0 0     0     0
10 66005.658686360352     2.510950765182 std4 2 2 0 0     0     0
10 66012.696311960348     2.510950511942 std4 2 2 0 0     0     0
10 66029.141457560350     2.510949942040 std4 2 2 0 0     0     0
10 66029.805988760361     2.510949920320 std4 2 2 0 0     0     0
10 66031.091015960348     2.510949877113 std4 2 2 0 0     0     0
10 66032.756347160366     2.510949821290 std4 2 2 0 0     0     0
10 66033.661070360334     2.510949791715 std4 2 2 0 0     0     0
10 66037.980523160342     2.510949649775 std4 2 2 0 0     0     0
10 66039.525758360376     2.510949599294 std4 2 2 0 0     0     0
10 66043.152657560369     2.510949482500 std4 2 2 0 0     0     0
10 66049.173470360369     2.510949292848 std4 2 2 0 0     0     0
10 66049.858017560333     2.510949271286 std4 2 2 0 0     0     0
10 66052.179873560350     2.510949198974 std4 2 2 0 0     0     0
10 66052.444084760378     2.510949191198 std4 2 2 0 0     0     0
10 66054.998126360348     2.510949112802 std4 2 2 0 0     0     0
10 66055.178270360347     2.510949107373 std4 2 2 0 0     0     0
10 66057.163857560375     2.510949046694 std4 2 2 0 0     0     0
10 66062.255927960349     2.510948894402 std4 2 2 0 0     0     0
10 66063.396839960345     2.510948860713 std4 2 2 0 0     0     0
10 66063.721099160367     2.510948850780 std4 2 2 0 0     0     0
10 66064.317575960354     2.510948833291 std4 2 2 0 0     0     0
10 66065.478503960361     2.510948799049 std4 2 2 0 0     0     0
10 66066.046958360351     2.510948782735 std4 2 2 0 0     0     0
10 66066.467294360354     2.510948770186 std4 2 2 0 0     0     0
10 66066.919655960369     2.510948757171 std4 2 2 0 0     0     0
10 66067.780343960371     2.510948732013 std4 2 2 0 0     0     0
10 66067.848398360363     2.510948730234 std4 2 2 0 0     0     0
10 66069.145435160347     2.510948692437 std4 2 2 0 0     0     0
10 66069.213489560356     2.510948690523 std4 2 2 0 0     0     0
10 66071.739508760378     2.510948618063 std4 2 2 0 0     0     0
10 66076.555358360370     2.510948482316 std4 2 2 0 0     0     0
10 66077.492107160353     2.510948456032 std4 2 2 0 0     0     0
10 66079.934059160375     2.510948388431 std4 2 2 0 0     0     0
10 66082.335979160377     2.510948322772 std4 2 2 0 0     0     0
10 66085.070164760355     2.510948248639 std4 2 2 0 0     0     0
10 66087.760315160360     2.510948176501 std4 2 2 0 0     0     0
10 66088.364798360384     2.510948160657 std4 2 2 0 0     0     0
10 66093.440855960373     2.510948027200 std4 2 2 0 0     0     0
10 66094.641815960373     2.510947996052 std4 2 2 0 0     0     0
10 66097.664231960350     2.510947918616 std4 2 2 0 0     0     0
10 66097.932446360386     2.510947911603 std4 2 2 0 0     0     0
10 66099.741892760385     2.510947866418 std4 2 2 0 0     0     0
10 66099.869995160378     2.510947862766 std4 2 2 0 0     0     0
10 66105.446452760372     2.510947724363 std4 2 2 0 0     0     0
10 66108.216667160376     2.510947657082 std4 2 2 0 0     0     0
10 66111.247089560387     2.510947584115 std4 2 2 0 0     0     0
10 66111.963662360376     2.510947567174 std4 2 2 0 0     0     0
10 66113.376791960375     2.510947533736 std4 2 2 0 0     0     0
10 66114.381595160370     2.510947510399 std4 2 2 0 0     0     0
10 66116.375188760373     2.510947464134 std4 2 2 0 0     0     0
10 66117.500087960370     2.510947438190 std4 2 2 0 0     0     0
10 66124.009291160377     2.510947290068 std4 2 2 0 0     0     0
10 66132.371975960363     2.510947108133 std4 2 2 0 0     0     0
10 66134.025297560382     2.510947073373 std4 2 2 0 0     0     0
10 66136.831540760366     2.510947014623 std4 2 2 0 0     0     0
h8
h9
