h1 CRD 2 2025 3 14 14
h2 WETL 8834 10 01 4 ILRS
h3 apollo15 0000103 0103 na 0 1 1
h4 0 2025 3 7 16 12 5 2025 3 7 16 18 44 0 0 0 0 1 0 2 0
C0 0   1064.000 std4 las1 det4 tim0   na   na met0   na
C1 0 las1     Nd:YAG    1064.00      20.00      80.00   10.0  2.00    1
C2 0 det4       SPAD   1064.000  70.00   -93.0 180.0     analog 150.0  0.35  90.0  18.0       none    0.0    0.0  0
C3 0 tim0                  TAC              EFOS-18             Dassault             02,09,10    0.0
C6 0 met0 Paroscientific Digiquarz_765-16B     155046 E+E_Elektronik EE33-PFTM2022N 17059374047303 E+E_Elektronik EE33-PFTM2022N 17059374047303
20 58080.000000000000  944.47 286.92   49 0
20 58620.000000000000  944.41 286.61   50 0
20 59160.000000000000  944.40 286.28   51 0
40 61031.662305100000 0 std4       na       na      na   119023.8      1.4   26.0      na      na     na 3 4 0 3    na
41 56509.781030800000 0 std4     2582     2582      na   119023.3       na   25.4   0.055  -0.733   -5.3 3 0 0 1   4.3
41 59957.834449800000 0 std4     2542     2542      na   119021.4       na   25.2  -0.088  -0.803   -9.4 3 0 0 1  17.9
41 63760.152412500000 0 std4     2944     2944      na   119022.6       na   27.1  -0.093  -0.859    4.4 3 0 0 2  19.1
41 65553.543579300000 0 std4     2724     2724      na   119028.7       na   26.1   0.053  -0.880  -13.7 3 0 0 2  14.1
10 58325.068941740084     2.483021018772 std4 2 2 0 0     0     0
10 58364.748660140080     2.483001487500 std4 2 2 0 0     0     0
10 58370.921594540082     2.482998464276 std4 2 2 0 0     0     0
10 58376.173792940083     2.482995894447 std4 2 2 0 0     0     0
10 58382.022468140062     2.482993037166 std4 2 2 0 0     0     0
10 58382.638960940055     2.482992736429 std4 2 2 0 0     0     0
10 58400.016852140087     2.482984268352 std4 2 2 0 0     0     0
10 58404.492429740055     2.482982092305 std4 2 2 0 0     0     0
10 58406.421972140093     2.482981155248 std4 2 2 0 0     0     0
10 58406.506039340061     2.482981114414 std4 2 2 0 0     0     0
10 58414.704592940089     2.482977136312 std4 2 2 0 0     0     0
10 58417.550868140065     2.482975756661 std4 2 2 0 0     0     0
10 58422.755028140071     2.482973236511 std4 2 2 0 0     0     0
10 58423.183370540061     2.482973029324 std4 2 2 0 0     0     0
10 58439.144128940066     2.482965319729 std4 2 2 0 0     0     0
10 58449.620503340088     2.482960273762 std4 2 2 0 0     0     0
10 58450.317060140072     2.482959938617 std4 2 2 0 0     0     0
10 58452.294640940057     2.482958987565 std4 2 2 0 0     0     0
10 58453.843879340056     2.482958243104 std4 2 2 0 0     0     0
10 58458.363492140060     2.482956071866 std4 2 2 0 0     0     0
10 58462.666932140087     2.482954006311 std4 2 2 0 0     0     0
10 58463.651719340056     2.482953534325 std4 2 2 0 0     0     0
10 58466.313847340076     2.482952257655 std4 2 2 0 0     0     0
10 58466.526016940085     2.482952156080 std4 2 2 0 0     0     0
10 58467.426736940088     2.482951724246 std4 2 2 0 0     0     0
10 58468.055239340083     2.482951423355 std4 2 2 0 0     0     0
10 58469.656519340088     2.482950656142 std4 2 2 0 0     0     0
10 58472.526813740100     2.482949282128 std4 2 2 0 0     0     0
10 58474.432336940079     2.482948370000 std4 2 2 0 0     0     0
10 58475.269005740059     2.482947969898 std4 2 2 0 0     0     0
10 58479.712557740081     2.482945845244 std4 2 2 0 0     0     0
10 58480.080852140067     2.482945669292 std4 2 2 0 0     0     0
10 58480.521204140075     2.482945459062 std4 2 2 0 0     0     0
10 58486.277805740076     2.482942710176 std4 2 2 0 0     0     0
10 58507.594845740083     2.482932562740 std4 2 2 0 0     0     0
10 58510.228951340099     2.482931312002 std4 2 2 0 0     0     0
10 58511.790199340073     2.482930571590 std4 2 2 0 0     0     0
10 58513.231351340053     2.482929887760 std4 2 2 0 0     0     0
10 58515.965536940081     2.482928591554 std4 2 2 0 0     0     0
10 58516.241757740061     2.482928460311 std4 2 2 0 0     0     0
10 58528.383463340077     2.482922713731 std4 2 2 0 0     0     0
10 58532.987143340095     2.482920538892 std4 2 2 0 0     0     0
10 58533.223332140080     2.482920426979 std4 2 2 0 0     0     0
10 58535.829415340065     2.482919197326 std4 2 2 0 0     0     0
10 58538.567604140063     2.482917905570 std4 2 2 0 0     0     0
10 58538.667684140064     2.482917858294 std4 2 2 0 0     0     0
10 58543.059194540093     2.482915787919 std4 2 2 0 0     0     0
10 58544.580410540103     2.482915071880 std4 2 2 0 0     0     0
10 58556.389850540076     2.482909517668 std4 2 2 0 0     0     0
10 58556.878240940070     2.482909288228 std4 2 2 0 0     0     0
10 58557.046375340062     2.482909209048 std4 2 2 0 0     0     0
10 58561.289767340092     2.482907217582 std4 2 2 0 0     0     0
10 58567.058378540099     2.482904513015 std4 2 2 0 0     0     0
10 58567.967104940104     2.482904087552 std4 2 2 0 0     0     0
10 58570.012740140086     2.482903129374 std4 2 2 0 0     0     0
10 58571.417863340067     2.482902471770 std4 2 2 0 0     0     0
10 58573.875828140061     2.482901321525 std4 2 2 0 0     0     0
10 58582.382628140065     2.482897345844 std4 2 2 0 0     0     0
10 58585.164852140084     2.482896047084 std4 2 2 0 0     0     0
10 58586.569975340098     2.482895391416 std4 2 2 0 0     0     0
10 58587.326580140097     2.482895038460 std4 2 2 0 0     0     0
10 58590.272935340077     2.482893665014 std4 2 2 0 0     0     0
10 58591.441869740075     2.482893120376 std4 2 2 0 0     0     0
10 58594.920650540074     2.482891500459 std4 2 2 0 0     0     0
10 58598.475492140106     2.482889845775 std4 2 2 0 0     0     0
10 58601.321767340092     2.482888522657 std4 2 2 0 0     0     0
10 58603.311357740095     2.482887597475 std4 2 2 0 0     0     0
10 58605.557152940074     2.482886554356 std4 2 2 0 0     0     0
10 58608.555549740071     2.482885162665 std4 2 2 0 0     0     0
10 58611.646020140080     2.482883728703 std4 2 2 0 0     0     0
10 58618.943853740078     2.482880347163 std4 2 2 0 0     0     0
10 58619.292132140073     2.482880186064 std4 2 2 0 0     0     0
10 58619.888608940106     2.482879909958 std4 2 2 0 0     0     0
10 58621.638007340107     2.482879100249 std4 2 2 0 0     0     0
10 58624.648413740067     2.482877707632 std4 2 2 0 0     0     0
10 58629.364183340106     2.482875528530 std4 2 2 0 0     0     0
10 58629.568346540077     2.482875434400 std4 2 2 0 0     0     0
10 58631.061540140101     2.482874745132 std4 2 2 0 0     0     0
10 58631.117584940078     2.482874718852 std4 2 2 0 0     0     0
10 58632.358576940089     2.482874146164 std4 2 2 0 0     0     0
10 58634.800528940096     2.482873019686 std4 2 2 0 0     0     0
10 58638.955850540083     2.482871103954 std4 2 2 0 0     0     0
10 58639.127988140098     2.482871024513 std4 2 2 0 0     0     0
10 58640.753287340073     2.482870275543 std4 2 2 0 0     0     0
10 58648.411408940066     2.482866751335 std4 2 2 0 0     0     0
10 58649.860567340063     2.482866084686 std4 2 2 0 0     0     0
10 58664.236058540102     2.482859488033 std4 2 2 0 0     0     0
10 58667.222445740088     2.482858120652 std4 2 2 0 0     0     0
10 58667.935015340100     2.482857794831 std4 2 2 0 0     0     0
10 58668.823725740097     2.482857387825 std4 2 2 0 0     0     0
10 58681.361748140109     2.482851658756 std4 2 2 0 0     0     0
10 58682.586727340085     2.482851099868 std4 2 2 0 0     0     0
10 58689.880557740110     2.482847775498 std4 2 2 0 0     0     0
10 58694.011860140096     2.482845895425 std4 2 2 0 0     0     0
10 58694.620346540108     2.482845618393 std4 2 2 0 0     0     0
10 58694.728432940100     2.482845569551 std4 2 2 0 0     0     0
10 58697.330512940106     2.482844386559 std4 2 2 0 0     0     0
10 58701.013456940072     2.482842712916 std4 2 2 0 0     0     0
10 58703.799684140101     2.482841448093 std4 2 2 0 0     0     0
10 58703.923783340075     2.482841391666 std4 2 2 0 0     0     0
10 58716.141549740074     2.482835854856 std4 2 2 0 0     0     0
10 58720.633140140087     2.482833823602 std4 2 2 0 0     0     0
10 58720.781258540073     2.482833756581 std4 2 2 0 0     0     0
10 58722.610720940073     2.482832929443 std4 2 2 0 0     0     0
10 58724.444186540095     2.482832101473 std4 2 2 0 0     0     0
h8
h9
