h1 CRD 2 2025 3 14 14
h2 WETL 8834 10 01 4 ILRS
h3 apollo15 0000103 0103 na 0 1 1
h4 0 2025 3 7 17 49 24 2025 3 7 17 55 55 0 0 0 0 1 0 2 0
C0 0   1064.000 std4 las1 det4 tim0   na   na met0   na
C1 0 las1     Nd:YAG    1064.00      20.00      80.00   10.0  2.00    1
C2 0 det4       SPAD   1064.000  70.00   -93.0 180.0     analog 150.0  0.35  90.0  18.0       none    0.0    0.0  0
C3 0 tim0                  TAC              EFOS-18             Dassault             02,09,10    0.0
C6 0 met0 Paroscientific Digiquarz_765-16B     155046 E+E_Elektronik EE33-PFTM2022N 17059374047303 E+E_Elektronik EE33-PFTM2022N 17059374047303
20 64020.000000000000  944.45 284.85   55 0
20 64200.000000000000  944.43 284.61   56 0
20 64380.000000000000  944.43 284.41   56 0
20 64740.000000000000  944.46 284.19   57 0
20 64920.000000000000  944.47 284.01   57 0
20 65100.000000000000  944.46 284.29   55 0
40 66942.983398500000 0 std4       na       na      na   119025.4      1.5   25.5      na      na     na 3 4 0 3    na
41 59957.834449800000 0 std4     2542     2542      na   119021.4       na   25.2  -0.088  -0.803   -9.4 3 0 0 1  17.9
41 63760.152412500000 0 std4     2944     2944      na   119022.6       na   27.1  -0.093  -0.859    4.4 3 0 0 1  19.1
41 65553.543579300000 0 std4     2724     2724      na   119028.7       na   26.1   0.053  -0.880  -13.7 3 0 0 1  14.1
41 69454.648726700000 0 std4     2540     2540      na   119025.1       na   25.2   0.012  -0.877   -4.1 3 0 0 2   9.1
41 73928.132347200000 0 std4     2287     2287      na   119028.1       na   23.9   0.009  -0.836    1.9 3 0 0 2   8.7
10 64164.098855397540     2.482052759560 std4 2 2 0 0     0     0
10 64190.058855397538     2.482057388702 std4 2 2 0 0     0     0
10 64190.770855397545     2.482057516592 std4 2 2 0 0     0     0
10 64205.398855397567     2.482060161460 std4 2 2 0 0     0     0
10 64208.742855397574     2.482060770153 std4 2 2 0 0     0     0
10 64211.122855397579     2.482061203539 std4 2 2 0 0     0     0
10 64224.610855383267     2.482063674732 std4 2 2 0 0     0     0
10 64233.626855397572     2.482065339152 std4 2 2 0 0     0     0
10 64241.606855397579     2.482066819941 std4 2 2 0 0     0     0
10 64241.630855397549     2.482066824364 std4 2 2 0 0     0     0
10 64242.134855383289     2.482066917996 std4 2 2 0 0     0     0
10 64243.130855383269     2.482067103903 std4 2 2 0 0     0     0
10 64256.758855397560     2.482069653569 std4 2 2 0 0     0     0
10 64259.734855397542     2.482070212733 std4 2 2 0 0     0     0
10 64266.298855397561     2.482071451471 std4 2 2 0 0     0     0
10 64268.906855397554     2.482071944974 std4 2 2 0 0     0     0
10 64270.594855397544     2.482072264661 std4 2 2 0 0     0     0
10 64273.346855397550     2.482072786965 std4 2 2 0 0     0     0
10 64277.870855397573     2.482073646883 std4 2 2 0 0     0     0
10 64278.106855397545     2.482073692450 std4 2 2 0 0     0     0
10 64284.550855397565     2.482074922222 std4 2 2 0 0     0     0
10 64289.878855383261     2.482075942610 std4 2 2 0 0     0     0
10 64289.990855397557     2.482075964109 std4 2 2 0 0     0     0
10 64305.682855397549     2.482078990835 std4 2 2 0 0     0     0
10 64306.126855383288     2.482079076688 std4 2 2 0 0     0     0
10 64313.438855397578     2.482080497055 std4 2 2 0 0     0     0
10 64316.154855397553     2.482081026939 std4 2 2 0 0     0     0
10 64331.842855397571     2.482084101477 std4 2 2 0 0     0     0
10 64337.162855397583     2.482085150851 std4 2 2 0 0     0     0
10 64341.906855397556     2.482086090190 std4 2 2 0 0     0     0
10 64351.298855383284     2.482087956565 std4 2 2 0 0     0     0
10 64361.974855397582     2.482090091205 std4 2 2 0 0     0     0
10 64364.922855397566     2.482090683069 std4 2 2 0 0     0     0
10 64365.670855397555     2.482090833633 std4 2 2 0 0     0     0
10 64368.758855397567     2.482091454824 std4 2 2 0 0     0     0
10 64377.814855397569     2.482093283324 std4 2 2 0 0     0     0
10 64378.518855397584     2.482093425988 std4 2 2 0 0     0     0
10 64386.706855397583     2.482095089067 std4 2 2 0 0     0     0
10 64387.690855397548     2.482095289605 std4 2 2 0 0     0     0
10 64391.214855397570     2.482096008247 std4 2 2 0 0     0     0
10 64403.114855397563     2.482098445951 std4 2 2 0 0     0     0
10 64410.134855397548     2.482099891348 std4 2 2 0 0     0     0
10 64412.154855397562     2.482100308974 std4 2 2 0 0     0     0
10 64435.262855397555     2.482105116208 std4 2 2 0 0     0     0
10 64446.918855397577     2.482107565205 std4 2 2 0 0     0     0
10 64447.606855397566     2.482107710928 std4 2 2 0 0     0     0
10 64448.654855397555     2.482107931974 std4 2 2 0 0     0     0
10 64484.910855397600     2.482115663050 std4 2 2 0 0     0     0
10 64492.686855383302     2.482117341831 std4 2 2 0 0     0     0
10 64506.050855397556     2.482120244296 std4 2 2 0 0     0     0
10 64508.206855397589     2.482120714527 std4 2 2 0 0     0     0
10 64509.802855397571     2.482121062589 std4 2 2 0 0     0     0
10 64511.074855397581     2.482121341073 std4 2 2 0 0     0     0
10 64515.706855397595     2.482122354386 std4 2 2 0 0     0     0
10 64540.886855397590     2.482127910951 std4 2 2 0 0     0     0
10 64548.606855397584     2.482129629524 std4 2 2 0 0     0     0
10 64555.838855397579     2.482131246176 std4 2 2 0 0     0     0
h8
h9
