h1 CRD  1 2016  8  1 21
h2 MDOL       7080 24 19  4
h3 apollo15        103  103        0 0 2
h4  0 2011  1 16  2 31 31 2011  1 16  3  8 19  0 0 0 0 1 0 2 0
c0 0 532.000 std ml1 ham mt1
c1 0 ml1 Nd-Yag 1064.00 10.00 -1.00 200.0 -1.00 1
c2 0 ham ham 532.000 -1.00 3800.0 0.0 unknown -1.0 6.00 -1.0 10.0 none
c3 0 mt1 0 0 MLRS_CMOS_TMRB_TD811 na -0.4
20 9091.000 798.63 277.86 46 0
40 9091.0000000 0 std 335 222 -1.000 839.3 0.0 127.9 0.528 0.349 -19.0 3 3 0
30 9091.802 112.2152 74.1982 0 1 1
12 9091.8025360 std 0.0 0.0000 0.00 0.0000
10 9093.138955580605 2.517156892665 std 2 1 0 0 0
10 9093.755763727715 2.517156113685 std 2 1 0 0 0
10 9095.606192717814 2.517154253918 std 2 1 0 0 0
10 9096.223002048479 2.517153287712 std 2 1 0 0 0
10 9096.737011276096 2.517152859016 std 2 1 0 0 0
10 9098.176233601009 2.517151190668 std 2 1 0 0 0
10 9098.381838669467 2.517150853449 std 2 1 0 0 0
10 9100.540671711096 2.517148564807 std 2 1 0 0 0
10 9100.746271881608 2.517148655085 std 2 1 0 0 0
10 9101.568685674518 2.517147533073 std 2 1 0 0 0
10 9102.185492459643 2.517146907430 std 2 1 0 0 0
10 9103.727516213550 2.517145174739 std 2 1 0 0 0
10 9105.269540188539 2.517143659473 std 2 1 0 0 0
10 9105.475144857517 2.517143235751 std 2 1 0 0 0
10 9106.708762891065 2.517141707641 std 2 1 0 0 0
10 9107.633976373383 2.517140954799 std 2 1 0 0 0
10 9107.736781830527 2.517140758626 std 2 1 0 0 0
10 9108.559189705644 2.517139780380 std 2 1 0 0 0
10 9108.970400477088 2.517139529156 std 2 1 0 0 0
10 9111.643238460432 2.517136502306 std 2 1 0 0 0
10 9112.054445859383 2.517136004344 std 2 1 0 0 0
10 9116.680515878881 2.517130929370 std 2 1 0 0 0
10 9117.400128748577 2.517130336771 std 2 1 0 0 0
10 9119.250558650370 2.517128250764 std 2 1 0 0 0
10 9120.998180278837 2.517126355141 std 2 1 0 0 0
10 9121.512190112229 2.517125578846 std 2 1 0 0 0
10 9122.437403394993 2.517124668518 std 2 1 0 0 0
10 9126.138259334688 2.517120693467 std 2 1 0 0 0
10 9127.783085487992 2.517118882207 std 2 1 0 0 0
10 9128.091491065921 2.517118470339 std 2 1 0 0 0
10 9128.194291596730 2.517118327850 std 2 1 0 0 0
10 9128.297091143699 2.517118238637 std 2 1 0 0 0
10 9134.670789833666 2.517111643418 std 2 1 0 0 0
10 9135.287599692268 2.517110750481 std 2 1 0 0 0
10 9136.418416361808 2.517109506039 std 2 1 0 0 0
10 9136.521217092455 2.517109668291 std 2 1 0 0 0
10 9136.932425554347 2.517108776406 std 2 1 0 0 0
10 9140.119273283588 2.517105667399 std 2 1 0 0 0
10 9140.530477909975 2.517105099081 std 2 1 0 0 0
10 9141.455692427611 2.517104087083 std 2 1 0 0 0
10 9142.792115421773 2.517102747208 std 2 1 0 0 0
10 9143.511725041963 2.517101911620 std 2 1 0 0 0
10 9143.820130770140 2.517101538628 std 2 1 0 0 0
10 9144.436939296071 2.517100946865 std 2 1 0 0 0
10 9145.978961784287 2.517099019731 std 2 1 0 0 0
10 9147.520985698467 2.517097459194 std 2 1 0 0 0
10 9147.726589640884 2.517097421454 std 2 1 0 0 0
10 9148.754604169810 2.517096295183 std 2 1 0 0 0
10 9149.268612885166 2.517095637525 std 2 1 0 0 0
10 9151.838650374330 2.517092718713 std 2 1 0 0 0
10 9152.661064561706 2.517091773009 std 2 1 0 0 0
10 9155.847912255278 2.517088501119 std 2 1 0 0 0
10 9156.259120896388 2.517088160529 std 2 1 0 0 0
10 9156.464721837556 2.517087889655 std 2 1 0 0 0
10 9157.287134371876 2.517087039822 std 2 1 0 0 0
10 9157.801145269636 2.517086471677 std 2 1 0 0 0
10 9160.987991518185 2.517083038833 std 2 1 0 0 0
10 9161.399196616389 2.517082254830 std 2 1 0 0 0
10 9162.016006306130 2.517081806861 std 2 1 0 0 0
10 9162.530016256111 2.517081102037 std 2 1 0 0 0
10 9166.025267153715 2.517077255140 std 2 1 0 0 0
10 9166.128071820278 2.517077381847 std 2 1 0 0 0
10 9166.539276769308 2.517076854115 std 2 1 0 0 0
10 9166.642077635775 2.517076742273 std 2 1 0 0 0
10 9167.567289819015 2.517075595409 std 2 1 0 0 0
10 9167.875695726651 2.517075438143 std 2 1 0 0 0
10 9168.081299833824 2.517075259561 std 2 2 0 0 0
10 9169.006514227440 2.517074201723 std 2 1 0 0 0
10 9169.931728150628 2.517073305053 std 2 1 0 0 0
10 9170.137333220293 2.517072829505 std 2 1 0 0 0
10 9170.240132782179 2.517072991911 std 2 1 0 0 0
10 9171.268147479410 2.517071818915 std 2 1 0 0 0
10 9171.576551554932 2.517071402728 std 2 1 0 0 0
10 9172.604570052523 2.517070216690 std 2 1 0 0 0
10 9173.529785701738 2.517069418641 std 2 1 0 0 0
10 9174.660598364684 2.517067921756 std 2 1 0 0 0
10 9175.894216507349 2.517066923607 std 2 1 0 0 0
10 9178.053051576970 2.517064315917 std 2 1 0 0 0
10 9179.595073511897 2.517062673899 std 2 1 0 0 0
10 9180.211882869235 2.517061991540 std 2 1 0 0 0
10 9180.623093779725 2.517061550314 std 2 1 0 0 0
10 9181.034298530250 2.517061007294 std 2 1 0 0 0
10 9183.295929970771 2.517058699919 std 2 1 0 0 0
10 9184.940757516131 2.517056872005 std 2 1 0 0 0
10 9185.763169178663 2.517055912272 std 2 1 0 0 0
10 9185.865972034770 2.517055924240 std 2 1 0 0 0
10 9186.379978294835 2.517055397994 std 2 1 0 0 0
10 9187.922001288765 2.517053845335 std 2 1 0 0 0
10 9188.436009416921 2.517053195668 std 2 1 0 0 0
10 9189.361225619072 2.517052231801 std 2 1 0 0 0
10 9191.417256322171 2.517050063656 std 2 1 0 0 0
10 9192.548071571673 2.517048782859 std 2 1 0 0 0
10 9192.753675437694 2.517048730956 std 2 1 0 0 0
10 9192.856476903748 2.517048344788 std 2 1 0 0 0
10 9196.351731528630 2.517044627655 std 2 1 0 0 0
10 9198.202160016372 2.517042820007 std 2 1 0 0 0
10 9198.613366137797 2.517042318041 std 2 1 0 0 0
10 9200.463794141357 2.517040121212 std 2 1 0 0 0
10 9200.977803155276 2.517039647138 std 2 1 0 0 0
10 9202.211422062737 2.517038361287 std 2 1 0 0 0
10 9202.417022806843 2.517038171519 std 2 1 0 0 0
10 9203.033832396370 2.517037569287 std 2 1 0 0 0
10 9204.370256700042 2.517035883559 std 2 1 0 0 0
10 9205.089865325472 2.517035125016 std 2 1 0 0 0
10 9205.192664068360 2.517035143267 std 2 1 0 0 0
10 9205.501070813372 2.517034930543 std 2 1 0 0 0
10 9206.117878920721 2.517034208442 std 2 1 0 0 0
10 9206.220684016173 2.517033841404 std 2 1 0 0 0
10 9207.248697768575 2.517032853170 std 2 1 0 0 0
10 9207.659902379897 2.517032497277 std 2 1 0 0 0
10 9208.173912001219 2.517031727759 std 2 1 0 0 0
30 9243.736 113.2610 74.6893 0 1 1
10 9243.736112802237 2.516993707569 std 2 1 0 0 0
10 9247.229225400673 2.516990127674 std 2 1 0 0 0
10 9248.564830934940 2.516988395315 std 2 1 0 0 0
10 9249.489478191948 2.516987454466 std 2 1 0 0 0
10 9249.797693221737 2.516987148927 std 2 1 0 0 0
10 9252.879848292565 2.516983813067 std 2 1 0 0 0
10 9253.085328159235 2.516983536955 std 2 1 0 0 0
10 9254.626407496784 2.516982233501 std 2 1 0 0 0
10 9255.448318194989 2.516981264584 std 2 1 0 0 0
10 9257.503087883870 2.516979110672 std 2 1 0 0 0
10 9258.427738616772 2.516978178110 std 2 1 0 0 0
10 9259.455121327206 2.516976957086 std 2 1 0 0 0
10 9259.557863699223 2.516977044750 std 2 1 0 0 0
10 9259.763336764971 2.516976557537 std 2 1 0 0 0
10 9260.687983898548 2.516975508030 std 2 1 0 0 0
10 9264.386575053722 2.516971585201 std 2 1 0 0 0
10 9264.489314930646 2.516971501246 std 2 1 0 0 0
10 9265.311223394399 2.516970566549 std 2 1 0 0 0
10 9267.571470288000 2.516968420831 std 2 1 0 0 0
10 9268.085165923228 2.516967930834 std 2 1 0 0 0
10 9268.290645057024 2.516967569056 std 2 1 0 0 0
10 9269.009813167537 2.516967006039 std 2 1 0 0 0
10 9271.783757084657 2.516963920760 std 2 1 0 0 0
10 9273.838527346477 2.516961630642 std 2 1 0 0 0
10 9274.044003907258 2.516961416383 std 2 1 0 0 0
10 9275.276869410645 2.516960008793 std 2 1 0 0 0
10 9278.256289705078 2.516957055902 std 2 1 0 0 0
10 9282.365833730131 2.516952577237 std 2 1 0 0 0
10 9282.571309464854 2.516952241025 std 2 1 0 0 0
10 9284.112388803900 2.516950718522 std 2 1 0 0 0
10 9285.139778179837 2.516949765964 std 2 1 0 0 0
10 9285.242516111392 2.516949506855 std 2 1 0 0 0
10 9285.961682773648 2.516948763424 std 2 1 0 0 0
10 9290.687661858155 2.516943718605 std 2 1 0 0 0
10 9291.406831944623 2.516942908937 std 2 1 0 0 0
10 9291.920524627549 2.516942350964 std 2 1 0 0 0
10 9293.256127233244 2.516941020158 std 2 1 0 0 0
10 9294.386250018435 2.516939710560 std 2 1 0 0 0
10 9294.591728705951 2.516939750105 std 2 1 0 0 0
10 9298.290318813815 2.516935380194 std 2 1 0 0 0
10 9300.036876212653 2.516933599509 std 2 1 0 0 0
10 9301.269738867293 2.516932430203 std 2 1 0 0 0
10 9302.297125579031 2.516931534683 std 2 1 0 0 0
10 9304.557375140794 2.516929006095 std 2 1 0 0 0
10 9305.584759772875 2.516928077990 std 2 1 0 0 0
10 9306.817623030072 2.516926590700 std 2 1 0 0 0
10 9307.228578319138 2.516925927104 std 2 1 0 0 0
10 9309.283351443562 2.516923763450 std 2 1 0 0 0
10 9309.386086253837 2.516923649114 std 2 1 0 0 0
10 9309.488829683736 2.516923741456 std 2 1 0 0 0
10 9309.591566689851 2.516923581305 std 2 1 0 0 0
10 9310.824430042358 2.516922176439 std 2 1 0 0 0
10 9311.338124926657 2.516921628454 std 2 1 0 0 0
10 9311.749077015536 2.516921196426 std 2 1 0 0 0
10 9312.673724958629 2.516920225681 std 2 1 0 0 0
10 9313.598372752704 2.516919464912 std 2 1 0 0 0
10 9315.653142384066 2.516917252707 std 2 1 0 0 0
10 9315.961359592031 2.516916857355 std 2 1 0 0 0
10 9317.605178497670 2.516915350152 std 2 1 0 0 0
10 9320.995552999537 2.516911764630 std 2 1 0 0 0
10 9322.331156846805 2.516910075074 std 2 1 0 0 0
10 9326.440698979288 2.516905806886 std 2 1 0 0 0
10 9327.673563271799 2.516904411881 std 2 1 0 0 0
10 9328.084516783809 2.516904034080 std 2 1 0 0 0
10 9329.625596078038 2.516902540195 std 2 1 0 0 0
10 9369.179936653030 2.516860771718 std 2 1 0 0 0
10 9369.385411157937 2.516860707251 std 2 1 0 0 0
10 9369.590889648465 2.516860354670 std 2 1 0 0 0
10 9370.207321034704 2.516859520222 std 2 1 0 0 0
10 9370.721013564547 2.516859249211 std 2 1 0 0 0
10 9373.597699203508 2.516856252725 std 2 1 0 0 0
10 9374.111387078970 2.516855509561 std 2 1 0 0 0
10 9374.830560874650 2.516854697715 std 2 1 0 0 0
10 9375.960681985729 2.516853754089 std 2 1 0 0 0
10 9380.481182351423 2.516848862664 std 2 1 0 0 0
10 9380.789398103823 2.516848408242 std 2 1 0 0 0
30 9381.919 114.2647 75.1334 0 1 1
10 9382.022261349455 2.516847347729 std 2 1 0 0 0
10 9382.946909285025 2.516846471582 std 2 1 0 0 0
10 9383.563342109808 2.516845571018 std 2 1 0 0 0
10 9383.666080190233 2.516845543990 std 2 1 0 0 0
10 9383.768816937401 2.516845520024 std 2 1 0 0 0
10 9386.234544917099 2.516842785252 std 2 1 0 0 0
10 9386.337285186619 2.516842989486 std 2 1 0 0 0
10 9387.056453833584 2.516841803249 std 2 1 0 0 0
10 9387.570149099734 2.516841303372 std 2 1 0 0 0
10 9392.501599009966 2.516836104640 std 2 1 0 0 0
10 9393.323509170616 2.516835345307 std 2 1 0 0 0
10 9400.823428525880 2.516827529234 std 2 1 0 0 0
10 9401.028905209909 2.516827381683 std 2 1 0 0 0
10 9403.289155730312 2.516824970030 std 2 1 0 0 0
10 9404.830234838895 2.516823360543 std 2 1 0 0 0
10 9407.398700617672 2.516820699287 std 2 1 0 0 0
10 9412.021938376371 2.516815894300 std 2 1 0 0 0
10 9414.076708207698 2.516813947319 std 2 1 0 0 0
10 9414.179449833788 2.516813753081 std 2 1 0 0 0
10 9416.234220266928 2.516811427200 std 2 1 0 0 0
10 9420.343764222695 2.516807347734 std 2 1 0 0 0
10 9420.960196336942 2.516806620011 std 2 1 0 0 0
10 9421.268412447516 2.516806375356 std 2 1 0 0 0
10 9423.220446926080 2.516804152293 std 2 1 0 0 0
10 9425.788915334619 2.516801713209 std 2 1 0 0 0
10 9426.199866172166 2.516801021054 std 2 1 0 0 0
10 9426.816298517168 2.516800418177 std 2 1 0 0 0
10 9428.562855188567 2.516798844091 std 2 1 0 0 0
10 9428.665592530915 2.516798399435 std 2 1 0 0 0
10 9428.973808885798 2.516798254351 std 2 1 0 0 0
10 9430.720364511915 2.516796432824 std 2 1 0 0 0
10 9431.131323400177 2.516795933933 std 2 1 0 0 0
10 9431.850490594739 2.516795161613 std 2 1 0 0 0
10 9433.597048641765 2.516793597440 std 2 1 0 0 0
10 9433.802525637286 2.516793182616 std 2 1 0 0 0
10 9435.549082439211 2.516791437959 std 2 1 0 0 0
10 9437.501114977391 2.516789416813 std 2 1 0 0 0
10 9437.603852698283 2.516789228337 std 2 1 0 0 0
10 9438.836718019405 2.516787943462 std 2 1 0 0 0
10 9439.042196356071 2.516787893550 std 2 1 0 0 0
10 9439.144933043355 2.516787645348 std 2 1 0 0 0
10 9441.096967569239 2.516785800643 std 2 1 0 0 0
10 9443.870909530411 2.516782840605 std 2 1 0 0 0
10 9445.617466182613 2.516781100999 std 2 1 0 0 0
10 9446.542113477117 2.516779823471 std 2 1 0 0 0
10 9447.364022373527 2.516779037535 std 2 1 0 0 0
10 9448.185932717670 2.516778374580 std 2 1 0 0 0
10 9453.014645935391 2.516773354664 std 2 1 0 0 0
10 9453.322860912976 2.516773118520 std 2 1 0 0 0
10 9453.528340927556 2.516772612969 std 2 1 0 0 0
10 9457.329668312415 2.516768681369 std 2 1 0 0 0
10 9458.048838188352 2.516768027835 std 2 1 0 0 0
10 9460.411824447818 2.516765795032 std 2 1 0 0 0
10 9462.055643107466 2.516764058229 std 2 1 0 0 0
10 9464.521368901411 2.516761480481 std 2 1 0 0 0
10 9466.165187309791 2.516759744078 std 2 1 0 0 0
10 9468.630914117339 2.516757130376 std 2 1 0 0 0
10 9469.452824546770 2.516756197842 std 2 1 0 0 0
10 9470.274732566997 2.516755421407 std 2 1 0 0 0
10 9471.918553050456 2.516753762271 std 2 1 0 0 0
10 9473.562370477230 2.516752180372 std 2 1 0 0 0
10 9474.281539121715 2.516751327003 std 2 1 0 0 0
10 9475.000707567055 2.516750619398 std 2 1 0 0 0
10 9475.411666462225 2.516750176061 std 2 1 0 0 0
10 9477.466434861448 2.516747796038 std 2 1 0 0 0
10 9477.569174097391 2.516747777986 std 2 1 0 0 0
10 9479.418468498583 2.516746062077 std 2 1 0 0 0
10 9481.473243612903 2.516744024091 std 2 1 0 0 0
10 9482.192413495311 2.516742991802 std 2 1 0 0 0
10 9482.706108028546 2.516742570249 std 2 1 0 0 0
10 9483.425276065045 2.516741764155 std 2 1 0 0 0
10 9485.069093235030 2.516740144479 std 2 1 0 0 0
10 9487.329342110967 2.516737707101 std 2 1 0 0 0
10 9488.356731795080 2.516736848976 std 2 1 0 0 0
10 9490.000547859583 2.516735137762 std 2 1 0 0 0
10 9490.411499936941 2.516734609253 std 2 1 0 0 0
10 9490.514242332118 2.516734401435 std 2 1 0 0 0
10 9490.616979216004 2.516734438687 std 2 1 0 0 0
10 9490.822458937082 2.516734262919 std 2 1 0 0 0
10 9493.904613435720 2.516730873968 std 2 1 0 0 0
10 9496.473082150371 2.516728211879 std 2 1 0 0 0
10 9499.247021010464 2.516725451546 std 2 1 0 0 0
10 9499.452499862913 2.516725233142 std 2 1 0 0 0
10 9503.253828070312 2.516721278034 std 2 1 0 0 0
10 9504.383956042995 2.516720146374 std 2 1 0 0 0
10 9505.514077571919 2.516719172308 std 2 1 0 0 0
10 9505.719557331100 2.516718969764 std 2 1 0 0 0
10 9506.130508871791 2.516718603614 std 2 1 0 0 0
10 9507.055156901970 2.516717546248 std 2 1 0 0 0
10 9507.363373981763 2.516717059580 std 2 1 0 0 0
10 9507.877070072478 2.516716818023 std 2 1 0 0 0
10 9508.698973611466 2.516715767870 std 2 1 0 0 0
10 9509.418147038488 2.516715092280 std 2 1 0 0 0
10 9509.931837854301 2.516714642544 std 2 1 0 0 0
10 9511.061964071945 2.516713303646 std 2 1 0 0 0
30 9513.013 115.2652 75.5517 0 1 1
10 9513.013998623635 2.516711227824 std 2 1 0 0 0
10 9516.404372611754 2.516707976624 std 2 2 0 0 0
10 9518.972836624165 2.516705301710 std 2 1 0 0 0
10 9520.513916013677 2.516703852465 std 2 1 0 0 0
10 9521.438563170614 2.516702858434 std 2 1 0 0 0
10 9521.952257605870 2.516702200259 std 2 1 0 0 0
10 9522.054996182151 2.516702239721 std 2 1 0 0 0
10 9524.931678052910 2.516698978807 std 2 1 0 0 0
10 9525.650846021066 2.516698419904 std 2 1 0 0 0
10 9526.267277395080 2.516697644444 std 2 1 0 0 0
10 9526.780971989267 2.516697332563 std 2 1 0 0 0
10 9527.089188125574 2.516697035646 std 2 1 0 0 0
10 9527.602879797203 2.516696327194 std 2 1 0 0 0
10 9528.013835758104 2.516695940320 std 2 1 0 0 0
10 9528.116573964269 2.516695920250 std 2 1 0 0 0
10 9528.322051110650 2.516695615844 std 2 1 0 0 0
10 9529.965869081532 2.516693925085 std 2 1 0 0 0
10 9530.582300578792 2.516693437917 std 2 1 0 0 0
10 9532.020643509071 2.516692006718 std 2 1 0 0 0
10 9533.972675434268 2.516689776498 std 2 1 0 0 0
10 9536.232925170038 2.516687424899 std 2 1 0 0 0
10 9536.952092488924 2.516686965338 std 2 1 0 0 0
10 9537.260309497718 2.516686689025 std 2 1 0 0 0
10 9537.671266937887 2.516686164143 std 2 1 0 0 0
10 9538.082220086168 2.516685544272 std 2 1 0 0 0
10 9539.520561349951 2.516684064644 std 2 1 0 0 0
10 9540.547946764313 2.516683064220 std 2 1 0 0 0
10 9540.650684793141 2.516683031084 std 2 1 0 0 0
10 9540.753423870083 2.516682901441 std 2 1 0 0 0
10 9540.856162326707 2.516682995812 std 2 1 0 0 0
10 9540.958900348460 2.516682643321 std 2 1 0 0 0
10 9543.835580218498 2.516679868490 std 2 1 0 0 0
10 9543.938322382866 2.516679830510 std 2 1 0 0 0
10 9544.349276502828 2.516679233581 std 2 1 0 0 0
10 9544.760231157603 2.516678672952 std 2 1 0 0 0
10 9545.684876001822 2.516678158595 std 2 1 0 0 0
10 9546.917739903945 2.516676829448 std 2 1 0 0 0
10 9547.020478817436 2.516676457155 std 2 1 0 0 0
10 9547.636911670914 2.516675839537 std 2 1 0 0 0
10 9549.897160783166 2.516673717153 std 2 1 0 0 0
10 9550.308115304362 2.516673229722 std 2 1 0 0 0
10 9551.130025808927 2.516672348321 std 2 1 0 0 0
10 9552.465626883855 2.516670809778 std 2 1 0 0 0
10 9552.979320441142 2.516670307349 std 2 1 0 0 0
10 9553.184795110690 2.516670123694 std 2 1 0 0 0
10 9553.595753105152 2.516669937601 std 2 1 0 0 0
10 9553.801226612743 2.516669613622 std 2 1 0 0 0
10 9554.417658172291 2.516668862038 std 2 1 0 0 0
20 9640.904 798.63 278.26 46 0
30 9651.998 116.2792 75.9533 0 1 1
10 9738.525290004485 2.516483833350 std 2 1 0 0 0
10 9738.936249267104 2.516483530884 std 2 1 0 0 0
10 9740.066368747406 2.516482448902 std 2 1 0 0 0
10 9743.148529383448 2.516479371780 std 2 1 0 0 0
10 9743.354005575542 2.516479070848 std 2 1 0 0 0
10 9743.867698993150 2.516478687201 std 2 1 0 0 0
10 9744.484130057750 2.516477992643 std 2 1 0 0 0
10 9745.408778448667 2.516476963453 std 2 1 0 0 0
10 9745.511516551940 2.516476936850 std 2 1 0 0 0
10 9745.819732216565 2.516476625174 std 2 1 0 0 0
10 9747.155337805891 2.516475525489 std 2 1 0 0 0
10 9749.518321887608 2.516472984367 std 2 1 0 0 0
10 9749.723799463563 2.516472957013 std 2 1 0 0 0
10 9752.086788962057 2.516470351142 std 2 1 0 0 0
10 9752.600481477952 2.516469938734 std 2 1 0 0 0
10 9754.552513945180 2.516468092456 std 2 1 0 0 0
10 9754.860730004240 2.516467864477 std 2 1 0 0 0
10 9755.579899656288 2.516466924853 std 2 1 0 0 0
10 9756.710024912894 2.516465896875 std 2 1 0 0 0
10 9758.353842439341 2.516464341485 std 2 1 0 0 0
10 9758.867537745355 2.516463744856 std 2 1 0 0 0
30 9759.278 117.2820 76.3270 0 1 1
10 9759.278490534001 2.516463592987 std 2 1 0 0 0
10 9759.997664395143 2.516462888019 std 2 1 0 0 0
10 9765.237331693148 2.516457693574 std 2 1 0 0 0
10 9765.853763802490 2.516457146669 std 2 1 0 0 0
10 9770.374264502232 2.516452534243 std 2 1 0 0 0
10 9771.709863816310 2.516451010095 std 2 1 0 0 0
10 9771.915343898747 2.516451059067 std 2 1 0 0 0
10 9774.072855310911 2.516448691900 std 2 1 0 0 0
10 9776.230368031476 2.516446573991 std 2 1 0 0 0
10 9778.593350615763 2.516444529822 std 2 1 0 0 0
10 9779.209784243460 2.516443638217 std 2 1 0 0 0
10 9779.415262024388 2.516443461146 std 2 1 0 0 0
10 9779.620737930270 2.516443270861 std 2 1 0 0 0
10 9780.442646673217 2.516442515661 std 2 1 0 0 0
10 9781.675509752959 2.516441165164 std 2 1 0 0 0
10 9785.990532231906 2.516437116349 std 2 1 0 0 0
10 9786.401486056517 2.516436739607 std 2 1 0 0 0
10 9787.120655506707 2.516435886245 std 2 1 0 0 0
10 9787.326133281826 2.516435628676 std 2 1 0 0 0
10 9787.634350126440 2.516435474334 std 2 1 0 0 0
10 9787.737087185342 2.516435395829 std 2 1 0 0 0
10 9788.661734012476 2.516434423125 std 2 1 0 0 0
10 9821.743560996732 2.516402181082 std 2 1 0 0 0
10 9824.825721110123 2.516399088024 std 2 1 0 0 0
10 9824.928456589500 2.516399044479 std 2 1 0 0 0
10 9826.675017575451 2.516397306209 std 2 1 0 0 0
10 9827.394185103622 2.516396754438 std 2 1 0 0 0
10 9833.353022007352 2.516390774896 std 2 1 0 0 0
10 9834.791365420697 2.516389511489 std 2 1 0 0 0
10 9837.359828650702 2.516386836840 std 2 1 0 0 0
10 9837.668044396087 2.516386732800 std 2 1 0 0 0
10 9839.517339219363 2.516384650836 std 2 1 0 0 0
10 9840.441987391352 2.516383813139 std 2 1 0 0 0
10 9841.263898393561 2.516382969706 std 2 1 0 0 0
10 9842.907715230771 2.516381292015 std 2 1 0 0 0
10 9843.626887830542 2.516380856514 std 2 1 0 0 0
10 9846.400832414212 2.516378089304 std 2 1 0 0 0
10 9847.222736625705 2.516377234608 std 2 1 0 0 0
10 9848.661078108627 2.516375993954 std 2 1 0 0 0
10 9848.969293571592 2.516375701636 std 2 1 0 0 0
10 9849.174772034570 2.516375152199 std 2 1 0 0 0
10 9850.099417810838 2.516374485646 std 2 1 0 0 0
10 9850.202156671750 2.516374517602 std 2 1 0 0 0
10 9852.770622627701 2.516371783536 std 2 1 0 0 0
10 9853.900747198095 2.516370654628 std 2 1 0 0 0
10 9856.160997682153 2.516368560165 std 2 1 0 0 0
10 9856.674690976412 2.516368083271 std 2 1 0 0 0
10 9859.037676875538 2.516365946173 std 2 1 0 0 0
10 9859.654107528015 2.516365026571 std 2 1 0 0 0
10 9861.606146241778 2.516363119067 std 2 1 0 0 0
10 9862.839009474634 2.516362040781 std 2 1 0 0 0
10 9863.352699513091 2.516361716054 std 2 1 0 0 0
10 9863.763657213636 2.516361324119 std 2 1 0 0 0
10 9866.126640950661 2.516358726683 std 2 1 0 0 0
10 9868.695109267213 2.516356484292 std 2 1 0 0 0
10 9871.366311872825 2.516354053579 std 2 1 0 0 0
30 9872.907 118.2821 76.6803 0 1 1
10 9872.907392257044 2.516352215020 std 2 1 0 0 0
10 9873.112868634558 2.516352007432 std 2 1 0 0 0
10 9873.215606377806 2.516352227089 std 2 1 0 0 0
10 9873.523823072337 2.516351824506 std 2 1 0 0 0
10 9873.626560038347 2.516351720087 std 2 1 0 0 0
10 9874.242993306520 2.516351046017 std 2 1 0 0 0
10 9874.962164738705 2.516350394286 std 2 1 0 0 0
10 9875.167638884952 2.516350182940 std 2 1 0 0 0
10 9876.503244705904 2.516348957941 std 2 1 0 0 0
10 9878.866229880605 2.516346628397 std 2 1 0 0 0
10 9879.996355925174 2.516345650073 std 2 1 0 0 0
10 9882.153866865003 2.516343435054 std 2 1 0 0 0
10 9882.462082178017 2.516343243119 std 2 1 0 0 0
10 9882.564821176555 2.516343088163 std 2 2 0 0 0
10 9882.667559112746 2.516342754987 std 2 1 0 0 0
10 9883.386730769538 2.516342128910 std 2 1 0 0 0
10 9883.797684019046 2.516341620347 std 2 1 0 0 0
10 9884.311378056771 2.516341419179 std 2 1 0 0 0
10 9884.516853637240 2.516341004461 std 2 1 0 0 0
10 9884.825069763216 2.516340917285 std 2 1 0 0 0
10 9885.544244586657 2.516340217828 std 2 1 0 0 0
10 9887.290795181807 2.516338401246 std 2 1 0 0 0
10 9887.393538743456 2.516338496554 std 2 1 0 0 0
10 9887.907226472724 2.516338001452 std 2 1 0 0 0
10 9890.270217123880 2.516335657695 std 2 1 0 0 0
10 9891.194864678435 2.516334653366 std 2 1 0 0 0
10 9891.400342127468 2.516334461798 std 2 1 0 0 0
10 9891.503081668403 2.516334449176 std 2 1 0 0 0
10 9891.914032987605 2.516334118266 std 2 1 0 0 0
10 9892.735944424210 2.516333192177 std 2 1 0 0 0
10 9896.742752759354 2.516329292481 std 2 1 0 0 0
10 9897.975616530914 2.516328033907 std 2 1 0 0 0
10 9898.694783366855 2.516327460369 std 2 1 0 0 0
10 9899.002999138806 2.516327325857 std 2 1 0 0 0
10 9899.824910271733 2.516326392771 std 2 1 0 0 0
10 9900.235862818845 2.516326082534 std 2 1 0 0 0
10 9900.338600035862 2.516326026388 std 2 1 0 0 0
10 9901.365987770758 2.516324758116 std 2 1 0 0 0
10 9902.085156917408 2.516324319660 std 2 1 0 0 0
10 9903.009805974218 2.516323192425 std 2 1 0 0 0
10 9903.523496615831 2.516322676351 std 2 1 0 0 0
10 9904.448144090287 2.516321761918 std 2 1 0 0 0
10 9905.578270056167 2.516320913028 std 2 1 0 0 0
10 9906.811135036436 2.516319667124 std 2 1 0 0 0
10 9906.913870899116 2.516319610717 std 2 1 0 0 0
10 9907.941257816319 2.516318456292 std 2 1 0 0 0
10 9908.043998192083 2.516318315483 std 2 1 0 0 0
10 9908.249473689069 2.516318303256 std 2 2 0 0 0
10 9909.893294270572 2.516316832588 std 2 1 0 0 0
10 9910.304247517666 2.516316325398 std 2 1 0 0 0
10 9912.050803727167 2.516314420749 std 2 1 0 0 0
10 9912.461757573858 2.516314365794 std 2 1 0 0 0
10 9912.769974872952 2.516313891682 std 2 1 0 0 0
10 9912.975451197204 2.516313602896 std 2 1 0 0 0
10 9915.749392731386 2.516311057438 std 2 1 0 0 0
10 9920.578111946023 2.516306387056 std 2 1 0 0 0
10 9921.194541918612 2.516305842303 std 2 1 0 0 0
10 9922.119189583442 2.516304887188 std 2 1 0 0 0
10 9922.427406605253 2.516304532719 std 2 1 0 0 0
10 9922.838357650871 2.516304246262 std 2 1 0 0 0
10 9925.201345472291 2.516302069255 std 2 1 0 0 0
10 9928.591719739536 2.516298617122 std 2 1 0 0 0
10 9929.310891992884 2.516297985264 std 2 1 0 0 0
10 9929.824583493632 2.516297542333 std 2 1 0 0 0
10 9932.701264550773 2.516294745528 std 2 1 0 0 0
10 9933.420437488794 2.516293974550 std 2 1 0 0 0
10 9935.783423980285 2.516291611380 std 2 1 0 0 0
10 9936.502593403631 2.516291195782 std 2 1 0 0 0
10 9941.023093648719 2.516286548687 std 2 1 0 0 0
10 9941.742263364527 2.516286080907 std 2 1 0 0 0
10 9941.845002207994 2.516285886398 std 2 1 0 0 0
10 9945.338116185163 2.516282840728 std 2 1 0 0 0
10 9945.749068521998 2.516282261287 std 2 1 0 0 0
10 9946.160022619848 2.516281837871 std 2 1 0 0 0
10 9946.673716480916 2.516281252723 std 2 1 0 0 0
10 9946.879194053727 2.516281243680 std 2 2 0 0 0
10 9948.625750842706 2.516279477414 std 2 1 0 0 0
10 9949.242183169406 2.516279091998 std 2 1 0 0 0
10 9954.481853185451 2.516273858606 std 2 1 0 0 0
10 9957.872225285220 2.516270707279 std 2 1 0 0 0
10 9958.694135283369 2.516269898382 std 2 1 0 0 0
10 9959.002350694074 2.516269487104 std 2 1 0 0 0
10 9959.207828630220 2.516269469038 std 2 1 0 0 0
10 9961.262601168373 2.516267612659 std 2 1 0 0 0
10 9962.084511058978 2.516266688582 std 2 1 0 0 0
10 9963.933803764112 2.516265003222 std 2 1 0 0 0
10 9965.166666923707 2.516263707953 std 2 1 0 0 0
10 9965.474882476350 2.516263572856 std 2 1 0 0 0
10 9967.118702312860 2.516261986469 std 2 1 0 0 0
10 9967.735132954587 2.516261193432 std 2 1 0 0 0
10 9969.584427082536 2.516259370806 std 2 1 0 0 0
10 9969.789906201666 2.516259270144 std 2 1 0 0 0
10 9969.995383203286 2.516259263531 std 2 1 0 0 0
10 9970.200858764900 2.516259090722 std 2 1 0 0 0
10 9971.947418111868 2.516257217526 std 2 1 0 0 0
10 9972.769323822056 2.516256619433 std 2 1 0 0 0
10 9973.283018692597 2.516255882396 std 2 1 0 0 0
10 9973.693973166006 2.516255584897 std 2 1 0 0 0
10 9975.748747984158 2.516253838820 std 2 1 0 0 0
10 9976.570652588349 2.516252708340 std 2 1 0 0 0
10 9976.981610119718 2.516252387130 std 2 1 0 0 0
10 9977.187085716418 2.516252197448 std 2 1 0 0 0
10 9978.317210591174 2.516251113450 std 2 1 0 0 0
10 9980.269244895120 2.516249304438 std 2 1 0 0 0
10 9981.193891912269 2.516248406431 std 2 1 0 0 0
30 9982.221 119.2919 77.0172 0 1 1
10 9982.221278520394 2.516247400016 std 2 1 0 0 0
10 9984.481527523621 2.516245318929 std 2 1 0 0 0
10 9985.611654013390 2.516244355294 std 2 1 0 0 0
10 9986.022606866276 2.516243932265 std 2 1 0 0 0
10 10050.542437042272 2.516182811833 std 2 1 0 0 0
10 10051.878039990555 2.516181551755 std 2 1 0 0 0
10 10056.604017947682 2.516177249471 std 2 1 0 0 0
10 10056.706755172832 2.516177330718 std 2 1 0 0 0
10 10057.117707316887 2.516176694412 std 2 1 0 0 0
10 10058.967003722786 2.516174835368 std 2 1 0 0 0
10 10059.069742943764 2.516174826842 std 2 1 0 0 0
10 10059.583434942288 2.516174497741 std 2 1 0 0 0
10 10059.891651514305 2.516174242701 std 2 1 0 0 0
10 10060.508083937995 2.516173704171 std 2 1 0 0 0
10 10060.610820727708 2.516173400555 std 2 1 0 0 0
10 10064.103937025886 2.516170166129 std 2 1 0 0 0
10 10066.158704848558 2.516168165253 std 2 1 0 0 0
10 10066.261447291272 2.516168329183 std 2 1 0 0 0
10 10066.877877927835 2.516167387956 std 2 1 0 0 0
10 10070.062774872547 2.516164493111 std 2 1 0 0 0
10 10070.576467726803 2.516164246014 std 2 1 0 0 0
10 10070.679206047969 2.516164220717 std 2 1 0 0 0
10 10070.884683553191 2.516163635148 std 2 1 0 0 0
10 10071.706591876620 2.516163137335 std 2 1 0 0 0
10 10072.631238256348 2.516162089579 std 2 1 0 0 0
10 10073.658625209053 2.516161111907 std 2 1 0 0 0
10 10078.281861677682 2.516157002393 std 2 1 0 0 0
10 10079.925681559262 2.516155488431 std 2 1 0 0 0
10 10081.569499262621 2.516153897684 std 2 1 0 0 0
10 10081.774978205263 2.516153576335 std 2 1 0 0 0
10 10082.596882952477 2.516152879331 std 2 1 0 0 0
10 10084.137961582319 2.516151414219 std 2 1 0 0 0
30 10086.089 120.2941 77.3338 0 1 1
10 10086.089997585332 2.516149764570 std 2 1 0 0 0
10 10086.809167830232 2.516148809094 std 2 1 0 0 0
10 10088.247508296869 2.516147716138 std 2 1 0 0 0
10 10088.761202315640 2.516147026369 std 2 1 0 0 0
10 10088.863939087383 2.516147206583 std 2 1 0 0 0
10 10090.199543405966 2.516145892320 std 2 1 0 0 0
10 10092.048839107933 2.516144027535 std 2 1 0 0 0
10 10092.459791903901 2.516143778714 std 2 1 0 0 0
10 10092.870744542817 2.516143233427 std 2 1 0 0 0
10 10094.309085988503 2.516141799364 std 2 1 0 0 0
10 10094.411824470681 2.516141846603 std 2 1 0 0 0
10 10096.261118315137 2.516140230030 std 2 1 0 0 0
10 10096.569335585718 2.516140064113 std 2 1 0 0 0
10 10096.877551380425 2.516139456104 std 2 1 0 0 0
10 10097.391245057885 2.516138855168 std 2 1 0 0 0
10 10098.932324235067 2.516137632599 std 2 1 0 0 0
10 10099.548755943477 2.516136872030 std 2 1 0 0 0
10 10106.945936631337 2.516130141540 std 2 1 0 0 0
10 10109.617140807903 2.516127605072 std 2 1 0 0 0
10 10111.774651357409 2.516125658341 std 2 1 0 0 0
10 10111.877388874682 2.516125696157 std 2 1 0 0 0
10 10112.185605311592 2.516125102677 std 2 1 0 0 0
10 10114.754070361541 2.516123004502 std 2 2 0 0 0
10 10114.856812911792 2.516122673535 std 2 1 0 0 0
10 10114.959549358973 2.516122781831 std 2 1 0 0 0
10 10117.014321506238 2.516120832558 std 2 1 0 0 0
10 10119.274573620372 2.516118734726 std 2 1 0 0 0
10 10119.993742043043 2.516118044537 std 2 1 0 0 0
10 10120.199222393567 2.516117992695 std 2 1 0 0 0
10 10120.404695571840 2.516117737652 std 2 1 0 0 0
10 10120.610174567537 2.516117524626 std 2 1 0 0 0
10 10121.226604146836 2.516116971600 std 2 1 0 0 0
10 10123.692332404917 2.516114764744 std 2 1 0 0 0
10 10123.795072201790 2.516114631268 std 2 1 0 0 0
10 10124.206023682143 2.516114101792 std 2 1 0 0 0
10 10124.308766843949 2.516113893384 std 2 1 0 0 0
10 10124.925196591459 2.516113325941 std 2 1 0 0 0
10 10169.513781578527 2.516072419761 std 2 1 0 0 0
10 10172.904157948928 2.516069269995 std 2 2 0 0 0
10 10175.575361910054 2.516066811352 std 2 1 0 0 0
10 10177.013702688428 2.516065201552 std 2 1 0 0 0
10 10177.527396257708 2.516064990288 std 2 1 0 0 0
10 10180.404078188729 2.516062398008 std 2 1 0 0 0
10 10180.506815132583 2.516062219303 std 2 1 0 0 0
10 10182.972541841147 2.516059983917 std 2 1 0 0 0
10 10183.486236311417 2.516059466794 std 2 1 0 0 0
10 10185.027313845654 2.516058133679 std 2 1 0 0 0
30 10186.773 121.3103 77.6375 0 1 1
10 10186.773871108860 2.516056608499 std 2 1 0 0 0
10 10189.239598644077 2.516054145501 std 2 1 0 0 0
10 10189.342337340606 2.516054175938 std 2 1 0 0 0
10 10191.499849812737 2.516052216447 std 2 1 0 0 0
10 10192.732710336917 2.516050854254 std 2 1 0 0 0
10 10193.554618820443 2.516050437485 std 2 1 0 0 0
10 10193.965572270648 2.516049829132 std 2 1 0 0 0
10 10194.787483326512 2.516048931299 std 2 1 0 0 0
10 10195.814869712249 2.516048363481 std 2 1 0 0 0
10 10196.020349655630 2.516048119081 std 2 1 0 0 0
10 10198.691550913971 2.516045757015 std 2 1 0 0 0
10 10198.999768161282 2.516045087059 std 2 1 0 0 0
10 10203.725743779187 2.516041144432 std 2 1 0 0 0
10 10205.883256516294 2.516039106275 std 2 1 0 0 0
10 10206.602424366358 2.516038424341 std 2 1 0 0 0
10 10208.040764185542 2.516036829449 std 2 1 0 0 0
10 10209.273628004714 2.516036031027 std 2 1 0 0 0
10 10209.787321487234 2.516035358881 std 2 1 0 0 0
10 10209.890060708545 2.516035375034 std 2 1 0 0 0
10 10210.095540206063 2.516034966962 std 2 1 0 0 0
10 10211.944833066846 2.516033552508 std 2 1 0 0 0
10 10212.047570626482 2.516033332608 std 2 1 0 0 0
10 10214.205083005547 2.516031481852 std 2 1 0 0 0
10 10214.821514322537 2.516030675981 std 2 1 0 0 0
10 10215.026989662199 2.516030681217 std 2 1 0 0 0
10 10215.848898891914 2.516029839081 std 2 1 0 0 0
10 10218.828318176429 2.516027062700 std 2 1 0 0 0
10 10222.218692944463 2.516023991122 std 2 1 0 0 0
10 10222.835125466889 2.516023684122 std 2 1 0 0 0
10 10224.273464378568 2.516022351392 std 2 1 0 0 0
10 10224.581678379071 2.516022049511 std 2 1 0 0 0
10 10225.300853426899 2.516021384506 std 2 1 0 0 0
10 10226.841928580692 2.516019766299 std 2 1 0 0 0
10 10228.280272105128 2.516018634604 std 2 1 0 0 0
10 10228.485750635366 2.516018254487 std 2 1 0 0 0
10 10230.129566341693 2.516016964704 std 2 1 0 0 0
10 10230.540522060650 2.516016327648 std 2 1 0 0 0
10 10230.951474400323 2.516016241490 std 2 1 0 0 0
10 10231.773384810627 2.516015233284 std 2 1 0 0 0
10 10234.547326225937 2.516013038159 std 2 1 0 0 0
10 10235.163759002648 2.516012429422 std 2 1 0 0 0
10 10235.882928850619 2.516011482744 std 2 1 0 0 0
10 10236.396622101973 2.516011330729 std 2 1 0 0 0
10 10236.499362082686 2.516010920210 std 2 1 0 0 0
10 10236.910314889616 2.516010646027 std 2 1 0 0 0
10 10237.321272074078 2.516010423969 std 2 1 0 0 0
10 10240.711645788282 2.516007321416 std 2 1 0 0 0
10 10242.560941244707 2.516005444829 std 2 1 0 0 0
10 10243.177372347303 2.516004930736 std 2 1 0 0 0
10 10245.129404284522 2.516003096576 std 2 1 0 0 0
10 10245.232141640459 2.516002971392 std 2 1 0 0 0
10 10245.540357572210 2.516002857993 std 2 1 0 0 0
10 10246.978700287405 2.516001554247 std 2 1 0 0 0
10 10277.492036098254 2.515974008532 std 2 1 0 0 0
10 10278.108467533139 2.515973184395 std 2 1 0 0 0
10 10280.574193660790 2.515970957860 std 2 1 0 0 0
30 10282.526 122.3200 77.9238 0 1 1
10 10282.526228754192 2.515969485254 std 2 1 0 0 0
10 10283.348138439582 2.515968643267 std 2 1 0 0 0
10 10285.300172856843 2.515966835564 std 2 1 0 0 0
10 10287.046730193864 2.515965291455 std 2 1 0 0 0
10 10287.354946033111 2.515965038867 std 2 1 0 0 0
10 10287.971378075194 2.515964341852 std 2 1 0 0 0
10 10288.176851928891 2.515964100827 std 2 1 0 0 0
10 10290.026148715402 2.515962839141 std 2 1 0 0 0
10 10290.128887178538 2.515962513856 std 2 1 0 0 0
10 10291.259011847545 2.515961588499 std 2 1 0 0 0
10 10291.875444600308 2.515961069532 std 2 1 0 0 0
10 10291.978182820741 2.515960703266 std 2 1 0 0 0
10 10292.594613434172 2.515960217301 std 2 1 0 0 0
10 10293.005567463546 2.515959791500 std 2 1 0 0 0
10 10294.443908466499 2.515958736299 std 2 1 0 0 0
10 10297.115115480417 2.515956481444 std 2 1 0 0 0
10 10299.375362457591 2.515954339252 std 2 1 0 0 0
10 10300.505489619680 2.515953282791 std 2 1 0 0 0
10 10302.046566230010 2.515951765254 std 2 1 0 0 0
10 10302.560258140702 2.515951363961 std 2 1 0 0 0
10 10302.765735799016 2.515951258658 std 2 2 0 0 0
10 10304.717768264474 2.515949374699 std 2 1 0 0 0
10 10305.025983999043 2.515949190309 std 2 1 0 0 0
10 10305.128725383920 2.515949069117 std 2 1 0 0 0
10 10305.334200610610 2.515949064622 std 2 1 0 0 0
10 10305.847894715733 2.515948493263 std 2 2 0 0 0
10 10307.183495800593 2.515947302980 std 2 1 0 0 0
10 10309.032790737661 2.515945526872 std 2 1 0 0 0
10 10312.731381694983 2.515942389735 std 2 1 0 0 0
10 10314.683418328304 2.515940536472 std 2 1 0 0 0
10 10315.916282838578 2.515939510098 std 2 1 0 0 0
10 10316.121756288108 2.515939269937 std 2 1 0 0 0
10 10318.690222995168 2.515936729184 std 2 1 0 0 0
10 10318.792960757017 2.515936636942 std 2 1 0 0 0
10 10318.998437799373 2.515936498461 std 2 1 0 0 0
10 10320.334041757073 2.515935512982 std 2 1 0 0 0
10 10320.642255299101 2.515935030144 std 2 1 0 0 0
10 10321.053209083804 2.515934691285 std 2 1 0 0 0
10 10321.155948029005 2.515934740920 std 2 1 0 0 0
10 10321.566903709965 2.515934321833 std 2 1 0 0 0
10 10323.827152145594 2.515932346113 std 2 1 0 0 0
10 10326.909311422720 2.515929453788 std 2 1 0 0 0
10 10327.114790452953 2.515929229030 std 2 1 0 0 0
10 10327.217527572526 2.515929383642 std 2 1 0 0 0
10 10327.525743536840 2.515929029671 std 2 1 0 0 0
10 10329.991469025203 2.515926803756 std 2 1 0 0 0
10 10330.402423270545 2.515926322295 std 2 1 0 0 0
10 10330.710638678122 2.515926100454 std 2 1 0 0 0
10 10331.327070370173 2.515925710142 std 2 1 0 0 0
10 10332.046242710192 2.515924889005 std 2 1 0 0 0
10 10333.895537448177 2.515923118666 std 2 1 0 0 0
10 10334.203752912072 2.515923001042 std 2 1 0 0 0
10 10334.820183810996 2.515922508720 std 2 1 0 0 0
10 10335.231139965608 2.515922021406 std 2 1 0 0 0
10 10337.183174306534 2.515920536572 std 2 1 0 0 0
10 10338.621516984147 2.515918994501 std 2 1 0 0 0
10 10342.628320669495 2.515915383241 std 2 1 0 0 0
10 10344.785830485065 2.515913599997 std 2 1 0 0 0
10 10345.607739558825 2.515912782475 std 2 1 0 0 0
10 10346.121433028433 2.515912207659 std 2 1 0 0 0
10 10346.635124779568 2.515912039447 std 2 1 0 0 0
10 10348.484419392527 2.515910441943 std 2 1 0 0 0
10 10349.717282369080 2.515909058891 std 2 1 0 0 0
10 10350.744672456212 2.515908108047 std 2 1 0 0 0
10 10351.463841107969 2.515907732613 std 2 1 0 0 0
10 10352.080272449050 2.515906975129 std 2 1 0 0 0
10 10355.470649388151 2.515904003241 std 2 1 0 0 0
10 10355.573386184993 2.515904140105 std 2 1 0 0 0
10 10357.422679718831 2.515902246719 std 2 1 0 0 0
10 10357.833633928214 2.515902037148 std 2 1 0 0 0
10 10358.244589855836 2.515901581589 std 2 1 0 0 0
10 10358.347327657704 2.515901464281 std 2 1 0 0 0
10 10358.963759730857 2.515901100410 std 2 1 0 0 0
10 10359.580191518471 2.515900432168 std 2 1 0 0 0
10 10361.121271086142 2.515899239991 std 2 1 0 0 0
10 10361.532224175293 2.515898569496 std 2 1 0 0 0
10 10362.456872368391 2.515897925010 std 2 1 0 0 0
10 10362.662350174734 2.515897568848 std 2 1 0 0 0
10 10363.176044636853 2.515897048654 std 2 1 0 0 0
10 10364.717120715057 2.515895775788 std 2 1 0 0 0
10 10365.436293039938 2.515895207085 std 2 1 0 0 0
10 10369.134883906030 2.515892103643 std 2 1 0 0 0
10 10369.956789318199 2.515891272992 std 2 1 0 0 0
10 10371.806085026565 2.515889463707 std 2 1 0 0 0
30 10374.785 123.3317 78.1962 0 1 1
10 10374.785506647917 2.515887025926 std 2 1 0 0 0
10 10377.662186856898 2.515884289452 std 2 1 0 0 0
10 10379.716961361864 2.515882665229 std 2 1 0 0 0
10 10380.025175306504 2.515882333073 std 2 1 0 0 0
10 10380.641607187734 2.515881884246 std 2 1 0 0 0
10 10380.949823235218 2.515881522341 std 2 1 0 0 0
10 10383.312812779381 2.515879238715 std 2 1 0 0 0
10 10383.415549995525 2.515879364201 std 2 2 0 0 0
10 10383.518287981678 2.515879056207 std 2 1 0 0 0
10 10384.031982225230 2.515878659260 std 2 1 0 0 0
10 10384.648412921930 2.515877975877 std 2 1 0 0 0
10 10385.162107015689 2.515877670635 std 2 1 0 0 0
10 10385.573061975550 2.515877326690 std 2 1 0 0 0
10 10385.881277152595 2.515877130100 std 2 1 0 0 0
10 10386.394969855752 2.515876480469 std 2 1 0 0 0
10 10389.888087192010 2.515873527638 std 2 1 0 0 0
10 10391.840116999485 2.515871957284 std 2 1 0 0 0
10 10394.511323819503 2.515869551457 std 2 1 0 0 0
10 10398.415388324082 2.515866181734 std 2 1 0 0 0
10 10399.237297241158 2.515865356377 std 2 1 0 0 0
10 10408.586513575478 2.515857260067 std 2 1 0 0 0
10 10410.127592235302 2.515855787488 std 2 1 0 0 0
10 10413.826178255176 2.515852547551 std 2 1 0 0 0
10 10414.442609009904 2.515851976824 std 2 1 0 0 0
10 10415.367258282366 2.515851264848 std 2 1 0 0 0
10 10415.470000031572 2.515851131296 std 2 1 0 0 0
10 10415.572736391034 2.515851060728 std 2 1 0 0 0
10 10416.908336996845 2.515849943681 std 2 1 0 0 0
10 10418.860371814022 2.515847916746 std 2 1 0 0 0
10 10419.887762021872 2.515847032604 std 2 1 0 0 0
10 10420.504193838044 2.515846586155 std 2 1 0 0 0
10 10421.326097367268 2.515845909674 std 2 1 0 0 0
10 10422.867177847485 2.515844521324 std 2 1 0 0 0
10 10423.072656832965 2.515844189008 std 2 1 0 0 0
10 10423.689087293875 2.515843765064 std 2 1 0 0 0
10 10424.716472787904 2.515842842493 std 2 1 0 0 0
10 10425.846599025701 2.515841811597 std 2 1 0 0 0
10 10426.463030641244 2.515841515685 std 2 1 0 0 0
30 10465.298 124.3725 78.4606 0 1 1
10 10465.298229577040 2.515807419161 std 2 1 0 0 0
10 10466.120138277714 2.515806760991 std 2 1 0 0 0
10 10466.942046336537 2.515805847597 std 2 1 0 0 0
10 10467.250261836363 2.515805610091 std 2 1 0 0 0
10 10467.353003563298 2.515805421595 std 2 1 0 0 0
10 10469.921468612141 2.515803218758 std 2 1 0 0 0
10 10474.750182722602 2.515799107595 std 2 1 0 0 0
10 10475.674828644271 2.515798521857 std 2 1 0 0 0
10 10479.476157387286 2.515794938791 std 2 1 0 0 0
10 10480.195329971471 2.515794441964 std 2 1 0 0 0
10 10480.606284952608 2.515793951114 std 2 1 0 0 0
10 10481.222719110488 2.515793515975 std 2 1 0 0 0
10 10481.941885798551 2.515793043211 std 2 1 0 0 0
10 10482.969269754401 2.515791806547 std 2 1 0 0 0
10 10488.928110533478 2.515786741586 std 2 1 0 0 0
10 10489.133590073898 2.515786567578 std 2 1 0 0 0
10 10489.339064844500 2.515786415286 std 2 1 0 0 0
10 10493.756824639979 2.515782699476 std 2 1 0 0 0
10 10493.962303738457 2.515782535033 std 2 1 0 0 0
10 10495.092431375848 2.515781333038 std 2 1 0 0 0
10 10496.736247338013 2.515780113119 std 2 1 0 0 0
10 10499.201974725154 2.515778027571 std 2 1 0 0 0
10 10499.921144921696 2.515777149466 std 2 1 0 0 0
10 10500.434839085436 2.515776837229 std 2 1 0 0 0
10 10501.770438713891 2.515775811772 std 2 1 0 0 0
10 10502.695085770783 2.515775040112 std 2 1 0 0 0
10 10507.318324984932 2.515770718231 std 2 1 0 0 0
10 10508.859403028771 2.515769656296 std 2 1 0 0 0
10 10509.373095838369 2.515769165940 std 2 1 0 0 0
10 10510.297744514275 2.515768519178 std 2 1 0 0 0
10 10512.557992100374 2.515766276269 std 2 1 0 0 0
10 10512.763470614535 2.515766063988 std 2 1 0 0 0
10 10513.482640177701 2.515765518760 std 2 1 0 0 0
10 10513.790855621193 2.515765274077 std 2 1 0 0 0
10 10514.715503249650 2.515764364732 std 2 1 0 0 0
10 10515.229198155748 2.515763865707 std 2 1 0 0 0
10 10515.640151170483 2.515763726596 std 2 1 0 0 0
10 10515.845629827307 2.515763472195 std 2 1 0 0 0
10 10521.085299685994 2.515758978498 std 2 1 0 0 0
10 10521.701732106600 2.515758484737 std 2 1 0 0 0
10 10522.009946217406 2.515758071252 std 2 1 0 0 0
10 10523.345548680512 2.515757125747 std 2 1 0 0 0
10 10527.249615107747 2.515753566104 std 2 1 0 0 0
10 10527.557830373868 2.515753683065 std 2 1 0 0 0
10 10529.509865944585 2.515751820584 std 2 1 0 0 0
10 10532.900239949277 2.515748769368 std 2 1 0 0 0
10 10533.722147500303 2.515748264250 std 2 1 0 0 0
10 10534.441317551227 2.515747548891 std 2 1 0 0 0
10 10534.955012067452 2.515747093007 std 2 1 0 0 0
10 10535.263226749375 2.515746630782 std 2 1 0 0 0
10 10535.776920281674 2.515746586909 std 2 1 0 0 0
10 10537.215259094173 2.515745172344 std 2 1 0 0 0
10 10538.345387124680 2.515744234705 std 2 1 0 0 0
10 10538.859082040650 2.515743865023 std 2 1 0 0 0
10 10539.064554210676 2.515743583862 std 2 1 0 0 0
10 10540.400160422098 2.515742223497 std 2 1 0 0 0
10 10541.427544914392 2.515741448626 std 2 1 0 0 0
10 10542.763145587054 2.515740428980 std 2 1 0 0 0
10 10543.071360440696 2.515739898471 std 2 1 0 0 0
10 10543.996008445947 2.515739293465 std 2 1 0 0 0
10 10545.228872446147 2.515738197583 std 2 1 0 0 0
10 10545.639829598636 2.515737950319 std 2 1 0 0 0
10 10546.256262272693 2.515737426497 std 2 1 0 0 0
10 10546.975430778917 2.515736699949 std 2 1 0 0 0
30 10549.749 125.3801 78.7041 0 1 1
10 10549.749372737408 2.515734281612 std 2 1 0 0 0
10 10551.598666847596 2.515732843842 std 2 1 0 0 0
10 10552.934267409657 2.515731824789 std 2 1 0 0 0
10 10587.248988389478 2.515702398156 std 2 1 0 0 0
10 10594.851647794501 2.515695754308 std 2 1 0 0 0
10 10595.057123604216 2.515695696666 std 2 1 0 0 0
10 10595.879032967681 2.515695194977 std 2 1 0 0 0
10 10596.495465872933 2.515694362071 std 2 1 0 0 0
10 10598.242025682002 2.515692803955 std 2 1 0 0 0
10 10599.680361264525 2.515691776523 std 2 1 0 0 0
10 10602.043351258471 2.515689845224 std 2 1 0 0 0
10 10603.481693480941 2.515688682737 std 2 1 0 0 0
10 10603.687167943808 2.515688404486 std 2 1 0 0 0
10 10606.769327154800 2.515685889322 std 2 1 0 0 0
10 10609.337791662763 2.515683537746 std 2 1 0 0 0
10 10609.646006381185 2.515683104759 std 2 1 0 0 0
10 10609.954223288087 2.515683005074 std 2 1 0 0 0
30 10643.138 126.5425 78.9699 0 1 1
10 10643.138774350395 2.515654974439 std 2 1 0 0 0
10 10646.426406867424 2.515652256478 std 2 1 0 0 0
10 10646.529144842199 2.515652245855 std 2 1 0 0 0
10 10648.275701113573 2.515650757195 std 2 1 0 0 0
10 10650.022258976118 2.515649057699 std 2 1 0 0 0
10 10650.433213322411 2.515648792162 std 2 1 0 0 0
10 10651.768813795663 2.515647625639 std 2 1 0 0 0
10 10652.282509511375 2.515647461028 std 2 1 0 0 0
10 10652.898941170764 2.515646670342 std 2 1 0 0 0
10 10654.542756719900 2.515645439718 std 2 1 0 0 0
10 10659.679686920517 2.515641087169 std 2 1 0 0 0
10 10659.885164846948 2.515640856532 std 2 1 0 0 0
10 10660.809812061701 2.515639996799 std 2 1 0 0 0
10 10662.350894269228 2.515639056065 std 2 1 0 0 0
10 10663.172799623873 2.515638165988 std 2 1 0 0 0
10 10663.378276823414 2.515638006067 std 2 1 0 0 0
10 10664.200187903252 2.515637294343 std 2 1 0 0 0
10 10665.227573930160 2.515636426259 std 2 1 0 0 0
10 10665.638527032153 2.515636078172 std 2 1 0 0 0
10 10668.617948881098 2.515633717261 std 2 1 0 0 0
10 10669.953552917776 2.515632386210 std 2 1 0 0 0
10 10670.364504060191 2.515632255788 std 2 1 0 0 0
10 10670.878199688586 2.515631606830 std 2 1 0 0 0
10 10672.727491277956 2.515630355788 std 2 1 0 0 0
10 10673.857616526844 2.515629334580 std 2 1 0 0 0
10 10675.398696755859 2.515627840690 std 2 1 0 0 0
10 10675.604175732153 2.515627693831 std 2 1 0 0 0
10 10678.172642011690 2.515625761344 std 2 1 0 0 0
10 10681.152057992533 2.515622939090 std 2 1 0 0 0
10 10682.076705596221 2.515622241070 std 2 1 0 0 0
10 10682.282186177250 2.515622187963 std 2 1 0 0 0
10 10682.487658887310 2.515621868965 std 2 1 0 0 0
10 10682.898617297527 2.515621559092 std 2 1 0 0 0
10 10684.645170800699 2.515620344512 std 2 1 0 0 0
10 10686.699944511805 2.515618563536 std 2 2 0 0 0
10 10688.857456309552 2.515616676408 std 2 1 0 0 0
10 10689.576625224749 2.515616190243 std 2 1 0 0 0
10 10690.090319254108 2.515615766810 std 2 1 0 0 0
10 10692.350568135467 2.515613785850 std 2 1 0 0 0
10 10693.172475485788 2.515613036262 std 2 1 0 0 0
10 10695.843680345701 2.515610818929 std 2 1 0 0 0
10 10700.569657468555 2.515606770891 std 2 1 0 0 0
10 10703.651815964551 2.515604366872 std 2 1 0 0 0
10 10709.302439036544 2.515599742989 std 2 1 0 0 0
10 10710.740781232496 2.515598367800 std 2 1 0 0 0
10 10711.048997335971 2.515598063654 std 2 1 0 0 0
10 10711.459950241881 2.515597702152 std 2 1 0 0 0
10 10712.076381536688 2.515597202482 std 2 1 0 0 0
10 10716.083187083321 2.515594050069 std 2 1 0 0 0
10 10716.494140931722 2.515593560711 std 2 1 0 0 0
10 10717.624266088284 2.515592688450 std 2 1 0 0 0
10 10717.829743451110 2.515592510192 std 2 1 0 0 0
10 10718.137961202850 2.515592330468 std 2 1 0 0 0
10 10718.548913469000 2.515591982156 std 2 1 0 0 0
10 10719.370822051165 2.515591345887 std 2 1 0 0 0
10 10719.781778167637 2.515591181595 std 2 1 0 0 0
10 10720.089993631205 2.515590559448 std 2 1 0 0 0
30 10722.761 127.5751 79.1932 0 1 1
10 10722.761196901372 2.515588392581 std 2 1 0 0 0
10 10723.069412465182 2.515588470130 std 2 1 0 0 0
10 10723.480369801473 2.515588057100 std 2 1 0 0 0
10 10723.788585971553 2.515587902456 std 2 1 0 0 0
10 10723.891322639227 2.515587660783 std 2 1 0 0 0
10 10723.994059855861 2.515587470827 std 2 1 0 0 0
10 10725.432402713341 2.515586378204 std 2 1 0 0 0
10 10725.637880504644 2.515586068924 std 2 1 0 0 0
10 10726.254313173462 2.515585748547 std 2 1 0 0 0
10 10727.795391759446 2.515584246820 std 2 1 0 0 0
10 10728.617297879102 2.515583791007 std 2 1 0 0 0
10 10733.240535788142 2.515579708154 std 2 1 0 0 0
10 10733.651492179129 2.515579691066 std 2 1 0 0 0
10 10733.959708101431 2.515579232030 std 2 1 0 0 0
10 10734.062445454179 2.515579086612 std 2 1 0 0 0
10 10735.603524532396 2.515577800434 std 2 1 0 0 0
10 10735.809002353779 2.515577722958 std 2 1 0 0 0
10 10736.322693923586 2.515577179852 std 2 1 0 0 0
10 10738.171988949114 2.515575790374 std 2 1 0 0 0
10 10739.404853569758 2.515574554892 std 2 1 0 0 0
10 10740.021284554479 2.515574272479 std 2 1 0 0 0
10 10741.048670371109 2.515573452778 std 2 1 0 0 0
10 10741.459625580794 2.515572905714 std 2 1 0 0 0
10 10743.000706172083 2.515571944945 std 2 1 0 0 0
10 10744.130831154913 2.515570855761 std 2 1 0 0 0
10 10745.260954064061 2.515569981654 std 2 1 0 0 0
10 10745.363694504644 2.515569786352 std 2 1 0 0 0
10 10747.315727429841 2.515567995454 std 2 1 0 0 0
10 10747.726680673273 2.515567790314 std 2 1 0 0 0
10 10748.959544310957 2.515566661662 std 2 1 0 0 0
10 10749.986931374022 2.515566110750 std 2 1 0 0 0
10 10751.219796040417 2.515564758747 std 2 1 0 0 0
10 10752.144443876003 2.515564362952 std 2 1 0 0 0
10 10755.226602757493 2.515561759851 std 2 1 0 0 0
10 10755.843033998473 2.515561047026 std 2 1 0 0 0
10 10756.356723757279 2.515560562062 std 2 1 0 0 0
10 10757.795066096593 2.515559431199 std 2 1 0 0 0
10 10758.103281403854 2.515559120639 std 2 1 0 0 0
10 10758.411497566743 2.515559186203 std 2 1 0 0 0
10 10759.438882518907 2.515558325431 std 2 1 0 0 0
10 10760.569007992000 2.515557206448 std 2 1 0 0 0
10 10760.877222907700 2.515556793574 std 2 1 0 0 0
10 10764.575815012062 2.515554035347 std 2 1 0 0 0
10 10765.500461323181 2.515553353152 std 2 1 0 0 0
10 10765.808678029369 2.515552795009 std 2 1 0 0 0
10 10766.938805895888 2.515551949180 std 2 1 0 0 0
10 10767.349757341050 2.515551595168 std 2 1 0 0 0
10 10768.890836904013 2.515550205857 std 2 1 0 0 0
10 10770.740131735782 2.515548795612 std 2 1 0 0 0
10 10773.000377510527 2.515547227396 std 2 1 0 0 0
10 10773.411337263062 2.515546630334 std 2 1 0 0 0
10 10773.822289851223 2.515546391923 std 2 1 0 0 0
10 10774.438720914861 2.515546057458 std 2 1 0 0 0
10 10776.596231607167 2.515543987589 std 2 1 0 0 0
10 10777.212663570290 2.515543439608 std 2 1 0 0 0
10 10778.959222326124 2.515542079740 std 2 1 0 0 0
10 10779.575654568194 2.515541723995 std 2 1 0 0 0
10 10780.500301865895 2.515540989202 std 2 1 0 0 0
10 10782.555071674968 2.515539037988 std 2 1 0 0 0
10 10783.376980919826 2.515538397391 std 2 1 0 0 0
10 10785.226276697207 2.515537076621 std 2 1 0 0 0
10 10786.664617796550 2.515535816664 std 2 1 0 0 0
10 10788.616649794310 2.515534353157 std 2 1 0 0 0
10 10788.822128043832 2.515533866726 std 2 1 0 0 0
10 10789.438559712822 2.515533505542 std 2 1 0 0 0
10 10789.849513531504 2.515533173628 std 2 1 0 0 0
10 10790.054991275096 2.515532910782 std 2 1 0 0 0
10 10790.671423892674 2.515532401139 std 2 1 0 0 0
10 10791.596071397207 2.515531729266 std 2 1 0 0 0
10 10792.315239967964 2.515531043026 std 2 1 0 0 0
10 10792.931672265939 2.515530810106 std 2 1 0 0 0
10 10795.191919559258 2.515528641657 std 2 1 0 0 0
30 10797.452 128.5791 79.4001 0 1 1
10 10797.863126045699 2.515526821930 std 2 1 0 0 0
10 10798.274079489016 2.515526299071 std 2 1 0 0 0
10 10799.198725736585 2.515525542215 std 2 1 0 0 0
10 10799.506942065294 2.515525374364 std 2 1 0 0 0
10 10799.815159891083 2.515524940799 std 2 1 0 0 0
10 10800.123374836645 2.515524892314 std 2 1 0 0 0
10 10802.794580790234 2.515522871496 std 2 1 0 0 0
10 10803.616485897452 2.515521797551 std 2 1 0 0 0
10 10803.821965603594 2.515521740701 std 2 1 0 0 0
10 10808.342462695315 2.515518149885 std 2 1 0 0 0
10 10808.958894857449 2.515517744196 std 2 1 0 0 0
10 10809.678067907267 2.515516977160 std 2 1 0 0 0
10 10809.986283460965 2.515516633637 std 2 1 0 0 0
10 10810.294498943558 2.515516403735 std 2 1 0 0 0
10 10810.397237228735 2.515516290763 std 2 1 0 0 0
10 10817.280724014699 2.515511024456 std 2 1 0 0 0
10 10819.849188737029 2.515508886329 std 2 1 0 0 0
10 10821.390268472827 2.515507629953 std 2 1 0 0 0
10 10823.445040360662 2.515505728487 std 2 1 0 0 0
10 10825.499812508388 2.515504078664 std 2 1 0 0 0
10 10825.910767271940 2.515503823223 std 2 1 0 0 0
10 10827.554585928188 2.515502402116 std 2 1 0 0 0
10 10835.464568416695 2.515496098083 std 2 1 0 0 0
10 10836.080622854221 2.515495430710 std 2 1 0 0 0
10 10837.928785292015 2.515494122478 std 2 1 0 0 0
10 10839.468920205974 2.515492707398 std 2 1 0 0 0
10 10840.803706365352 2.515491675271 std 2 1 0 0 0
10 10841.111732023985 2.515491633886 std 2 1 0 0 0
10 10841.830460628764 2.515490990979 std 2 1 0 0 0
10 10843.165244437891 2.515489765222 std 2 1 0 0 0
10 10843.267921810811 2.515489730011 std 2 1 0 0 0
10 10843.575951020541 2.515489582657 std 2 1 0 0 0
10 10843.986652042353 2.515489091080 std 2 1 0 0 0
10 10844.294678428936 2.515488965466 std 2 1 0 0 0
10 10846.656219067503 2.515487241708 std 2 1 0 0 0
10 10846.861572095559 2.515486900294 std 2 1 0 0 0
10 10847.272273895544 2.515486552540 std 2 1 0 0 0
10 10849.223112860476 2.515484799762 std 2 1 0 0 0
10 10851.173951828219 2.515483248300 std 2 1 0 0 0
10 10852.508738056444 2.515482289072 std 2 1 0 0 0
10 10852.611415159114 2.515482045995 std 2 1 0 0 0
10 10852.714089830655 2.515482044373 std 2 1 0 0 0
10 10854.151551238449 2.515480859672 std 2 1 0 0 0
10 10854.356901394523 2.515480853517 std 2 1 0 0 0
10 10856.923794488943 2.515478607253 std 2 1 0 0 0
10 10857.950550725422 2.515478048337 std 2 1 0 0 0
10 10858.155903876484 2.515477930544 std 2 1 0 0 0
10 10860.312097098556 2.515476157938 std 2 1 0 0 0
10 10860.825472562097 2.515475607684 std 2 1 0 0 0
10 10861.441527125737 2.515474906937 std 2 1 0 0 0
10 10861.544204400163 2.515475094870 std 2 1 0 0 0
10 10861.852230904899 2.515474970862 std 2 1 0 0 0
10 10864.213773021776 2.515473010595 std 2 1 0 0 0
10 10866.164611818145 2.515471251593 std 2 1 0 0 0
10 10868.834180149155 2.515469072398 std 2 1 0 0 0
30 10869.347 129.5816 79.5960 0 1 1
10 10869.347561177163 2.515468763606 std 2 1 0 0 0
10 10899.226197155971 2.515444706493 std 2 1 0 0 0
10 10899.842252186947 2.515444212601 std 2 1 0 0 0
10 10900.047603825920 2.515444119322 std 2 1 0 0 0
10 10900.971684415934 2.515443391657 std 2 1 0 0 0
10 10901.998443852870 2.515442491786 std 2 1 0 0 0
10 10902.614498949499 2.515442213799 std 2 1 0 0 0
10 10903.743928707352 2.515441364510 std 2 1 0 0 0
10 10905.694767043686 2.515439669861 std 2 1 0 0 0
10 10906.413500239940 2.515439029641 std 2 1 0 0 0
10 10906.721528038735 2.515438931793 std 2 1 0 0 0
10 10907.440256907939 2.515438160306 std 2 1 0 0 0
10 10908.775040498884 2.515437141223 std 2 1 0 0 0
10 10908.980395105256 2.515436837035 std 2 1 0 0 0
10 10912.882069422247 2.515433848238 std 2 1 0 0 0
10 10914.114181865150 2.515433007774 std 2 1 0 0 0
10 10914.319529699302 2.515432584712 std 2 1 0 0 0
10 10918.221210029595 2.515429641652 std 2 1 0 0 0
10 10920.172049207911 2.515427895890 std 2 1 0 0 0
10 10920.890777949209 2.515427450472 std 2 1 0 0 0
10 10921.404156167860 2.515426961555 std 2 1 0 0 0
10 10921.712182915158 2.515426682988 std 2 1 0 0 0
10 10923.252318905457 2.515425494295 std 2 1 0 0 0
10 10923.971049487924 2.515424916784 std 2 1 0 0 0
20 10927.000 798.63 278.06 47 0
10 10925.305836204681 2.515423797928 std 2 1 0 0 0
10 10927.153997457923 2.515422599637 std 2 1 0 0 0
10 10929.207518842193 2.515420997974 std 2 1 0 0 0
10 10929.720890540471 2.515420444908 std 2 1 0 0 0
10 10930.028917225778 2.515420329656 std 2 1 0 0 0
10 10930.542299383458 2.515419930115 std 2 1 0 0 0
10 10931.261027317871 2.515419207657 std 2 1 0 0 0
10 10932.390463553529 2.515418261150 std 2 1 0 0 0
10 10932.801164182927 2.515417829153 std 2 1 0 0 0
10 10933.109192522950 2.515417625509 std 2 1 0 0 0
10 10935.778759040930 2.515415669574 std 2 1 0 0 0
10 10935.881437290949 2.515415424892 std 2 1 0 0 0
10 10938.551005518086 2.515413594013 std 2 1 0 0 0
30 10939.988 130.5993 79.7861 0 1 1
10 10939.988463976930 2.515412307674 std 2 1 0 0 0
10 10940.912546556629 2.515411537199 std 2 1 0 0 0
10 10943.376765173283 2.515409462261 std 2 1 0 0 0
10 10945.840984273083 2.515407702478 std 2 1 0 0 0
10 10946.662389547531 2.515407042452 std 2 1 0 0 0
10 10946.867743211929 2.515406919152 std 2 1 0 0 0
10 10946.970416486431 2.515406765675 std 2 1 0 0 0
10 10947.175770250604 2.515406502449 std 2 1 0 0 0
10 10948.715902551105 2.515405486864 std 2 1 0 0 0
10 10979.415978614697 2.515381006398 std 2 1 0 0 0
10 10982.290898568304 2.515378776152 std 2 1 0 0 0
10 10983.831037300333 2.515377789450 std 2 1 0 0 0
10 10984.447089350040 2.515377184042 std 2 1 0 0 0
10 10984.652443091896 2.515376905664 std 2 1 0 0 0
10 10986.911306785409 2.515375405739 std 2 1 0 0 0
10 10987.013982380444 2.515375291638 std 2 1 0 0 0
10 10988.759471767127 2.515373798411 std 2 1 0 0 0
10 10989.478200811986 2.515373333618 std 2 1 0 0 0
10 10989.683554269510 2.515373124408 std 2 1 0 0 0
10 10990.094255117581 2.515372874140 std 2 1 0 0 0
10 10991.531713466180 2.515371807091 std 2 1 0 0 0
10 10992.558473797893 2.515370750524 std 2 1 0 0 0
10 10992.969175566741 2.515370464401 std 2 1 0 0 0
10 10993.687905377203 2.515369947583 std 2 1 0 0 0
10 10994.406634803190 2.515369230146 std 2 1 0 0 0
10 10995.433393568979 2.515368591751 std 2 1 0 0 0
10 10997.076206495227 2.515367345544 std 2 1 0 0 0
10 10997.589583975478 2.515367012210 std 2 1 0 0 0
10 10997.897612117826 2.515366754986 std 2 1 0 0 0
10 11000.669857944375 2.515364304116 std 2 1 0 0 0
10 11000.977884183945 2.515364130146 std 2 1 0 0 0
10 11001.388586696947 2.515363868417 std 2 1 0 0 0
10 11001.491261822590 2.515363592879 std 2 1 0 0 0
10 11005.187589180990 2.515360938083 std 2 1 0 0 0
30 11007.035 131.6008 79.9645 0 1 1
10 11007.035751901554 2.515359607689 std 2 1 0 0 0
10 11007.446454979841 2.515359257224 std 2 1 0 0 0
10 11007.549130590805 2.515359246248 std 2 1 0 0 0
10 11007.754481848418 2.515358990513 std 2 1 0 0 0
10 11008.781241737355 2.515358188747 std 2 2 0 0 0
10 11009.910673288565 2.515357313758 std 2 1 0 0 0
10 11010.526727746956 2.515356663405 std 2 1 0 0 0
10 11011.656160048493 2.515355640777 std 2 1 0 0 0
10 11012.888267306647 2.515354831570 std 2 1 0 0 0
10 11015.044461643625 2.515353195823 std 2 1 0 0 0
10 11019.048811892926 2.515349894129 std 2 1 0 0 0
10 11020.794304184505 2.515348601677 std 2 1 0 0 0
10 11022.334437375881 2.515347416846 std 2 1 0 0 0
10 11022.950490143858 2.515346909727 std 2 1 0 0 0
10 11023.361196735304 2.515346810446 std 2 1 0 0 0
10 11023.463869973526 2.515346858562 std 2 1 0 0 0
10 11027.262875840743 2.515343624249 std 2 1 0 0 0
10 11028.084278082624 2.515342947324 std 2 1 0 0 0
10 11030.343143517237 2.515341257983 std 2 1 0 0 0
10 11032.807363496977 2.515339203167 std 2 1 0 0 0
10 11033.834120875950 2.515338603070 std 2 1 0 0 0
10 11034.244821282538 2.515338374129 std 2 1 0 0 0
10 11034.758202228990 2.515337705380 std 2 1 0 0 0
10 11037.222420143542 2.515335747391 std 2 1 0 0 0
10 11038.967908717610 2.515334667725 std 2 1 0 0 0
10 11039.275934289253 2.515334304476 std 2 1 0 0 0
10 11041.021420049596 2.515332834061 std 2 1 0 0 0
10 11042.561557821857 2.515331596010 std 2 1 0 0 0
10 11042.972259550328 2.515331472448 std 2 1 0 0 0
10 11044.820423746381 2.515330006645 std 2 1 0 0 0
10 11049.030127644013 2.515326645829 std 2 1 0 0 0
10 11049.543508675006 2.515326561444 std 2 1 0 0 0
10 11051.186319440900 2.515325034333 std 2 1 0 0 0
10 11052.623781025803 2.515323974716 std 2 1 0 0 0
10 11053.958568943985 2.515323098565 std 2 1 0 0 0
10 11057.654889848749 2.515320050133 std 2 1 0 0 0
10 11058.476297821355 2.515319562460 std 2 1 0 0 0
10 11058.989676496331 2.515318892852 std 2 1 0 0 0
10 11062.377973892024 2.515316512113 std 2 1 0 0 0
10 11066.485005861661 2.515313290430 std 2 1 0 0 0
10 11066.895707469708 2.515313028915 std 2 1 0 0 0
10 11068.127816920967 2.515312083081 std 2 1 0 0 0
30 11072.542 132.6101 80.1355 0 1 1
10 11072.542872863200 2.515308389467 std 2 1 0 0 0
10 11073.056252969867 2.515308061862 std 2 1 0 0 0
10 11074.493711991607 2.515307004134 std 2 1 0 0 0
10 11074.904419376926 2.515306795041 std 2 1 0 0 0
10 11076.033847815326 2.515306023593 std 2 1 0 0 0
10 11077.265956527110 2.515305149343 std 2 1 0 0 0
10 11077.573985573254 2.515304758189 std 2 1 0 0 0
10 11078.087364491146 2.515304480690 std 2 1 0 0 0
10 11080.859610860070 2.515302175992 std 2 1 0 0 0
10 11081.886365690414 2.515301579842 std 2 1 0 0 0
10 11082.605096158119 2.515300737406 std 2 1 0 0 0
10 11083.529177953542 2.515299991720 std 2 1 0 0 0
10 11086.404098291565 2.515297939362 std 2 1 0 0 0
10 11087.225505178276 2.515297120364 std 2 1 0 0 0
10 11088.354937364071 2.515296385181 std 2 1 0 0 0
10 11088.457617159509 2.515296195008 std 2 1 0 0 0
10 11090.408452606300 2.515294960070 std 2 1 0 0 0
10 11090.921832827180 2.515294532677 std 2 1 0 0 0
10 11093.796753794508 2.515292294288 std 2 1 0 0 0
10 11095.028862816131 2.515291268415 std 2 1 0 0 0
10 11097.390403213591 2.515289575693 std 2 1 0 0 0
10 11098.417159904320 2.515288534570 std 2 1 0 0 0
10 11100.162648364731 2.515287356958 std 2 1 0 0 0
10 11100.368000393357 2.515287257258 std 2 1 0 0 0
10 11101.600108302800 2.515286396387 std 2 1 0 0 0
10 11101.805460559783 2.515285961318 std 2 1 0 0 0
10 11107.144598624182 2.515282054111 std 2 1 0 0 0
10 11109.711491396845 2.515280083140 std 2 1 0 0 0
10 11111.148953599211 2.515278819402 std 2 1 0 0 0
10 11111.559656483974 2.515278771906 std 2 1 0 0 0
10 11112.997118724237 2.515277730467 std 2 1 0 0 0
10 11113.202466056668 2.515277375951 std 2 1 0 0 0
10 11117.925549764645 2.515273750727 std 2 1 0 0 0
10 11119.671040248950 2.515272298137 std 2 1 0 0 0
10 11121.005824489872 2.515271263271 std 2 1 0 0 0
10 11121.519204659524 2.515270829057 std 2 1 0 0 0
10 11122.237931892654 2.515270505236 std 2 1 0 0 0
10 11123.367364531945 2.515269443648 std 2 1 0 0 0
10 11125.112853313978 2.515268125155 std 2 1 0 0 0
10 11125.934260818914 2.515267557197 std 2 1 0 0 0
10 11127.679746025975 2.515266287444 std 2 1 0 0 0
10 11129.630584738114 2.515264921643 std 2 1 0 0 0
10 11132.505505486324 2.515262637485 std 2 1 0 0 0
30 11167.928 134.1415 80.3803 0 1 1
10 11167.928611323448 2.515235852534 std 2 1 0 0 0
10 11168.031288651948 2.515235601882 std 2 1 0 0 0
10 11168.236639687242 2.515235776947 std 2 1 0 0 0
10 11168.339315554173 2.515235615600 std 2 1 0 0 0
10 11170.392830621180 2.515234126250 std 2 1 0 0 0
10 11171.419586027954 2.515233255993 std 2 1 0 0 0
10 11171.522263877256 2.515233071395 std 2 1 0 0 0
10 11171.624939045805 2.515232894967 std 2 1 0 0 0
10 11174.294507006702 2.515231036668 std 2 1 0 0 0
10 11177.477454682867 2.515228670418 std 2 1 0 0 0
10 11178.709562851172 2.515227435400 std 2 1 0 0 0
10 11179.222944016044 2.515227388479 std 2 1 0 0 0
10 11179.428296607448 2.515227194405 std 2 1 0 0 0
10 11180.557727975964 2.515226232678 std 2 1 0 0 0
10 11181.481809862022 2.515225467887 std 2 1 0 0 0
10 11182.405892105367 2.515224766558 std 2 1 0 0 0
10 11183.946029702052 2.515223685811 std 2 1 0 0 0
10 11185.383486627152 2.515222430624 std 2 1 0 0 0
10 11186.410247294360 2.515221734789 std 2 1 0 0 0
10 11186.923623792540 2.515221521829 std 2 1 0 0 0
10 11187.231650835070 2.515221106632 std 2 1 0 0 0
10 11187.642354994103 2.515220935994 std 2 1 0 0 0
10 11187.745030855549 2.515220666490 std 2 1 0 0 0
10 11187.950382015382 2.515220571462 std 2 1 0 0 0
10 11188.053059395566 2.515220556902 std 2 1 0 0 0
10 11188.155733717178 2.515220710193 std 2 1 0 0 0
10 11189.079816343394 2.515220014240 std 2 1 0 0 0
10 11191.646708389166 2.515218006217 std 2 1 0 0 0
10 11192.160089089008 2.515217726781 std 2 1 0 0 0
10 11192.776143882907 2.515217044001 std 2 1 0 0 0
10 11193.186845484432 2.515216919893 std 2 1 0 0 0
10 11194.008251739189 2.515216092930 std 2 1 0 0 0
10 11194.110926945417 2.515215911800 std 2 1 0 0 0
10 11196.164440702671 2.515214306949 std 2 1 0 0 0
10 11196.575146989351 2.515214259212 std 2 1 0 0 0
10 11199.039363024538 2.515212281091 std 2 1 0 0 0
10 11201.708931603443 2.515210181807 std 2 1 0 0 0
10 11201.914283564340 2.515210246944 std 2 1 0 0 0
10 11202.222311174040 2.515210202141 std 2 1 0 0 0
10 11203.967797698608 2.515208793990 std 2 1 0 0 0
10 11204.789206334885 2.515207923064 std 2 1 0 0 0
10 11205.610609446221 2.515207615157 std 2 1 0 0 0
10 11207.048072364281 2.515206237157 std 2 1 0 0 0
10 11207.972152452519 2.515205673845 std 2 1 0 0 0
10 11208.998909103444 2.515204771993 std 2 1 0 0 0
10 11210.641723253138 2.515203742874 std 2 1 0 0 0
10 11211.257775033378 2.515203123481 std 2 1 0 0 0
10 11211.976505186998 2.515202823481 std 2 1 0 0 0
10 11214.543399019502 2.515200570702 std 2 1 0 0 0
10 11219.061130160871 2.515197317638 std 2 1 0 0 0
10 11220.087887512354 2.515196386744 std 2 1 0 0 0
10 11220.293239034079 2.515196490088 std 2 1 0 0 0
10 11223.578864690915 2.515193982690 std 2 1 0 0 0
10 11223.681539785479 2.515193731861 std 2 1 0 0 0
10 11224.194918038887 2.515193352562 std 2 1 0 0 0
10 11225.119000079065 2.515193036269 std 2 1 0 0 0
10 11226.556458613088 2.515191850759 std 2 1 0 0 0
30 11228.096 135.1421 80.5310 0 1 1
10 11228.096594717723 2.515190471118 std 2 1 0 0 0
10 11228.404623232058 2.515190248387 std 2 1 0 0 0
10 11228.609976908294 2.515190421116 std 2 1 0 0 0
10 11231.998273817449 2.515187606116 std 2 1 0 0 0
10 11233.025030238185 2.515186871595 std 2 1 0 0 0
10 11233.127711172707 2.515186835765 std 2 1 0 0 0
10 11233.230383815440 2.515186651276 std 2 1 0 0 0
10 11233.743765302368 2.515186460147 std 2 1 0 0 0
10 11234.154465462752 2.515186039795 std 2 1 0 0 0
10 11234.873194353424 2.515185569586 std 2 1 0 0 0
10 11235.899951339907 2.515184828086 std 2 1 0 0 0
10 11236.824034422341 2.515184048636 std 2 1 0 0 0
10 11237.440088539521 2.515183765408 std 2 1 0 0 0
10 11238.466845492623 2.515182739331 std 2 1 0 0 0
10 11239.082899817491 2.515182495083 std 2 1 0 0 0
10 11240.623037405998 2.515181405745 std 2 1 0 0 0
10 11242.881902807849 2.515179715878 std 2 1 0 0 0
10 11243.908660521194 2.515178814513 std 2 1 0 0 0
10 11244.011335510448 2.515178751321 std 2 1 0 0 0
10 11244.935416503071 2.515177920410 std 2 1 0 0 0
10 11245.448796305049 2.515177841132 std 2 1 0 0 0
10 11245.962174581833 2.515177292103 std 2 1 0 0 0
10 11246.372880129160 2.515177190909 std 2 1 0 0 0
10 11248.221040999268 2.515175801570 std 2 1 0 0 0
10 11249.761176710088 2.515174348222 std 2 1 0 0 0
10 11254.278910575662 2.515171135694 std 2 1 0 0 0
10 11254.689612618124 2.515170687895 std 2 1 0 0 0
10 11255.100317020591 2.515170455809 std 2 1 0 0 0
10 11255.408345399266 2.515170350949 std 2 1 0 0 0
10 11258.180588384257 2.515168227944 std 2 1 0 0 0
10 11258.385941887287 2.515168188482 std 2 1 0 0 0
10 11260.234101015081 2.515166738567 std 2 1 0 0 0
10 11260.336780768286 2.515166675602 std 2 1 0 0 0
10 11260.952834177411 2.515166395924 std 2 1 0 0 0
10 11264.443807180756 2.515163809003 std 2 1 0 0 0
10 11264.649159166232 2.515163557607 std 2 1 0 0 0
10 11265.265216056623 2.515162877449 std 2 1 0 0 0
10 11265.675917618180 2.515162685083 std 2 1 0 0 0
10 11266.189297222500 2.515162396736 std 2 1 0 0 0
10 11266.702674531169 2.515161814025 std 2 1 0 0 0
10 11266.908028384945 2.515161801987 std 2 1 0 0 0
10 11268.653514102467 2.515160674666 std 2 1 0 0 0
10 11269.166896295954 2.515159989474 std 2 1 0 0 0
10 11271.117734017293 2.515158682441 std 2 1 0 0 0
10 11272.863219220133 2.515157395658 std 2 1 0 0 0
10 11277.175599507262 2.515154089431 std 2 1 0 0 0
10 11277.380951886986 2.515154050992 std 2 1 0 0 0
10 11278.099680638989 2.515153460544 std 2 1 0 0 0
10 11279.434464428256 2.515152537674 std 2 1 0 0 0
10 11283.541495809284 2.515149376486 std 2 1 0 0 0
10 11283.644170702009 2.515149286876 std 2 1 0 0 0
30 11286.621 136.1451 80.6750 0 1 1
10 11286.621768491776 2.515147446659 std 2 1 0 0 0
10 11287.648528081460 2.515146579735 std 2 1 0 0 0
10 11288.880632959321 2.515145611630 std 2 1 0 0 0
10 11289.907393826836 2.515144773686 std 2 1 0 0 0
10 11290.728797144284 2.515144215966 std 2 1 0 0 0
10 11292.782313856880 2.515142876962 std 2 1 0 0 0
10 11293.295690955547 2.515142295916 std 2 1 0 0 0
10 11293.911746619773 2.515141814201 std 2 1 0 0 0
10 11294.630474169375 2.515141302778 std 2 1 0 0 0
10 11294.733154474499 2.515141368242 std 2 1 0 0 0
10 11295.143855860224 2.515140936425 std 2 1 0 0 0
10 11295.862583617432 2.515140460719 std 2 1 0 0 0
10 11299.456233488145 2.515137888541 std 2 1 0 0 0
50 std -1.0 -1.000 -1.000 -1.0 4
h8
h9
