h1 CRD 2 2025 3 14 14
h2 WETL 8834 10 01 4 ILRS
h3 apollo15 0000103 0103 na 0 1 1
h4 0 2025 3 7 18 58 52 2025 3 7 19 3 39 0 0 0 0 1 0 2 0
C0 0   1064.000 std4 las1 det4 tim0   na   na met0   na
C1 0 las1     Nd:YAG    1064.00      20.00      80.00   10.0  2.00    1
C2 0 det4       SPAD   1064.000  70.00   -93.0 180.0     analog 150.0  0.35  90.0  18.0       none    0.0    0.0  0
C3 0 tim0                  TAC              EFOS-18             Dassault             02,09,10    0.0
C6 0 met0 Paroscientific Digiquarz_765-16B     155046 E+E_Elektronik EE33-PFTM2022N 17059374047303 E+E_Elektronik EE33-PFTM2022N 17059374047303
20 68160.000000000000  944.50 283.14   54 0
20 68340.000000000000  944.50 282.86   55 0
20 68520.000000000000  944.49 282.72   56 0
20 68880.000000000000  944.50 282.40   57 0
20 69060.000000000000  944.48 282.17   57 0
40 66942.983398500000 0 std4       na       na      na   119025.4      1.5   25.5      na      na     na 3 4 0 3    na
41 59957.834449800000 0 std4     2542     2542      na   119021.4       na   25.2  -0.088  -0.803   -9.4 3 0 0 1  17.9
41 63760.152412500000 0 std4     2944     2944      na   119022.6       na   27.1  -0.093  -0.859    4.4 3 0 0 1  19.1
41 65553.543579300000 0 std4     2724     2724      na   119028.7       na   26.1   0.053  -0.880  -13.7 3 0 0 1  14.1
41 69454.648726700000 0 std4     2540     2540      na   119025.1       na   25.2   0.012  -0.877   -4.1 3 0 0 2   9.1
41 73928.132347200000 0 std4     2287     2287      na   119028.1       na   23.9   0.009  -0.836    1.9 3 0 0 2   8.7
10 68332.605215740667     2.483837890038 std4 2 2 0 0     0     0
10 68353.858204540696     2.483852332688 std4 2 2 0 0     0     0
10 68369.610796540708     2.483863071968 std4 2 2 0 0     0     0
10 68372.008713340703     2.483864708975 std4 2 2 0 0     0     0
10 68373.626006140697     2.483865813583 std4 2 2 0 0     0     0
10 68377.917436540718     2.483868746390 std4 2 2 0 0     0     0
10 68379.354585340707     2.483869729371 std4 2 2 0 0     0     0
10 68380.331366140691     2.483870397308 std4 2 2 0 0     0     0
10 68406.712454140713     2.483888481342 std4 2 2 0 0     0     0
10 68407.957449340683     2.483889337067 std4 2 2 0 0     0     0
10 68410.063132540712     2.483890783791 std4 2 2 0 0     0     0
10 68412.809327740684     2.483892672784 std4 2 2 0 0     0     0
10 68417.537106940712     2.483895925575 std4 2 2 0 0     0     0
10 68425.851753340702     2.483901653162 std4 2 2 0 0     0     0
10 68430.155193340698     2.483904620064 std4 2 2 0 0     0     0
10 68450.395372540709     2.483918606991 std4 2 2 0 0     0     0
10 68451.980639740688     2.483919704246 std4 2 2 0 0     0     0
10 68462.108735740717     2.483926723260 std4 2 2 0 0     0     0
10 68464.778870140702     2.483928575938 std4 2 2 0 0     0     0
10 68531.436153340703     2.483975092984 std4 2 2 0 0     0     0
10 68561.692338940705     2.483996380739 std4 2 2 0 0     0     0
10 68564.018198140717     2.483998021900 std4 2 2 0 0     0     0
10 68565.223161340695     2.483998872147 std4 2 2 0 0     0     0
10 68568.830044540699     2.484001418510 std4 2 2 0 0     0     0
10 68568.926121340726     2.484001486233 std4 2 2 0 0     0     0
10 68576.936524540684     2.484007147465 std4 2 2 0 0     0     0
10 68581.720348540710     2.484010531670 std4 2 2 0 0     0     0
10 68605.687506940732     2.484027527865 std4 2 2 0 0     0     0
10 68619.382454140719     2.484037269761 std4 2 2 0 0     0     0
h8
h9
