h1 CRD 2 2025 3 14 14
h2 WETL 8834 10 01 4 ILRS
h3 apollo15 0000103 0103 na 0 1 1
h4 0 2025 3 7 18 48 43 2025 3 7 18 53 30 0 0 0 0 1 0 2 0
C0 0   1064.000 std4 las1 det4 tim0   na   na met0   na
C1 0 las1     Nd:YAG    1064.00      20.00      80.00   10.0  2.00    1
C2 0 det4       SPAD   1064.000  70.00   -93.0 180.0     analog 150.0  0.35  90.0  18.0       none    0.0    0.0  0
C3 0 tim0                  TAC              EFOS-18             Dassault             02,09,10    0.0
C6 0 met0 Paroscientific Digiquarz_765-16B     155046 E+E_Elektronik EE33-PFTM2022N 17059374047303 E+E_Elektronik EE33-PFTM2022N 17059374047303
20 67440.000000000000  944.50 282.86   56 0
20 67620.000000000000  944.51 283.14   54 0
20 67800.000000000000  944.51 283.03   55 0
20 68160.000000000000  944.50 283.14   54 0
20 68340.000000000000  944.50 282.86   55 0
20 68520.000000000000  944.49 282.72   56 0
40 66942.983398500000 0 std4       na       na      na   119025.4      1.5   25.5      na      na     na 3 4 0 3    na
41 59957.834449800000 0 std4     2542     2542      na   119021.4       na   25.2  -0.088  -0.803   -9.4 3 0 0 1  17.9
41 63760.152412500000 0 std4     2944     2944      na   119022.6       na   27.1  -0.093  -0.859    4.4 3 0 0 1  19.1
41 65553.543579300000 0 std4     2724     2724      na   119028.7       na   26.1   0.053  -0.880  -13.7 3 0 0 1  14.1
41 69454.648726700000 0 std4     2540     2540      na   119025.1       na   25.2   0.012  -0.877   -4.1 3 0 0 2   9.1
41 73928.132347200000 0 std4     2287     2287      na   119028.1       na   23.9   0.009  -0.836    1.9 3 0 0 2   8.7
10 67723.106006140652     2.483446527432 std4 2 2 0 0     0     0
10 67732.409442940657     2.483452168714 std4 2 2 0 0     0     0
10 67734.367007740641     2.483453356897 std4 2 2 0 0     0     0
10 67736.480697340658     2.483454640734 std4 2 2 0 0     0     0
10 67737.161241340661     2.483455054235 std4 2 2 0 0     0     0
10 67739.122809340665     2.483456246075 std4 2 2 0 0     0     0
10 67741.476690940633     2.483457676859 std4 2 2 0 0     0     0
10 67744.026729340668     2.483459227764 std4 2 2 0 0     0     0
10 67746.897023740667     2.483460973950 std4 2 2 0 0     0     0
10 67750.479887740672     2.483463155566 std4 2 2 0 0     0     0
10 67750.591977340629     2.483463224025 std4 2 2 0 0     0     0
10 67755.880204540663     2.483466446661 std4 2 2 0 0     0     0
10 67758.250098940660     2.483467892071 std4 2 2 0 0     0     0
10 67764.262905340666     2.483471562251 std4 2 2 0 0     0     0
10 67767.557538940636     2.483473575231 std4 2 2 0 0     0     0
10 67772.217263740672     2.483476423959 std4 2 2 0 0     0     0
10 67787.021097340672     2.483485492206 std4 2 2 0 0     0     0
10 67804.238860540642     2.483496072421 std4 2 2 0 0     0     0
10 67805.283695740667     2.483496715559 std4 2 2 0 0     0     0
10 67821.808905340680     2.483506904961 std4 2 2 0 0     0     0
10 67823.238047740674     2.483507788036 std4 2 2 0 0     0     0
10 67831.732838140631     2.483513039949 std4 2 2 0 0     0     0
10 67832.093126140636     2.483513262926 std4 2 2 0 0     0     0
10 67841.084313340649     2.483518831931 std4 2 2 0 0     0     0
10 67859.334902140660     2.483530165079 std4 2 2 0 0     0     0
10 67866.176370940659     2.483534423565 std4 2 2 0 0     0     0
10 67873.037855740662     2.483538700560 std4 2 2 0 0     0     0
10 67894.422950140676     2.483552065491 std4 2 2 0 0     0     0
10 67897.941762940668     2.483554269907 std4 2 2 0 0     0     0
10 67898.594284540683     2.483554678550 std4 2 2 0 0     0     0
10 67913.037830140651     2.483563743651 std4 2 2 0 0     0     0
10 67933.746383740647     2.483576783810 std4 2 2 0 0     0     0
10 67935.683932540686     2.483578006614 std4 2 2 0 0     0     0
10 67943.994575740649     2.483583256024 std4 2 2 0 0     0     0
10 67944.811228540683     2.483583772296 std4 2 2 0 0     0     0
10 67953.706338940681     2.483589400627 std4 2 2 0 0     0     0
10 67954.478956540659     2.483589890146 std4 2 2 0 0     0     0
10 67955.675913340687     2.483590648550 std4 2 2 0 0     0     0
10 67959.899289340658     2.483593325587 std4 2 2 0 0     0     0
10 67959.931314940673     2.483593345799 std4 2 2 0 0     0     0
10 67962.229151740662     2.483594802846 std4 2 2 0 0     0     0
10 67968.253967740645     2.483598626567 std4 2 2 0 0     0     0
10 67969.110652540685     2.483599170802 std4 2 2 0 0     0     0
10 67969.767177340671     2.483599588009 std4 2 2 0 0     0     0
10 67981.496553340693     2.483607046867 std4 2 2 0 0     0     0
10 67992.649468540688     2.483614154045 std4 2 2 0 0     0     0
10 68007.485327740668     2.483623631919 std4 2 2 0 0     0     0
10 68008.898457340687     2.483624535734 std4 2 2 0 0     0     0
10 68009.987327740685     2.483625232409 std4 2 2 0 0     0     0
10 68010.263548540660     2.483625409603 std4 2 2 0 0     0     0
h8
h9
