h1 CRD 2 2025 3 14 14
h2 WETL 8834 10 01 4 ILRS
h3 apollo15 0000103 0103 na 0 1 1
h4 0 2025 3 8 18 22 24 2025 3 8 18 29 36 0 0 0 0 1 0 2 0
C0 0   1064.000 std4 las1 det4 tim0   na   na met0   na
C1 0 las1     Nd:YAG    1064.00      20.00      80.00   10.0  2.00    1
C2 0 det4       SPAD   1064.000  70.00   -93.0 180.0     analog 150.0  0.35  90.0  18.0       none    0.0    0.0  0
C3 0 tim0                  TAC              EFOS-18             Dassault             02,09,10    0.0
C6 0 met0 Paroscientific Digiquarz_765-16B     155046 E+E_Elektronik EE33-PFTM2022N 17059374047303 E+E_Elektronik EE33-PFTM2022N 17059374047303
20 66000.000000000000  939.50 283.47   47 0
20 66180.000000000000  939.47 283.35   46 0
20 66540.000000000000  939.44 283.22   46 0
20 66900.000000000000  939.43 283.41   45 0
20 67080.000000000000  939.43 283.52   45 0
40 68608.548282500000 0 std4       na       na      na   119024.2      0.7   25.6      na      na     na 3 4 0 3    na
41 65106.819307300000 0 std4     2319     2319      na   119023.8       na   24.1   0.026  -0.822    7.2 3 0 0 1   4.6
41 68747.848529400000 0 std4     2951     2951      na   119023.5       na   27.2  -0.097  -0.674   -4.5 3 0 0 2  14.3
41 72110.277257800000 0 std4     2614     2614      na   119025.2       na   25.6   0.070  -0.865    1.8 3 0 0 2   9.4
10 66144.905995160351     2.510946850983 std4 2 2 0 0     0     0
10 66146.443223960393     2.510946820984 std4 2 2 0 0     0     0
10 66147.035697560352     2.510946809159 std4 2 2 0 0     0     0
10 66150.866759960366     2.510946735705 std4 2 2 0 0     0     0
10 66152.740257560388     2.510946700095 std4 2 2 0 0     0     0
10 66154.425604760365     2.510946668587 std4 2 2 0 0     0     0
10 66165.110145560381     2.510946476605 std4 2 2 0 0     0     0
10 66168.072513560347     2.510946425507 std4 2 2 0 0     0     0
10 66168.336724760373     2.510946421012 std4 2 2 0 0     0     0
10 66172.127755160383     2.510946357777 std4 2 2 0 0     0     0
10 66172.916385560389     2.510946344752 std4 2 2 0 0     0     0
10 66175.082116760379     2.510946309257 std4 2 2 0 0     0     0
10 66177.391963160382     2.510946272385 std4 2 2 0 0     0     0
10 66180.366340760366     2.510946225572 std4 2 2 0 0     0     0
10 66180.822705560348     2.510946218440 std4 2 2 0 0     0     0
10 66189.081307160378     2.510946094932 std4 2 2 0 0     0     0
10 66190.498439960367     2.510946074967 std4 2 2 0 0     0     0
10 66191.219015960376     2.510946064532 std4 2 2 0 0     0     0
10 66191.999639960383     2.510946053615 std4 2 2 0 0     0     0
10 66192.960407960386     2.510946040074 std4 2 2 0 0     0     0
10 66195.686587160381     2.510946002171 std4 2 2 0 0     0     0
10 66196.443191960365     2.510945991720 std4 2 2 0 0     0     0
10 66196.495233560376     2.510945990834 std4 2 2 0 0     0     0
10 66197.451998360364     2.510945978114 std4 2 2 0 0     0     0
10 66197.480020760348     2.510945977977 std4 2 2 0 0     0     0
10 66202.251835160380     2.510945915131 std4 2 2 0 0     0     0
10 66203.841105560382     2.510945894882 std4 2 2 0 0     0     0
10 66207.524049560361     2.510945848889 std4 2 2 0 0     0     0
10 66208.725009560376     2.510945834168 std4 2 2 0 0     0     0
10 66216.351105560383     2.510945745442 std4 2 2 0 0     0     0
10 66226.971595160381     2.510945633075 std4 2 2 0 0     0     0
10 66228.204580760382     2.510945621005 std4 2 2 0 0     0     0
10 66230.042049560393     2.510945603378 std4 2 2 0 0     0     0
10 66231.619310360383     2.510945588404 std4 2 2 0 0     0     0
10 66231.663345560358     2.510945588147 std4 2 2 0 0     0     0
10 66236.367105560387     2.510945545291 std4 2 2 0 0     0     0
10 66239.065262360392     2.510945521977 std4 2 2 0 0     0     0
10 66239.669745560364     2.510945516540 std4 2 2 0 0     0     0
10 66240.026030360394     2.510945514214 std4 2 2 0 0     0     0
10 66242.463979160388     2.510945494226 std4 2 2 0 0     0     0
10 66243.364699160351     2.510945486940 std4 2 2 0 0     0     0
10 66250.158129560358     2.510945435808 std4 2 2 0 0     0     0
10 66257.079662360391     2.510945388975 std4 2 2 0 0     0     0
10 66259.201358360364     2.510945375556 std4 2 2 0 0     0     0
10 66263.028417560367     2.510945353775 std4 2 2 0 0     0     0
10 66263.789025560372     2.510945349732 std4 2 2 0 0     0     0
10 66264.073252760391     2.510945348005 std4 2 2 0 0     0     0
10 66268.781015960376     2.510945323804 std4 2 2 0 0     0     0
10 66269.885899160386     2.510945318008 std4 2 2 0 0     0     0
10 66273.624887960393     2.510945301247 std4 2 2 0 0     0     0
10 66274.469563160365     2.510945297265 std4 2 2 0 0     0     0
10 66275.170123160371     2.510945294525 std4 2 2 0 0     0     0
10 66275.682532760388     2.510945292782 std4 2 2 0 0     0     0
10 66275.710555160375     2.510945292312 std4 2 2 0 0     0     0
10 66276.799425560371     2.510945288155 std4 2 2 0 0     0     0
10 66281.098862360381     2.510945272129 std4 2 2 0 0     0     0
10 66281.443137560394     2.510945271071 std4 2 2 0 0     0     0
10 66282.680126360388     2.510945267243 std4 2 2 0 0     0     0
10 66285.286209560381     2.510945259071 std4 2 2 0 0     0     0
10 66286.559227160399     2.510945255481 std4 2 2 0 0     0     0
10 66294.949934360377     2.510945236508 std4 2 2 0 0     0     0
10 66300.638481560389     2.510945228507 std4 2 2 0 0     0     0
10 66300.942724760366     2.510945228108 std4 2 2 0 0     0     0
10 66307.644081560382     2.510945224294 std4 2 2 0 0     0     0
10 66307.776187160393     2.510945224123 std4 2 2 0 0     0     0
10 66308.480750360361     2.510945223980 std4 2 2 0 0     0     0
10 66310.886673560398     2.510945223581 std4 2 2 0 0     0     0
10 66311.138875160367     2.510945224194 std4 2 2 0 0     0     0
10 66314.077223960393     2.510945224970 std4 2 2 0 0     0     0
10 66320.946715160365     2.510945231471 std4 2 2 0 0     0     0
10 66326.471131160391     2.510945241363 std4 2 2 0 0     0     0
10 66326.607239960368     2.510945241331 std4 2 2 0 0     0     0
10 66326.971531160393     2.510945242248 std4 2 2 0 0     0     0
10 66330.005956760372     2.510945249184 std4 2 2 0 0     0     0
10 66330.078014360378     2.510945249080 std4 2 2 0 0     0     0
10 66335.238139160389     2.510945263358 std4 2 2 0 0     0     0
10 66339.437495960392     2.510945277251 std4 2 2 0 0     0     0
10 66340.510353560388     2.510945281180 std4 2 2 0 0     0     0
10 66341.427086360397     2.510945284912 std4 2 2 0 0     0     0
10 66342.099623960389     2.510945287697 std4 2 2 0 0     0     0
10 66343.136452760398     2.510945291662 std4 2 2 0 0     0     0
10 66343.380647960364     2.510945292422 std4 2 2 0 0     0     0
10 66343.700903960367     2.510945294060 std4 2 2 0 0     0     0
10 66343.993137560383     2.510945295366 std4 2 2 0 0     0     0
10 66344.329406360364     2.510945296814 std4 2 2 0 0     0     0
10 66344.753745560388     2.510945298418 std4 2 2 0 0     0     0
10 66349.869835160378     2.510945321878 std4 2 2 0 0     0     0
10 66351.138849560376     2.510945327791 std4 2 2 0 0     0     0
10 66351.339009560380     2.510945329253 std4 2 2 0 0     0     0
10 66351.379041560377     2.510945329203 std4 2 2 0 0     0     0
10 66352.351819160394     2.510945334142 std4 2 2 0 0     0     0
10 66356.815387160380     2.510945358033 std4 2 2 0 0     0     0
10 66360.334199960386     2.510945378939 std4 2 2 0 0     0     0
10 66363.464702360394     2.510945398864 std4 2 2 0 0     0     0
10 66363.576791960405     2.510945399675 std4 2 2 0 0     0     0
10 66364.753732760397     2.510945407298 std4 2 2 0 0     0     0
10 66366.034756760400     2.510945415919 std4 2 2 0 0     0     0
10 66369.681671960391     2.510945441495 std4 2 2 0 0     0     0
10 66370.850606360390     2.510945449965 std4 2 2 0 0     0     0
10 66373.516737560371     2.510945470017 std4 2 2 0 0     0     0
10 66374.513534360405     2.510945477500 std4 2 2 0 0     0     0
10 66375.041956760400     2.510945481833 std4 2 2 0 0     0     0
10 66376.987511960381     2.510945497436 std4 2 2 0 0     0     0
10 66378.420657560397     2.510945509153 std4 2 2 0 0     0     0
10 66378.720897560399     2.510945511873 std4 2 2 0 0     0     0
10 66383.132423960381     2.510945549898 std4 2 2 0 0     0     0
10 66384.697675160391     2.510945563817 std4 2 2 0 0     0     0
10 66385.246113560385     2.510945568837 std4 2 2 0 0     0     0
10 66389.145230360382     2.510945604780 std4 2 2 0 0     0     0
10 66403.104388760398     2.510945750578 std4 2 2 0 0     0     0
10 66409.033127960402     2.510945819359 std4 2 2 0 0     0     0
10 66410.774519960381     2.510945840469 std4 2 2 0 0     0     0
10 66416.575156760380     2.510945913102 std4 2 2 0 0     0     0
10 66423.764903960391     2.510946008431 std4 2 2 0 0     0     0
10 66423.969067160410     2.510946011344 std4 2 2 0 0     0     0
10 66423.993086360381     2.510946011521 std4 2 2 0 0     0     0
10 66426.647207960399     2.510946048539 std4 2 2 0 0     0     0
10 66428.640801560366     2.510946076932 std4 2 2 0 0     0     0
10 66440.766494360408     2.510946259853 std4 2 2 0 0     0     0
10 66443.072337560390     2.510946296768 std4 2 2 0 0     0     0
10 66443.548718360368     2.510946304285 std4 2 2 0 0     0     0
10 66443.880983960383     2.510946309461 std4 2 2 0 0     0     0
10 66446.294913560404     2.510946349239 std4 2 2 0 0     0     0
10 66464.361355160372     2.510946666128 std4 2 2 0 0     0     0
10 66465.502267160377     2.510946687055 std4 2 2 0 0     0     0
10 66466.875364760396     2.510946713039 std4 2 2 0 0     0     0
10 66472.531886360385     2.510946822242 std4 2 2 0 0     0     0
10 66478.628759960371     2.510946943697 std4 2 2 0 0     0     0
10 66480.105940760408     2.510946974525 std4 2 2 0 0     0     0
10 66480.442209560392     2.510946980815 std4 2 2 0 0     0     0
10 66481.318910360371     2.510946998936 std4 2 2 0 0     0     0
10 66482.696011160410     2.510947027801 std4 2 2 0 0     0     0
10 66484.493447960402     2.510947065803 std4 2 2 0 0     0     0
10 66488.544686360411     2.510947151899 std4 2 2 0 0     0     0
10 66488.724830360411     2.510947155763 std4 2 2 0 0     0     0
10 66496.755249560372     2.510947332845 std4 2 2 0 0     0     0
10 66504.537470360400     2.510947511933 std4 2 2 0 0     0     0
10 66505.278062360404     2.510947529232 std4 2 2 0 0     0     0
10 66507.283665560386     2.510947576942 std4 2 2 0 0     0     0
10 66515.450193560382     2.510947775040 std4 2 2 0 0     0     0
10 66517.916164760412     2.510947836586 std4 2 2 0 0     0     0
10 66526.975406360414     2.510948069069 std4 2 2 0 0     0     0
10 66527.976206360387     2.510948095187 std4 2 2 0 0     0     0
10 66528.768839960388     2.510948115703 std4 2 2 0 0     0     0
10 66528.928967960392     2.510948120133 std4 2 2 0 0     0     0
10 66530.282049560402     2.510948156102 std4 2 2 0 0     0     0
10 66532.980206360398     2.510948228485 std4 2 2 0 0     0     0
10 66534.193175960409     2.510948260870 std4 2 2 0 0     0     0
10 66536.230804760408     2.510948316203 std4 2 2 0 0     0     0
10 66538.908945560397     2.510948390001 std4 2 2 0 0     0     0
10 66541.951377560413     2.510948474254 std4 2 2 0 0     0     0
10 66542.259623960410     2.510948483015 std4 2 2 0 0     0     0
10 66546.078676760416     2.510948591073 std4 2 2 0 0     0     0
10 66546.206779160409     2.510948594931 std4 2 2 0 0     0     0
10 66546.619108760416     2.510948606298 std4 2 2 0 0     0     0
10 66549.037041560411     2.510948675643 std4 2 2 0 0     0     0
10 66550.594286360403     2.510948720831 std4 2 2 0 0     0     0
10 66551.851291160392     2.510948757660 std4 2 2 0 0     0     0
10 66552.784036760408     2.510948784702 std4 2 2 0 0     0     0
10 66552.900129560384     2.510948788115 std4 2 2 0 0     0     0
10 66554.145124760415     2.510948824554 std4 2 2 0 0     0     0
10 66558.424545560416     2.510948952100 std4 2 2 0 0     0     0
10 66560.334071960416     2.510949009034 std4 2 2 0 0     0     0
10 66561.527025560382     2.510949045590 std4 2 2 0 0     0     0
10 66562.447761560394     2.510949073118 std4 2 2 0 0     0     0
10 66564.757607960393     2.510949143801 std4 2 2 0 0     0     0
10 66567.944155160382     2.510949242622 std4 2 2 0 0     0     0
10 66574.197153560409     2.510949439792 std4 2 2 0 0     0     0
10 66574.201156760377     2.510949439957 std4 2 2 0 0     0     0
10 66574.497393560409     2.510949449402 std4 2 2 0 0     0     0
10 66574.769611160415     2.510949457829 std4 2 2 0 0     0     0
10 66575.842468760389     2.510949492111 std4 2 2 0 0     0     0
10 66576.855278360406     2.510949524894 std4 2 2 0 0     0     0
h8
h9
