h1 CRD 2 2025 3 13 18
h2 WETL 8834 10 01 4 ILRS
h3 apollo15 0000103 0103 na 0 1 1
h4 0 2025 3 6 16 56 36 2025 3 6 17 0 35 0 0 0 0 1 0 2 0
C0 0   1064.000 std4 las1 det4 tim0   na   na met0   na
C1 0 las1     Nd:YAG    1064.00      20.00      80.00   10.0  2.00    1
C2 0 det4       SPAD   1064.000  70.00   -93.0 180.0     analog 150.0  0.35  90.0  18.0       none    0.0    0.0  0
C3 0 tim0                  TAC              EFOS-18             Dassault             02,09,10    0.0
C6 0 met0 Paroscientific Digiquarz_765-16B     155046 E+E_Elektronik EE33-PFTM2022N 17059374047303 E+E_Elektronik EE33-PFTM2022N 17059374047303
20 60780.000000000000  948.16 284.80   45 0
20 60960.000000000000  948.20 284.57   47 0
20 61140.000000000000  948.23 285.41   44 0
20 61320.000000000000  948.22 284.85   46 0
20 61500.000000000000  948.21 284.50   47 0
20 61680.000000000000  948.24 284.39   48 0
40 61191.726050600000 0 std4       na       na      na   119024.5      1.7   24.9      na      na     na 3 4 0 3    na
41 54796.923974000000 0 std4     2407     2407      na   119022.6       na   24.5  -0.030  -0.818   10.4 3 0 0 1   3.6
41 58524.721931700000 0 std4     2345     2345      na   119021.4       na   24.2  -0.031  -0.825   -6.4 3 0 0 1   7.4
41 62890.335111300000 0 std4     2597     2597      na   119027.2       na   25.5   0.026  -0.746   -3.2 3 0 0 2   7.5
41 67586.528127300000 0 std4     2566     2566      na   119026.4       na   25.3   0.011  -0.797    3.6 3 0 0 2   7.6
10 60996.801858948889     2.452926136552 std4 2 2 0 0     0     0
10 60998.319109648917     2.452926478304 std4 2 2 0 0     0     0
10 61000.765125948883     2.452927029351 std4 2 2 0 0     0     0
10 61000.865208448888     2.452927052150 std4 2 2 0 0     0     0
10 61001.121419648909     2.452927109958 std4 2 2 0 0     0     0
10 61005.829300448920     2.452928173364 std4 2 2 0 0     0     0
10 61005.933386248882     2.452928196808 std4 2 2 0 0     0     0
10 61007.214442248880     2.452928486558 std4 2 2 0 0     0     0
10 61011.129669648882     2.452929373730 std4 2 2 0 0     0     0
10 61012.170527648887     2.452929609738 std4 2 2 0 0     0     0
10 61012.883115048892     2.452929771496 std4 2 2 0 0     0     0
10 61017.262725248906     2.452930767015 std4 2 2 0 0     0     0
10 61018.471721848892     2.452931042406 std4 2 2 0 0     0     0
10 61018.543781248901     2.452931058765 std4 2 2 0 0     0     0
10 61019.452530348889     2.452931265879 std4 2 2 0 0     0     0
10 61021.934576348877     2.452931831518 std4 2 2 0 0     0     0
10 61022.246833748889     2.452931903000 std4 2 2 0 0     0     0
10 61024.248483748886     2.452932359744 std4 2 2 0 0     0     0
10 61024.828962248880     2.452932492489 std4 2 2 0 0     0     0
10 61030.033252248918     2.452933683023 std4 2 2 0 0     0     0
10 61041.598785948887     2.452936341311 std4 2 2 0 0     0     0
10 61046.923174948885     2.452937570122 std4 2 2 0 0     0     0
10 61052.639887348895     2.452938893958 std4 2 2 0 0     0     0
10 61056.410995948895     2.452939769091 std4 2 2 0 0     0     0
10 61063.628945848892     2.452941449461 std4 2 2 0 0     0     0
10 61065.142193248888     2.452941802197 std4 2 2 0 0     0     0
10 61070.462578948908     2.452943045866 std4 2 2 0 0     0     0
10 61079.914370248905     2.452945263274 std4 2 2 0 0     0     0
10 61081.815937748898     2.452945710790 std4 2 2 0 0     0     0
10 61081.996086248894     2.452945753139 std4 2 2 0 0     0     0
10 61083.393237948922     2.452946082142 std4 2 2 0 0     0     0
10 61085.214739448921     2.452946511613 std4 2 2 0 0     0     0
10 61086.852089148882     2.452946897856 std4 2 2 0 0     0     0
10 61088.433392648889     2.452947271462 std4 2 2 0 0     0     0
10 61090.839375948898     2.452947840036 std4 2 2 0 0     0     0
10 61091.179656448894     2.452947920463 std4 2 2 0 0     0     0
10 61094.526415248903     2.452948713117 std4 2 2 0 0     0     0
10 61103.041434348918     2.452950735508 std4 2 2 0 0     0     0
10 61103.814071248928     2.452950919132 std4 2 2 0 0     0     0
10 61103.902143848919     2.452950940332 std4 2 2 0 0     0     0
10 61104.618734548895     2.452951110789 std4 2 2 0 0     0     0
10 61105.743661848913     2.452951378769 std4 2 2 0 0     0     0
10 61108.289760648922     2.452951986065 std4 2 2 0 0     0     0
10 61110.227357848908     2.452952449049 std4 2 2 0 0     0     0
10 61112.241017748912     2.452952929992 std4 2 2 0 0     0     0
10 61114.086539048925     2.452953371549 std4 2 2 0 0     0     0
10 61118.009773048923     2.452954311745 std4 2 2 0 0     0     0
10 61121.180386648917     2.452955072629 std4 2 2 0 0     0     0
10 61121.580716648910     2.452955168871 std4 2 2 0 0     0     0
10 61122.333337048920     2.452955349732 std4 2 2 0 0     0     0
10 61122.969861748902     2.452955502903 std4 2 2 0 0     0     0
10 61126.785006648920     2.452956420859 std4 2 2 0 0     0     0
10 61127.537627048923     2.452956602412 std4 2 2 0 0     0     0
10 61130.231847948894     2.452957251948 std4 2 2 0 0     0     0
10 61131.548933648924     2.452957570031 std4 2 2 0 0     0     0
10 61135.900520748909     2.452958621918 std4 2 2 0 0     0     0
10 61139.907824048920     2.452959592784 std4 2 2 0 0     0     0
10 61141.365025248915     2.452959946435 std4 2 2 0 0     0     0
10 61143.742985448894     2.452960523982 std4 2 2 0 0     0     0
10 61143.975176848905     2.452960580399 std4 2 2 0 0     0     0
10 61150.912895748924     2.452962269111 std4 2 2 0 0     0     0
10 61151.241166348907     2.452962349067 std4 2 2 0 0     0     0
10 61154.399770048893     2.452963119941 std4 2 2 0 0     0     0
10 61155.961057048893     2.452963501565 std4 2 2 0 0     0     0
10 61156.765720348908     2.452963698393 std4 2 2 0 0     0     0
10 61160.612891648927     2.452964640079 std4 2 2 0 0     0     0
10 61160.660931248915     2.452964651955 std4 2 2 0 0     0     0
10 61163.727459048927     2.452965404007 std4 2 2 0 0     0     0
10 61175.585233648916     2.452968322413 std4 2 2 0 0     0     0
10 61176.854279748905     2.452968635959 std4 2 2 0 0     0     0
10 61179.132157448928     2.452969198706 std4 2 2 0 0     0     0
10 61179.532487448937     2.452969298019 std4 2 2 0 0     0     0
10 61182.699097748901     2.452970081623 std4 2 2 0 0     0     0
10 61184.144289048923     2.452970439658 std4 2 2 0 0     0     0
10 61186.173962148911     2.452970943306 std4 2 2 0 0     0     0
10 61186.990635348905     2.452971145914 std4 2 2 0 0     0     0
10 61188.956255648916     2.452971633964 std4 2 2 0 0     0     0
10 61190.705697748899     2.452972069172 std4 2 2 0 0     0     0
10 61192.551219048923     2.452972528111 std4 2 2 0 0     0     0
10 61195.857944848903     2.452973352197 std4 2 2 0 0     0     0
10 61195.889971248911     2.452973360023 std4 2 2 0 0     0     0
10 61201.862894848907     2.452974851342 std4 2 2 0 0     0     0
10 61212.355544148928     2.452977481831 std4 2 2 0 0     0     0
10 61214.457276648933     2.452978010407 std4 2 2 0 0     0     0
10 61227.027638648929     2.452981182680 std4 2 2 0 0     0     0
10 61234.625902048891     2.452983109308 std4 2 2 0 0     0     0
10 61235.498621448908     2.452983331402 std4 2 2 0 0     0     0
h8
h9
