h1 CRD 2 2025 3 14 14
h2 WETL 8834 10 01 4 ILRS
h3 apollo15 0000103 0103 na 0 1 1
h4 0 2025 3 7 19 47 39 2025 3 7 19 55 5 0 0 0 0 1 0 2 0
C0 0   1064.000 std4 las1 det4 tim0   na   na met0   na
C1 0 las1     Nd:YAG    1064.00      20.00      80.00   10.0  2.00    1
C2 0 det4       SPAD   1064.000  70.00   -93.0 180.0     analog 150.0  0.35  90.0  18.0       none    0.0    0.0  0
C3 0 tim0                  TAC              EFOS-18             Dassault             02,09,10    0.0
C6 0 met0 Paroscientific Digiquarz_765-16B     155046 E+E_Elektronik EE33-PFTM2022N 17059374047303 E+E_Elektronik EE33-PFTM2022N 17059374047303
20 71040.000000000000  944.43 281.20   65 0
20 71580.000000000000  944.46 281.57   65 0
20 71940.000000000000  944.48 281.27   65 0
20 72120.000000000000  944.44 281.39   64 0
20 72300.000000000000  944.43 281.27   65 0
40 68844.142379800000 0 std4       na       na      na   119026.3      1.0   25.6      na      na     na 3 4 0 3    na
41 63760.152412500000 0 std4     2944     2944      na   119022.6       na   27.1  -0.093  -0.859    4.4 3 0 0 1  19.1
41 65553.543579300000 0 std4     2724     2724      na   119028.7       na   26.1   0.053  -0.880  -13.7 3 0 0 1  14.1
41 69454.648726700000 0 std4     2540     2540      na   119025.1       na   25.2   0.012  -0.877   -4.1 3 0 0 2   9.1
41 73928.132347200000 0 std4     2287     2287      na   119028.1       na   23.9   0.009  -0.836    1.9 3 0 0 2   8.7
10 71259.401709969460     2.486321088573 std4 2 2 0 0     0     0
10 71268.381709969475     2.486330206081 std4 2 2 0 0     0     0
10 71278.469709969448     2.486340459901 std4 2 2 0 0     0     0
10 71278.485709969483     2.486340476310 std4 2 2 0 0     0     0
10 71278.653709969475     2.486340646926 std4 2 2 0 0     0     0
10 71282.873709969473     2.486344939726 std4 2 2 0 0     0     0
10 71283.217709969487     2.486345289825 std4 2 2 0 0     0     0
10 71283.465709969478     2.486345542198 std4 2 2 0 0     0     0
10 71291.661709969453     2.486353884993 std4 2 2 0 0     0     0
10 71295.353709969469     2.486357646391 std4 2 2 0 0     0     0
10 71297.685709969481     2.486360022171 std4 2 2 0 0     0     0
10 71302.837709969485     2.486365274205 std4 2 2 0 0     0     0
10 71314.309709969486     2.486376979204 std4 2 2 0 0     0     0
10 71335.977709969492     2.486399126742 std4 2 2 0 0     0     0
10 71336.165709969485     2.486399319378 std4 2 2 0 0     0     0
10 71339.893709969465     2.486403134809 std4 2 2 0 0     0     0
10 71358.165709969480     2.486421859935 std4 2 2 0 0     0     0
10 71361.609709969489     2.486425393131 std4 2 2 0 0     0     0
10 71363.061709969490     2.486426883448 std4 2 2 0 0     0     0
10 71365.485709969495     2.486429371081 std4 2 2 0 0     0     0
10 71368.409709969454     2.486432373850 std4 2 2 0 0     0     0
10 71368.413709969479     2.486432377806 std4 2 2 0 0     0     0
10 71369.037709969498     2.486433018269 std4 2 2 0 0     0     0
10 71372.841709969463     2.486436925929 std4 2 2 0 0     0     0
10 71373.797709969486     2.486437908517 std4 2 2 0 0     0     0
10 71375.605709969468     2.486439766155 std4 2 2 0 0     0     0
10 71377.037709969476     2.486441238009 std4 2 2 0 0     0     0
10 71387.005709969489     2.486451489128 std4 2 2 0 0     0     0
10 71390.573709969460     2.486455161232 std4 2 2 0 0     0     0
10 71405.549709969502     2.486470589166 std4 2 2 0 0     0     0
10 71408.781709969498     2.486473922141 std4 2 2 0 0     0     0
10 71413.921709969484     2.486479224938 std4 2 2 0 0     0     0
10 71415.561709969473     2.486480917186 std4 2 2 0 0     0     0
10 71429.393709969496     2.486495204102 std4 2 2 0 0     0     0
10 71438.357709969495     2.486504474198 std4 2 2 0 0     0     0
10 71440.273709969466     2.486506456542 std4 2 2 0 0     0     0
10 71444.089709969493     2.486510406201 std4 2 2 0 0     0     0
10 71445.085709969467     2.486511437427 std4 2 2 0 0     0     0
10 71445.117709969481     2.486511470478 std4 2 2 0 0     0     0
10 71446.597709969479     2.486513003238 std4 2 2 0 0     0     0
10 71452.661709969479     2.486519284610 std4 2 2 0 0     0     0
10 71453.909709969467     2.486520577842 std4 2 2 0 0     0     0
10 71455.161709969473     2.486521875378 std4 2 2 0 0     0     0
10 71456.033709969485     2.486522779016 std4 2 2 0 0     0     0
10 71458.009709969479     2.486524827947 std4 2 2 0 0     0     0
10 71461.357709969495     2.486528299826 std4 2 2 0 0     0     0
10 71461.677709969492     2.486528631166 std4 2 2 0 0     0     0
10 71465.397709969483     2.486532490423 std4 2 2 0 0     0     0
10 71466.741709969499     2.486533885277 std4 2 2 0 0     0     0
10 71466.793709969481     2.486533939232 std4 2 2 0 0     0     0
10 71468.177709969475     2.486535375379 std4 2 2 0 0     0     0
10 71468.273709969503     2.486535475076 std4 2 2 0 0     0     0
10 71469.149709969486     2.486536384161 std4 2 2 0 0     0     0
10 71470.297709969469     2.486537576420 std4 2 2 0 0     0     0
10 71485.313709969482     2.486553177330 std4 2 2 0 0     0     0
10 71490.381709969480     2.486558448469 std4 2 2 0 0     0     0
10 71490.837709969490     2.486558922803 std4 2 2 0 0     0     0
10 71492.925709969476     2.486561095361 std4 2 2 0 0     0     0
10 71496.289709969490     2.486564596585 std4 2 2 0 0     0     0
10 71497.145709969463     2.486565488032 std4 2 2 0 0     0     0
10 71498.461709969500     2.486566858014 std4 2 2 0 0     0     0
10 71502.589709969479     2.486571157556 std4 2 2 0 0     0     0
10 71503.809709969478     2.486572428247 std4 2 2 0 0     0     0
10 71508.253709969493     2.486577059452 std4 2 2 0 0     0     0
10 71510.589709969474     2.486579494328 std4 2 2 0 0     0     0
10 71512.201709969468     2.486581175000 std4 2 2 0 0     0     0
10 71517.537709969500     2.486586740717 std4 2 2 0 0     0     0
10 71518.261709969465     2.486587496356 std4 2 2 0 0     0     0
10 71520.621709969467     2.486589958879 std4 2 2 0 0     0     0
10 71521.613709969477     2.486590994223 std4 2 2 0 0     0     0
10 71522.229709969507     2.486591637665 std4 2 2 0 0     0     0
10 71525.365709969487     2.486594911527 std4 2 2 0 0     0     0
10 71528.073709969480     2.486597739692 std4 2 2 0 0     0     0
10 71529.477709969498     2.486599206457 std4 2 2 0 0     0     0
10 71534.597709969496     2.486604556367 std4 2 2 0 0     0     0
10 71534.685709969490     2.486604648405 std4 2 2 0 0     0     0
10 71535.685709969485     2.486605693596 std4 2 2 0 0     0     0
10 71535.829709969503     2.486605843856 std4 2 2 0 0     0     0
10 71536.053709969480     2.486606078322 std4 2 2 0 0     0     0
10 71536.501709969468     2.486606546742 std4 2 2 0 0     0     0
10 71538.061709969470     2.486608177326 std4 2 2 0 0     0     0
10 71539.541709969468     2.486609725209 std4 2 2 0 0     0     0
10 71541.953709969480     2.486612247744 std4 2 2 0 0     0     0
10 71543.065709969494     2.486613411143 std4 2 2 0 0     0     0
10 71553.465709969495     2.486624296624 std4 2 2 0 0     0     0
10 71553.821709969469     2.486624669674 std4 2 2 0 0     0     0
10 71560.853709969484     2.486632037474 std4 2 2 0 0     0     0
10 71561.801709969470     2.486633031118 std4 2 2 0 0     0     0
10 71563.209709969512     2.486634506539 std4 2 2 0 0     0     0
10 71575.825709969479     2.486647741802 std4 2 2 0 0     0     0
10 71576.337709969492     2.486648279237 std4 2 2 0 0     0     0
10 71577.601709969505     2.486649606008 std4 2 2 0 0     0     0
10 71582.565709969471     2.486654819337 std4 2 2 0 0     0     0
10 71589.057709969484     2.486661641287 std4 2 2 0 0     0     0
10 71589.669709969491     2.486662284580 std4 2 2 0 0     0     0
10 71595.193709969511     2.486668093421 std4 2 2 0 0     0     0
10 71600.757709969481     2.486673947482 std4 2 2 0 0     0     0
10 71603.689709969487     2.486677033900 std4 2 2 0 0     0     0
10 71608.109709969478     2.486681688533 std4 2 2 0 0     0     0
10 71610.077709969486     2.486683761587 std4 2 2 0 0     0     0
10 71611.949709969470     2.486685733598 std4 2 2 0 0     0     0
10 71612.253709969498     2.486686053778 std4 2 2 0 0     0     0
10 71614.045709969503     2.486687942883 std4 2 2 0 0     0     0
10 71614.217709969513     2.486688123794 std4 2 2 0 0     0     0
10 71617.309709969481     2.486691383318 std4 2 2 0 0     0     0
10 71618.969709969485     2.486693133488 std4 2 2 0 0     0     0
10 71620.397709969508     2.486694639343 std4 2 2 0 0     0     0
10 71620.821709969478     2.486695086490 std4 2 2 0 0     0     0
10 71621.793709969491     2.486696111455 std4 2 2 0 0     0     0
10 71622.449709969508     2.486696803544 std4 2 2 0 0     0     0
10 71623.209709969517     2.486697605475 std4 2 2 0 0     0     0
10 71623.349709969511     2.486697753048 std4 2 2 0 0     0     0
10 71625.441709969470     2.486699960379 std4 2 2 0 0     0     0
10 71626.709709969512     2.486701298399 std4 2 2 0 0     0     0
10 71627.409709969517     2.486702036896 std4 2 2 0 0     0     0
10 71631.385709969505     2.486706234198 std4 2 2 0 0     0     0
10 71632.401709969484     2.486707306628 std4 2 2 0 0     0     0
10 71640.121709969502     2.486715462121 std4 2 2 0 0     0     0
10 71642.073709969515     2.486717524944 std4 2 2 0 0     0     0
10 71645.797709969494     2.486721461861 std4 2 2 0 0     0     0
10 71649.537709969504     2.486725417474 std4 2 2 0 0     0     0
10 71655.093709969491     2.486731296635 std4 2 2 0 0     0     0
10 71668.133709969519     2.486745107283 std4 2 2 0 0     0     0
10 71668.149709969500     2.486745124327 std4 2 2 0 0     0     0
10 71670.517709969498     2.486747634248 std4 2 2 0 0     0     0
10 71673.925709969493     2.486751247640 std4 2 2 0 0     0     0
10 71673.957709969504     2.486751281545 std4 2 2 0 0     0     0
10 71681.473709969502     2.486759255529 std4 2 2 0 0     0     0
10 71683.877709969480     2.486761807079 std4 2 2 0 0     0     0
10 71684.165709969519     2.486762112906 std4 2 2 0 0     0     0
10 71688.481709969511     2.486766695819 std4 2 2 0 0     0     0
10 71690.469709969510     2.486768807683 std4 2 2 0 0     0     0
10 71690.717709969503     2.486769070492 std4 2 2 0 0     0     0
10 71698.437709969517     2.486777275129 std4 2 2 0 0     0     0
10 71703.873709969517     2.486783056008 std4 2 2 0 0     0     0
10 71704.009709969494     2.486783200806 std4 2 2 0 0     0     0
10 71705.577709969482     2.486784868824 std4 2 2 0 0     0     0
h8
h9
