h1 CRD 2 2025 3 13 18
h2 WETL 8834 10 01 4 ILRS
h3 apollo15 0000103 0103 na 0 1 1
h4 0 2025 3 6 17 50 16 2025 3 6 17 55 45 0 0 0 0 1 0 2 0
C0 0   1064.000 std4 las1 det4 tim0   na   na met0   na
C1 0 las1     Nd:YAG    1064.00      20.00      80.00   10.0  2.00    1
C2 0 det4       SPAD   1064.000  70.00   -93.0 180.0     analog 150.0  0.35  90.0  18.0       none    0.0    0.0  0
C3 0 tim0                  TAC              EFOS-18             Dassault             02,09,10    0.0
C6 0 met0 Paroscientific Digiquarz_765-16B     155046 E+E_Elektronik EE33-PFTM2022N 17059374047303 E+E_Elektronik EE33-PFTM2022N 17059374047303
20 64020.000000000000  948.44 285.41   44 0
20 64200.000000000000  948.44 285.28   44 0
20 64380.000000000000  948.42 285.11   45 0
20 64560.000000000000  948.39 285.27   44 0
20 64920.000000000000  948.34 285.38   42 0
20 65100.000000000000  948.37 285.57   41 0
40 66735.143458000000 0 std4       na       na      na   119025.4      0.7   24.7      na      na     na 3 4 0 3    na
41 58524.721931700000 0 std4     2345     2345      na   119021.4       na   24.2  -0.031  -0.825   -6.4 3 0 0 1   7.4
41 62890.335111300000 0 std4     2597     2597      na   119027.2       na   25.5   0.026  -0.746   -3.2 3 0 0 1   7.5
41 67586.528127300000 0 std4     2566     2566      na   119026.4       na   25.3   0.011  -0.797    3.6 3 0 0 2   7.6
41 71731.595017400000 0 std4     2248     2248      na   119026.2       na   23.7  -0.005  -0.876   -2.2 3 0 0 2   7.3
41 74617.451967400000 0 std4     2713     2713      na   119026.8       na   26.0  -0.046  -0.834   -2.8 3 0 0 2   8.1
41 74945.564984300000 0 std4     2200     2200      na   119026.5       na   23.5   0.028  -0.788    6.5 3 0 0 2   7.6
10 64216.298485091948     2.454281709229 std4 2 2 0 0     0     0
10 64217.270485091930     2.454282308294 std4 2 2 0 0     0     0
10 64217.918485091941     2.454282707662 std4 2 2 0 0     0     0
10 64218.934485091921     2.454283333517 std4 2 2 0 0     0     0
10 64231.266485091916     2.454290943891 std4 2 2 0 0     0     0
10 64238.566485091917     2.454295457050 std4 2 2 0 0     0     0
10 64245.758485091907     2.454299910202 std4 2 2 0 0     0     0
10 64246.954485091943     2.454300650991 std4 2 2 0 0     0     0
10 64251.198485091930     2.454303282450 std4 2 2 0 0     0     0
10 64255.186485091942     2.454305756874 std4 2 2 0 0     0     0
10 64268.166485091926     2.454313823754 std4 2 2 0 0     0     0
10 64273.138485091934     2.454316918896 std4 2 2 0 0     0     0
10 64305.278485091956     2.454337000107 std4 2 2 0 0     0     0
10 64315.198485091942     2.454343222481 std4 2 2 0 0     0     0
10 64321.850485091946     2.454347402233 std4 2 2 0 0     0     0
10 64323.098485091942     2.454348186700 std4 2 2 0 0     0     0
10 64326.114485091910     2.454350084259 std4 2 2 0 0     0     0
10 64326.662485091957     2.454350429195 std4 2 2 0 0     0     0
10 64332.482485091953     2.454354093425 std4 2 2 0 0     0     0
10 64333.950485091942     2.454355018130 std4 2 2 0 0     0     0
10 64340.154485091952     2.454358929986 std4 2 2 0 0     0     0
10 64341.858485091930     2.454360005218 std4 2 2 0 0     0     0
10 64351.750485091930     2.454366253794 std4 2 2 0 0     0     0
10 64358.038485091954     2.454370232093 std4 2 2 0 0     0     0
10 64361.478485091952     2.454372410148 std4 2 2 0 0     0     0
10 64362.290485091947     2.454372924808 std4 2 2 0 0     0     0
10 64365.662485091920     2.454375061860 std4 2 2 0 0     0     0
10 64367.722485091926     2.454376368201 std4 2 2 0 0     0     0
10 64368.894485091926     2.454377111284 std4 2 2 0 0     0     0
10 64380.442485091956     2.454384444925 std4 2 2 0 0     0     0
10 64381.942485091954     2.454385398444 std4 2 2 0 0     0     0
10 64392.470485091959     2.454392099532 std4 2 2 0 0     0     0
10 64392.586485091937     2.454392173891 std4 2 2 0 0     0     0
10 64394.314485091935     2.454393275223 std4 2 2 0 0     0     0
10 64394.754485091936     2.454393555408 std4 2 2 0 0     0     0
10 64396.786485091950     2.454394851000 std4 2 2 0 0     0     0
10 64397.882485091930     2.454395550120 std4 2 2 0 0     0     0
10 64398.942485091930     2.454396225976 std4 2 2 0 0     0     0
10 64411.426485091949     2.454404199318 std4 2 2 0 0     0     0
10 64412.066485091951     2.454404608477 std4 2 2 0 0     0     0
10 64412.682485091926     2.454405002705 std4 2 2 0 0     0     0
10 64417.042485091924     2.454407792397 std4 2 2 0 0     0     0
10 64419.126485091939     2.454409126348 std4 2 2 0 0     0     0
10 64420.394485091922     2.454409938509 std4 2 2 0 0     0     0
10 64427.690485091943     2.454414614953 std4 2 2 0 0     0     0
10 64434.826485091957     2.454419194511 std4 2 2 0 0     0     0
10 64438.686485091951     2.454421674521 std4 2 2 0 0     0     0
10 64447.078485091940     2.454427072136 std4 2 2 0 0     0     0
10 64450.806485091931     2.454429472564 std4 2 2 0 0     0     0
10 64461.794485091936     2.454436558163 std4 2 2 0 0     0     0
10 64465.446485091934     2.454438916098 std4 2 2 0 0     0     0
10 64469.386485091920     2.454441461662 std4 2 2 0 0     0     0
10 64475.550485091936     2.454445448138 std4 2 2 0 0     0     0
10 64505.362485091951     2.454464792461 std4 2 2 0 0     0     0
10 64515.326485091948     2.454471281413 std4 2 2 0 0     0     0
10 64516.090485091963     2.454471779806 std4 2 2 0 0     0     0
10 64545.794485091931     2.454491197985 std4 2 2 0 0     0     0
h8
h9
