h1 CRD 2 2025 3 14 14
h2 WETL 8834 10 01 4 ILRS
h3 apollo15 0000103 0103 na 0 1 1
h4 0 2025 3 7 16 5 16 2025 3 7 16 11 59 0 0 0 0 1 0 2 0
C0 0   1064.000 std4 las1 det4 tim0   na   na met0   na
C1 0 las1     Nd:YAG    1064.00      20.00      80.00   10.0  2.00    1
C2 0 det4       SPAD   1064.000  70.00   -93.0 180.0     analog 150.0  0.35  90.0  18.0       none    0.0    0.0  0
C3 0 tim0                  TAC              EFOS-18             Dassault             02,09,10    0.0
C6 0 met0 Paroscientific Digiquarz_765-16B     155046 E+E_Elektronik EE33-PFTM2022N 17059374047303 E+E_Elektronik EE33-PFTM2022N 17059374047303
20 57720.000000000000  944.51 287.07   49 0
20 58080.000000000000  944.47 286.92   49 0
20 58620.000000000000  944.41 286.61   50 0
40 61031.662305100000 0 std4       na       na      na   119023.8      1.4   26.0      na      na     na 3 4 0 3    na
41 56509.781030800000 0 std4     2582     2582      na   119023.3       na   25.4   0.055  -0.733   -5.3 3 0 0 1   4.3
41 59957.834449800000 0 std4     2542     2542      na   119021.4       na   25.2  -0.088  -0.803   -9.4 3 0 0 1  17.9
41 63760.152412500000 0 std4     2944     2944      na   119022.6       na   27.1  -0.093  -0.859    4.4 3 0 0 2  19.1
41 65553.543579300000 0 std4     2724     2724      na   119028.7       na   26.1   0.053  -0.880  -13.7 3 0 0 2  14.1
10 57916.378250540051     2.483231857757 std4 2 2 0 0     0     0
10 57917.206912940044     2.483231412008 std4 2 2 0 0     0     0
10 57928.103623340021     2.483225564440 std4 2 2 0 0     0     0
10 57929.108426540048     2.483225025835 std4 2 2 0 0     0     0
10 57929.176480940035     2.483224989150 std4 2 2 0 0     0     0
10 57929.873037740023     2.483224615883 std4 2 2 0 0     0     0
10 57931.602420140022     2.483223689086 std4 2 2 0 0     0     0
10 57932.158864940055     2.483223391424 std4 2 2 0 0     0     0
10 57932.547175340052     2.483223183029 std4 2 2 0 0     0     0
10 57935.945892140062     2.483221363226 std4 2 2 0 0     0     0
10 57941.646448940036     2.483218313662 std4 2 2 0 0     0     0
10 57947.026749740051     2.483215437802 std4 2 2 0 0     0     0
10 57954.112413740051     2.483211655793 std4 2 2 0 0     0     0
10 57955.369418540043     2.483210985891 std4 2 2 0 0     0     0
10 57956.182068140054     2.483210552666 std4 2 2 0 0     0     0
10 57958.507927340043     2.483209312656 std4 2 2 0 0     0     0
10 57959.784948140032     2.483208632001 std4 2 2 0 0     0     0
10 57960.837789740050     2.483208071470 std4 2 2 0 0     0     0
10 57971.045949740062     2.483202639077 std4 2 2 0 0     0     0
10 57973.579975340040     2.483201292154 std4 2 2 0 0     0     0
10 57975.101191340049     2.483200483818 std4 2 2 0 0     0     0
10 57977.675248940018     2.483199116908 std4 2 2 0 0     0     0
10 57979.977088940044     2.483197894714 std4 2 2 0 0     0     0
10 57988.575962540055     2.483193335792 std4 2 2 0 0     0     0
10 57988.804144940044     2.483193214621 std4 2 2 0 0     0     0
10 58010.977869740062     2.483181493309 std4 2 2 0 0     0     0
10 58011.622384940041     2.483181153602 std4 2 2 0 0     0     0
10 58016.186032940047     2.483178747651 std4 2 2 0 0     0     0
10 58020.345357740033     2.483176557228 std4 2 2 0 0     0     0
10 58021.758487340051     2.483175813239 std4 2 2 0 0     0     0
10 58023.435828140051     2.483174930977 std4 2 2 0 0     0     0
10 58025.293312940044     2.483173953713 std4 2 2 0 0     0     0
10 58027.411005740037     2.483172839895 std4 2 2 0 0     0     0
10 58027.767290540034     2.483172653011 std4 2 2 0 0     0     0
10 58027.935424940065     2.483172564155 std4 2 2 0 0     0     0
10 58032.767287340038     2.483170025477 std4 2 2 0 0     0     0
10 58036.025892140040     2.483168315256 std4 2 2 0 0     0     0
10 58036.105956140043     2.483168272842 std4 2 2 0 0     0     0
10 58041.990660140031     2.483165186513 std4 2 2 0 0     0     0
10 58046.894580140059     2.483162617305 std4 2 2 0 0     0     0
10 58051.886570540023     2.483160004031 std4 2 2 0 0     0     0
10 58058.327719340043     2.483156636642 std4 2 2 0 0     0     0
10 58070.793684140035     2.483150131900 std4 2 2 0 0     0     0
10 58073.235636140034     2.483148859204 std4 2 2 0 0     0     0
10 58077.871341740054     2.483146445434 std4 2 2 0 0     0     0
10 58094.060282540039     2.483138034535 std4 2 2 0 0     0     0
10 58122.631120940031     2.483123256796 std4 2 2 0 0     0     0
10 58129.328474540055     2.483119805077 std4 2 2 0 0     0     0
10 58130.609498540055     2.483119146081 std4 2 2 0 0     0     0
10 58134.296445740036     2.483117247846 std4 2 2 0 0     0     0
10 58137.438957740033     2.483115632076 std4 2 2 0 0     0     0
10 58143.447760940068     2.483112544134 std4 2 2 0 0     0     0
10 58147.599079340068     2.483110413219 std4 2 2 0 0     0     0
10 58149.796836140050     2.483109286126 std4 2 2 0 0     0     0
10 58156.241988140070     2.483105982912 std4 2 2 0 0     0     0
10 58156.378096940050     2.483105912760 std4 2 2 0 0     0     0
10 58157.446951340039     2.483105365532 std4 2 2 0 0     0     0
10 58159.160320940057     2.483104488590 std4 2 2 0 0     0     0
10 58160.801632940056     2.483103648411 std4 2 2 0 0     0     0
10 58166.538218540071     2.483100714687 std4 2 2 0 0     0     0
10 58168.431732140043     2.483099747214 std4 2 2 0 0     0     0
10 58169.768800940073     2.483099064143 std4 2 2 0 0     0     0
10 58171.982570540038     2.483097933953 std4 2 2 0 0     0     0
10 58172.891296940076     2.483097470021 std4 2 2 0 0     0     0
10 58177.158708140050     2.483095292516 std4 2 2 0 0     0     0
10 58194.036199340063     2.483086700723 std4 2 2 0 0     0     0
10 58194.156295340062     2.483086639723 std4 2 2 0 0     0     0
10 58201.918500140041     2.483082698329 std4 2 2 0 0     0     0
10 58205.285191340053     2.483080990960 std4 2 2 0 0     0     0
10 58216.962525740054     2.483075077431 std4 2 2 0 0     0     0
10 58223.956116140051     2.483071542940 std4 2 2 0 0     0     0
10 58243.075399340059     2.483061906313 std4 2 2 0 0     0     0
10 58250.361223340071     2.483058244200 std4 2 2 0 0     0     0
10 58253.795968940082     2.483056519901 std4 2 2 0 0     0     0
10 58269.836791340076     2.483048482801 std4 2 2 0 0     0     0
10 58274.404442540049     2.483046199655 std4 2 2 0 0     0     0
10 58274.416452140060     2.483046193457 std4 2 2 0 0     0     0
10 58274.896836140057     2.483045953144 std4 2 2 0 0     0     0
10 58276.109805740072     2.483045347477 std4 2 2 0 0     0     0
10 58278.763927340083     2.483044021899 std4 2 2 0 0     0     0
10 58288.607796140067     2.483039112429 std4 2 2 0 0     0     0
10 58290.453271340084     2.483038193209 std4 2 2 0 0     0     0
10 58290.897626540057     2.483037972526 std4 2 2 0 0     0     0
10 58292.046544940044     2.483037400388 std4 2 2 0 0     0     0
10 58294.276327340088     2.483036290384 std4 2 2 0 0     0     0
10 58298.359591340084     2.483034259726 std4 2 2 0 0     0     0
10 58299.632608940042     2.483033626430 std4 2 2 0 0     0     0
10 58300.337172140068     2.483033276760 std4 2 2 0 0     0     0
10 58301.097780140073     2.483032898886 std4 2 2 0 0     0     0
10 58310.829559340066     2.483028068311 std4 2 2 0 0     0     0
10 58311.854378540062     2.483027560044 std4 2 2 0 0     0     0
10 58312.719069740080     2.483027131838 std4 2 2 0 0     0     0
10 58314.512503340057     2.483026242541 std4 2 2 0 0     0     0
10 58315.052935340057     2.483025975300 std4 2 2 0 0     0     0
10 58316.486080940054     2.483025265242 std4 2 2 0 0     0     0
10 58318.091364140071     2.483024470033 std4 2 2 0 0     0     0
10 58319.352372140075     2.483023846062 std4 2 2 0 0     0     0
h8
h9
