h1 CRD 2 2025 3 14 14
h2 WETL 8834 10 01 4 ILRS
h3 apollo15 0000103 0103 na 0 1 1
h4 0 2025 3 7 20 25 14 2025 3 7 20 30 44 0 0 0 0 1 0 2 0
C0 0   1064.000 std4 las1 det4 tim0   na   na met0   na
C1 0 las1     Nd:YAG    1064.00      20.00      80.00   10.0  2.00    1
C2 0 det4       SPAD   1064.000  70.00   -93.0 180.0     analog 150.0  0.35  90.0  18.0       none    0.0    0.0  0
C3 0 tim0                  TAC              EFOS-18             Dassault             02,09,10    0.0
C6 0 met0 Paroscientific Digiquarz_765-16B     155046 E+E_Elektronik EE33-PFTM2022N 17059374047303 E+E_Elektronik EE33-PFTM2022N 17059374047303
20 73380.000000000000  944.46 281.41   63 0
20 73560.000000000000  944.47 281.16   64 0
20 73740.000000000000  944.46 280.78   66 0
20 73920.000000000000  944.44 280.51   67 0
40 68844.142379800000 0 std4       na       na      na   119026.3      1.0   25.6      na      na     na 3 4 0 3    na
41 63760.152412500000 0 std4     2944     2944      na   119022.6       na   27.1  -0.093  -0.859    4.4 3 0 0 1  19.1
41 65553.543579300000 0 std4     2724     2724      na   119028.7       na   26.1   0.053  -0.880  -13.7 3 0 0 1  14.1
41 69454.648726700000 0 std4     2540     2540      na   119025.1       na   25.2   0.012  -0.877   -4.1 3 0 0 2   9.1
41 73928.132347200000 0 std4     2287     2287      na   119028.1       na   23.9   0.009  -0.836    1.9 3 0 0 2   8.7
10 73514.203325683898     2.488883845063 std4 2 2 0 0     0     0
10 73517.978343283914     2.488888583275 std4 2 2 0 0     0     0
10 73518.126461683912     2.488888768905 std4 2 2 0 0     0     0
10 73523.586826483910     2.488895625064 std4 2 2 0 0     0     0
10 73527.045591283906     2.488899968957 std4 2 2 0 0     0     0
10 73527.217728883914     2.488900185357 std4 2 2 0 0     0     0
10 73531.232938483891     2.488905230048 std4 2 2 0 0     0     0
10 73532.077613683915     2.488906291214 std4 2 2 0 0     0     0
10 73532.714122483902     2.488907091356 std4 2 2 0 0     0     0
10 73533.770967283879     2.488908419836 std4 2 2 0 0     0     0
10 73535.332215283892     2.488910382185 std4 2 2 0 0     0     0
10 73539.611636083897     2.488915762264 std4 2 2 0 0     0     0
10 73539.867840883908     2.488916084504 std4 2 2 0 0     0     0
10 73540.043981683904     2.488916306202 std4 2 2 0 0     0     0
10 73543.742938483905     2.488920958108 std4 2 2 0 0     0     0
10 73543.943098483909     2.488921209954 std4 2 2 0 0     0     0
10 73544.211312883894     2.488921547434 std4 2 2 0 0     0     0
10 73548.122439283905     2.488926467982 std4 2 2 0 0     0     0
10 73550.172077683907     2.488929047448 std4 2 2 0 0     0     0
10 73555.432282483914     2.488935668801 std4 2 2 0 0     0     0
10 73555.588407283892     2.488935865121 std4 2 2 0 0     0     0
10 73555.596413683879     2.488935875496 std4 2 2 0 0     0     0
10 73556.673274483913     2.488937231223 std4 2 2 0 0     0     0
10 73558.166468083878     2.488939111429 std4 2 2 0 0     0     0
10 73561.016746483884     2.488942701447 std4 2 2 0 0     0     0
10 73561.124832883896     2.488942837531 std4 2 2 0 0     0     0
10 73561.885440883883     2.488943795971 std4 2 2 0 0     0     0
10 73563.430676083910     2.488945742535 std4 2 2 0 0     0     0
10 73563.434679283891     2.488945747356 std4 2 2 0 0     0     0
10 73564.471508083916     2.488947053714 std4 2 2 0 0     0     0
10 73567.205693683888     2.488950499262 std4 2 2 0 0     0     0
10 73568.490720883914     2.488952118726 std4 2 2 0 0     0     0
10 73568.718903283906     2.488952406496 std4 2 2 0 0     0     0
10 73568.730912883913     2.488952421771 std4 2 2 0 0     0     0
10 73568.834996083879     2.488952552638 std4 2 2 0 0     0     0
10 73568.879031283906     2.488952608383 std4 2 2 0 0     0     0
10 73571.308973683908     2.488955670963 std4 2 2 0 0     0     0
10 73571.637236083902     2.488956084840 std4 2 2 0 0     0     0
10 73571.849405683909     2.488956352534 std4 2 2 0 0     0     0
10 73574.191277683919     2.488959305042 std4 2 2 0 0     0     0
10 73576.284951283896     2.488961945296 std4 2 2 0 0     0     0
10 73577.177664883905     2.488963071367 std4 2 2 0 0     0     0
10 73578.042356083884     2.488964161844 std4 2 2 0 0     0     0
10 73579.271338483896     2.488965712146 std4 2 2 0 0     0     0
10 73585.628420083920     2.488973733611 std4 2 2 0 0     0     0
10 73586.757322483913     2.488975158600 std4 2 2 0 0     0     0
10 73601.296944883904     2.488993521685 std4 2 2 0 0     0     0
10 73601.749306483916     2.488994093228 std4 2 2 0 0     0     0
10 73603.286535283906     2.488996035998 std4 2 2 0 0     0     0
10 73603.991098483906     2.488996926631 std4 2 2 0 0     0     0
10 73605.132010483884     2.488998369138 std4 2 2 0 0     0     0
10 73608.550743283919     2.489002690833 std4 2 2 0 0     0     0
10 73612.890212083924     2.489008178980 std4 2 2 0 0     0     0
10 73614.843773683895     2.489010650378 std4 2 2 0 0     0     0
10 73617.786125683908     2.489014373224 std4 2 2 0 0     0     0
10 73619.007101683914     2.489015918335 std4 2 2 0 0     0     0
10 73620.500295283891     2.489017807728 std4 2 2 0 0     0     0
10 73621.096772083916     2.489018562929 std4 2 2 0 0     0     0
10 73624.219268083913     2.489022515512 std4 2 2 0 0     0     0
10 73624.991885683891     2.489023493781 std4 2 2 0 0     0     0
10 73625.079956083888     2.489023605173 std4 2 2 0 0     0     0
10 73627.225671283912     2.489026322258 std4 2 2 0 0     0     0
10 73628.546727283917     2.489027995202 std4 2 2 0 0     0     0
10 73632.233674483915     2.489032665347 std4 2 2 0 0     0     0
10 73635.916618483888     2.489037331836 std4 2 2 0 0     0     0
10 73636.140797683904     2.489037615856 std4 2 2 0 0     0     0
10 73636.525104883925     2.489038102632 std4 2 2 0 0     0     0
10 73639.939834483906     2.489042430712 std4 2 2 0 0     0     0
10 73640.256087283882     2.489042831570 std4 2 2 0 0     0     0
10 73645.580343283916     2.489049582444 std4 2 2 0 0     0     0
10 73646.292912883925     2.489050485993 std4 2 2 0 0     0     0
10 73647.037508083899     2.489051430485 std4 2 2 0 0     0     0
10 73651.156800883899     2.489056656061 std4 2 2 0 0     0     0
10 73652.345751283899     2.489058164555 std4 2 2 0 0     0     0
10 73655.388183283912     2.489062025378 std4 2 2 0 0     0     0
10 73656.268887283917     2.489063143134 std4 2 2 0 0     0     0
10 73659.615562483898     2.489067391558 std4 2 2 0 0     0     0
10 73662.145584883901     2.489070603987 std4 2 2 0 0     0     0
10 73663.878970483918     2.489072805443 std4 2 2 0 0     0     0
10 73665.548304883915     2.489074925699 std4 2 2 0 0     0     0
10 73665.568320883913     2.489074950704 std4 2 2 0 0     0     0
10 73665.792500083888     2.489075235953 std4 2 2 0 0     0     0
10 73668.802906483882     2.489079059881 std4 2 2 0 0     0     0
10 73669.459431283921     2.489079894251 std4 2 2 0 0     0     0
10 73669.643578483890     2.489080128275 std4 2 2 0 0     0     0
10 73669.811712883903     2.489080342126 std4 2 2 0 0     0     0
10 73669.815716083903     2.489080346819 std4 2 2 0 0     0     0
10 73669.879767283922     2.489080428375 std4 2 2 0 0     0     0
10 73669.887773683914     2.489080438297 std4 2 2 0 0     0     0
10 73669.907789683911     2.489080463713 std4 2 2 0 0     0     0
10 73670.216036083906     2.489080855592 std4 2 2 0 0     0     0
10 73670.248061683918     2.489080896600 std4 2 2 0 0     0     0
10 73671.461031283923     2.489082437859 std4 2 2 0 0     0     0
10 73671.805306483904     2.489082875435 std4 2 2 0 0     0     0
10 73672.966234483905     2.489084350645 std4 2 2 0 0     0     0
10 73673.750861683923     2.489085348021 std4 2 2 0 0     0     0
10 73678.034285683895     2.489090793309 std4 2 2 0 0     0     0
10 73678.822916083896     2.489091795920 std4 2 2 0 0     0     0
10 73679.763668083901     2.489092992124 std4 2 2 0 0     0     0
10 73681.777277683918     2.489095553276 std4 2 2 0 0     0     0
10 73690.083917683918     2.489106121057 std4 2 2 0 0     0     0
10 73691.280874483905     2.489107644738 std4 2 2 0 0     0     0
10 73696.817300083898     2.489114693246 std4 2 2 0 0     0     0
10 73698.918980083915     2.489117369321 std4 2 2 0 0     0     0
10 73699.095120883891     2.489117593445 std4 2 2 0 0     0     0
10 73703.038272883919     2.489122616501 std4 2 2 0 0     0     0
10 73703.166375283911     2.489122779472 std4 2 2 0 0     0     0
10 73705.083908083905     2.489125222547 std4 2 2 0 0     0     0
10 73705.195997683913     2.489125365330 std4 2 2 0 0     0     0
10 73705.904564083911     2.489126268817 std4 2 2 0 0     0     0
10 73715.704397683932     2.489138760986 std4 2 2 0 0     0     0
10 73720.480215283922     2.489144852374 std4 2 2 0 0     0     0
10 73724.119124083924     2.489149495279 std4 2 2 0 0     0     0
10 73725.704391283911     2.489151518695 std4 2 2 0 0     0     0
10 73728.902948083910     2.489155601356 std4 2 2 0 0     0     0
10 73730.688375283900     2.489157880933 std4 2 2 0 0     0     0
10 73734.735610483925     2.489163049274 std4 2 2 0 0     0     0
10 73735.632327283917     2.489164194260 std4 2 2 0 0     0     0
10 73737.253623283924     2.489166265282 std4 2 2 0 0     0     0
10 73737.906144883889     2.489167098743 std4 2 2 0 0     0     0
10 73740.352100083926     2.489170223703 std4 2 2 0 0     0     0
10 73744.103098483889     2.489175017622 std4 2 2 0 0     0     0
10 73745.015828083912     2.489176183838 std4 2 2 0 0     0     0
10 73746.400935283900     2.489177954608 std4 2 2 0 0     0     0
10 73746.404938483906     2.489177959863 std4 2 2 0 0     0     0
10 73747.754016883908     2.489179684179 std4 2 2 0 0     0     0
10 73750.292045683901     2.489182929597 std4 2 2 0 0     0     0
10 73755.075869683922     2.489189048138 std4 2 2 0 0     0     0
10 73757.445764083922     2.489192079933 std4 2 2 0 0     0     0
10 73762.858090483903     2.489199006304 std4 2 2 0 0     0     0
10 73764.194328855354     2.489200716502 std4 2 2 0 0     0     0
10 73764.810328855335     2.489201505665 std4 2 2 0 0     0     0
10 73768.874328855357     2.489206708636 std4 2 2 0 0     0     0
10 73770.718328855330     2.489209070345 std4 2 2 0 0     0     0
10 73771.954328855364     2.489210653641 std4 2 2 0 0     0     0
10 73774.646328855329     2.489214102342 std4 2 2 0 0     0     0
10 73781.726328855340     2.489223175925 std4 2 2 0 0     0     0
10 73784.778328855357     2.489227088553 std4 2 2 0 0     0     0
10 73785.038328855356     2.489227422134 std4 2 2 0 0     0     0
10 73785.618328855354     2.489228165780 std4 2 2 0 0     0     0
10 73786.374328855341     2.489229134854 std4 2 2 0 0     0     0
10 73787.374328855341     2.489230417397 std4 2 2 0 0     0     0
10 73787.522328855331     2.489230607088 std4 2 2 0 0     0     0
10 73788.082328855336     2.489231325397 std4 2 2 0 0     0     0
10 73788.130328855324     2.489231386988 std4 2 2 0 0     0     0
10 73788.266328855355     2.489231561411 std4 2 2 0 0     0     0
10 73790.210328855327     2.489234055182 std4 2 2 0 0     0     0
10 73792.118328855328     2.489236502803 std4 2 2 0 0     0     0
10 73792.454328855357     2.489236934024 std4 2 2 0 0     0     0
10 73793.446328855364     2.489238206355 std4 2 2 0 0     0     0
10 73797.754328855361     2.489243735115 std4 2 2 0 0     0     0
10 73799.174328855337     2.489245557611 std4 2 2 0 0     0     0
10 73800.366328855333     2.489247087864 std4 2 2 0 0     0     0
10 73800.390328855357     2.489247118613 std4 2 2 0 0     0     0
10 73800.594328855326     2.489247380614 std4 2 2 0 0     0     0
10 73800.850328855350     2.489247709159 std4 2 2 0 0     0     0
10 73801.114328855328     2.489248047988 std4 2 2 0 0     0     0
10 73802.862328855366     2.489250292461 std4 2 2 0 0     0     0
10 73803.234328855320     2.489250770430 std4 2 2 0 0     0     0
10 73803.318328855343     2.489250878106 std4 2 2 0 0     0     0
10 73803.410328855355     2.489250996314 std4 2 2 0 0     0     0
10 73805.738328855348     2.489253985848 std4 2 2 0 0     0     0
10 73806.954328855322     2.489255547742 std4 2 2 0 0     0     0
10 73807.178328855349     2.489255835337 std4 2 2 0 0     0     0
10 73807.506328855338     2.489256256566 std4 2 2 0 0     0     0
10 73809.218328855347     2.489258455747 std4 2 2 0 0     0     0
10 73809.342328855362     2.489258615156 std4 2 2 0 0     0     0
10 73811.758328855347     2.489261718943 std4 2 2 0 0     0     0
10 73812.890328855353     2.489263173688 std4 2 2 0 0     0     0
10 73814.278328855346     2.489264957147 std4 2 2 0 0     0     0
10 73820.966328855364     2.489273554884 std4 2 2 0 0     0     0
10 73825.190328855326     2.489278987012 std4 2 2 0 0     0     0
10 73829.026328855340     2.489283921821 std4 2 2 0 0     0     0
10 73829.510328855363     2.489284544914 std4 2 2 0 0     0     0
10 73829.610328855358     2.489284673514 std4 2 2 0 0     0     0
10 73829.614328855331     2.489284678490 std4 2 2 0 0     0     0
10 73833.546328855325     2.489289738541 std4 2 2 0 0     0     0
10 73834.138328855332     2.489290500826 std4 2 2 0 0     0     0
10 73834.386328855333     2.489290820077 std4 2 2 0 0     0     0
10 73835.354328855357     2.489292066140 std4 2 2 0 0     0     0
10 73837.118328855339     2.489294337047 std4 2 2 0 0     0     0
10 73839.906328855353     2.489297926561 std4 2 2 0 0     0     0
10 73844.830328855352     2.489304268825 std4 2 2 0 0     0     0
h8
h9
