h1 CRD 2 2025 3 14 14
h2 WETL 8834 10 01 4 ILRS
h3 apollo15 0000103 0103 na 0 1 1
h4 0 2025 3 7 18 43 28 2025 3 7 18 48 23 0 0 0 0 1 0 2 0
C0 0   1064.000 std4 las1 det4 tim0   na   na met0   na
C1 0 las1     Nd:YAG    1064.00      20.00      80.00   10.0  2.00    1
C2 0 det4       SPAD   1064.000  70.00   -93.0 180.0     analog 150.0  0.35  90.0  18.0       none    0.0    0.0  0
C3 0 tim0                  TAC              EFOS-18             Dassault             02,09,10    0.0
C6 0 met0 Paroscientific Digiquarz_765-16B     155046 E+E_Elektronik EE33-PFTM2022N 17059374047303 E+E_Elektronik EE33-PFTM2022N 17059374047303
20 67260.000000000000  944.50 282.72   56 0
20 67440.000000000000  944.50 282.86   56 0
20 67620.000000000000  944.51 283.14   54 0
20 67800.000000000000  944.51 283.03   55 0
20 68160.000000000000  944.50 283.14   54 0
40 66942.983398500000 0 std4       na       na      na   119025.4      1.5   25.5      na      na     na 3 4 0 3    na
41 59957.834449800000 0 std4     2542     2542      na   119021.4       na   25.2  -0.088  -0.803   -9.4 3 0 0 1  17.9
41 63760.152412500000 0 std4     2944     2944      na   119022.6       na   27.1  -0.093  -0.859    4.4 3 0 0 1  19.1
41 65553.543579300000 0 std4     2724     2724      na   119028.7       na   26.1   0.053  -0.880  -13.7 3 0 0 1  14.1
41 69454.648726700000 0 std4     2540     2540      na   119025.1       na   25.2   0.012  -0.877   -4.1 3 0 0 2   9.1
41 73928.132347200000 0 std4     2287     2287      na   119028.1       na   23.9   0.009  -0.836    1.9 3 0 0 2   8.7
10 67408.342396540610     2.483261756016 std4 2 2 0 0     0     0
10 67412.033346940605     2.483263853596 std4 2 2 0 0     0     0
10 67416.236706940628     2.483266245233 std4 2 2 0 0     0     0
10 67416.637026940632     2.483266473219 std4 2 2 0 0     0     0
10 67418.650636540648     2.483267619312 std4 2 2 0 0     0     0
10 67429.543343740647     2.483273828721 std4 2 2 0 0     0     0
10 67439.847580540625     2.483279716055 std4 2 2 0 0     0     0
10 67449.235084540624     2.483285090804 std4 2 2 0 0     0     0
10 67454.963663740617     2.483288375887 std4 2 2 0 0     0     0
10 67457.873990140618     2.483290046289 std4 2 2 0 0     0     0
10 67476.653001340627     2.483300848336 std4 2 2 0 0     0     0
10 67483.458441340649     2.483304773663 std4 2 2 0 0     0     0
10 67528.562495740646     2.483330928937 std4 2 2 0 0     0     0
10 67540.303881340624     2.483337777255 std4 2 2 0 0     0     0
10 67547.637743740625     2.483342063150 std4 2 2 0 0     0     0
10 67555.648146940660     2.483346752395 std4 2 2 0 0     0     0
10 67560.215798140642     2.483349429416 std4 2 2 0 0     0     0
10 67571.108505340629     2.483355823518 std4 2 2 0 0     0     0
10 67574.547254140659     2.483357844743 std4 2 2 0 0     0     0
10 67584.427151740625     2.483363661148 std4 2 2 0 0     0     0
10 67590.576066940653     2.483367286501 std4 2 2 0 0     0     0
10 67590.740198140622     2.483367383193 std4 2 2 0 0     0     0
10 67592.269420540661     2.483368285780 std4 2 2 0 0     0     0
10 67593.058050940657     2.483368751182 std4 2 2 0 0     0     0
10 67595.315855740639     2.483370084324 std4 2 2 0 0     0     0
10 67604.475177340664     2.483375498155 std4 2 2 0 0     0     0
10 67610.572050940627     2.483379107660 std4 2 2 0 0     0     0
10 67638.230159740665     2.483395537897 std4 2 2 0 0     0     0
10 67638.398294140654     2.483395637906 std4 2 2 0 0     0     0
10 67638.958742140652     2.483395971730 std4 2 2 0 0     0     0
10 67641.536802940637     2.483397508034 std4 2 2 0 0     0     0
10 67649.807414140664     2.483402441881 std4 2 2 0 0     0     0
10 67654.771382140637     2.483405407247 std4 2 2 0 0     0     0
10 67659.026783740642     2.483407951685 std4 2 2 0 0     0     0
10 67659.387071740641     2.483408167328 std4 2 2 0 0     0     0
10 67660.620057340652     2.483408904932 std4 2 2 0 0     0     0
10 67662.325420540625     2.483409925288 std4 2 2 0 0     0     0
10 67666.520774140647     2.483412437717 std4 2 2 0 0     0     0
10 67667.969932540639     2.483413306322 std4 2 2 0 0     0     0
10 67668.130060540640     2.483413402138 std4 2 2 0 0     0     0
10 67669.202918140653     2.483414044792 std4 2 2 0 0     0     0
10 67680.495945340637     2.483420821762 std4 2 2 0 0     0     0
10 67688.602425340657     2.483425695267 std4 2 2 0 0     0     0
10 67694.218914940629     2.483429076659 std4 2 2 0 0     0     0
10 67696.016351740669     2.483430159725 std4 2 2 0 0     0     0
10 67702.581599740629     2.483434118508 std4 2 2 0 0     0     0
10 67702.633641340638     2.483434149483 std4 2 2 0 0     0     0
10 67703.606418940651     2.483434736462 std4 2 2 0 0     0     0
h8
h9
