h1 CRD 2 2025 3 13 19
h2 WETL 8834 10 01 4 ILRS
h3 apollo15 0000103 0103 na 0 1 1
h4 0 2025 3 6 20 23 8 2025 3 6 20 30 38 0 0 0 0 1 0 2 0
C0 0   1064.000 std4 las1 det4 tim0   na   na met0   na
C1 0 las1     Nd:YAG    1064.00      20.00      80.00   10.0  2.00    1
C2 0 det4       SPAD   1064.000  70.00   -93.0 180.0     analog 150.0  0.35  90.0  18.0       none    0.0    0.0  0
C3 0 tim0                  TAC              EFOS-18             Dassault             02,09,10    0.0
C6 0 met0 Paroscientific Digiquarz_765-16B     155046 E+E_Elektronik EE33-PFTM2022N 17059374047303 E+E_Elektronik EE33-PFTM2022N 17059374047303
20 73200.000000000000  948.43 280.99   60 0
20 73380.000000000000  948.41 280.76   61 0
20 73560.000000000000  948.37 280.46   62 0
20 73920.000000000000  948.41 280.81   60 0
20 74100.000000000000  948.42 280.40   62 0
20 74280.000000000000  948.43 280.08   63 0
40 71266.046555800000 0 std4       na       na      na   119026.4      0.1   24.6      na      na     na 3 4 0 3    na
41 67586.528127300000 0 std4     2566     2566      na   119026.4       na   25.3   0.011  -0.797    3.6 3 0 0 1   7.6
41 71731.595017400000 0 std4     2248     2248      na   119026.2       na   23.7  -0.005  -0.876   -2.2 3 0 0 2   7.3
41 74617.451967400000 0 std4     2713     2713      na   119026.8       na   26.0  -0.046  -0.834   -2.8 3 0 0 2   8.1
41 74945.564984300000 0 std4     2200     2200      na   119026.5       na   23.5   0.028  -0.788    6.5 3 0 0 2   7.6
10 73388.178371263979     2.464611080303 std4 2 2 0 0     0     0
10 73391.244899063968     2.464615921828 std4 2 2 0 0     0     0
10 73391.673252163959     2.464616598634 std4 2 2 0 0     0     0
10 73392.766153063976     2.464618324536 std4 2 2 0 0     0     0
10 73392.978327963987     2.464618659597 std4 2 2 0 0     0     0
10 73395.180142963944     2.464622136843 std4 2 2 0 0     0     0
10 73400.980924663959     2.464631299825 std4 2 2 0 0     0     0
10 73402.185917963984     2.464633203866 std4 2 2 0 0     0     0
10 73402.918521863948     2.464634361166 std4 2 2 0 0     0     0
10 73410.172501463977     2.464645825117 std4 2 2 0 0     0     0
10 73410.296603763954     2.464646021485 std4 2 2 0 0     0     0
10 73410.376669763950     2.464646147783 std4 2 2 0 0     0     0
10 73410.865072363984     2.464646920042 std4 2 2 0 0     0     0
10 73411.489587163969     2.464647907096 std4 2 2 0 0     0     0
10 73412.142125063982     2.464648938722 std4 2 2 0 0     0     0
10 73420.877325663954     2.464662750750 std4 2 2 0 0     0     0
10 73420.937375163959     2.464662845672 std4 2 2 0 0     0     0
10 73421.665975763948     2.464663997984 std4 2 2 0 0     0     0
10 73422.006256263943     2.464664535963 std4 2 2 0 0     0     0
10 73422.278480663962     2.464664966649 std4 2 2 0 0     0     0
10 73422.682813963985     2.464665605980 std4 2 2 0 0     0     0
10 73422.874972363982     2.464665909927 std4 2 2 0 0     0     0
10 73424.103985463991     2.464667854003 std4 2 2 0 0     0     0
10 73426.185701463959     2.464671146837 std4 2 2 0 0     0     0
10 73431.189826463970     2.464679064364 std4 2 2 0 0     0     0
10 73432.562958363986     2.464681236946 std4 2 2 0 0     0     0
10 73433.487720663959     2.464682700860 std4 2 2 0 0     0     0
10 73444.997208163947     2.464700920728 std4 2 2 0 0     0     0
10 73448.896422363956     2.464707095916 std4 2 2 0 0     0     0
10 73449.024527963991     2.464707298765 std4 2 2 0 0     0     0
10 73449.136620363956     2.464707476064 std4 2 2 0 0     0     0
10 73449.296752363957     2.464707730010 std4 2 2 0 0     0     0
10 73451.722752163982     2.464711572722 std4 2 2 0 0     0     0
10 73455.125557163990     2.464716963012 std4 2 2 0 0     0     0
10 73457.475494263992     2.464720686512 std4 2 2 0 0     0     0
10 73461.923160563975     2.464727735102 std4 2 2 0 0     0     0
10 73462.964018563984     2.464729384948 std4 2 2 0 0     0     0
10 73464.048912863954     2.464731104476 std4 2 2 0 0     0     0
10 73464.757496963968     2.464732227457 std4 2 2 0 0     0     0
10 73465.554153663982     2.464733490337 std4 2 2 0 0     0     0
10 73466.018536463951     2.464734226610 std4 2 2 0 0     0     0
10 73466.530958863967     2.464735038651 std4 2 2 0 0     0     0
10 73466.783166763982     2.464735438770 std4 2 2 0 0     0     0
10 73467.091420863972     2.464735927370 std4 2 2 0 0     0     0
10 73468.432526363978     2.464738053698 std4 2 2 0 0     0     0
10 73468.596661663984     2.464738313582 std4 2 2 0 0     0     0
10 73474.541562163981     2.464747740808 std4 2 2 0 0     0     0
10 73474.797773363966     2.464748147026 std4 2 2 0 0     0     0
10 73476.459142863972     2.464750782193 std4 2 2 0 0     0     0
10 73476.795420063955     2.464751315377 std4 2 2 0 0     0     0
10 73479.293479263997     2.464755277840 std4 2 2 0 0     0     0
10 73479.641766363990     2.464755830551 std4 2 2 0 0     0     0
10 73483.064587863953     2.464761260310 std4 2 2 0 0     0     0
10 73493.713365863958     2.464778161082 std4 2 2 0 0     0     0
10 73508.425493363970     2.464801526027 std4 2 2 0 0     0     0
10 73509.942744063979     2.464803936249 std4 2 2 0 0     0     0
10 73510.815463463962     2.464805323216 std4 2 2 0 0     0     0
10 73522.725280963965     2.464824252567 std4 2 2 0 0     0     0
10 73532.773563963971     2.464840232562 std4 2 2 0 0     0     0
10 73532.885656363981     2.464840410900 std4 2 2 0 0     0     0
10 73533.510171163970     2.464841404178 std4 2 2 0 0     0     0
10 73533.526184363988     2.464841429712 std4 2 2 0 0     0     0
10 73534.030600163957     2.464842232054 std4 2 2 0 0     0     0
10 73534.979382263976     2.464843741870 std4 2 2 0 0     0     0
10 73535.788048863998     2.464845028259 std4 2 2 0 0     0     0
10 73541.873064863987     2.464854710526 std4 2 2 0 0     0     0
10 73544.102902963982     2.464858259493 std4 2 2 0 0     0     0
10 73544.158949163959     2.464858348560 std4 2 2 0 0     0     0
10 73549.351229263987     2.464866614161 std4 2 2 0 0     0     0
10 73549.771575763984     2.464867283333 std4 2 2 0 0     0     0
10 73549.891674763991     2.464867474720 std4 2 2 0 0     0     0
10 73550.984575663989     2.464869214656 std4 2 2 0 0     0     0
10 73551.460968363989     2.464869973178 std4 2 2 0 0     0     0
10 73552.718004563976     2.464871974780 std4 2 2 0 0     0     0
10 73552.858120063974     2.464872197968 std4 2 2 0 0     0     0
10 73553.270459963989     2.464872854274 std4 2 2 0 0     0     0
10 73553.322502863999     2.464872937612 std4 2 2 0 0     0     0
10 73559.883911563963     2.464883387459 std4 2 2 0 0     0     0
10 73560.296251463979     2.464884044193 std4 2 2 0 0     0     0
10 73561.209003863989     2.464885498400 std4 2 2 0 0     0     0
10 73561.609333863995     2.464886136055 std4 2 2 0 0     0     0
10 73562.466040063976     2.464887500871 std4 2 2 0 0     0     0
10 73563.098561463992     2.464888508429 std4 2 2 0 0     0     0
10 73563.306733063982     2.464888840576 std4 2 2 0 0     0     0
10 73567.185930763977     2.464895021394 std4 2 2 0 0     0     0
10 73567.510198063994     2.464895537825 std4 2 2 0 0     0     0
10 73576.657738563976     2.464910118593 std4 2 2 0 0     0     0
10 73579.323936364001     2.464914369499 std4 2 2 0 0     0     0
10 73600.341261363961     2.464947899770 std4 2 2 0 0     0     0
10 73602.438990564011     2.464951248423 std4 2 2 0 0     0     0
10 73604.720871563972     2.464954891230 std4 2 2 0 0     0     0
10 73605.437462263994     2.464956035699 std4 2 2 0 0     0     0
10 73606.254135463981     2.464957339461 std4 2 2 0 0     0     0
10 73606.366227863992     2.464957518430 std4 2 2 0 0     0     0
10 73607.543198063977     2.464959397621 std4 2 2 0 0     0     0
10 73608.924336563973     2.464961603296 std4 2 2 0 0     0     0
10 73609.300646763975     2.464962204559 std4 2 2 0 0     0     0
10 73610.433580663973     2.464964013776 std4 2 2 0 0     0     0
10 73620.413807563979     2.464979956257 std4 2 2 0 0     0     0
10 73622.899856863989     2.464983928918 std4 2 2 0 0     0     0
10 73623.760566363970     2.464985304718 std4 2 2 0 0     0     0
10 73637.243680763970     2.465006859987 std4 2 2 0 0     0     0
10 73637.716070163978     2.465007615387 std4 2 2 0 0     0     0
10 73638.897043663981     2.465009504163 std4 2 2 0 0     0     0
10 73639.341409963999     2.465010214823 std4 2 2 0 0     0     0
10 73642.403934464005     2.465015113082 std4 2 2 0 0     0     0
10 73644.717841863968     2.465018814912 std4 2 2 0 0     0     0
10 73646.835587564005     2.465022202851 std4 2 2 0 0     0     0
10 73647.400052863979     2.465023106100 std4 2 2 0 0     0     0
10 73650.014207763999     2.465027289466 std4 2 2 0 0     0     0
10 73655.758943263994     2.465036483836 std4 2 2 0 0     0     0
10 73665.651097564007     2.465052322060 std4 2 2 0 0     0     0
10 73669.318120363984     2.465058195732 std4 2 2 0 0     0     0
10 73669.714447063970     2.465058830533 std4 2 2 0 0     0     0
10 73670.931450264002     2.465060779996 std4 2 2 0 0     0     0
10 73671.816179563971     2.465062197475 std4 2 2 0 0     0     0
10 73672.168469963986     2.465062761747 std4 2 2 0 0     0     0
10 73672.192489764005     2.465062800067 std4 2 2 0 0     0     0
10 73673.401486364000     2.465064737111 std4 2 2 0 0     0     0
10 73674.678539063988     2.465066783222 std4 2 2 0 0     0     0
10 73674.926743663976     2.465067180900 std4 2 2 0 0     0     0
10 73679.978908263992     2.465075276635 std4 2 2 0 0     0     0
10 73683.782043264004     2.465081372843 std4 2 2 0 0     0     0
10 73688.802181464006     2.465089420655 std4 2 2 0 0     0     0
10 73692.040851164003     2.465094614176 std4 2 2 0 0     0     0
10 73693.606141463981     2.465097124166 std4 2 2 0 0     0     0
10 73695.599784864000     2.465100321841 std4 2 2 0 0     0     0
10 73696.424464663969     2.465101644715 std4 2 2 0 0     0     0
10 73697.056986063984     2.465102659266 std4 2 2 0 0     0     0
10 73698.273989263971     2.465104611502 std4 2 2 0 0     0     0
10 73699.531025464004     2.465106628173 std4 2 2 0 0     0     0
10 73700.707995663992     2.465108516003 std4 2 2 0 0     0     0
10 73706.224543064006     2.465117368065 std4 2 2 0 0     0     0
10 73706.272582664005     2.465117445137 std4 2 2 0 0     0     0
10 73707.137295463977     2.465118832884 std4 2 2 0 0     0     0
10 73709.387150063968     2.465122443767 std4 2 2 0 0     0     0
10 73715.980585163989     2.465133028521 std4 2 2 0 0     0     0
10 73718.070307763987     2.465136383628 std4 2 2 0 0     0     0
10 73720.868614463970     2.465140877718 std4 2 2 0 0     0     0
10 73721.565188664006     2.465141995955 std4 2 2 0 0     0     0
10 73723.090445963987     2.465144445687 std4 2 2 0 0     0     0
10 73725.212194963987     2.465147853919 std4 2 2 0 0     0     0
10 73725.960812063978     2.465149056589 std4 2 2 0 0     0     0
10 73734.111530863978     2.465162152326 std4 2 2 0 0     0     0
10 73735.484662763989     2.465164358852 std4 2 2 0 0     0     0
10 73740.040418164009     2.465171681743 std4 2 2 0 0     0     0
10 73745.272731264013     2.465180094238 std4 2 2 0 0     0     0
10 73745.436866563984     2.465180357537 std4 2 2 0 0     0     0
10 73745.837196563983     2.465181001652 std4 2 2 0 0     0     0
10 73746.225516663970     2.465181625851 std4 2 2 0 0     0     0
10 73751.109542663993     2.465189480672 std4 2 2 0 0     0     0
10 73751.401783564004     2.465189950868 std4 2 2 0 0     0     0
10 73755.244951564014     2.465196132775 std4 2 2 0 0     0     0
10 73769.503926121124     2.465219079643 std4 2 2 0 0     0     0
10 73769.651926121129     2.465219317900 std4 2 2 0 0     0     0
10 73771.615926121129     2.465222480176 std4 2 2 0 0     0     0
10 73772.075926121133     2.465223220721 std4 2 2 0 0     0     0
10 73773.239926121150     2.465225094701 std4 2 2 0 0     0     0
10 73779.119926121141     2.465234564273 std4 2 2 0 0     0     0
10 73786.627926121127     2.465246659005 std4 2 2 0 0     0     0
10 73794.803926121150     2.465259835395 std4 2 2 0 0     0     0
10 73795.275926121159     2.465260596350 std4 2 2 0 0     0     0
10 73795.423926121146     2.465260834761 std4 2 2 0 0     0     0
10 73795.591926121135     2.465261105780 std4 2 2 0 0     0     0
10 73796.483926121144     2.465262543763 std4 2 2 0 0     0     0
10 73797.395926121156     2.465264013982 std4 2 2 0 0     0     0
10 73810.547926121153     2.465285223447 std4 2 2 0 0     0     0
10 73817.279926121151     2.465296085162 std4 2 2 0 0     0     0
10 73819.263926121163     2.465299286801 std4 2 2 0 0     0     0
10 73820.431926121150     2.465301172109 std4 2 2 0 0     0     0
10 73820.495926121150     2.465301275369 std4 2 2 0 0     0     0
10 73821.851926121144     2.465303463926 std4 2 2 0 0     0     0
10 73822.179926121135     2.465303993658 std4 2 2 0 0     0     0
10 73825.835926121156     2.465309895230 std4 2 2 0 0     0     0
10 73826.667926121158     2.465311238144 std4 2 2 0 0     0     0
10 73838.291926121123     2.465330010312 std4 2 2 0 0     0     0
h8
h9
