h1 CRD 2 2025 3 13 17
h2 WETL 8834 10 01 4 ILRS
h3 apollo15 0000103 0103 na 0 1 1
h4 0 2025 3 6 16 7 14 2025 3 6 16 13 51 0 0 0 0 1 0 2 0
C0 0   1064.000 std4 las1 det4 tim0   na   na met0   na
C1 0 las1     Nd:YAG    1064.00      20.00      80.00   10.0  2.00    1
C2 0 det4       SPAD   1064.000  70.00   -93.0 180.0     analog 150.0  0.35  90.0  18.0       none    0.0    0.0  0
C3 0 tim0                  TAC              EFOS-18             Dassault             02,09,10    0.0
C6 0 met0 Paroscientific Digiquarz_765-16B     155046 E+E_Elektronik EE33-PFTM2022N 17059374047303 E+E_Elektronik EE33-PFTM2022N 17059374047303
20 58980.000000000000  948.02 286.98   38 0
20 57900.000000000000  948.03 287.71   37 0
20 58080.000000000000  948.06 287.38   38 0
20 58800.000000000000  948.04 287.28   37 0
40 61191.726050600000 0 std4       na       na      na   119024.5      1.7   24.9      na      na     na 3 4 0 3    na
41 54796.923974000000 0 std4     2407     2407      na   119022.6       na   24.5  -0.030  -0.818   10.4 3 0 0 1   3.6
41 58524.721931700000 0 std4     2345     2345      na   119021.4       na   24.2  -0.031  -0.825   -6.4 3 0 0 1   7.4
41 62890.335111300000 0 std4     2597     2597      na   119027.2       na   25.5   0.026  -0.746   -3.2 3 0 0 2   7.5
41 67586.528127300000 0 std4     2566     2566      na   119026.4       na   25.3   0.011  -0.797    3.6 3 0 0 2   7.6
10 58034.145524420118     2.452790325226 std4 2 2 0 0     0     0
10 58034.697979820087     2.452790252696 std4 2 2 0 0     0     0
10 58036.275280020123     2.452790045543 std4 2 2 0 0     0     0
10 58036.367355920093     2.452790033133 std4 2 2 0 0     0     0
10 58039.153652720114     2.452789668364 std4 2 2 0 0     0     0
10 58040.354642720120     2.452789511042 std4 2 2 0 0     0     0
10 58044.013658920119     2.452789033606 std4 2 2 0 0     0     0
10 58044.854351920124     2.452788923604 std4 2 2 0 0     0     0
10 58045.811140620111     2.452788799459 std4 2 2 0 0     0     0
10 58051.936189620094     2.452788004677 std4 2 2 0 0     0     0
10 58052.276470120096     2.452787960906 std4 2 2 0 0     0     0
10 58052.364542720081     2.452787949169 std4 2 2 0 0     0     0
10 58057.889096720110     2.452787236959 std4 2 2 0 0     0     0
10 58058.229377220112     2.452787192690 std4 2 2 0 0     0     0
10 58061.239858820114     2.452786806152 std4 2 2 0 0     0     0
10 58062.280716820110     2.452786672682 std4 2 2 0 0     0     0
10 58068.786079320087     2.452785841520 std4 2 2 0 0     0     0
10 58070.251287120111     2.452785654823 std4 2 2 0 0     0     0
10 58070.679640220106     2.452785600513 std4 2 2 0 0     0     0
10 58074.638903920099     2.452785098045 std4 2 2 0 0     0     0
10 58076.416369120091     2.452784873139 std4 2 2 0 0     0     0
10 58078.902418420115     2.452784558768 std4 2 2 0 0     0     0
10 58078.994494320124     2.452784547342 std4 2 2 0 0     0     0
10 58079.855203820131     2.452784438521 std4 2 2 0 0     0     0
10 58080.679883620103     2.452784334957 std4 2 2 0 0     0     0
10 58081.744761420123     2.452784200480 std4 2 2 0 0     0     0
10 58082.077035320088     2.452784159057 std4 2 2 0 0     0     0
10 58083.894533520123     2.452783930274 std4 2 2 0 0     0     0
10 58088.566384620127     2.452783344487 std4 2 2 0 0     0     0
10 58095.167826320122     2.452782521987 std4 2 2 0 0     0     0
10 58096.488915320125     2.452782357736 std4 2 2 0 0     0     0
10 58097.497746920120     2.452782232470 std4 2 2 0 0     0     0
10 58102.746073220103     2.452781583651 std4 2 2 0 0     0     0
10 58102.950241520120     2.452781558133 std4 2 2 0 0     0     0
10 58105.644462420084     2.452781226439 std4 2 2 0 0     0     0
10 58106.913508520110     2.452781070473 std4 2 2 0 0     0     0
10 58107.021597620125     2.452781056868 std4 2 2 0 0     0     0
10 58116.753619920117     2.452779866888 std4 2 2 0 0     0     0
10 58121.565586520112     2.452779282703 std4 2 2 0 0     0     0
10 58124.636117620115     2.452778911035 std4 2 2 0 0     0     0
10 58125.168556520122     2.452778846884 std4 2 2 0 0     0     0
10 58132.202354620127     2.452778000401 std4 2 2 0 0     0     0
10 58146.662274220099     2.452776279212 std4 2 2 0 0     0     0
10 58146.778369920122     2.452776265058 std4 2 2 0 0     0     0
10 58149.072260820094     2.452775994658 std4 2 2 0 0     0     0
10 58149.188356520124     2.452775980748 std4 2 2 0 0     0     0
10 58154.444689420101     2.452775362571 std4 2 2 0 0     0     0
10 58167.395364920098     2.452773853893 std4 2 2 0 0     0     0
10 58173.244186220093     2.452773179120 std4 2 2 0 0     0     0
10 58174.533248820114     2.452773030945 std4 2 2 0 0     0     0
10 58177.523713920131     2.452772687786 std4 2 2 0 0     0     0
10 58177.699859120116     2.452772667858 std4 2 2 0 0     0     0
10 58179.997753320102     2.452772404842 std4 2 2 0 0     0     0
10 58180.081822620120     2.452772395273 std4 2 2 0 0     0     0
10 58182.363703620126     2.452772134895 std4 2 2 0 0     0     0
10 58184.469439420101     2.452771895169 std4 2 2 0 0     0     0
10 58187.604023320116     2.452771539360 std4 2 2 0 0     0     0
10 58189.825854820122     2.452771287482 std4 2 2 0 0     0     0
10 58190.002000020104     2.452771267670 std4 2 2 0 0     0     0
10 58192.572118620093     2.452770977700 std4 2 2 0 0     0     0
10 58195.870837820131     2.452770606159 std4 2 2 0 0     0     0
10 58197.320032420121     2.452770443365 std4 2 2 0 0     0     0
10 58208.873556220090     2.452769155214 std4 2 2 0 0     0     0
10 58212.324400820135     2.452768773413 std4 2 2 0 0     0     0
10 58214.546232320135     2.452768528324 std4 2 2 0 0     0     0
10 58217.576730420124     2.452768194853 std4 2 2 0 0     0     0
10 58221.391875320131     2.452767776933 std4 2 2 0 0     0     0
10 58221.748169020117     2.452767738247 std4 2 2 0 0     0     0
10 58221.876274620108     2.452767724157 std4 2 2 0 0     0     0
10 58222.004380220094     2.452767710040 std4 2 2 0 0     0     0
10 58222.889109520123     2.452767613197 std4 2 2 0 0     0     0
10 58224.034053320132     2.452767488522 std4 2 2 0 0     0     0
10 58224.154152320135     2.452767475390 std4 2 2 0 0     0     0
10 58228.277551320137     2.452767026934 std4 2 2 0 0     0     0
10 58233.846141620106     2.452766424142 std4 2 2 0 0     0     0
10 58240.715804420133     2.452765685714 std4 2 2 0 0     0     0
10 58242.677421420138     2.452765476150 std4 2 2 0 0     0     0
10 58245.812005320094     2.452765141848 std4 2 2 0 0     0     0
10 58246.108249520129     2.452765110448 std4 2 2 0 0     0     0
10 58247.625500220110     2.452764949005 std4 2 2 0 0     0     0
10 58249.919391120123     2.452764705517 std4 2 2 0 0     0     0
10 58257.697803020101     2.452763885074 std4 2 2 0 0     0     0
10 58261.781169020098     2.452763457119 std4 2 2 0 0     0     0
10 58265.348109320128     2.452763084908 std4 2 2 0 0     0     0
10 58274.011250520110     2.452762187271 std4 2 2 0 0     0     0
10 58274.511663020110     2.452762135707 std4 2 2 0 0     0     0
10 58275.164200920122     2.452762068423 std4 2 2 0 0     0     0
10 58275.864778420127     2.452761996242 std4 2 2 0 0     0     0
10 58280.320451320135     2.452761538607 std4 2 2 0 0     0     0
10 58287.037988720104     2.452760853702 std4 2 2 0 0     0     0
10 58292.190235820136     2.452760332047 std4 2 2 0 0     0     0
10 58293.975707620115     2.452760151749 std4 2 2 0 0     0     0
10 58302.010330720120     2.452759346420 std4 2 2 0 0     0     0
10 58307.458822020101     2.452758804096 std4 2 2 0 0     0     0
10 58313.820065720106     2.452758175721 std4 2 2 0 0     0     0
10 58314.928979820139     2.452758067079 std4 2 2 0 0     0     0
10 58315.557497920129     2.452758005013 std4 2 2 0 0     0     0
10 58318.439873920134     2.452757722871 std4 2 2 0 0     0     0
10 58321.005989220111     2.452757471651 std4 2 2 0 0     0     0
10 58321.322249920141     2.452757440786 std4 2 2 0 0     0     0
10 58321.430339020131     2.452757430494 std4 2 2 0 0     0     0
10 58323.439995620127     2.452757234748 std4 2 2 0 0     0     0
10 58325.181431120128     2.452757065688 std4 2 2 0 0     0     0
10 58329.176724520142     2.452756678872 std4 2 2 0 0     0     0
10 58333.131984920104     2.452756297729 std4 2 2 0 0     0     0
10 58333.676433720128     2.452756245178 std4 2 2 0 0     0     0
10 58334.541146520118     2.452756162412 std4 2 2 0 0     0     0
10 58341.098551920106     2.452755535758 std4 2 2 0 0     0     0
10 58344.797601120140     2.452755184503 std4 2 2 0 0     0     0
10 58347.844112420114     2.452754896658 std4 2 2 0 0     0     0
10 58348.340521620133     2.452754849618 std4 2 2 0 0     0     0
10 58351.611217720139     2.452754541700 std4 2 2 0 0     0     0
10 58357.716250220142     2.452753970577 std4 2 2 0 0     0     0
10 58373.349136720139     2.452752528457 std4 2 2 0 0     0     0
10 58373.809516220138     2.452752486535 std4 2 2 0 0     0     0
10 58380.699195520106     2.452751860463 std4 2 2 0 0     0     0
10 58381.651980920112     2.452751773988 std4 2 2 0 0     0     0
10 58381.776083220128     2.452751762966 std4 2 2 0 0     0     0
10 58384.194076420111     2.452751544876 std4 2 2 0 0     0     0
10 58385.294983920112     2.452751446008 std4 2 2 0 0     0     0
10 58387.989204820122     2.452751204097 std4 2 2 0 0     0     0
10 58388.161346720133     2.452751188342 std4 2 2 0 0     0     0
10 58395.411323020098     2.452750542149 std4 2 2 0 0     0     0
10 58398.185609920117     2.452750296583 std4 2 2 0 0     0     0
10 58400.939880320132     2.452750053680 std4 2 2 0 0     0     0
10 58405.287464120099     2.452749671474 std4 2 2 0 0     0     0
10 58406.736658720147     2.452749544810 std4 2 2 0 0     0     0
10 58409.927288820143     2.452749267012 std4 2 2 0 0     0     0
10 58420.616099820141     2.452748343448 std4 2 2 0 0     0     0
10 58424.315149020128     2.452748027461 std4 2 2 0 0     0     0
10 58429.479406020129     2.452747588428 std4 2 2 0 0     0     0
10 58431.116755720102     2.452747449994 std4 2 2 0 0     0     0
h8
h9
