h1 CRD 2 2025 3 14 14
h2 WETL 8834 10 01 4 ILRS
h3 apollo15 0000103 0103 na 0 1 1
h4 0 2025 3 8 19 42 14 2025 3 8 19 52 37 0 0 0 0 1 0 2 0
C0 0   1064.000 std4 las1 det4 tim0   na   na met0   na
C1 0 las1     Nd:YAG    1064.00      20.00      80.00   10.0  2.00    1
C2 0 det4       SPAD   1064.000  70.00   -93.0 180.0     analog 150.0  0.35  90.0  18.0       none    0.0    0.0  0
C3 0 tim0                  TAC              EFOS-18             Dassault             02,09,10    0.0
C6 0 met0 Paroscientific Digiquarz_765-16B     155046 E+E_Elektronik EE33-PFTM2022N 17059374047303 E+E_Elektronik EE33-PFTM2022N 17059374047303
20 70680.000000000000  939.14 281.48   57 0
20 71040.000000000000  939.09 281.25   60 0
20 71220.000000000000  939.08 281.14   61 0
20 71400.000000000000  939.06 281.24   60 0
20 71580.000000000000  939.05 281.01   61 0
20 71760.000000000000  939.05 280.87   62 0
20 72120.000000000000  939.01 281.24   60 0
40 68608.548282500000 0 std4       na       na      na   119024.2      0.7   25.6      na      na     na 3 4 0 3    na
41 65106.819307300000 0 std4     2319     2319      na   119023.8       na   24.1   0.026  -0.822    7.2 3 0 0 1   4.6
41 68747.848529400000 0 std4     2951     2951      na   119023.5       na   27.2  -0.097  -0.674   -4.5 3 0 0 2  14.3
41 72110.277257800000 0 std4     2614     2614      na   119025.2       na   25.6   0.070  -0.865    1.8 3 0 0 2   9.4
10 70934.702769560663     2.512247055669 std4 2 2 0 0     0     0
10 70943.737991960707     2.512252155285 std4 2 2 0 0     0     0
10 70946.652321560680     2.512253802003 std4 2 2 0 0     0     0
10 70956.536222360669     2.512259395564 std4 2 2 0 0     0     0
10 70960.687540760690     2.512261748701 std4 2 2 0 0     0     0
10 70964.698747160703     2.512264023739 std4 2 2 0 0     0     0
10 70968.105470360693     2.512265958216 std4 2 2 0 0     0     0
10 70970.187134360668     2.512267140390 std4 2 2 0 0     0     0
10 70983.105460760696     2.512274490558 std4 2 2 0 0     0     0
10 70985.483361560696     2.512275845346 std4 2 2 0 0     0     0
10 71006.408087960690     2.512287800089 std4 2 2 0 0     0     0
10 71006.640273560699     2.512287932693 std4 2 2 0 0     0     0
10 71012.524977560685     2.512291304310 std4 2 2 0 0     0     0
10 71020.279175960665     2.512295753620 std4 2 2 0 0     0     0
10 71022.997348760674     2.512297315352 std4 2 2 0 0     0     0
10 71030.383252760706     2.512301561977 std4 2 2 0 0     0     0
10 71033.113435160677     2.512303133801 std4 2 2 0 0     0     0
10 71035.323201560664     2.512304406486 std4 2 2 0 0     0     0
10 71036.664273560677     2.512305179017 std4 2 2 0 0     0     0
10 71048.021351960684     2.512311731353 std4 2 2 0 0     0     0
10 71053.982116760698     2.512315176446 std4 2 2 0 0     0     0
10 71054.318385560676     2.512315370851 std4 2 2 0 0     0     0
10 71056.640241560686     2.512316714247 std4 2 2 0 0     0     0
10 71057.276750360668     2.512317082480 std4 2 2 0 0     0     0
10 71061.023745560708     2.512319252154 std4 2 2 0 0     0     0
10 71076.243911960691     2.512328081488 std4 2 2 0 0     0     0
10 71076.972494360688     2.512328505124 std4 2 2 0 0     0     0
10 71086.996507160673     2.512334336231 std4 2 2 0 0     0     0
10 71087.705073560704     2.512334748623 std4 2 2 0 0     0     0
10 71091.380011160703     2.512336890140 std4 2 2 0 0     0     0
10 71108.077358360671     2.512346639174 std4 2 2 0 0     0     0
10 71110.619390360694     2.512348126347 std4 2 2 0 0     0     0
10 71126.604167960679     2.512357496167 std4 2 2 0 0     0     0
10 71129.846759960693     2.512359400822 std4 2 2 0 0     0     0
10 71132.032507160694     2.512360685218 std4 2 2 0 0     0     0
10 71149.398388760685     2.512370911453 std4 2 2 0 0     0     0
10 71152.444823960717     2.512372709184 std4 2 2 0 0     0     0
10 71153.573726360713     2.512373375306 std4 2 2 0 0     0     0
10 71155.563316760714     2.512374550407 std4 2 2 0 0     0     0
10 71161.043697560692     2.512377789051 std4 2 2 0 0     0     0
10 71161.756267160682     2.512378210580 std4 2 2 0 0     0     0
10 71181.968423960672     2.512390188763 std4 2 2 0 0     0     0
10 71193.297479960689     2.512396924584 std4 2 2 0 0     0     0
10 71196.371937560709     2.512398754736 std4 2 2 0 0     0     0
10 71197.729022360702     2.512399563538 std4 2 2 0 0     0     0
10 71231.660145560708     2.512419847672 std4 2 2 0 0     0     0
10 71266.680139160705     2.512440929333 std4 2 2 0 0     0     0
10 71273.141303960715     2.512444835148 std4 2 2 0 0     0     0
10 71305.178913560693     2.512464276278 std4 2 2 0 0     0     0
10 71305.867463960729     2.512464695795 std4 2 2 0 0     0     0
10 71310.631271960714     2.512467597555 std4 2 2 0 0     0     0
10 71332.436702360695     2.512480914761 std4 2 2 0 0     0     0
10 71342.568801560703     2.512487122677 std4 2 2 0 0     0     0
10 71352.296577560701     2.512493094171 std4 2 2 0 0     0     0
10 71385.427060760700     2.512513517925 std4 2 2 0 0     0     0
10 71397.748910360727     2.512521147622 std4 2 2 0 0     0     0
10 71406.535934360725     2.512526600253 std4 2 2 0 0     0     0
10 71406.752107160699     2.512526734441 std4 2 2 0 0     0     0
10 71426.587963160704     2.512539076853 std4 2 2 0 0     0     0
10 71427.880996760724     2.512539883587 std4 2 2 0 0     0     0
10 71440.467057560729     2.512547741765 std4 2 2 0 0     0     0
10 71442.100363160694     2.512548762781 std4 2 2 0 0     0     0
10 71450.419012760699     2.512553968631 std4 2 2 0 0     0     0
10 71453.201236760718     2.512555711543 std4 2 2 0 0     0     0
10 71454.093950360726     2.512556271150 std4 2 2 0 0     0     0
10 71460.034699160698     2.512559996667 std4 2 2 0 0     0     0
10 71462.296507160710     2.512561416150 std4 2 2 0 0     0     0
10 71471.119559960694     2.512566959528 std4 2 2 0 0     0     0
10 71475.082727960724     2.512569452590 std4 2 2 0 0     0     0
10 71479.538289560708     2.512572257677 std4 2 2 0 0     0     0
10 71495.695204760719     2.512582449321 std4 2 2 0 0     0     0
10 71497.304491160719     2.512583466649 std4 2 2 0 0     0     0
10 71510.178782360721     2.512591612423 std4 2 2 0 0     0     0
10 71518.781659160703     2.512597067447 std4 2 2 0 0     0     0
10 71527.024247960736     2.512602301759 std4 2 2 0 0     0     0
10 71530.971403160726     2.512604811452 std4 2 2 0 0     0     0
10 71534.634331160715     2.512607141765 std4 2 2 0 0     0     0
10 71538.101102360735     2.512609349117 std4 2 2 0 0     0     0
10 71549.530238360709     2.512616636604 std4 2 2 0 0     0     0
10 71551.171550360719     2.512617684282 std4 2 2 0 0     0     0
10 71551.427755160698     2.512617847687 std4 2 2 0 0     0     0
10 71553.113102360731     2.512618924033 std4 2 2 0 0     0     0
10 71557.993003160741     2.512622042218 std4 2 2 0 0     0     0
h8
h9
