h1 CRD 2 2025 3 14 14
h2 WETL 8834 10 01 4 ILRS
h3 apollo15 0000103 0103 na 0 1 1
h4 0 2025 3 7 15 51 47 2025 3 7 15 58 21 0 0 0 0 1 0 2 0
C0 0   1064.000 std4 las1 det4 tim0   na   na met0   na
C1 0 las1     Nd:YAG    1064.00      20.00      80.00   10.0  2.00    1
C2 0 det4       SPAD   1064.000  70.00   -93.0 180.0     analog 150.0  0.35  90.0  18.0       none    0.0    0.0  0
C3 0 tim0                  TAC              EFOS-18             Dassault             02,09,10    0.0
C6 0 met0 Paroscientific Digiquarz_765-16B     155046 E+E_Elektronik EE33-PFTM2022N 17059374047303 E+E_Elektronik EE33-PFTM2022N 17059374047303
20 56820.000000000000  944.55 287.38   47 0
20 57180.000000000000  944.53 287.26   48 0
20 57720.000000000000  944.51 287.07   49 0
20 58080.000000000000  944.47 286.92   49 0
40 61031.662305100000 0 std4       na       na      na   119023.8      1.4   26.0      na      na     na 3 4 0 3    na
41 56509.781030800000 0 std4     2582     2582      na   119023.3       na   25.4   0.055  -0.733   -5.3 3 0 0 1   4.3
41 59957.834449800000 0 std4     2542     2542      na   119021.4       na   25.2  -0.088  -0.803   -9.4 3 0 0 1  17.9
41 63760.152412500000 0 std4     2944     2944      na   119022.6       na   27.1  -0.093  -0.859    4.4 3 0 0 2  19.1
41 65553.543579300000 0 std4     2724     2724      na   119028.7       na   26.1   0.053  -0.880  -13.7 3 0 0 2  14.1
10 57107.739856939999     2.483700103695 std4 2 2 0 0     0     0
10 57108.904788139967     2.483699380638 std4 2 2 0 0     0     0
10 57113.580525739990     2.483696482166 std4 2 2 0 0     0     0
10 57114.152983340001     2.483696127720 std4 2 2 0 0     0     0
10 57116.170596139985     2.483694877524 std4 2 2 0 0     0     0
10 57117.795895340005     2.483693870909 std4 2 2 0 0     0     0
10 57120.309904939972     2.483692314338 std4 2 2 0 0     0     0
10 57123.976836139995     2.483690044980 std4 2 2 0 0     0     0
10 57126.010461740009     2.483688787154 std4 2 2 0 0     0     0
10 57126.178596139995     2.483688683626 std4 2 2 0 0     0     0
10 57128.452413740010     2.483687277044 std4 2 2 0 0     0     0
10 57131.494845740009     2.483685396878 std4 2 2 0 0     0     0
10 57132.067303339969     2.483685043291 std4 2 2 0 0     0     0
10 57132.423588140000     2.483684823171 std4 2 2 0 0     0     0
10 57134.108935339973     2.483683782259 std4 2 2 0 0     0     0
10 57135.209815339977     2.483683102572 std4 2 2 0 0     0     0
10 57135.241840939985     2.483683082565 std4 2 2 0 0     0     0
10 57135.530071339979     2.483682904520 std4 2 2 0 0     0     0
10 57135.962416939988     2.483682637600 std4 2 2 0 0     0     0
10 57137.155370540000     2.483681901125 std4 2 2 0 0     0     0
10 57142.571700140004     2.483678558860 std4 2 2 0 0     0     0
10 57153.824695339983     2.483671625095 std4 2 2 0 0     0     0
10 57154.064887339983     2.483671477240 std4 2 2 0 0     0     0
10 57155.337904939995     2.483670693602 std4 2 2 0 0     0     0
10 57160.049671339988     2.483667794530 std4 2 2 0 0     0     0
10 57163.092103339988     2.483665923893 std4 2 2 0 0     0     0
10 57163.260237739978     2.483665820586 std4 2 2 0 0     0     0
10 57163.348308139979     2.483665766539 std4 2 2 0 0     0     0
10 57165.646144939998     2.483664354421 std4 2 2 0 0     0     0
10 57190.750212139979     2.483648960760 std4 2 2 0 0     0     0
10 57198.672544940011     2.483644116724 std4 2 2 0 0     0     0
10 57202.611693739989     2.483641709916 std4 2 2 0 0     0     0
10 57220.201754539976     2.483630983600 std4 2 2 0 0     0     0
10 57222.499591340010     2.483629584803 std4 2 2 0 0     0     0
10 57229.493181740005     2.483625330016 std4 2 2 0 0     0     0
10 57231.915117740008     2.483623858057 std4 2 2 0 0     0     0
10 57232.799824939976     2.483623320207 std4 2 2 0 0     0     0
10 57233.208151340015     2.483623072029 std4 2 2 0 0     0     0
10 57233.664516139993     2.483622794822 std4 2 2 0 0     0     0
10 57235.982368939978     2.483621386634 std4 2 2 0 0     0     0
10 57236.638893740007     2.483620988175 std4 2 2 0 0     0     0
10 57238.156106539988     2.483620066860 std4 2 2 0 0     0     0
10 57238.700541740009     2.483619736162 std4 2 2 0 0     0     0
10 57238.976762539990     2.483619568747 std4 2 2 0 0     0     0
10 57239.521197740011     2.483619238121 std4 2 2 0 0     0     0
10 57240.265792939977     2.483618786619 std4 2 2 0 0     0     0
10 57243.032004140010     2.483617108274 std4 2 2 0 0     0     0
10 57245.814228140011     2.483615420591 std4 2 2 0 0     0     0
10 57248.992768939996     2.483613493612 std4 2 2 0 0     0     0
10 57250.277796140017     2.483612714947 std4 2 2 0 0     0     0
10 57253.740564139983     2.483610617779 std4 2 2 0 0     0     0
10 57254.989562540017     2.483609861390 std4 2 2 0 0     0     0
10 57256.074429739989     2.483609204848 std4 2 2 0 0     0     0
10 57260.049607340005     2.483606799388 std4 2 2 0 0     0     0
10 57263.256170539986     2.483604860229 std4 2 2 0 0     0     0
10 57266.606848940018     2.483602835327 std4 2 2 0 0     0     0
10 57267.211332139988     2.483602470196 std4 2 2 0 0     0     0
10 57274.985546539986     2.483597776274 std4 2 2 0 0     0     0
10 57277.539588140002     2.483596235652 std4 2 2 0 0     0     0
10 57291.478730540004     2.483587838504 std4 2 2 0 0     0     0
10 57297.827805740013     2.483584020689 std4 2 2 0 0     0     0
10 57298.216116140006     2.483583787113 std4 2 2 0 0     0     0
10 57301.534768939984     2.483581793235 std4 2 2 0 0     0     0
10 57304.653261740013     2.483579920616 std4 2 2 0 0     0     0
10 57309.349015340016     2.483577102536 std4 2 2 0 0     0     0
10 57310.145652139996     2.483576624651 std4 2 2 0 0     0     0
10 57311.394650539980     2.483575875646 std4 2 2 0 0     0     0
10 57311.550775340014     2.483575781728 std4 2 2 0 0     0     0
10 57314.541165740001     2.483573989312 std4 2 2 0 0     0     0
10 57315.413863340010     2.483573466445 std4 2 2 0 0     0     0
10 57316.214503340007     2.483572986331 std4 2 2 0 0     0     0
10 57317.791764139985     2.483572041814 std4 2 2 0 0     0     0
10 57317.975911340009     2.483571931230 std4 2 2 0 0     0     0
10 57318.003933740000     2.483571914325 std4 2 2 0 0     0     0
10 57319.597207340012     2.483570960190 std4 2 2 0 0     0     0
10 57323.280151340014     2.483568755078 std4 2 2 0 0     0     0
10 57324.316980139993     2.483568134603 std4 2 2 0 0     0     0
10 57325.145642539977     2.483567639053 std4 2 2 0 0     0     0
10 57328.200084139993     2.483565812383 std4 2 2 0 0     0     0
10 57329.324983340011     2.483565139319 std4 2 2 0 0     0     0
10 57337.415450539982     2.483560306148 std4 2 2 0 0     0     0
10 57338.148036139992     2.483559868692 std4 2 2 0 0     0     0
10 57342.035143340010     2.483557548892 std4 2 2 0 0     0     0
10 57342.511524139993     2.483557265063 std4 2 2 0 0     0     0
10 57342.619610539987     2.483557200293 std4 2 2 0 0     0     0
10 57356.434653740002     2.483548969459 std4 2 2 0 0     0     0
10 57358.996701740005     2.483547445157 std4 2 2 0 0     0     0
10 57359.621200940021     2.483547073530 std4 2 2 0 0     0     0
10 57365.493895340015     2.483543582651 std4 2 2 0 0     0     0
10 57368.136007340012     2.483542013137 std4 2 2 0 0     0     0
10 57369.208864940023     2.483541375795 std4 2 2 0 0     0     0
10 57369.248896940026     2.483541352320 std4 2 2 0 0     0     0
10 57372.047133740006     2.483539690918 std4 2 2 0 0     0     0
10 57372.111184940022     2.483539653253 std4 2 2 0 0     0     0
10 57372.131200940024     2.483539641275 std4 2 2 0 0     0     0
10 57373.940647340016     2.483538567513 std4 2 2 0 0     0     0
10 57375.129597740003     2.483537862276 std4 2 2 0 0     0     0
10 57378.200052139999     2.483536041136 std4 2 2 0 0     0     0
10 57380.177632940026     2.483534869284 std4 2 2 0 0     0     0
10 57380.525911340016     2.483534662348 std4 2 2 0 0     0     0
10 57381.450650539985     2.483534114801 std4 2 2 0 0     0     0
10 57388.484272939989     2.483529949673 std4 2 2 0 0     0     0
10 57391.366576939985     2.483528243900 std4 2 2 0 0     0     0
10 57394.481066540006     2.483526402073 std4 2 2 0 0     0     0
10 57395.169616939994     2.483525995329 std4 2 2 0 0     0     0
10 57398.188029740024     2.483524211324 std4 2 2 0 0     0     0
10 57398.328141740018     2.483524128787 std4 2 2 0 0     0     0
10 57399.877380140021     2.483523213537 std4 2 2 0 0     0     0
10 57406.362564140029     2.483519384971 std4 2 2 0 0     0     0
10 57406.870970540018     2.483519085000 std4 2 2 0 0     0     0
10 57413.396186540023     2.483515237772 std4 2 2 0 0     0     0
10 57416.522685739994     2.483513396107 std4 2 2 0 0     0     0
10 57417.099146540028     2.483513056134 std4 2 2 0 0     0     0
10 57417.879770540028     2.483512596812 std4 2 2 0 0     0     0
10 57419.841338540024     2.483511441804 std4 2 2 0 0     0     0
10 57420.702026540026     2.483510935285 std4 2 2 0 0     0     0
10 57422.923802540005     2.483509627712 std4 2 2 0 0     0     0
10 57432.931802539985     2.483503745516 std4 2 2 0 0     0     0
10 57436.526676140000     2.483501634919 std4 2 2 0 0     0     0
10 57437.355338539994     2.483501148349 std4 2 2 0 0     0     0
10 57448.816500140011     2.483494429699 std4 2 2 0 0     0     0
10 57449.104730540006     2.483494260554 std4 2 2 0 0     0     0
10 57451.298484140013     2.483492976569 std4 2 2 0 0     0     0
10 57454.272861740024     2.483491235813 std4 2 2 0 0     0     0
10 57454.981428140016     2.483490821204 std4 2 2 0 0     0     0
10 57456.726823339989     2.483489799915 std4 2 2 0 0     0     0
10 57457.539472939999     2.483489324632 std4 2 2 0 0     0     0
10 57462.879741739989     2.483486203096 std4 2 2 0 0     0     0
10 57463.880541739993     2.483485619055 std4 2 2 0 0     0     0
10 57465.457802540024     2.483484697327 std4 2 2 0 0     0     0
10 57469.573092139994     2.483482294964 std4 2 2 0 0     0     0
10 57471.106317740009     2.483481400623 std4 2 2 0 0     0     0
10 57482.099104940003     2.483474994207 std4 2 2 0 0     0     0
10 57482.947783340000     2.483474499776 std4 2 2 0 0     0     0
10 57490.942173740011     2.483469849345 std4 2 2 0 0     0     0
10 57497.191168940010     2.483466218221 std4 2 2 0 0     0     0
10 57497.575476140027     2.483465994874 std4 2 2 0 0     0     0
10 57498.039847339998     2.483465725599 std4 2 2 0 0     0     0
10 57501.218388139991     2.483463880827 std4 2 2 0 0     0     0
h8
h9
