h1 CRD 2 2025 3 14 14
h2 WETL 8834 10 01 4 ILRS
h3 apollo15 0000103 0103 na 0 1 1
h4 0 2025 3 7 18 53 43 2025 3 7 18 58 38 0 0 0 0 1 0 2 0
C0 0   1064.000 std4 las1 det4 tim0   na   na met0   na
C1 0 las1     Nd:YAG    1064.00      20.00      80.00   10.0  2.00    1
C2 0 det4       SPAD   1064.000  70.00   -93.0 180.0     analog 150.0  0.35  90.0  18.0       none    0.0    0.0  0
C3 0 tim0                  TAC              EFOS-18             Dassault             02,09,10    0.0
C6 0 met0 Paroscientific Digiquarz_765-16B     155046 E+E_Elektronik EE33-PFTM2022N 17059374047303 E+E_Elektronik EE33-PFTM2022N 17059374047303
20 67800.000000000000  944.51 283.03   55 0
20 68160.000000000000  944.50 283.14   54 0
20 68340.000000000000  944.50 282.86   55 0
20 68520.000000000000  944.49 282.72   56 0
20 68880.000000000000  944.50 282.40   57 0
40 66942.983398500000 0 std4       na       na      na   119025.4      1.5   25.5      na      na     na 3 4 0 3    na
41 59957.834449800000 0 std4     2542     2542      na   119021.4       na   25.2  -0.088  -0.803   -9.4 3 0 0 1  17.9
41 63760.152412500000 0 std4     2944     2944      na   119022.6       na   27.1  -0.093  -0.859    4.4 3 0 0 1  19.1
41 65553.543579300000 0 std4     2724     2724      na   119028.7       na   26.1   0.053  -0.880  -13.7 3 0 0 1  14.1
41 69454.648726700000 0 std4     2540     2540      na   119025.1       na   25.2   0.012  -0.877   -4.1 3 0 0 2   9.1
41 73928.132347200000 0 std4     2287     2287      na   119028.1       na   23.9   0.009  -0.836    1.9 3 0 0 2   8.7
10 68023.562178940688     2.483633931752 std4 2 2 0 0     0     0
10 68024.995324540666     2.483634851099 std4 2 2 0 0     0     0
10 68033.682268540671     2.483640430686 std4 2 2 0 0     0     0
10 68034.631026940666     2.483641041025 std4 2 2 0 0     0     0
10 68042.133023740691     2.483645867463 std4 2 2 0 0     0     0
10 68063.606188540660     2.483659719826 std4 2 2 0 0     0     0
10 68071.704662140673     2.483664958441 std4 2 2 0 0     0     0
10 68079.687042940696     2.483670129586 std4 2 2 0 0     0     0
10 68086.452450940689     2.483674518101 std4 2 2 0 0     0     0
10 68098.462050940665     2.483682322004 std4 2 2 0 0     0     0
10 68103.013689340685     2.483685284470 std4 2 2 0 0     0     0
10 68109.166607740659     2.483689292789 std4 2 2 0 0     0     0
10 68114.919206140684     2.483693044298 std4 2 2 0 0     0     0
10 68122.537295740691     2.483698018217 std4 2 2 0 0     0     0
10 68123.205830140681     2.483698454786 std4 2 2 0 0     0     0
10 68125.319519740691     2.483699836553 std4 2 2 0 0     0     0
10 68130.287490940698     2.483703085470 std4 2 2 0 0     0     0
10 68131.336329340701     2.483703771879 std4 2 2 0 0     0     0
10 68144.755055740676     2.483712564072 std4 2 2 0 0     0     0
10 68147.040882940664     2.483714064261 std4 2 2 0 0     0     0
10 68190.691775740677     2.483742824901 std4 2 2 0 0     0     0
10 68218.001606140686     2.483760933671 std4 2 2 0 0     0     0
10 68219.022422140688     2.483761612419 std4 2 2 0 0     0     0
10 68223.141714940702     2.483764352024 std4 2 2 0 0     0     0
10 68232.677337340705     2.483770701449 std4 2 2 0 0     0     0
10 68245.003190140670     2.483778925083 std4 2 2 0 0     0     0
10 68261.840649340693     2.483790187718 std4 2 2 0 0     0     0
10 68265.207340540686     2.483792443825 std4 2 2 0 0     0     0
10 68275.627670140673     2.483799435231 std4 2 2 0 0     0     0
10 68280.003167740670     2.483802374644 std4 2 2 0 0     0     0
10 68290.723737340702     2.483809586167 std4 2 2 0 0     0     0
10 68299.851033340704     2.483815736834 std4 2 2 0 0     0     0
10 68301.116044540685     2.483816590307 std4 2 2 0 0     0     0
10 68308.005551740707     2.483821240120 std4 2 2 0 0     0     0
10 68318.197698940699     2.483828129806 std4 2 2 0 0     0     0
h8
h9
