h1 CRD 2 2025 3 14 14
h2 WETL 8834 10 01 4 ILRS
h3 apollo15 0000103 0103 na 0 1 1
h4 0 2025 3 7 15 58 32 2025 3 7 16 5 14 0 0 0 0 1 0 2 0
C0 0   1064.000 std4 las1 det4 tim0   na   na met0   na
C1 0 las1     Nd:YAG    1064.00      20.00      80.00   10.0  2.00    1
C2 0 det4       SPAD   1064.000  70.00   -93.0 180.0     analog 150.0  0.35  90.0  18.0       none    0.0    0.0  0
C3 0 tim0                  TAC              EFOS-18             Dassault             02,09,10    0.0
C6 0 met0 Paroscientific Digiquarz_765-16B     155046 E+E_Elektronik EE33-PFTM2022N 17059374047303 E+E_Elektronik EE33-PFTM2022N 17059374047303
20 57360.000000000000  944.52 287.25   48 0
20 57720.000000000000  944.51 287.07   49 0
20 58080.000000000000  944.47 286.92   49 0
40 61031.662305100000 0 std4       na       na      na   119023.8      1.4   26.0      na      na     na 3 4 0 3    na
41 56509.781030800000 0 std4     2582     2582      na   119023.3       na   25.4   0.055  -0.733   -5.3 3 0 0 1   4.3
41 59957.834449800000 0 std4     2542     2542      na   119021.4       na   25.2  -0.088  -0.803   -9.4 3 0 0 1  17.9
41 63760.152412500000 0 std4     2944     2944      na   119022.6       na   27.1  -0.093  -0.859    4.4 3 0 0 2  19.1
41 65553.543579300000 0 std4     2724     2724      na   119028.7       na   26.1   0.053  -0.880  -13.7 3 0 0 2  14.1
10 57512.079069739994     2.483457584426 std4 2 2 0 0     0     0
10 57512.703568940022     2.483457222458 std4 2 2 0 0     0     0
10 57521.274420140027     2.483452263007 std4 2 2 0 0     0     0
10 57522.879703340012     2.483451334848 std4 2 2 0 0     0     0
10 57524.364890540007     2.483450476652 std4 2 2 0 0     0     0
10 57525.685946539989     2.483449712952 std4 2 2 0 0     0     0
10 57526.074256940033     2.483449488882 std4 2 2 0 0     0     0
10 57527.019012140010     2.483448942889 std4 2 2 0 0     0     0
10 57534.829255340011     2.483444434739 std4 2 2 0 0     0     0
10 57537.723568940004     2.483442765310 std4 2 2 0 0     0     0
10 57541.586656940007     2.483440538862 std4 2 2 0 0     0     0
10 57541.654711340004     2.483440499549 std4 2 2 0 0     0     0
10 57543.155911340011     2.483439634658 std4 2 2 0 0     0     0
10 57546.814836140015     2.483437528325 std4 2 2 0 0     0     0
10 57548.139895339998     2.483436765138 std4 2 2 0 0     0     0
10 57549.076644140027     2.483436226302 std4 2 2 0 0     0     0
10 57549.156708140024     2.483436180432 std4 2 2 0 0     0     0
10 57554.573037740022     2.483433065391 std4 2 2 0 0     0     0
10 57555.045415340032     2.483432793949 std4 2 2 0 0     0     0
10 57555.545815340034     2.483432506511 std4 2 2 0 0     0     0
10 57559.416909740004     2.483430282152 std4 2 2 0 0     0     0
10 57560.381680940030     2.483429728541 std4 2 2 0 0     0     0
10 57561.802816940011     2.483428912306 std4 2 2 0 0     0     0
10 57562.099053740021     2.483428742102 std4 2 2 0 0     0     0
10 57569.817223340039     2.483424314837 std4 2 2 0 0     0     0
10 57572.343242540023     2.483422867062 std4 2 2 0 0     0     0
10 57572.663498540024     2.483422683770 std4 2 2 0 0     0     0
10 57576.070221740020     2.483420732165 std4 2 2 0 0     0     0
10 57576.646682540005     2.483420401947 std4 2 2 0 0     0     0
10 57579.973341739990     2.483418498319 std4 2 2 0 0     0     0
10 57580.017376940017     2.483418473317 std4 2 2 0 0     0     0
10 57589.629060140009     2.483412978247 std4 2 2 0 0     0     0
10 57589.889268140010     2.483412829333 std4 2 2 0 0     0     0
10 57590.617850540007     2.483412413213 std4 2 2 0 0     0     0
10 57590.629860140018     2.483412406685 std4 2 2 0 0     0     0
10 57590.818010540006     2.483412298940 std4 2 2 0 0     0     0
10 57592.191108140031     2.483411514569 std4 2 2 0 0     0     0
10 57593.540186540029     2.483410744843 std4 2 2 0 0     0     0
10 57597.327213740032     2.483408583620 std4 2 2 0 0     0     0
10 57598.444106540022     2.483407946738 std4 2 2 0 0     0     0
10 57607.307191340025     2.483402896283 std4 2 2 0 0     0     0
10 57613.916474540005     2.483399135495 std4 2 2 0 0     0     0
10 57616.542573740034     2.483397642108 std4 2 2 0 0     0     0
10 57622.767549740022     2.483394105398 std4 2 2 0 0     0     0
10 57626.314384940014     2.483392092292 std4 2 2 0 0     0     0
10 57626.546570540028     2.483391960753 std4 2 2 0 0     0     0
10 57627.054976940021     2.483391672066 std4 2 2 0 0     0     0
10 57632.843604140027     2.483388389677 std4 2 2 0 0     0     0
10 57638.964496940007     2.483384922814 std4 2 2 0 0     0     0
10 57640.910052140026     2.483383821635 std4 2 2 0 0     0     0
10 57641.134231339998     2.483383694758 std4 2 2 0 0     0     0
10 57641.854807340002     2.483383286783 std4 2 2 0 0     0     0
10 57644.572980139996     2.483381749557 std4 2 2 0 0     0     0
10 57647.447277740031     2.483380124196 std4 2 2 0 0     0     0
10 57651.110205740005     2.483378054569 std4 2 2 0 0     0     0
10 57657.159040940013     2.483374639657 std4 2 2 0 0     0     0
10 57657.395229740039     2.483374505990 std4 2 2 0 0     0     0
10 57660.281536940032     2.483372878027 std4 2 2 0 0     0     0
10 57666.194263340005     2.483369545899 std4 2 2 0 0     0     0
10 57671.770720939998     2.483366406000 std4 2 2 0 0     0     0
10 57671.790736939999     2.483366394455 std4 2 2 0 0     0     0
10 57672.827565740037     2.483365811404 std4 2 2 0 0     0     0
10 57673.007709740037     2.483365710030 std4 2 2 0 0     0     0
10 57673.159831340007     2.483365624135 std4 2 2 0 0     0     0
10 57689.284720940007     2.483356566257 std4 2 2 0 0     0     0
10 57693.247888940037     2.483354343674 std4 2 2 0 0     0     0
10 57694.232676140012     2.483353791608 std4 2 2 0 0     0     0
10 57699.877188140012     2.483350629996 std4 2 2 0 0     0     0
10 57700.229469740016     2.483350433196 std4 2 2 0 0     0     0
10 57701.386394540008     2.483349785598 std4 2 2 0 0     0     0
10 57704.048522540023     2.483348295745 std4 2 2 0 0     0     0
10 57704.921220140038     2.483347807941 std4 2 2 0 0     0     0
10 57705.517696940022     2.483347474388 std4 2 2 0 0     0     0
10 57709.064532140017     2.483345491268 std4 2 2 0 0     0     0
10 57710.741872940005     2.483344553889 std4 2 2 0 0     0     0
10 57711.354362540020     2.483344211650 std4 2 2 0 0     0     0
10 57715.609764140011     2.483341835087 std4 2 2 0 0     0     0
10 57718.784301740043     2.483340063845 std4 2 2 0 0     0     0
10 57720.413604140044     2.483339155376 std4 2 2 0 0     0     0
10 57721.138183340022     2.483338751070 std4 2 2 0 0     0     0
10 57721.622570540044     2.483338480729 std4 2 2 0 0     0     0
10 57731.474445740039     2.483332992918 std4 2 2 0 0     0     0
10 57732.399184940016     2.483332477817 std4 2 2 0 0     0     0
10 57734.408791340027     2.483331360278 std4 2 2 0 0     0     0
10 57736.046100140023     2.483330449189 std4 2 2 0 0     0     0
10 57737.991655340021     2.483329367559 std4 2 2 0 0     0     0
10 57738.656186540028     2.483328998558 std4 2 2 0 0     0     0
10 57741.530484140001     2.483327400890 std4 2 2 0 0     0     0
10 57741.786688940038     2.483327258964 std4 2 2 0 0     0     0
10 57744.989248940007     2.483325480130 std4 2 2 0 0     0     0
10 57746.830720940021     2.483324458363 std4 2 2 0 0     0     0
10 57747.811504940031     2.483323914011 std4 2 2 0 0     0     0
10 57754.604935340016     2.483320147053 std4 2 2 0 0     0     0
10 57755.137360940030     2.483319852043 std4 2 2 0 0     0     0
10 57758.339920940015     2.483318077867 std4 2 2 0 0     0     0
10 57758.427991340045     2.483318029087 std4 2 2 0 0     0     0
10 57761.118141740034     2.483316539822 std4 2 2 0 0     0     0
10 57763.295882540049     2.483315334531 std4 2 2 0 0     0     0
10 57764.576906540021     2.483314626002 std4 2 2 0 0     0     0
10 57764.580909740022     2.483314623691 std4 2 2 0 0     0     0
10 57767.719418540023     2.483312888462 std4 2 2 0 0     0     0
10 57771.714612140006     2.483310680605 std4 2 2 0 0     0     0
10 57772.102922540035     2.483310465867 std4 2 2 0 0     0     0
10 57774.676980140033     2.483309044871 std4 2 2 0 0     0     0
10 57775.649757740048     2.483308507656 std4 2 2 0 0     0     0
10 57778.095712940034     2.483307157798 std4 2 2 0 0     0     0
10 57786.746628140020     2.483302388924 std4 2 2 0 0     0     0
10 57793.640138540011     2.483298594320 std4 2 2 0 0     0     0
10 57796.362314540037     2.483297096766 std4 2 2 0 0     0     0
10 57797.086893740008     2.483296698264 std4 2 2 0 0     0     0
10 57802.275040940026     2.483293847944 std4 2 2 0 0     0     0
10 57804.576880940044     2.483292583868 std4 2 2 0 0     0     0
10 57805.681764140022     2.483291977402 std4 2 2 0 0     0     0
10 57809.192570540043     2.483290050743 std4 2 2 0 0     0     0
10 57809.704980140032     2.483289770170 std4 2 2 0 0     0     0
10 57810.861904940045     2.483289135223 std4 2 2 0 0     0     0
10 57813.067668140035     2.483287925986 std4 2 2 0 0     0     0
10 57820.961978540030     2.483283602750 std4 2 2 0 0     0     0
10 57821.330272940026     2.483283401440 std4 2 2 0 0     0     0
10 57831.302244140021     2.483277949622 std4 2 2 0 0     0     0
10 57833.215773740048     2.483276904000 std4 2 2 0 0     0     0
10 57835.241392940029     2.483275798474 std4 2 2 0 0     0     0
10 57835.545636140049     2.483275632383 std4 2 2 0 0     0     0
10 57838.532023340046     2.483274003088 std4 2 2 0 0     0     0
10 57845.485581740036     2.483270212569 std4 2 2 0 0     0     0
10 57848.984378540039     2.483268307594 std4 2 2 0 0     0     0
10 57859.208551340050     2.483262747612 std4 2 2 0 0     0     0
10 57867.014791340018     2.483258509495 std4 2 2 0 0     0     0
10 57868.343853740021     2.483257788710 std4 2 2 0 0     0     0
10 57868.519994540046     2.483257693038 std4 2 2 0 0     0     0
10 57876.238164140022     2.483253510153 std4 2 2 0 0     0     0
10 57879.340644140041     2.483251830927 std4 2 2 0 0     0     0
10 57881.586439340026     2.483250615760 std4 2 2 0 0     0     0
10 57882.054813740016     2.483250362297 std4 2 2 0 0     0     0
10 57887.975546540041     2.483247161526 std4 2 2 0 0     0     0
10 57901.802599340029     2.483239700673 std4 2 2 0 0     0     0
10 57911.506356140034     2.483234476348 std4 2 2 0 0     0     0
10 57912.335018540025     2.483234031175 std4 2 2 0 0     0     0
10 57912.667284140041     2.483233852436 std4 2 2 0 0     0     0
10 57913.111639340060     2.483233613077 std4 2 2 0 0     0     0
10 57913.860237740054     2.483233210743 std4 2 2 0 0     0     0
10 57914.348628140051     2.483232948470 std4 2 2 0 0     0     0
h8
h9
