h1 CRD 2 2025 3 14 14
h2 WETL 8834 10 01 4 ILRS
h3 apollo15 0000103 0103 na 0 1 1
h4 0 2025 3 8 19 31 34 2025 3 8 19 41 40 0 0 0 0 1 0 2 0
C0 0   1064.000 std4 las1 det4 tim0   na   na met0   na
C1 0 las1     Nd:YAG    1064.00      20.00      80.00   10.0  2.00    1
C2 0 det4       SPAD   1064.000  70.00   -93.0 180.0     analog 150.0  0.35  90.0  18.0       none    0.0    0.0  0
C3 0 tim0                  TAC              EFOS-18             Dassault             02,09,10    0.0
C6 0 met0 Paroscientific Digiquarz_765-16B     155046 E+E_Elektronik EE33-PFTM2022N 17059374047303 E+E_Elektronik EE33-PFTM2022N 17059374047303
20 70140.000000000000  939.15 281.71   53 0
20 70500.000000000000  939.15 281.47   56 0
20 71040.000000000000  939.09 281.25   60 0
20 71220.000000000000  939.08 281.14   61 0
20 71400.000000000000  939.06 281.24   60 0
40 68608.548282500000 0 std4       na       na      na   119024.2      0.7   25.6      na      na     na 3 4 0 3    na
41 65106.819307300000 0 std4     2319     2319      na   119023.8       na   24.1   0.026  -0.822    7.2 3 0 0 1   4.6
41 68747.848529400000 0 std4     2951     2951      na   119023.5       na   27.2  -0.097  -0.674   -4.5 3 0 0 2  14.3
41 72110.277257800000 0 std4     2614     2614      na   119025.2       na   25.6   0.070  -0.865    1.8 3 0 0 2   9.4
10 70294.667150360634     2.511911078058 std4 2 2 0 0     0     0
10 70296.488606360646     2.511911963379 std4 2 2 0 0     0     0
10 70297.033041560663     2.511912227707 std4 2 2 0 0     0     0
10 70303.161940760644     2.511915210063 std4 2 2 0 0     0     0
10 70305.519825560626     2.511916359220 std4 2 2 0 0     0     0
10 70308.426148760657     2.511917775710 std4 2 2 0 0     0     0
10 70308.654331160652     2.511917886713 std4 2 2 0 0     0     0
10 70309.486996760656     2.511918292786 std4 2 2 0 0     0     0
10 70313.233991960646     2.511920121420 std4 2 2 0 0     0     0
10 70314.775223960652     2.511920873730 std4 2 2 0 0     0     0
10 70321.232385560636     2.511924030365 std4 2 2 0 0     0     0
10 70337.113079960636     2.511931814117 std4 2 2 0 0     0     0
10 70341.176327960644     2.511933810697 std4 2 2 0 0     0     0
10 70371.896884760652     2.511948971039 std4 2 2 0 0     0     0
10 70373.285995160647     2.511949658982 std4 2 2 0 0     0     0
10 70387.589428760658     2.511956759394 std4 2 2 0 0     0     0
10 70389.779179160657     2.511957848383 std4 2 2 0 0     0     0
10 70396.564603160627     2.511961227706 std4 2 2 0 0     0     0
10 70417.297175960634     2.511971586386 std4 2 2 0 0     0     0
10 70420.559783960646     2.511973221058 std4 2 2 0 0     0     0
10 70423.598212760643     2.511974744631 std4 2 2 0 0     0     0
10 70434.066580760629     2.511980003310 std4 2 2 0 0     0     0
10 70445.763931160665     2.511985894359 std4 2 2 0 0     0     0
10 70457.453275160631     2.511991798437 std4 2 2 0 0     0     0
10 70472.245099160634     2.511999293870 std4 2 2 0 0     0     0
10 70477.697457560654     2.512002063133 std4 2 2 0 0     0     0
10 70479.398817560659     2.512002928161 std4 2 2 0 0     0     0
10 70494.807134360637     2.512010776761 std4 2 2 0 0     0     0
10 70498.045723160641     2.512012430521 std4 2 2 0 0     0     0
10 70505.863972760647     2.512016427699 std4 2 2 0 0     0     0
10 70516.540507160635     2.512021897633 std4 2 2 0 0     0     0
10 70519.110561560638     2.512023216360 std4 2 2 0 0     0     0
10 70521.576532760673     2.512024482818 std4 2 2 0 0     0     0
10 70527.929611160657     2.512027748431 std4 2 2 0 0     0     0
10 70551.796689560673     2.512040059818 std4 2 2 0 0     0     0
10 70557.945604760642     2.512043243061 std4 2 2 0 0     0     0
10 70559.959214360656     2.512044286308 std4 2 2 0 0     0     0
10 70562.985633560637     2.512045855626 std4 2 2 0 0     0     0
10 70565.547681560661     2.512047184854 std4 2 2 0 0     0     0
10 70566.404366360636     2.512047629232 std4 2 2 0 0     0     0
10 70566.544478360635     2.512047701893 std4 2 2 0 0     0     0
10 70599.422759960651     2.512064834617 std4 2 2 0 0     0     0
10 70599.466795160670     2.512064857516 std4 2 2 0 0     0     0
10 70605.679761560655     2.512068109613 std4 2 2 0 0     0     0
10 70623.818260760653     2.512077632012 std4 2 2 0 0     0     0
10 70631.840673560643     2.512081855869 std4 2 2 0 0     0     0
10 70632.248999960678     2.512082071473 std4 2 2 0 0     0     0
10 70646.452353560671     2.512089570189 std4 2 2 0 0     0     0
10 70648.105675160640     2.512090444385 std4 2 2 0 0     0     0
10 70654.566839960666     2.512093864932 std4 2 2 0 0     0     0
10 70658.093659160658     2.512095734516 std4 2 2 0 0     0     0
10 70658.325844760670     2.512095857204 std4 2 2 0 0     0     0
10 70661.544417560666     2.512097564785 std4 2 2 0 0     0     0
10 70675.623671960680     2.512105047825 std4 2 2 0 0     0     0
10 70679.354654360654     2.512107035192 std4 2 2 0 0     0     0
10 70690.111252760680     2.512112773710 std4 2 2 0 0     0     0
10 70691.624462360648     2.512113581895 std4 2 2 0 0     0     0
10 70719.206510360671     2.512128365861 std4 2 2 0 0     0     0
10 70719.694900760667     2.512128628407 std4 2 2 0 0     0     0
10 70720.467518360676     2.512129044188 std4 2 2 0 0     0     0
10 70720.959911960653     2.512129308574 std4 2 2 0 0     0     0
10 70722.064795160673     2.512129903099 std4 2 2 0 0     0     0
10 70732.777358360660     2.512135673865 std4 2 2 0 0     0     0
10 70748.249726360657     2.512144032804 std4 2 2 0 0     0     0
10 70801.348171160693     2.512172941439 std4 2 2 0 0     0     0
10 70806.348167960653     2.512175681501 std4 2 2 0 0     0     0
10 70822.825339160674     2.512184731609 std4 2 2 0 0     0     0
10 70824.206443160681     2.512185492095 std4 2 2 0 0     0     0
10 70832.124772760687     2.512189853965 std4 2 2 0 0     0     0
10 70837.080734360685     2.512192588342 std4 2 2 0 0     0     0
10 70843.493860760664     2.512196131280 std4 2 2 0 0     0     0
10 70847.925403160682     2.512198581922 std4 2 2 0 0     0     0
10 70852.473038360685     2.512201099629 std4 2 2 0 0     0     0
10 70853.397777560657     2.512201612123 std4 2 2 0 0     0     0
10 70860.907780760681     2.512205775678 std4 2 2 0 0     0     0
10 70862.693207960652     2.512206766653 std4 2 2 0 0     0     0
10 70864.546689560679     2.512207795608 std4 2 2 0 0     0     0
10 70866.644366360673     2.512208960755 std4 2 2 0 0     0     0
10 70868.237639960695     2.512209846520 std4 2 2 0 0     0     0
10 70870.959815960660     2.512211359759 std4 2 2 0 0     0     0
10 70876.556289560652     2.512214474239 std4 2 2 0 0     0     0
10 70883.365732760675     2.512218268242 std4 2 2 0 0     0     0
10 70888.593911960676     2.512221185626 std4 2 2 0 0     0     0
10 70893.994228760692     2.512224202296 std4 2 2 0 0     0     0
10 70900.699588760673     2.512227952329 std4 2 2 0 0     0     0
h8
h9
