h1 CRD 2 2025 3 14 14
h2 WETL 8834 10 01 4 ILRS
h3 apollo15 0000103 0103 na 0 1 1
h4 0 2025 3 8 18 52 51 2025 3 8 18 59 34 0 0 0 0 1 0 2 0
C0 0   1064.000 std4 las1 det4 tim0   na   na met0   na
C1 0 las1     Nd:YAG    1064.00      20.00      80.00   10.0  2.00    1
C2 0 det4       SPAD   1064.000  70.00   -93.0 180.0     analog 150.0  0.35  90.0  18.0       none    0.0    0.0  0
C3 0 tim0                  TAC              EFOS-18             Dassault             02,09,10    0.0
C6 0 met0 Paroscientific Digiquarz_765-16B     155046 E+E_Elektronik EE33-PFTM2022N 17059374047303 E+E_Elektronik EE33-PFTM2022N 17059374047303
20 67800.000000000000  939.37 282.62   48 0
20 67980.000000000000  939.34 282.22   50 0
20 68160.000000000000  939.30 281.98   53 0
20 68340.000000000000  939.30 282.19   52 0
20 68520.000000000000  939.29 282.03   52 0
20 68880.000000000000  939.23 281.89   51 0
40 68608.548282500000 0 std4       na       na      na   119024.2      0.7   25.6      na      na     na 3 4 0 3    na
41 65106.819307300000 0 std4     2319     2319      na   119023.8       na   24.1   0.026  -0.822    7.2 3 0 0 1   4.6
41 68747.848529400000 0 std4     2951     2951      na   119023.5       na   27.2  -0.097  -0.674   -4.5 3 0 0 2  14.3
41 72110.277257800000 0 std4     2614     2614      na   119025.2       na   25.6   0.070  -0.865    1.8 3 0 0 2   9.4
10 67971.017716760469     2.511112241150 std4 2 2 0 0     0     0
10 67975.333166360509     2.511113111781 std4 2 2 0 0     0     0
10 67976.025719960481     2.511113252170 std4 2 2 0 0     0     0
10 67976.145815960475     2.511113276413 std4 2 2 0 0     0     0
10 67978.815950360471     2.511113816723 std4 2 2 0 0     0     0
10 67978.920033560496     2.511113837989 std4 2 2 0 0     0     0
10 67985.437243160487     2.511115160398 std4 2 2 0 0     0     0
10 67988.251492760510     2.511115732919 std4 2 2 0 0     0     0
10 67992.490881560514     2.511116597512 std4 2 2 0 0     0     0
10 67996.414017560480     2.511117400203 std4 2 2 0 0     0     0
10 67997.154609560480     2.511117551596 std4 2 2 0 0     0     0
10 67997.855169560488     2.511117695080 std4 2 2 0 0     0     0
10 67999.904807960484     2.511118115292 std4 2 2 0 0     0     0
10 68000.285111960488     2.511118193241 std4 2 2 0 0     0     0
10 68004.356366360503     2.511119029413 std4 2 2 0 0     0     0
10 68009.256283160508     2.511120038640 std4 2 2 0 0     0     0
10 68014.504478360505     2.511121122966 std4 2 2 0 0     0     0
10 68014.780699160487     2.511121179754 std4 2 2 0 0     0     0
10 68018.051313560491     2.511121857262 std4 2 2 0 0     0     0
10 68020.209038360476     2.511122304805 std4 2 2 0 0     0     0
10 68022.695025560513     2.511122821453 std4 2 2 0 0     0     0
10 68022.883175960503     2.511122860320 std4 2 2 0 0     0     0
10 68024.680612760492     2.511123234209 std4 2 2 0 0     0     0
10 68025.489259160480     2.511123402498 std4 2 2 0 0     0     0
10 68028.111355160494     2.511123949241 std4 2 2 0 0     0     0
10 68032.018478360485     2.511124764913 std4 2 2 0 0     0     0
10 68033.171399960506     2.511125005862 std4 2 2 0 0     0     0
10 68034.656587160480     2.511125316804 std4 2 2 0 0     0     0
10 68040.357143960494     2.511126512407 std4 2 2 0 0     0     0
10 68040.693412760485     2.511126582910 std4 2 2 0 0     0     0
10 68040.885566360487     2.511126623540 std4 2 2 0 0     0     0
10 68044.300295960518     2.511127341775 std4 2 2 0 0     0     0
10 68046.826315160506     2.511127873564 std4 2 2 0 0     0     0
10 68052.442804760496     2.511129060171 std4 2 2 0 0     0     0
10 68055.929591960482     2.511129798452 std4 2 2 0 0     0     0
10 68056.037678360513     2.511129820872 std4 2 2 0 0     0     0
10 68060.381150360494     2.511130742969 std4 2 2 0 0     0     0
10 68064.624542360511     2.511131645592 std4 2 2 0 0     0     0
10 68065.669377560487     2.511131868502 std4 2 2 0 0     0     0
10 68067.542875160504     2.511132267909 std4 2 2 0 0     0     0
10 68068.371537560497     2.511132444579 std4 2 2 0 0     0     0
10 68069.644555160510     2.511132717029 std4 2 2 0 0     0     0
10 68073.511646360503     2.511133543975 std4 2 2 0 0     0     0
10 68074.844711960517     2.511133829294 std4 2 2 0 0     0     0
10 68076.041668760503     2.511134085962 std4 2 2 0 0     0     0
10 68077.326695960493     2.511134361223 std4 2 2 0 0     0     0
10 68079.540465560500     2.511134836706 std4 2 2 0 0     0     0
10 68079.984820760515     2.511134932567 std4 2 2 0 0     0     0
10 68080.385140760521     2.511135018400 std4 2 2 0 0     0     0
10 68106.574075160504     2.511140689642 std4 2 2 0 0     0     0
10 68110.212983960500     2.511141484027 std4 2 2 0 0     0     0
10 68111.702174360499     2.511141810221 std4 2 2 0 0     0     0
10 68112.162542360498     2.511141910592 std4 2 2 0 0     0     0
10 68115.216983960516     2.511142579505 std4 2 2 0 0     0     0
10 68115.749409560493     2.511142696076 std4 2 2 0 0     0     0
10 68119.104091160503     2.511143432315 std4 2 2 0 0     0     0
10 68120.621303960485     2.511143766208 std4 2 2 0 0     0     0
10 68125.825463960506     2.511144911957 std4 2 2 0 0     0     0
10 68126.229787160527     2.511145000809 std4 2 2 0 0     0     0
10 68127.710971160496     2.511145328068 std4 2 2 0 0     0     0
10 68134.004001560491     2.511146719246 std4 2 2 0 0     0     0
10 68141.558039960511     2.511148395901 std4 2 2 0 0     0     0
10 68141.986382360499     2.511148491151 std4 2 2 0 0     0     0
10 68142.442747160529     2.511148592808 std4 2 2 0 0     0     0
10 68150.917521560480     2.511150482986 std4 2 2 0 0     0     0
10 68151.489979160501     2.511150611218 std4 2 2 0 0     0     0
10 68152.951147160501     2.511150937841 std4 2 2 0 0     0     0
10 68154.268199960497     2.511151233155 std4 2 2 0 0     0     0
10 68157.290615960487     2.511151910871 std4 2 2 0 0     0     0
10 68161.213751960499     2.511152791779 std4 2 2 0 0     0     0
10 68167.574836760499     2.511154224232 std4 2 2 0 0     0     0
10 68178.431515160514     2.511156680755 std4 2 2 0 0     0     0
10 68179.448327960489     2.511156911731 std4 2 2 0 0     0     0
10 68180.513179160514     2.511157153426 std4 2 2 0 0     0     0
10 68181.057614360498     2.511157277099 std4 2 2 0 0     0     0
10 68185.288996760529     2.511158239641 std4 2 2 0 0     0     0
10 68186.241758360487     2.511158456880 std4 2 2 0 0     0     0
10 68186.325825560510     2.511158476172 std4 2 2 0 0     0     0
10 68196.842231960520     2.511160879544 std4 2 2 0 0     0     0
10 68203.623652760517     2.511162436649 std4 2 2 0 0     0     0
10 68204.964724760516     2.511162745294 std4 2 2 0 0     0     0
10 68206.133659160511     2.511163014366 std4 2 2 0 0     0     0
10 68210.341022360490     2.511163984137 std4 2 2 0 0     0     0
10 68213.279371160527     2.511164662987 std4 2 2 0 0     0     0
10 68217.987134360504     2.511165753264 std4 2 2 0 0     0     0
10 68218.235332760497     2.511165810297 std4 2 2 0 0     0     0
10 68227.090411160514     2.511167868246 std4 2 2 0 0     0     0
10 68228.451499160517     2.511168185139 std4 2 2 0 0     0     0
10 68233.303377560521     2.511169317152 std4 2 2 0 0     0     0
10 68235.625233560525     2.511169859953 std4 2 2 0 0     0     0
10 68239.972708760504     2.511170878092 std4 2 2 0 0     0     0
10 68245.385035160508     2.511172148883 std4 2 2 0 0     0     0
10 68246.021543960492     2.511172298791 std4 2 2 0 0     0     0
10 68248.243319960493     2.511172821263 std4 2 2 0 0     0     0
10 68252.530747160529     2.511173832329 std4 2 2 0 0     0     0
10 68253.707687960515     2.511174109741 std4 2 2 0 0     0     0
10 68258.919854360518     2.511175342516 std4 2 2 0 0     0     0
10 68259.284145560537     2.511175429022 std4 2 2 0 0     0     0
10 68259.796555160492     2.511175550078 std4 2 2 0 0     0     0
10 68260.248916760509     2.511175657298 std4 2 2 0 0     0     0
10 68270.629214360516     2.511178123156 std4 2 2 0 0     0     0
10 68270.997508760528     2.511178211131 std4 2 2 0 0     0     0
10 68271.962279960498     2.511178440783 std4 2 2 0 0     0     0
10 68275.160836760515     2.511179204011 std4 2 2 0 0     0     0
10 68278.147223960519     2.511179917890 std4 2 2 0 0     0     0
10 68286.281726360531     2.511181867069 std4 2 2 0 0     0     0
10 68291.786126360495     2.511183190560 std4 2 2 0 0     0     0
10 68300.032718360531     2.511185180490 std4 2 2 0 0     0     0
10 68301.750091160517     2.511185595850 std4 2 2 0 0     0     0
10 68301.942244760524     2.511185642020 std4 2 2 0 0     0     0
10 68304.632395160527     2.511186293630 std4 2 2 0 0     0     0
10 68310.701246360522     2.511187767384 std4 2 2 0 0     0     0
10 68311.297723160509     2.511187912067 std4 2 2 0 0     0     0
10 68316.902203160526     2.511189276810 std4 2 2 0 0     0     0
10 68317.090353560514     2.511189322652 std4 2 2 0 0     0     0
10 68318.239271960509     2.511189602948 std4 2 2 0 0     0     0
10 68320.296916760503     2.511190105655 std4 2 2 0 0     0     0
10 68322.955041560535     2.511190755658 std4 2 2 0 0     0     0
10 68338.839739160500     2.511194656295 std4 2 2 0 0     0     0
10 68339.075927960529     2.511194714791 std4 2 2 0 0     0     0
10 68340.032692760510     2.511194950499 std4 2 2 0 0     0     0
10 68340.044702360525     2.511194953708 std4 2 2 0 0     0     0
10 68340.408993560514     2.511195043066 std4 2 2 0 0     0     0
10 68340.421003160507     2.511195046052 std4 2 2 0 0     0     0
10 68340.653188760519     2.511195103862 std4 2 2 0 0     0     0
10 68340.669201560505     2.511195107556 std4 2 2 0 0     0     0
10 68344.079927960498     2.511195949951 std4 2 2 0 0     0     0
10 68344.564315160527     2.511196069890 std4 2 2 0 0     0     0
10 68347.350542360507     2.511196759258 std4 2 2 0 0     0     0
10 68348.235249560533     2.511196978262 std4 2 2 0 0     0     0
10 68351.285687960529     2.511197734350 std4 2 2 0 0     0     0
10 68351.994254360525     2.511197910304 std4 2 2 0 0     0     0
10 68352.902980760519     2.511198135515 std4 2 2 0 0     0     0
10 68353.123156760522     2.511198190639 std4 2 2 0 0     0     0
10 68358.235243160525     2.511199461479 std4 2 2 0 0     0     0
10 68360.308900760539     2.511199978045 std4 2 2 0 0     0     0
10 68360.392967960506     2.511199998465 std4 2 2 0 0     0     0
10 68360.577115160536     2.511200044698 std4 2 2 0 0     0     0
10 68360.829316760543     2.511200107402 std4 2 2 0 0     0     0
10 68362.206417560530     2.511200451043 std4 2 2 0 0     0     0
10 68363.459419160536     2.511200763564 std4 2 2 0 0     0     0
10 68365.865342360515     2.511201364052 std4 2 2 0 0     0     0
10 68368.643563160500     2.511202058895 std4 2 2 0 0     0     0
10 68371.401767960532     2.511202749232 std4 2 2 0 0     0     0
10 68371.501847960537     2.511202774631 std4 2 2 0 0     0     0
10 68374.127947160509     2.511203432991 std4 2 2 0 0     0     0
h8
h9
