h1 CRD 2 2025 3 14 14
h2 WETL 8834 10 01 4 ILRS
h3 apollo15 0000103 0103 na 0 1 1
h4 0 2025 3 7 19 40 10 2025 3 7 19 47 18 0 0 0 0 1 0 2 0
C0 0   1064.000 std4 las1 det4 tim0   na   na met0   na
C1 0 las1     Nd:YAG    1064.00      20.00      80.00   10.0  2.00    1
C2 0 det4       SPAD   1064.000  70.00   -93.0 180.0     analog 150.0  0.35  90.0  18.0       none    0.0    0.0  0
C3 0 tim0                  TAC              EFOS-18             Dassault             02,09,10    0.0
C6 0 met0 Paroscientific Digiquarz_765-16B     155046 E+E_Elektronik EE33-PFTM2022N 17059374047303 E+E_Elektronik EE33-PFTM2022N 17059374047303
20 70680.000000000000  944.47 280.95   66 0
20 70860.000000000000  944.45 281.05   65 0
20 71040.000000000000  944.43 281.20   65 0
20 71580.000000000000  944.46 281.57   65 0
40 68844.142379800000 0 std4       na       na      na   119026.3      1.0   25.6      na      na     na 3 4 0 3    na
41 63760.152412500000 0 std4     2944     2944      na   119022.6       na   27.1  -0.093  -0.859    4.4 3 0 0 1  19.1
41 65553.543579300000 0 std4     2724     2724      na   119028.7       na   26.1   0.053  -0.880  -13.7 3 0 0 1  14.1
41 69454.648726700000 0 std4     2540     2540      na   119025.1       na   25.2   0.012  -0.877   -4.1 3 0 0 2   9.1
41 73928.132347200000 0 std4     2287     2287      na   119028.1       na   23.9   0.009  -0.836    1.9 3 0 0 2   8.7
10 70810.249709969446     2.485876486709 std4 2 2 0 0     0     0
10 70813.085709969454     2.485879223122 std4 2 2 0 0     0     0
10 70813.473709969444     2.485879597851 std4 2 2 0 0     0     0
10 70825.793709969450     2.485891496614 std4 2 2 0 0     0     0
10 70828.485709969434     2.485894099121 std4 2 2 0 0     0     0
10 70828.861709969464     2.485894462530 std4 2 2 0 0     0     0
10 70844.089709969464     2.485909198497 std4 2 2 0 0     0     0
10 70849.653709969445     2.485914589828 std4 2 2 0 0     0     0
10 70851.429709969423     2.485916311291 std4 2 2 0 0     0     0
10 70857.901709969447     2.485922587192 std4 2 2 0 0     0     0
10 70859.725709969446     2.485924356635 std4 2 2 0 0     0     0
10 70860.325709969437     2.485924938908 std4 2 2 0 0     0     0
10 70861.661709969454     2.485926235893 std4 2 2 0 0     0     0
10 70869.709709969462     2.485934050425 std4 2 2 0 0     0     0
10 70870.821709969440     2.485935130604 std4 2 2 0 0     0     0
10 70873.465709969451     2.485937699540 std4 2 2 0 0     0     0
10 70875.353709969441     2.485939534527 std4 2 2 0 0     0     0
10 70879.705709969461     2.485943766317 std4 2 2 0 0     0     0
10 70880.805709969467     2.485944836199 std4 2 2 0 0     0     0
10 70881.285709969468     2.485945303130 std4 2 2 0 0     0     0
10 70882.041709969448     2.485946038614 std4 2 2 0 0     0     0
10 70888.969709969459     2.485952780883 std4 2 2 0 0     0     0
10 70891.821709969430     2.485955558226 std4 2 2 0 0     0     0
10 70894.977709969465     2.485958632278 std4 2 2 0 0     0     0
10 70899.645709969467     2.485963181130 std4 2 2 0 0     0     0
10 70900.613709969458     2.485964124615 std4 2 2 0 0     0     0
10 70902.521709969453     2.485965985391 std4 2 2 0 0     0     0
10 70912.629709969458     2.485975847712 std4 2 2 0 0     0     0
10 70914.165709969447     2.485977346860 std4 2 2 0 0     0     0
10 70916.569709969468     2.485979694766 std4 2 2 0 0     0     0
10 70918.681709969432     2.485981757551 std4 2 2 0 0     0     0
10 70919.061709969435     2.485982128699 std4 2 2 0 0     0     0
10 70919.281709969438     2.485982344078 std4 2 2 0 0     0     0
10 70930.333709969443     2.485993148407 std4 2 2 0 0     0     0
10 70931.645709969437     2.485994432078 std4 2 2 0 0     0     0
10 70933.549709969464     2.485996294900 std4 2 2 0 0     0     0
10 70935.469709969464     2.485998173900 std4 2 2 0 0     0     0
10 70940.953709969458     2.486003543433 std4 2 2 0 0     0     0
10 70941.769709969441     2.486004342428 std4 2 2 0 0     0     0
10 70944.461709969456     2.486006979968 std4 2 2 0 0     0     0
10 70948.053709969458     2.486010499827 std4 2 2 0 0     0     0
10 70954.313709969438     2.486016638258 std4 2 2 0 0     0     0
10 70954.501709969426     2.486016822999 std4 2 2 0 0     0     0
10 70960.805709969470     2.486023008732 std4 2 2 0 0     0     0
10 70972.565709969462     2.486034560638 std4 2 2 0 0     0     0
10 70972.897709969470     2.486034887087 std4 2 2 0 0     0     0
10 70974.673709969451     2.486036632583 std4 2 2 0 0     0     0
10 70979.297709969431     2.486041180414 std4 2 2 0 0     0     0
10 70983.773709969463     2.486045584239 std4 2 2 0 0     0     0
10 70986.657709969458     2.486048423227 std4 2 2 0 0     0     0
10 70988.473709969441     2.486050211260 std4 2 2 0 0     0     0
10 71000.681709969454     2.486062240941 std4 2 2 0 0     0     0
10 71006.885709969437     2.486068361069 std4 2 2 0 0     0     0
10 71009.753709969431     2.486071191609 std4 2 2 0 0     0     0
10 71010.373709969430     2.486071803429 std4 2 2 0 0     0     0
10 71011.813709969436     2.486073225331 std4 2 2 0 0     0     0
10 71015.053709969445     2.486076424581 std4 2 2 0 0     0     0
10 71017.597709969468     2.486078938021 std4 2 2 0 0     0     0
10 71018.645709969457     2.486079973408 std4 2 2 0 0     0     0
10 71027.073709969467     2.486088304774 std4 2 2 0 0     0     0
10 71027.521709969454     2.486088748099 std4 2 2 0 0     0     0
10 71028.149709969451     2.486089369158 std4 2 2 0 0     0     0
10 71028.237709969432     2.486089456242 std4 2 2 0 0     0     0
10 71030.597709969447     2.486091790852 std4 2 2 0 0     0     0
10 71033.153709969442     2.486094320032 std4 2 2 0 0     0     0
10 71034.173709969435     2.486095329652 std4 2 2 0 0     0     0
10 71039.257709969469     2.486100363692 std4 2 2 0 0     0     0
10 71040.013709969450     2.486101112159 std4 2 2 0 0     0     0
10 71041.869709969434     2.486102950866 std4 2 2 0 0     0     0
10 71046.901709969454     2.486107937291 std4 2 2 0 0     0     0
10 71051.637709969440     2.486112633322 std4 2 2 0 0     0     0
10 71060.509709969468     2.486121436492 std4 2 2 0 0     0     0
10 71105.845709969459     2.486166558484 std4 2 2 0 0     0     0
10 71109.085709969451     2.486169791832 std4 2 2 0 0     0     0
10 71117.589709969448     2.486178284540 std4 2 2 0 0     0     0
10 71118.081709969459     2.486178776163 std4 2 2 0 0     0     0
10 71120.469709969440     2.486181162606 std4 2 2 0 0     0     0
10 71126.809709969481     2.486187500810 std4 2 2 0 0     0     0
10 71128.585709969454     2.486189277760 std4 2 2 0 0     0     0
10 71131.673709969465     2.486192367096 std4 2 2 0 0     0     0
10 71131.681709969475     2.486192374978 std4 2 2 0 0     0     0
10 71136.757709969437     2.486197456205 std4 2 2 0 0     0     0
10 71148.257709969468     2.486208977787 std4 2 2 0 0     0     0
10 71148.629709969476     2.486209350632 std4 2 2 0 0     0     0
10 71150.877709969461     2.486211604665 std4 2 2 0 0     0     0
10 71164.049709969459     2.486224823398 std4 2 2 0 0     0     0
10 71164.645709969468     2.486225421990 std4 2 2 0 0     0     0
10 71164.677709969481     2.486225453956 std4 2 2 0 0     0     0
10 71166.677709969471     2.486227463193 std4 2 2 0 0     0     0
10 71167.697709969470     2.486228488106 std4 2 2 0 0     0     0
10 71171.733709969476     2.486232543916 std4 2 2 0 0     0     0
10 71174.977709969447     2.486235804926 std4 2 2 0 0     0     0
10 71189.549709969474     2.486250468902 std4 2 2 0 0     0     0
10 71194.157709969448     2.486255110727 std4 2 2 0 0     0     0
10 71194.581709969471     2.486255537662 std4 2 2 0 0     0     0
10 71195.565709969485     2.486256529420 std4 2 2 0 0     0     0
10 71197.521709969458     2.486258500978 std4 2 2 0 0     0     0
10 71201.081709969442     2.486262090188 std4 2 2 0 0     0     0
10 71202.817709969472     2.486263841093 std4 2 2 0 0     0     0
10 71215.909709969454     2.486277054934 std4 2 2 0 0     0     0
10 71231.209709969452     2.486292521133 std4 2 2 0 0     0     0
10 71238.861709969481     2.486300266631 std4 2 2 0 0     0     0
h8
h9
