h1 CRD 2 2025 3 14 14
h2 WETL 8834 10 01 4 ILRS
h3 apollo15 0000103 0103 na 0 1 1
h4 0 2025 3 7 16 25 33 2025 3 7 16 32 13 0 0 0 0 1 0 2 0
C0 0   1064.000 std4 las1 det4 tim0   na   na met0   na
C1 0 las1     Nd:YAG    1064.00      20.00      80.00   10.0  2.00    1
C2 0 det4       SPAD   1064.000  70.00   -93.0 180.0     analog 150.0  0.35  90.0  18.0       none    0.0    0.0  0
C3 0 tim0                  TAC              EFOS-18             Dassault             02,09,10    0.0
C6 0 met0 Paroscientific Digiquarz_765-16B     155046 E+E_Elektronik EE33-PFTM2022N 17059374047303 E+E_Elektronik EE33-PFTM2022N 17059374047303
20 58980.000000000000  944.40 286.59   50 0
20 59160.000000000000  944.40 286.28   51 0
20 59880.000000000000  944.41 286.13   51 0
20 60060.000000000000  944.39 286.31   50 0
40 61031.662305100000 0 std4       na       na      na   119023.8      1.4   26.0      na      na     na 3 4 0 3    na
41 56509.781030800000 0 std4     2582     2582      na   119023.3       na   25.4   0.055  -0.733   -5.3 3 0 0 1   4.3
41 59957.834449800000 0 std4     2542     2542      na   119021.4       na   25.2  -0.088  -0.803   -9.4 3 0 0 1  17.9
41 63760.152412500000 0 std4     2944     2944      na   119022.6       na   27.1  -0.093  -0.859    4.4 3 0 0 2  19.1
41 65553.543579300000 0 std4     2724     2724      na   119028.7       na   26.1   0.053  -0.880  -13.7 3 0 0 2  14.1
10 59133.083664597266     2.482656581038 std4 2 2 0 0     0     0
10 59135.083664597259     2.482655766997 std4 2 2 0 0     0     0
10 59135.735664597265     2.482655501328 std4 2 2 0 0     0     0
10 59136.011664597244     2.482655389061 std4 2 2 0 0     0     0
10 59146.611664597261     2.482651080907 std4 2 2 0 0     0     0
10 59149.339664597239     2.482649974446 std4 2 2 0 0     0     0
10 59150.747664597273     2.482649403334 std4 2 2 0 0     0     0
10 59170.307664597246     2.482641495100 std4 2 2 0 0     0     0
10 59171.835664597275     2.482640879163 std4 2 2 0 0     0     0
10 59176.815664597257     2.482638873530 std4 2 2 0 0     0     0
10 59177.927664582976     2.482638425749 std4 2 2 0 0     0     0
10 59188.515664597247     2.482634171160 std4 2 2 0 0     0     0
10 59188.867664597256     2.482634029869 std4 2 2 0 0     0     0
10 59193.715664597270     2.482632086328 std4 2 2 0 0     0     0
10 59198.291664597275     2.482630253732 std4 2 2 0 0     0     0
10 59200.671664582986     2.482629301825 std4 2 2 0 0     0     0
10 59203.763664582982     2.482628065503 std4 2 2 0 0     0     0
10 59204.167664597282     2.482627903960 std4 2 2 0 0     0     0
10 59211.807664597255     2.482624855035 std4 2 2 0 0     0     0
10 59213.007664582956     2.482624376887 std4 2 2 0 0     0     0
10 59213.995664597279     2.482623982595 std4 2 2 0 0     0     0
10 59231.875664597271     2.482616875839 std4 2 2 0 0     0     0
10 59233.479664597246     2.482616240439 std4 2 2 0 0     0     0
10 59235.411664597243     2.482615474621 std4 2 2 0 0     0     0
10 59238.927664597265     2.482614082680 std4 2 2 0 0     0     0
10 59252.555664597272     2.482608699794 std4 2 2 0 0     0     0
10 59254.147664597243     2.482608072591 std4 2 2 0 0     0     0
10 59259.227664597280     2.482606071628 std4 2 2 0 0     0     0
10 59259.775664597267     2.482605856368 std4 2 2 0 0     0     0
10 59260.023664597258     2.482605758721 std4 2 2 0 0     0     0
10 59263.023664597246     2.482604578812 std4 2 2 0 0     0     0
10 59266.667664597257     2.482603147327 std4 2 2 0 0     0     0
10 59266.935664597241     2.482603041870 std4 2 2 0 0     0     0
10 59266.995664582960     2.482603018482 std4 2 2 0 0     0     0
10 59269.787664582963     2.482601922849 std4 2 2 0 0     0     0
10 59270.019664597257     2.482601831611 std4 2 2 0 0     0     0
10 59270.891664597264     2.482601489620 std4 2 2 0 0     0     0
10 59272.375664597278     2.482600907372 std4 2 2 0 0     0     0
10 59272.771664597258     2.482600752106 std4 2 2 0 0     0     0
10 59275.875664597269     2.482599536150 std4 2 2 0 0     0     0
10 59276.123664597261     2.482599438771 std4 2 2 0 0     0     0
10 59276.407664597279     2.482599327777 std4 2 2 0 0     0     0
10 59287.375664597283     2.482595039010 std4 2 2 0 0     0     0
10 59287.583664597274     2.482594958133 std4 2 2 0 0     0     0
10 59292.167664597275     2.482593169411 std4 2 2 0 0     0     0
10 59293.315664597262     2.482592721772 std4 2 2 0 0     0     0
10 59293.583664582966     2.482592617749 std4 2 2 0 0     0     0
10 59295.439664597276     2.482591894404 std4 2 2 0 0     0     0
10 59295.747664597264     2.482591774218 std4 2 2 0 0     0     0
10 59296.427664597262     2.482591509727 std4 2 2 0 0     0     0
10 59296.719664597266     2.482591395806 std4 2 2 0 0     0     0
10 59297.431664597275     2.482591118397 std4 2 2 0 0     0     0
10 59300.335664597286     2.482589988626 std4 2 2 0 0     0     0
10 59302.967664597282     2.482588964932 std4 2 2 0 0     0     0
10 59309.983664597283     2.482586240556 std4 2 2 0 0     0     0
10 59310.603664597289     2.482586000331 std4 2 2 0 0     0     0
10 59313.811664597267     2.482584756589 std4 2 2 0 0     0     0
10 59316.935664597274     2.482583546718 std4 2 2 0 0     0     0
10 59319.335664597266     2.482582617966 std4 2 2 0 0     0     0
10 59319.911664597284     2.482582394540 std4 2 2 0 0     0     0
10 59328.307664597290     2.482579150882 std4 2 2 0 0     0     0
10 59329.539664597255     2.482578675425 std4 2 2 0 0     0     0
10 59333.943664597245     2.482576977415 std4 2 2 0 0     0     0
10 59346.815664597263     2.482572026970 std4 2 2 0 0     0     0
10 59347.779664597279     2.482571657077 std4 2 2 0 0     0     0
10 59347.975664597256     2.482571582128 std4 2 2 0 0     0     0
10 59352.547664597255     2.482569828469 std4 2 2 0 0     0     0
10 59353.263664597273     2.482569554167 std4 2 2 0 0     0     0
10 59356.751664597257     2.482568218069 std4 2 2 0 0     0     0
10 59358.063664597247     2.482567715948 std4 2 2 0 0     0     0
10 59360.911664597281     2.482566626608 std4 2 2 0 0     0     0
10 59364.031664597272     2.482565434336 std4 2 2 0 0     0     0
10 59378.231664597272     2.482560021648 std4 2 2 0 0     0     0
10 59379.563664597277     2.482559514906 std4 2 2 0 0     0     0
10 59384.191664597290     2.482557755822 std4 2 2 0 0     0     0
10 59388.331664597273     2.482556184772 std4 2 2 0 0     0     0
10 59388.335664597291     2.482556183258 std4 2 2 0 0     0     0
10 59389.679664597249     2.482555673525 std4 2 2 0 0     0     0
10 59389.719664582968     2.482555658144 std4 2 2 0 0     0     0
10 59392.167664597279     2.482554730565 std4 2 2 0 0     0     0
10 59393.159664597284     2.482554354807 std4 2 2 0 0     0     0
10 59411.311664597272     2.482547497419 std4 2 2 0 0     0     0
10 59413.947664597290     2.482546504491 std4 2 2 0 0     0     0
10 59416.955664597270     2.482545372830 std4 2 2 0 0     0     0
10 59418.051664597268     2.482544960604 std4 2 2 0 0     0     0
10 59421.911664597286     2.482543509884 std4 2 2 0 0     0     0
10 59422.883664597289     2.482543144650 std4 2 2 0 0     0     0
10 59423.663664597295     2.482542851666 std4 2 2 0 0     0     0
10 59425.095664597251     2.482542314339 std4 2 2 0 0     0     0
10 59426.835664597261     2.482541661645 std4 2 2 0 0     0     0
10 59444.927664597265     2.482534893658 std4 2 2 0 0     0     0
10 59448.039664582972     2.482533733694 std4 2 2 0 0     0     0
10 59448.779664597257     2.482533457845 std4 2 2 0 0     0     0
10 59449.447664597277     2.482533208707 std4 2 2 0 0     0     0
10 59449.847664597281     2.482533059733 std4 2 2 0 0     0     0
10 59451.835664597291     2.482532319573 std4 2 2 0 0     0     0
10 59453.683664597281     2.482531631470 std4 2 2 0 0     0     0
10 59454.639664597263     2.482531276100 std4 2 2 0 0     0     0
10 59454.803664597282     2.482531214944 std4 2 2 0 0     0     0
10 59455.823664597280     2.482530835426 std4 2 2 0 0     0     0
10 59458.451664597271     2.482529858819 std4 2 2 0 0     0     0
10 59458.923664597288     2.482529683081 std4 2 2 0 0     0     0
10 59459.623664583000     2.482529423387 std4 2 2 0 0     0     0
10 59460.411664597275     2.482529130568 std4 2 2 0 0     0     0
10 59460.503664597290     2.482529096447 std4 2 2 0 0     0     0
10 59461.487664582969     2.482528731001 std4 2 2 0 0     0     0
10 59464.239664597271     2.482527710010 std4 2 2 0 0     0     0
10 59466.239664597276     2.482526968227 std4 2 2 0 0     0     0
10 59469.643664597294     2.482525706943 std4 2 2 0 0     0     0
10 59480.691664597250     2.482521622195 std4 2 2 0 0     0     0
10 59482.583664597269     2.482520923838 std4 2 2 0 0     0     0
10 59498.443664597284     2.482515086785 std4 2 2 0 0     0     0
10 59500.299664597260     2.482514405478 std4 2 2 0 0     0     0
10 59500.655664597296     2.482514274853 std4 2 2 0 0     0     0
10 59506.651664597272     2.482512077074 std4 2 2 0 0     0     0
10 59515.355664597300     2.482508893290 std4 2 2 0 0     0     0
10 59520.591664597273     2.482506981996 std4 2 2 0 0     0     0
10 59521.763664597288     2.482506554525 std4 2 2 0 0     0     0
10 59523.163664597285     2.482506044730 std4 2 2 0 0     0     0
10 59525.087664597301     2.482505343470 std4 2 2 0 0     0     0
10 59529.539664597262     2.482503723337 std4 2 2 0 0     0     0
10 59530.659664582976     2.482503315938 std4 2 2 0 0     0     0
10 59530.695664597290     2.482503302837 std4 2 2 0 0     0     0
10 59531.907664597299     2.482502862309 std4 2 2 0 0     0     0
10 59532.603664597276     2.482502609596 std4 2 2 0 0     0     0
10 59533.999664597262     2.482502101994 std4 2 2 0 0     0     0
h8
h9
