h1 CRD 2 2025 3 14 14
h2 WETL 8834 10 01 4 ILRS
h3 apollo15 0000103 0103 na 0 1 1
h4 0 2025 3 8 19 10 38 2025 3 8 19 20 49 0 0 0 0 1 0 2 0
C0 0   1064.000 std4 las1 det4 tim0   na   na met0   na
C1 0 las1     Nd:YAG    1064.00      20.00      80.00   10.0  2.00    1
C2 0 det4       SPAD   1064.000  70.00   -93.0 180.0     analog 150.0  0.35  90.0  18.0       none    0.0    0.0  0
C3 0 tim0                  TAC              EFOS-18             Dassault             02,09,10    0.0
C6 0 met0 Paroscientific Digiquarz_765-16B     155046 E+E_Elektronik EE33-PFTM2022N 17059374047303 E+E_Elektronik EE33-PFTM2022N 17059374047303
20 68880.000000000000  939.23 281.89   51 0
20 69060.000000000000  939.19 282.04   52 0
20 69420.000000000000  939.15 281.85   53 0
20 69600.000000000000  939.15 281.67   53 0
20 69960.000000000000  939.13 281.84   53 0
20 70140.000000000000  939.15 281.71   53 0
40 68608.548282500000 0 std4       na       na      na   119024.2      0.7   25.6      na      na     na 3 4 0 3    na
41 65106.819307300000 0 std4     2319     2319      na   119023.8       na   24.1   0.026  -0.822    7.2 3 0 0 1   4.6
41 68747.848529400000 0 std4     2951     2951      na   119023.5       na   27.2  -0.097  -0.674   -4.5 3 0 0 2  14.3
41 72110.277257800000 0 std4     2614     2614      na   119025.2       na   25.6   0.070  -0.865    1.8 3 0 0 2   9.4
10 69038.871316760565     2.511397253042 std4 2 2 0 0     0     0
10 69039.583886360577     2.511397489969 std4 2 2 0 0     0     0
10 69044.936164760549     2.511399270687 std4 2 2 0 0     0     0
10 69045.956980760553     2.511399610458 std4 2 2 0 0     0     0
10 69048.767227160568     2.511400547591 std4 2 2 0 0     0     0
10 69052.626311960574     2.511401834916 std4 2 2 0 0     0     0
10 69055.260417560548     2.511402715391 std4 2 2 0 0     0     0
10 69056.541441560559     2.511403143942 std4 2 2 0 0     0     0
10 69067.874500760560     2.511406941913 std4 2 2 0 0     0     0
10 69068.503003160555     2.511407152828 std4 2 2 0 0     0     0
10 69072.225979160581     2.511408404381 std4 2 2 0 0     0     0
10 69079.111483160584     2.511410723639 std4 2 2 0 0     0     0
10 69080.952955160543     2.511411344372 std4 2 2 0 0     0     0
10 69082.894507160555     2.511411999797 std4 2 2 0 0     0     0
10 69085.232375960558     2.511412789980 std4 2 2 0 0     0     0
10 69085.332455960555     2.511412823429 std4 2 2 0 0     0     0
10 69087.658315160543     2.511413609939 std4 2 2 0 0     0     0
10 69100.564631960577     2.511417986011 std4 2 2 0 0     0     0
10 69105.704740760554     2.511419734150 std4 2 2 0 0     0     0
10 69110.096251160580     2.511421230596 std4 2 2 0 0     0     0
10 69119.531793560548     2.511424454019 std4 2 2 0 0     0     0
10 69124.743959960577     2.511426239285 std4 2 2 0 0     0     0
10 69136.397275160588     2.511430241972 std4 2 2 0 0     0     0
10 69137.217931160555     2.511430524416 std4 2 2 0 0     0     0
10 69137.834423960577     2.511430737215 std4 2 2 0 0     0     0
10 69150.312398360557     2.511435043903 std4 2 2 0 0     0     0
10 69160.968916760573     2.511438737250 std4 2 2 0 0     0     0
10 69162.782366360549     2.511439367541 std4 2 2 0 0     0     0
10 69162.810388760583     2.511439377230 std4 2 2 0 0     0     0
10 69165.284366360563     2.511440236966 std4 2 2 0 0     0     0
10 69172.982519960586     2.511442918140 std4 2 2 0 0     0     0
10 69176.036961560565     2.511443983793 std4 2 2 0 0     0     0
10 69177.281956760552     2.511444418310 std4 2 2 0 0     0     0
10 69178.506935960577     2.511444846262 std4 2 2 0 0     0     0
10 69180.720705560549     2.511445620104 std4 2 2 0 0     0     0
10 69184.423665560581     2.511446915607 std4 2 2 0 0     0     0
10 69186.449284760573     2.511447625210 std4 2 2 0 0     0     0
10 69187.305969560552     2.511447925590 std4 2 2 0 0     0     0
10 69189.283550360547     2.511448618837 std4 2 2 0 0     0     0
10 69189.547761560570     2.511448711312 std4 2 2 0 0     0     0
10 69195.128222360576     2.511450670649 std4 2 2 0 0     0     0
10 69196.076980760587     2.511451004097 std4 2 2 0 0     0     0
10 69201.381220760579     2.511452870397 std4 2 2 0 0     0     0
10 69212.818363160559     2.511456906494 std4 2 2 0 0     0     0
10 69213.811156760576     2.511457257505 std4 2 2 0 0     0     0
10 69216.149025560579     2.511458084986 std4 2 2 0 0     0     0
10 69226.581364760591     2.511461784583 std4 2 2 0 0     0     0
10 69226.753502360553     2.511461845787 std4 2 2 0 0     0     0
10 69230.212267160554     2.511463075474 std4 2 2 0 0     0     0
10 69238.474871960543     2.511466018886 std4 2 2 0 0     0     0
10 69256.989671960552     2.511472644976 std4 2 2 0 0     0     0
10 69290.392372760552     2.511484705014 std4 2 2 0 0     0     0
10 69290.412388760554     2.511484712469 std4 2 2 0 0     0     0
10 69304.699809560590     2.511489911962 std4 2 2 0 0     0     0
10 69313.923182360591     2.511493282359 std4 2 2 0 0     0     0
10 69331.048871960593     2.511499567974 std4 2 2 0 0     0     0
10 69363.418747160576     2.511511546849 std4 2 2 0 0     0     0
10 69375.052046360588     2.511515883563 std4 2 2 0 0     0     0
10 69377.377905560566     2.511516752454 std4 2 2 0 0     0     0
10 69377.526023960577     2.511516807875 std4 2 2 0 0     0     0
10 69378.222580760586     2.511517068020 std4 2 2 0 0     0     0
10 69379.643716760593     2.511517599625 std4 2 2 0 0     0     0
10 69384.379502360564     2.511519372250 std4 2 2 0 0     0     0
10 69385.172135960579     2.511519669178 std4 2 2 0 0     0     0
10 69393.166526360587     2.511522668852 std4 2 2 0 0     0     0
10 69399.335457560574     2.511524988632 std4 2 2 0 0     0     0
10 69401.521204760595     2.511525811449 std4 2 2 0 0     0     0
10 69404.095262360561     2.511526781807 std4 2 2 0 0     0     0
10 69410.404305560599     2.511529162700 std4 2 2 0 0     0     0
10 69418.690929560579     2.511532297745 std4 2 2 0 0     0     0
10 69419.931921560584     2.511532767869 std4 2 2 0 0     0     0
10 69428.338641560563     2.511535958403 std4 2 2 0 0     0     0
10 69428.646887960598     2.511536075225 std4 2 2 0 0     0     0
10 69429.771787160579     2.511536502570 std4 2 2 0 0     0     0
10 69430.264180760591     2.511536690157 std4 2 2 0 0     0     0
10 69432.582033560580     2.511537571999 std4 2 2 0 0     0     0
10 69433.330631960575     2.511537856859 std4 2 2 0 0     0     0
10 69437.241758360581     2.511539346421 std4 2 2 0 0     0     0
10 69441.829425560574     2.511541095551 std4 2 2 0 0     0     0
10 69452.734142360594     2.511545264622 std4 2 2 0 0     0     0
10 69452.858241560565     2.511545312285 std4 2 2 0 0     0     0
10 69466.349025560569     2.511550490480 std4 2 2 0 0     0     0
10 69468.306590360603     2.511551243816 std4 2 2 0 0     0     0
10 69481.881441560575     2.511556479678 std4 2 2 0 0     0     0
10 69482.469911960563     2.511556707462 std4 2 2 0 0     0     0
10 69491.152852760588     2.511560068873 std4 2 2 0 0     0     0
10 69497.209694360581     2.511562419622 std4 2 2 0 0     0     0
10 69503.927063960580     2.511565031578 std4 2 2 0 0     0     0
10 69505.500321560597     2.511565643696 std4 2 2 0 0     0     0
10 69517.946270360592     2.511570500274 std4 2 2 0 0     0     0
10 69530.244100760602     2.511575317885 std4 2 2 0 0     0     0
10 69557.854171160593     2.511586200864 std4 2 2 0 0     0     0
10 69561.208852760576     2.511587529295 std4 2 2 0 0     0     0
10 69566.525102360610     2.511589637629 std4 2 2 0 0     0     0
10 69577.077537560596     2.511593832780 std4 2 2 0 0     0     0
10 69582.858158360605     2.511596136935 std4 2 2 0 0     0     0
10 69590.432212760598     2.511599162066 std4 2 2 0 0     0     0
10 69593.394580760613     2.511600346906 std4 2 2 0 0     0     0
10 69602.109547160609     2.511603839093 std4 2 2 0 0     0     0
10 69615.828513560591     2.511609355428 std4 2 2 0 0     0     0
10 69616.805294360582     2.511609749303 std4 2 2 0 0     0     0
10 69617.021467160605     2.511609836191 std4 2 2 0 0     0     0
10 69620.728430360604     2.511611331323 std4 2 2 0 0     0     0
10 69632.189591960583     2.511615964823 std4 2 2 0 0     0     0
10 69633.466612760602     2.511616481922 std4 2 2 0 0     0     0
10 69636.140750360603     2.511617565849 std4 2 2 0 0     0     0
10 69644.075092760601     2.511620786806 std4 2 2 0 0     0     0
10 69649.199188760575     2.511622870871 std4 2 2 0 0     0     0
h8
h9
