h1 CRD 2 2025 3 14 14
h2 WETL 8834 10 01 4 ILRS
h3 apollo15 0000103 0103 na 0 1 1
h4 0 2025 3 7 16 32 26 2025 3 7 16 38 19 0 0 0 0 1 0 2 0
C0 0   1064.000 std4 las1 det4 tim0   na   na met0   na
C1 0 las1     Nd:YAG    1064.00      20.00      80.00   10.0  2.00    1
C2 0 det4       SPAD   1064.000  70.00   -93.0 180.0     analog 150.0  0.35  90.0  18.0       none    0.0    0.0  0
C3 0 tim0                  TAC              EFOS-18             Dassault             02,09,10    0.0
C6 0 met0 Paroscientific Digiquarz_765-16B     155046 E+E_Elektronik EE33-PFTM2022N 17059374047303 E+E_Elektronik EE33-PFTM2022N 17059374047303
20 59340.000000000000  944.40 286.30   51 0
20 59880.000000000000  944.41 286.13   51 0
20 60060.000000000000  944.39 286.31   50 0
20 60240.000000000000  944.37 286.18   51 0
20 60420.000000000000  944.35 286.03   51 0
40 61031.662305100000 0 std4       na       na      na   119023.8      1.4   26.0      na      na     na 3 4 0 3    na
41 56509.781030800000 0 std4     2582     2582      na   119023.3       na   25.4   0.055  -0.733   -5.3 3 0 0 1   4.3
41 59957.834449800000 0 std4     2542     2542      na   119021.4       na   25.2  -0.088  -0.803   -9.4 3 0 0 1  17.9
41 63760.152412500000 0 std4     2944     2944      na   119022.6       na   27.1  -0.093  -0.859    4.4 3 0 0 2  19.1
41 65553.543579300000 0 std4     2724     2724      na   119028.7       na   26.1   0.053  -0.880  -13.7 3 0 0 2  14.1
10 59546.591664597275     2.482497537250 std4 2 2 0 0     0     0
10 59558.023664597296     2.482493407833 std4 2 2 0 0     0     0
10 59559.587664597269     2.482492844270 std4 2 2 0 0     0     0
10 59563.567664582991     2.482491410750 std4 2 2 0 0     0     0
10 59563.571664597294     2.482491408965 std4 2 2 0 0     0     0
10 59564.031664597296     2.482491243685 std4 2 2 0 0     0     0
10 59565.327664597281     2.482490777472 std4 2 2 0 0     0     0
10 59567.043664597263     2.482490159938 std4 2 2 0 0     0     0
10 59570.807664597290     2.482488807422 std4 2 2 0 0     0     0
10 59573.639664597295     2.482487790531 std4 2 2 0 0     0     0
10 59574.731664597265     2.482487398788 std4 2 2 0 0     0     0
10 59575.363664597279     2.482487172703 std4 2 2 0 0     0     0
10 59575.831664597272     2.482487004866 std4 2 2 0 0     0     0
10 59579.367664597306     2.482485737204 std4 2 2 0 0     0     0
10 59580.095664597297     2.482485476358 std4 2 2 0 0     0     0
10 59580.331664597275     2.482485392195 std4 2 2 0 0     0     0
10 59582.599664582981     2.482484580233 std4 2 2 0 0     0     0
10 59583.919664597271     2.482484107964 std4 2 2 0 0     0     0
10 59598.499664597294     2.482478904186 std4 2 2 0 0     0     0
10 59602.999664597301     2.482477303147 std4 2 2 0 0     0     0
10 59603.671664597267     2.482477064090 std4 2 2 0 0     0     0
10 59606.791664597297     2.482475955311 std4 2 2 0 0     0     0
10 59623.967664597305     2.482469871866 std4 2 2 0 0     0     0
10 59624.079664597277     2.482469832161 std4 2 2 0 0     0     0
10 59624.319664597283     2.482469747373 std4 2 2 0 0     0     0
10 59625.839664597303     2.482469210420 std4 2 2 0 0     0     0
10 59625.935664597293     2.482469176803 std4 2 2 0 0     0     0
10 59627.739664597306     2.482468539747 std4 2 2 0 0     0     0
10 59627.871664597277     2.482468493679 std4 2 2 0 0     0     0
10 59629.551664597307     2.482467901020 std4 2 2 0 0     0     0
10 59631.579664597295     2.482467186237 std4 2 2 0 0     0     0
10 59632.583664597282     2.482466832192 std4 2 2 0 0     0     0
10 59632.851664597304     2.482466737412 std4 2 2 0 0     0     0
10 59632.975664597272     2.482466694081 std4 2 2 0 0     0     0
10 59633.119664597297     2.482466643370 std4 2 2 0 0     0     0
10 59643.291664597279     2.482463065849 std4 2 2 0 0     0     0
10 59645.299664597310     2.482462361134 std4 2 2 0 0     0     0
10 59649.019664597297     2.482461056893 std4 2 2 0 0     0     0
10 59649.787664597286     2.482460787569 std4 2 2 0 0     0     0
10 59650.679664597291     2.482460475013 std4 2 2 0 0     0     0
10 59654.831664583005     2.482459021633 std4 2 2 0 0     0     0
10 59655.187664597283     2.482458897026 std4 2 2 0 0     0     0
10 59657.383664597290     2.482458128954 std4 2 2 0 0     0     0
10 59659.955664597284     2.482457230288 std4 2 2 0 0     0     0
10 59661.851664597304     2.482456568706 std4 2 2 0 0     0     0
10 59666.679664597269     2.482454884699 std4 2 2 0 0     0     0
10 59667.911664597271     2.482454455076 std4 2 2 0 0     0     0
10 59667.915664597298     2.482454453887 std4 2 2 0 0     0     0
10 59672.299664597293     2.482452927982 std4 2 2 0 0     0     0
10 59680.971664597304     2.482449915006 std4 2 2 0 0     0     0
10 59681.299664597298     2.482449800974 std4 2 2 0 0     0     0
10 59684.143664597304     2.482448814954 std4 2 2 0 0     0     0
10 59684.635664583026     2.482448644927 std4 2 2 0 0     0     0
10 59699.407664597303     2.482443538024 std4 2 2 0 0     0     0
10 59708.795664597301     2.482440305294 std4 2 2 0 0     0     0
10 59709.523664597290     2.482440054697 std4 2 2 0 0     0     0
10 59714.123664597293     2.482438474589 std4 2 2 0 0     0     0
10 59733.787664583012     2.482431746795 std4 2 2 0 0     0     0
10 59734.627664583011     2.482431460613 std4 2 2 0 0     0     0
10 59736.191664597307     2.482430927719 std4 2 2 0 0     0     0
10 59739.547664597312     2.482429784587 std4 2 2 0 0     0     0
10 59760.131664597299     2.482422801289 std4 2 2 0 0     0     0
10 59768.935664597285     2.482419828675 std4 2 2 0 0     0     0
10 59771.971664597300     2.482418805735 std4 2 2 0 0     0     0
10 59776.611664597299     2.482417243715 std4 2 2 0 0     0     0
10 59787.023664597323     2.482413748771 std4 2 2 0 0     0     0
10 59795.615664583006     2.482410873392 std4 2 2 0 0     0     0
10 59796.199664597295     2.482410678250 std4 2 2 0 0     0     0
10 59797.739664597280     2.482410163826 std4 2 2 0 0     0     0
10 59798.511664583004     2.482409906479 std4 2 2 0 0     0     0
10 59804.591664597310     2.482407878448 std4 2 2 0 0     0     0
10 59809.059664597279     2.482406391282 std4 2 2 0 0     0     0
10 59817.311664597317     2.482403649532 std4 2 2 0 0     0     0
10 59822.823664597313     2.482401822729 std4 2 2 0 0     0     0
10 59835.399664583012     2.482397667718 std4 2 2 0 0     0     0
10 59838.375664597314     2.482396686861 std4 2 2 0 0     0     0
10 59845.131664597323     2.482394463991 std4 2 2 0 0     0     0
10 59853.475664597308     2.482391725832 std4 2 2 0 0     0     0
10 59854.603664597296     2.482391356062 std4 2 2 0 0     0     0
10 59857.431664597318     2.482390430594 std4 2 2 0 0     0     0
10 59859.711664597313     2.482389684780 std4 2 2 0 0     0     0
10 59862.971664597306     2.482388618931 std4 2 2 0 0     0     0
10 59869.603664597296     2.482386455331 std4 2 2 0 0     0     0
10 59870.523664597289     2.482386155198 std4 2 2 0 0     0     0
10 59877.555664597302     2.482383867012 std4 2 2 0 0     0     0
10 59877.983664597317     2.482383727987 std4 2 2 0 0     0     0
10 59890.959664597304     2.482379520804 std4 2 2 0 0     0     0
10 59891.575664597285     2.482379321709 std4 2 2 0 0     0     0
10 59892.755664583017     2.482378940116 std4 2 2 0 0     0     0
10 59897.167664597315     2.482377514938 std4 2 2 0 0     0     0
10 59898.563664597306     2.482377064210 std4 2 2 0 0     0     0
10 59899.315664597314     2.482376821474 std4 2 2 0 0     0     0
h8
h9
