h1 CRD 2 2025 3 14 14
h2 WETL 8834 10 01 4 ILRS
h3 apollo15 0000103 0103 na 0 1 1
h4 0 2025 3 7 15 50 1 2025 3 7 15 51 41 0 0 0 0 1 0 2 0
C0 0   1064.000 std4 las1 det4 tim0   na   na met0   na
C1 0 las1     Nd:YAG    1064.00      20.00      80.00   10.0  2.00    1
C2 0 det4       SPAD   1064.000  70.00   -93.0 180.0     analog 150.0  0.35  90.0  18.0       none    0.0    0.0  0
C3 0 tim0                  TAC              EFOS-18             Dassault             02,09,10    0.0
C6 0 met0 Paroscientific Digiquarz_765-16B     155046 E+E_Elektronik EE33-PFTM2022N 17059374047303 E+E_Elektronik EE33-PFTM2022N 17059374047303
20 56820.000000000000  944.55 287.38   47 0
20 57180.000000000000  944.53 287.26   48 0
40 61031.662305100000 0 std4       na       na      na   119023.8      1.4   26.0      na      na     na 3 4 0 3    na
41 56509.781030800000 0 std4     2582     2582      na   119023.3       na   25.4   0.055  -0.733   -5.3 3 0 0 1   4.3
41 59957.834449800000 0 std4     2542     2542      na   119021.4       na   25.2  -0.088  -0.803   -9.4 3 0 0 1  17.9
41 63760.152412500000 0 std4     2944     2944      na   119022.6       na   27.1  -0.093  -0.859    4.4 3 0 0 2  19.1
41 65553.543579300000 0 std4     2724     2724      na   119028.7       na   26.1   0.053  -0.880  -13.7 3 0 0 2  14.1
10 57001.755136939993     2.483766408398 std4 2 2 0 0     0     0
10 57003.836800939965     2.483765095032 std4 2 2 0 0     0     0
10 57010.037757739974     2.483761186090 std4 2 2 0 0     0     0
10 57010.666260139960     2.483760790224 std4 2 2 0 0     0     0
10 57010.782352939993     2.483760716977 std4 2 2 0 0     0     0
10 57014.317178539968     2.483758490563 std4 2 2 0 0     0     0
10 57014.929668139985     2.483758104918 std4 2 2 0 0     0     0
10 57021.530944939987     2.483753951132 std4 2 2 0 0     0     0
10 57022.892032939988     2.483753095143 std4 2 2 0 0     0     0
10 57025.358004139966     2.483751544745 std4 2 2 0 0     0     0
10 57031.110602539977     2.483747930216 std4 2 2 0 0     0     0
10 57035.830375339979     2.483744967779 std4 2 2 0 0     0     0
10 57039.313159339990     2.483742782744 std4 2 2 0 0     0     0
10 57040.942461739985     2.483741760902 std4 2 2 0 0     0     0
10 57041.719082539966     2.483741274198 std4 2 2 0 0     0     0
10 57061.042528939971     2.483729178710 std4 2 2 0 0     0     0
10 57061.763104939971     2.483728728539 std4 2 2 0 0     0     0
10 57062.251495339963     2.483728423224 std4 2 2 0 0     0     0
10 57067.299530539999     2.483725269913 std4 2 2 0 0     0     0
10 57070.205853739979     2.483723456066 std4 2 2 0 0     0     0
10 57071.823146539976     2.483722446983 std4 2 2 0 0     0     0
10 57082.379584939986     2.483715866108 std4 2 2 0 0     0     0
10 57085.209847339983     2.483714103622 std4 2 2 0 0     0     0
10 57085.974458540004     2.483713627560 std4 2 2 0 0     0     0
10 57087.299517739979     2.483712803390 std4 2 2 0 0     0     0
10 57090.882381739995     2.483710573887 std4 2 2 0 0     0     0
10 57091.723053739996     2.483710051097 std4 2 2 0 0     0     0
10 57092.275495340005     2.483709707584 std4 2 2 0 0     0     0
10 57101.843143339974     2.483703762464 std4 2 2 0 0     0     0
h8
h9
