h1 CRD 2 2025 3 14 14
h2 WETL 8834 10 01 4 ILRS
h3 apollo15 0000103 0103 na 0 1 1
h4 0 2025 3 7 18 38 23 2025 3 7 18 43 13 0 0 0 0 1 0 2 0
C0 0   1064.000 std4 las1 det4 tim0   na   na met0   na
C1 0 las1     Nd:YAG    1064.00      20.00      80.00   10.0  2.00    1
C2 0 det4       SPAD   1064.000  70.00   -93.0 180.0     analog 150.0  0.35  90.0  18.0       none    0.0    0.0  0
C3 0 tim0                  TAC              EFOS-18             Dassault             02,09,10    0.0
C6 0 met0 Paroscientific Digiquarz_765-16B     155046 E+E_Elektronik EE33-PFTM2022N 17059374047303 E+E_Elektronik EE33-PFTM2022N 17059374047303
20 67080.000000000000  944.51 282.62   57 0
20 66900.000000000000  944.51 282.76   57 0
20 67620.000000000000  944.51 283.14   54 0
20 67800.000000000000  944.51 283.03   55 0
40 66942.983398500000 0 std4       na       na      na   119025.4      1.5   25.5      na      na     na 3 4 0 3    na
41 59957.834449800000 0 std4     2542     2542      na   119021.4       na   25.2  -0.088  -0.803   -9.4 3 0 0 1  17.9
41 63760.152412500000 0 std4     2944     2944      na   119022.6       na   27.1  -0.093  -0.859    4.4 3 0 0 1  19.1
41 65553.543579300000 0 std4     2724     2724      na   119028.7       na   26.1   0.053  -0.880  -13.7 3 0 0 1  14.1
41 69454.648726700000 0 std4     2540     2540      na   119025.1       na   25.2   0.012  -0.877   -4.1 3 0 0 2   9.1
41 73928.132347200000 0 std4     2287     2287      na   119028.1       na   23.9   0.009  -0.836    1.9 3 0 0 2   8.7
10 67103.486706940603     2.483094111327 std4 2 2 0 0     0     0
10 67103.770934140624     2.483094262358 std4 2 2 0 0     0     0
10 67107.978297340613     2.483096500525 std4 2 2 0 0     0     0
10 67111.024732540601     2.483098122231 std4 2 2 0 0     0     0
10 67115.128012540607     2.483100308382 std4 2 2 0 0     0     0
10 67116.393023740631     2.483100982346 std4 2 2 0 0     0     0
10 67120.144022140631     2.483102983383 std4 2 2 0 0     0     0
10 67124.959871740614     2.483105554892 std4 2 2 0 0     0     0
10 67126.593177340628     2.483106427619 std4 2 2 0 0     0     0
10 67132.069554940608     2.483109355448 std4 2 2 0 0     0     0
10 67134.539529340607     2.483110677410 std4 2 2 0 0     0     0
10 67146.048729340594     2.483116847224 std4 2 2 0 0     0     0
10 67148.670825340608     2.483118254863 std4 2 2 0 0     0     0
10 67149.635596540630     2.483118772852 std4 2 2 0 0     0     0
10 67155.616377340637     2.483121987991 std4 2 2 0 0     0     0
10 67157.133590140620     2.483122804009 std4 2 2 0 0     0     0
10 67162.357766140636     2.483125616869 std4 2 2 0 0     0     0
10 67165.196034940635     2.483127145940 std4 2 2 0 0     0     0
10 67168.054319740628     2.483128687081 std4 2 2 0 0     0     0
10 67168.718850940597     2.483129045840 std4 2 2 0 0     0     0
10 67174.783698940630     2.483132320030 std4 2 2 0 0     0     0
10 67175.512281340619     2.483132713531 std4 2 2 0 0     0     0
10 67178.014281340629     2.483134065473 std4 2 2 0 0     0     0
10 67178.202431740621     2.483134166862 std4 2 2 0 0     0     0
10 67186.336934140638     2.483138568345 std4 2 2 0 0     0     0
10 67190.240054140605     2.483140683568 std4 2 2 0 0     0     0
10 67190.244057340619     2.483140685563 std4 2 2 0 0     0     0
10 67204.599532540627     2.483148479141 std4 2 2 0 0     0     0
10 67206.661180540631     2.483149600659 std4 2 2 0 0     0     0
10 67215.696402940603     2.483154520479 std4 2 2 0 0     0     0
10 67217.657970940614     2.483155589926 std4 2 2 0 0     0     0
10 67218.354527740602     2.483155969984 std4 2 2 0 0     0     0
10 67226.793273340599     2.483160576583 std4 2 2 0 0     0     0
10 67227.293673340601     2.483160850342 std4 2 2 0 0     0     0
10 67227.762047740626     2.483161105984 std4 2 2 0 0     0     0
10 67229.491430140641     2.483162051309 std4 2 2 0 0     0     0
10 67236.905356540619     2.483166108417 std4 2 2 0 0     0     0
10 67240.292063740608     2.483167963759 std4 2 2 0 0     0     0
10 67249.347302140632     2.483172931100 std4 2 2 0 0     0     0
10 67250.920559740626     2.483173795554 std4 2 2 0 0     0     0
10 67254.483407740619     2.483175753485 std4 2 2 0 0     0     0
10 67257.982204540620     2.483177677527 std4 2 2 0 0     0     0
10 67264.543449340637     2.483181289763 std4 2 2 0 0     0     0
10 67271.280834940637     2.483185004625 std4 2 2 0 0     0     0
10 67272.938159740620     2.483185919282 std4 2 2 0 0     0     0
10 67276.436956540620     2.483187851116 std4 2 2 0 0     0     0
10 67280.171942140643     2.483189915241 std4 2 2 0 0     0     0
10 67281.725183740612     2.483190773853 std4 2 2 0 0     0     0
10 67281.741196540641     2.483190782703 std4 2 2 0 0     0     0
10 67284.475382140615     2.483192295277 std4 2 2 0 0     0     0
10 67286.124700540614     2.483193208026 std4 2 2 0 0     0     0
10 67287.053442940613     2.483193722161 std4 2 2 0 0     0     0
10 67287.157526140626     2.483193779929 std4 2 2 0 0     0     0
10 67290.524217340604     2.483195644833 std4 2 2 0 0     0     0
10 67293.138306940626     2.483197093079 std4 2 2 0 0     0     0
10 67300.320047740629     2.483201077803 std4 2 2 0 0     0     0
10 67307.149506940621     2.483204872586 std4 2 2 0 0     0     0
10 67315.732367740638     2.483209649832 std4 2 2 0 0     0     0
10 67327.053417340645     2.483215964242 std4 2 2 0 0     0     0
10 67328.874873340637     2.483216981823 std4 2 2 0 0     0     0
10 67328.942927740643     2.483217019518 std4 2 2 0 0     0     0
10 67332.269586940625     2.483218878999 std4 2 2 0 0     0     0
10 67336.805212540638     2.483221415834 std4 2 2 0 0     0     0
10 67345.316015740635     2.483226182876 std4 2 2 0 0     0     0
10 67347.389673340621     2.483227345856 std4 2 2 0 0     0     0
10 67353.882863740638     2.483230990147 std4 2 2 0 0     0     0
10 67364.971727740638     2.483237225686 std4 2 2 0 0     0     0
10 67367.077410940615     2.483238411542 std4 2 2 0 0     0     0
10 67368.818802940626     2.483239392580 std4 2 2 0 0     0     0
10 67384.034966140624     2.483247980349 std4 2 2 0 0     0     0
10 67391.092607740613     2.483251972872 std4 2 2 0 0     0     0
10 67393.538562940648     2.483253357858 std4 2 2 0 0     0     0
h8
h9
