h1 CRD 2 2025 3 13 19
h2 WETL 8834 10 01 4 ILRS
h3 apollo15 0000103 0103 na 0 1 1
h4 0 2025 3 6 18 56 11 2025 3 6 19 2 48 0 0 0 0 1 0 2 0
C0 0   1064.000 std4 las1 det4 tim0   na   na met0   na
C1 0 las1     Nd:YAG    1064.00      20.00      80.00   10.0  2.00    1
C2 0 det4       SPAD   1064.000  70.00   -93.0 180.0     analog 150.0  0.35  90.0  18.0       none    0.0    0.0  0
C3 0 tim0                  TAC              EFOS-18             Dassault             02,09,10    0.0
C6 0 met0 Paroscientific Digiquarz_765-16B     155046 E+E_Elektronik EE33-PFTM2022N 17059374047303 E+E_Elektronik EE33-PFTM2022N 17059374047303
20 67980.000000000000  948.50 281.63   55 0
20 68340.000000000000  948.53 281.43   56 0
20 68700.000000000000  948.47 281.70   55 0
20 68880.000000000000  948.46 281.18   57 0
40 68917.950047800000 0 std4       na       na      na   119026.7     -0.1   24.8      na      na     na 3 4 0 3    na
41 62890.335111300000 0 std4     2597     2597      na   119027.2       na   25.5   0.026  -0.746   -3.2 3 0 0 1   7.5
41 67586.528127300000 0 std4     2566     2566      na   119026.4       na   25.3   0.011  -0.797    3.6 3 0 0 1   7.6
41 71731.595017400000 0 std4     2248     2248      na   119026.2       na   23.7  -0.005  -0.876   -2.2 3 0 0 2   7.3
41 74617.451967400000 0 std4     2713     2713      na   119026.8       na   26.0  -0.046  -0.834   -2.8 3 0 0 2   8.1
41 74945.564984300000 0 std4     2200     2200      na   119026.5       na   23.5   0.028  -0.788    6.5 3 0 0 2   7.6
10 68171.948887106464     2.457635381347 std4 2 2 0 0     0     0
10 68179.232887106455     2.457643196549 std4 2 2 0 0     0     0
10 68184.296887106492     2.457648633170 std4 2 2 0 0     0     0
10 68195.664887106460     2.457660848381 std4 2 2 0 0     0     0
10 68196.952887106490     2.457662233092 std4 2 2 0 0     0     0
10 68200.880887106493     2.457666457980 std4 2 2 0 0     0     0
10 68220.244887106451     2.457687307949 std4 2 2 0 0     0     0
10 68224.332887106462     2.457691715125 std4 2 2 0 0     0     0
10 68239.036887106480     2.457707581652 std4 2 2 0 0     0     0
10 68239.548887106460     2.457708134481 std4 2 2 0 0     0     0
10 68244.644887106483     2.457713639535 std4 2 2 0 0     0     0
10 68251.272887106458     2.457720803388 std4 2 2 0 0     0     0
10 68255.432887106466     2.457725302075 std4 2 2 0 0     0     0
10 68258.688887106477     2.457728824292 std4 2 2 0 0     0     0
10 68261.260887106470     2.457731607556 std4 2 2 0 0     0     0
10 68261.504887106491     2.457731871863 std4 2 2 0 0     0     0
10 68262.748887106460     2.457733218234 std4 2 2 0 0     0     0
10 68263.964887106487     2.457734534424 std4 2 2 0 0     0     0
10 68266.136887106464     2.457736886092 std4 2 2 0 0     0     0
10 68271.724887106466     2.457742938695 std4 2 2 0 0     0     0
10 68276.536887106477     2.457748153603 std4 2 2 0 0     0     0
10 68281.380887106475     2.457753405580 std4 2 2 0 0     0     0
10 68284.044887106481     2.457756294615 std4 2 2 0 0     0     0
10 68284.956887106495     2.457757284332 std4 2 2 0 0     0     0
10 68285.624887106487     2.457758008997 std4 2 2 0 0     0     0
10 68291.940887106482     2.457764863534 std4 2 2 0 0     0     0
10 68297.512887106499     2.457770914227 std4 2 2 0 0     0     0
10 68307.908887106502     2.457782212750 std4 2 2 0 0     0     0
10 68309.056887106499     2.457783461325 std4 2 2 0 0     0     0
10 68311.148887106459     2.457785736549 std4 2 2 0 0     0     0
10 68311.644887106497     2.457786276048 std4 2 2 0 0     0     0
10 68311.848887106465     2.457786498057 std4 2 2 0 0     0     0
10 68326.624887106493     2.457802582924 std4 2 2 0 0     0     0
10 68326.996887106500     2.457802988548 std4 2 2 0 0     0     0
10 68330.992887120779     2.457807342471 std4 2 2 0 0     0     0
10 68337.084887106459     2.457813984056 std4 2 2 0 0     0     0
10 68340.064887106469     2.457817234733 std4 2 2 0 0     0     0
10 68347.664887106488     2.457825528150 std4 2 2 0 0     0     0
10 68349.148887106488     2.457827148693 std4 2 2 0 0     0     0
10 68351.964887106495     2.457830223418 std4 2 2 0 0     0     0
10 68364.944887106477     2.457844409026 std4 2 2 0 0     0     0
10 68386.292887106478     2.457867779128 std4 2 2 0 0     0     0
10 68395.076887106497     2.457877409548 std4 2 2 0 0     0     0
10 68399.464887106499     2.457882223568 std4 2 2 0 0     0     0
10 68400.344887106498     2.457883189264 std4 2 2 0 0     0     0
10 68401.444887106499     2.457884396303 std4 2 2 0 0     0     0
10 68401.604887106499     2.457884572215 std4 2 2 0 0     0     0
10 68407.184887106505     2.457890698045 std4 2 2 0 0     0     0
10 68415.840887106496     2.457900207533 std4 2 2 0 0     0     0
10 68416.128887106483     2.457900524018 std4 2 2 0 0     0     0
10 68418.748887106482     2.457903404355 std4 2 2 0 0     0     0
10 68422.624887106508     2.457907666159 std4 2 2 0 0     0     0
10 68438.536887106465     2.457925180661 std4 2 2 0 0     0     0
10 68438.776887106467     2.457925444836 std4 2 2 0 0     0     0
10 68448.152887106498     2.457935777990 std4 2 2 0 0     0     0
10 68449.892887106487     2.457937696845 std4 2 2 0 0     0     0
10 68451.188887106510     2.457939126087 std4 2 2 0 0     0     0
10 68455.304887106500     2.457943666312 std4 2 2 0 0     0     0
10 68459.208887106509     2.457947974909 std4 2 2 0 0     0     0
10 68462.700887106505     2.457951829900 std4 2 2 0 0     0     0
10 68471.392887106493     2.457961431396 std4 2 2 0 0     0     0
10 68473.336887106475     2.457963579890 std4 2 2 0 0     0     0
10 68492.548887106473     2.457984834990 std4 2 2 0 0     0     0
10 68493.528887106478     2.457985920424 std4 2 2 0 0     0     0
10 68496.812887106472     2.457989557931 std4 2 2 0 0     0     0
10 68508.236887106490     2.458002221175 std4 2 2 0 0     0     0
10 68509.300887106506     2.458003401038 std4 2 2 0 0     0     0
10 68512.604887106504     2.458007066382 std4 2 2 0 0     0     0
10 68516.520887106510     2.458011412323 std4 2 2 0 0     0     0
10 68518.972887106509     2.458014134292 std4 2 2 0 0     0     0
10 68520.816887106519     2.458016182135 std4 2 2 0 0     0     0
10 68521.380887106475     2.458016808328 std4 2 2 0 0     0     0
10 68524.160887106514     2.458019896029 std4 2 2 0 0     0     0
10 68532.552887106515     2.458029221402 std4 2 2 0 0     0     0
10 68539.592887106520     2.458037050625 std4 2 2 0 0     0     0
10 68541.772887106508     2.458039476098 std4 2 2 0 0     0     0
10 68548.656887106487     2.458047138393 std4 2 2 0 0     0     0
10 68554.856887106506     2.458054043930 std4 2 2 0 0     0     0
10 68557.544887106481     2.458057039051 std4 2 2 0 0     0     0
10 68559.828887106493     2.458059584809 std4 2 2 0 0     0     0
10 68568.772887106479     2.458069558481 std4 2 2 0 0     0     0
h8
h9
