h1 CRD 2 2025 3 13 18
h2 WETL 8834 10 01 4 ILRS
h3 apollo15 0000103 0103 na 0 1 1
h4 0 2025 3 6 18 12 11 2025 3 6 18 17 36 0 0 0 0 1 0 2 0
C0 0   1064.000 std4 las1 det4 tim0   na   na met0   na
C1 0 las1     Nd:YAG    1064.00      20.00      80.00   10.0  2.00    1
C2 0 det4       SPAD   1064.000  70.00   -93.0 180.0     analog 150.0  0.35  90.0  18.0       none    0.0    0.0  0
C3 0 tim0                  TAC              EFOS-18             Dassault             02,09,10    0.0
C6 0 met0 Paroscientific Digiquarz_765-16B     155046 E+E_Elektronik EE33-PFTM2022N 17059374047303 E+E_Elektronik EE33-PFTM2022N 17059374047303
20 65280.000000000000  948.39 285.49   42 0
20 65460.000000000000  948.39 285.31   43 0
20 65640.000000000000  948.40 285.12   43 0
20 65820.000000000000  948.44 284.91   44 0
20 66360.000000000000  948.50 285.16   41 0
40 66735.143458000000 0 std4       na       na      na   119025.4      0.7   24.7      na      na     na 3 4 0 3    na
41 58524.721931700000 0 std4     2345     2345      na   119021.4       na   24.2  -0.031  -0.825   -6.4 3 0 0 1   7.4
41 62890.335111300000 0 std4     2597     2597      na   119027.2       na   25.5   0.026  -0.746   -3.2 3 0 0 1   7.5
41 67586.528127300000 0 std4     2566     2566      na   119026.4       na   25.3   0.011  -0.797    3.6 3 0 0 2   7.6
41 71731.595017400000 0 std4     2248     2248      na   119026.2       na   23.7  -0.005  -0.876   -2.2 3 0 0 2   7.3
41 74617.451967400000 0 std4     2713     2713      na   119026.8       na   26.0  -0.046  -0.834   -2.8 3 0 0 2   8.1
41 74945.564984300000 0 std4     2200     2200      na   119026.5       na   23.5   0.028  -0.788    6.5 3 0 0 2   7.6
10 65531.851803677739     2.455195323513 std4 2 2 0 0     0     0
10 65533.080816777735     2.455196272864 std4 2 2 0 0     0     0
10 65542.484568477714     2.455203542462 std4 2 2 0 0     0     0
10 65544.021835677739     2.455204731692 std4 2 2 0 0     0     0
10 65550.987577677726     2.455210124238 std4 2 2 0 0     0     0
10 65559.494590177732     2.455216718103 std4 2 2 0 0     0     0
10 65564.746919777714     2.455220793200 std4 2 2 0 0     0     0
10 65567.669328777733     2.455223062369 std4 2 2 0 0     0     0
10 65571.552529777715     2.455226078775 std4 2 2 0 0     0     0
10 65592.425735977750     2.455242322348 std4 2 2 0 0     0     0
10 65648.764176877727     2.455286421737 std4 2 2 0 0     0     0
10 65649.360668577729     2.455286890746 std4 2 2 0 0     0     0
10 65662.535528877710     2.455297257814 std4 2 2 0 0     0     0
10 65666.775023577753     2.455300598311 std4 2 2 0 0     0     0
10 65675.057851277723     2.455307130558 std4 2 2 0 0     0     0
10 65677.932220677738     2.455309399152 std4 2 2 0 0     0     0
10 65678.596768477742     2.455309923585 std4 2 2 0 0     0     0
10 65678.856982977732     2.455310129137 std4 2 2 0 0     0     0
10 65692.512239277733     2.455320922020 std4 2 2 0 0     0     0
10 65713.349415777754     2.455337433264 std4 2 2 0 0     0     0
10 65714.270174777753     2.455338163955 std4 2 2 0 0     0     0
10 65722.877269777729     2.455344999934 std4 2 2 0 0     0     0
10 65724.690764677747     2.455346441439 std4 2 2 0 0     0     0
10 65730.379453977719     2.455350965730 std4 2 2 0 0     0     0
10 65740.715974577745     2.455359195611 std4 2 2 0 0     0     0
10 65741.328479477755     2.455359683937 std4 2 2 0 0     0     0
10 65745.235700277746     2.455362798036 std4 2 2 0 0     0     0
10 65757.029422077722     2.455372210307 std4 2 2 0 0     0     0
10 65766.313074777747     2.455379630302 std4 2 2 0 0     0     0
10 65777.614390677754     2.455388676466 std4 2 2 0 0     0     0
10 65784.043690477754     2.455393829656 std4 2 2 0 0     0     0
10 65788.155079577750     2.455397127882 std4 2 2 0 0     0     0
10 65791.637950577759     2.455399922628 std4 2 2 0 0     0     0
10 65791.685990177752     2.455399961456 std4 2 2 0 0     0     0
10 65795.533161477730     2.455403050689 std4 2 2 0 0     0     0
10 65801.025689077742     2.455407463919 std4 2 2 0 0     0     0
10 65802.314751677732     2.455408500364 std4 2 2 0 0     0     0
10 65802.639018977751     2.455408761159 std4 2 2 0 0     0     0
10 65818.860390577747     2.455421819172 std4 2 2 0 0     0     0
10 65821.922915077755     2.455424288086 std4 2 2 0 0     0     0
10 65822.047017377723     2.455424388173 std4 2 2 0 0     0     0
10 65826.514700177761     2.455427991773 std4 2 2 0 0     0     0
10 65826.919033477727     2.455428318341 std4 2 2 0 0     0     0
10 65831.194557877747     2.455431769138 std4 2 2 0 0     0     0
10 65833.052089077730     2.455433269199 std4 2 2 0 0     0     0
10 65837.359639877762     2.455436748955 std4 2 2 0 0     0     0
10 65837.495752077744     2.455436859138 std4 2 2 0 0     0     0
10 65845.474328977727     2.455443310500 std4 2 2 0 0     0     0
10 65847.656127477740     2.455445075773 std4 2 2 0 0     0     0
10 65852.988523077756     2.455449393053 std4 2 2 0 0     0     0
10 65856.147126777748     2.455451951880 std4 2 2 0 0     0     0
h8
h9
