h1 CRD 2 2025 3 13 17
h2 WETL 8834 10 01 4 ILRS
h3 apollo15 0000103 0103 na 0 1 1
h4 0 2025 3 6 16 0 39 2025 3 6 16 7 9 0 0 0 0 1 0 2 0
C0 0   1064.000 std4 las1 det4 tim0   na   na met0   na
C1 0 las1     Nd:YAG    1064.00      20.00      80.00   10.0  2.00    1
C2 0 det4       SPAD   1064.000  70.00   -93.0 180.0     analog 150.0  0.35  90.0  18.0       none    0.0    0.0  0
C3 0 tim0                  TAC              EFOS-18             Dassault             02,09,10    0.0
C6 0 met0 Paroscientific Digiquarz_765-16B     155046 E+E_Elektronik EE33-PFTM2022N 17059374047303 E+E_Elektronik EE33-PFTM2022N 17059374047303
20 57360.000000000000  948.07 287.71   39 0
20 58080.000000000000  948.06 287.38   38 0
40 61191.726050600000 0 std4       na       na      na   119024.5      1.7   24.9      na      na     na 3 4 0 3    na
41 54796.923974000000 0 std4     2407     2407      na   119022.6       na   24.5  -0.030  -0.818   10.4 3 0 0 1   3.6
41 58524.721931700000 0 std4     2345     2345      na   119021.4       na   24.2  -0.031  -0.825   -6.4 3 0 0 1   7.4
41 62890.335111300000 0 std4     2597     2597      na   119027.2       na   25.5   0.026  -0.746   -3.2 3 0 0 2   7.5
41 67586.528127300000 0 std4     2566     2566      na   119026.4       na   25.3   0.011  -0.797    3.6 3 0 0 2   7.6
10 57639.688365520057     2.452851342823 std4 2 2 0 0     0     0
10 57641.657989120071     2.452850992990 std4 2 2 0 0     0     0
10 57644.740530120092     2.452850445803 std4 2 2 0 0     0     0
10 57647.074454020069     2.452850032479 std4 2 2 0 0     0     0
10 57649.796698020093     2.452849551236 std4 2 2 0 0     0     0
10 57651.438051020067     2.452849261259 std4 2 2 0 0     0     0
10 57651.914443720094     2.452849177172 std4 2 2 0 0     0     0
10 57652.014526220093     2.452849159942 std4 2 2 0 0     0     0
10 57654.240361020078     2.452848767309 std4 2 2 0 0     0     0
10 57657.467020820078     2.452848199826 std4 2 2 0 0     0     0
10 57661.482330720072     2.452847494822 std4 2 2 0 0     0     0
10 57663.035611120093     2.452847222503 std4 2 2 0 0     0     0
10 57664.692977320084     2.452846932871 std4 2 2 0 0     0     0
10 57669.536970320069     2.452846086396 std4 2 2 0 0     0     0
10 57670.441716120095     2.452845929050 std4 2 2 0 0     0     0
10 57672.011009720100     2.452845655450 std4 2 2 0 0     0     0
10 57674.312907220067     2.452845255259 std4 2 2 0 0     0     0
10 57678.640474520074     2.452844504642 std4 2 2 0 0     0     0
10 57679.220953020077     2.452844404220 std4 2 2 0 0     0     0
10 57687.735972120095     2.452842933268 std4 2 2 0 0     0     0
10 57691.595153320065     2.452842269926 std4 2 2 0 0     0     0
10 57698.312690720093     2.452841118165 std4 2 2 0 0     0     0
10 57712.628491520059     2.452838683092 std4 2 2 0 0     0     0
10 57717.204263420073     2.452837909131 std4 2 2 0 0     0     0
10 57724.105952620081     2.452836747777 std4 2 2 0 0     0     0
10 57725.703269320072     2.452836479533 std4 2 2 0 0     0     0
10 57726.099596020101     2.452836412971 std4 2 2 0 0     0     0
10 57727.180487020069     2.452836231808 std4 2 2 0 0     0     0
10 57732.376770420084     2.452835362603 std4 2 2 0 0     0     0
10 57733.661829720068     2.452835148128 std4 2 2 0 0     0     0
10 57743.273753020075     2.452833549783 std4 2 2 0 0     0     0
10 57745.715766020103     2.452833145742 std4 2 2 0 0     0     0
10 57746.916756020067     2.452832947347 std4 2 2 0 0     0     0
10 57747.525257620094     2.452832846774 std4 2 2 0 0     0     0
10 57749.074534720070     2.452832590972 std4 2 2 0 0     0     0
10 57751.092197920068     2.452832258070 std4 2 2 0 0     0     0
10 57751.556580720088     2.452832181720 std4 2 2 0 0     0     0
10 57758.065946520072     2.452831111929 std4 2 2 0 0     0     0
10 57763.950797520085     2.452830148651 std4 2 2 0 0     0     0
10 57770.488186420074     2.452829084242 std4 2 2 0 0     0     0
10 57774.715671220077     2.452828398021 std4 2 2 0 0     0     0
10 57781.633373620109     2.452827280343 std4 2 2 0 0     0     0
10 57784.247528520096     2.452826859316 std4 2 2 0 0     0     0
10 57790.196432320082     2.452825904177 std4 2 2 0 0     0     0
10 57790.688838220095     2.452825825168 std4 2 2 0 0     0     0
10 57791.529531220100     2.452825690368 std4 2 2 0 0     0     0
10 57793.659286820095     2.452825349768 std4 2 2 0 0     0     0
10 57795.660936820084     2.452825030288 std4 2 2 0 0     0     0
10 57796.577692520073     2.452824884572 std4 2 2 0 0     0     0
10 57799.231880420104     2.452824461765 std4 2 2 0 0     0     0
10 57799.736296220083     2.452824381112 std4 2 2 0 0     0     0
10 57803.951771120084     2.452823711728 std4 2 2 0 0     0     0
10 57804.556269420094     2.452823615926 std4 2 2 0 0     0     0
10 57806.389780820092     2.452823325602 std4 2 2 0 0     0     0
10 57818.323618120078     2.452821444612 std4 2 2 0 0     0     0
10 57829.841112220077     2.452819645750 std4 2 2 0 0     0     0
10 57830.545693020104     2.452819536100 std4 2 2 0 0     0     0
10 57841.770946220077     2.452817798811 std4 2 2 0 0     0     0
10 57842.587619420103     2.452817672959 std4 2 2 0 0     0     0
10 57844.705365120107     2.452817347002 std4 2 2 0 0     0     0
10 57846.182582820108     2.452817119950 std4 2 2 0 0     0     0
10 57861.267017220101     2.452814815647 std4 2 2 0 0     0     0
10 57862.295865320096     2.452814659483 std4 2 2 0 0     0     0
10 57864.473660520096     2.452814329754 std4 2 2 0 0     0     0
10 57868.945346620070     2.452813653496 std4 2 2 0 0     0     0
10 57870.658759020100     2.452813395070 std4 2 2 0 0     0     0
10 57872.332138420071     2.452813143015 std4 2 2 0 0     0     0
10 57872.344148320083     2.452813141478 std4 2 2 0 0     0     0
10 57875.931105120087     2.452812601814 std4 2 2 0 0     0     0
10 57878.965606520090     2.452812146937 std4 2 2 0 0     0     0
10 57906.087964020099     2.452808128632 std4 2 2 0 0     0     0
10 57909.582844920081     2.452807617196 std4 2 2 0 0     0     0
10 57912.393161520092     2.452807206451 std4 2 2 0 0     0     0
10 57915.787959920071     2.452806712464 std4 2 2 0 0     0     0
10 57917.697534020082     2.452806434857 std4 2 2 0 0     0     0
10 57918.342065320105     2.452806341358 std4 2 2 0 0     0     0
10 57920.728032120094     2.452805995144 std4 2 2 0 0     0     0
10 57920.860141020106     2.452805976322 std4 2 2 0 0     0     0
10 57921.332530420120     2.452805907887 std4 2 2 0 0     0     0
10 57922.169220120104     2.452805786916 std4 2 2 0 0     0     0
10 57924.134840420084     2.452805502527 std4 2 2 0 0     0     0
10 57932.649859520087     2.452804277128 std4 2 2 0 0     0     0
10 57932.994143320107     2.452804227568 std4 2 2 0 0     0     0
10 57941.288980920111     2.452803041935 std4 2 2 0 0     0     0
10 57944.627733120115     2.452802567358 std4 2 2 0 0     0     0
10 57946.557323720098     2.452802293569 std4 2 2 0 0     0     0
10 57947.646221320116     2.452802139107 std4 2 2 0 0     0     0
10 57949.599831720094     2.452801862433 std4 2 2 0 0     0     0
10 57950.292402620108     2.452801764647 std4 2 2 0 0     0     0
10 57950.340442220105     2.452801757613 std4 2 2 0 0     0     0
10 57950.492567620115     2.452801736189 std4 2 2 0 0     0     0
10 57951.353277120117     2.452801614401 std4 2 2 0 0     0     0
10 57951.677544420093     2.452801569091 std4 2 2 0 0     0     0
10 57955.088356020108     2.452801088118 std4 2 2 0 0     0     0
10 57959.832266520103     2.452800421462 std4 2 2 0 0     0     0
10 57961.613735020117     2.452800171643 std4 2 2 0 0     0     0
10 57968.495407720107     2.452799210560 std4 2 2 0 0     0     0
10 57969.400153520080     2.452799085126 std4 2 2 0 0     0     0
10 57969.492229420094     2.452799072157 std4 2 2 0 0     0     0
10 57971.169612120087     2.452798839009 std4 2 2 0 0     0     0
10 57972.594786920120     2.452798641331 std4 2 2 0 0     0     0
10 57975.048809820106     2.452798301145 std4 2 2 0 0     0     0
10 57987.523092620080     2.452796583231 std4 2 2 0 0     0     0
10 57987.647194920107     2.452796566348 std4 2 2 0 0     0     0
10 57988.475878020105     2.452796452906 std4 2 2 0 0     0     0
10 57988.964280620096     2.452796385826 std4 2 2 0 0     0     0
10 57995.986068820114     2.452795428249 std4 2 2 0 0     0     0
10 57997.343187520110     2.452795243606 std4 2 2 0 0     0     0
10 57997.731507620111     2.452795191084 std4 2 2 0 0     0     0
10 58006.214500320084     2.452794043513 std4 2 2 0 0     0     0
10 58006.887054720102     2.452793952921 std4 2 2 0 0     0     0
10 58006.979130620108     2.452793940539 std4 2 2 0 0     0     0
10 58007.367450720106     2.452793888302 std4 2 2 0 0     0     0
10 58008.080038120117     2.452793792425 std4 2 2 0 0     0     0
10 58014.121017820087     2.452792981479 std4 2 2 0 0     0     0
10 58015.690311420099     2.452792771737 std4 2 2 0 0     0     0
10 58023.072396620096     2.452791788426 std4 2 2 0 0     0     0
10 58024.425512020115     2.452791608620 std4 2 2 0 0     0     0
10 58027.371940820094     2.452791218764 std4 2 2 0 0     0     0
10 58028.420805420089     2.452791079632 std4 2 2 0 0     0     0
10 58029.930049520091     2.452790880532 std4 2 2 0 0     0     0
h8
h9
