h1 CRD 2 2025 3 14 14
h2 WETL 8834 10 01 4 ILRS
h3 apollo15 0000103 0103 na 0 1 1
h4 0 2025 3 7 16 18 46 2025 3 7 16 25 29 0 0 0 0 1 0 2 0
C0 0   1064.000 std4 las1 det4 tim0   na   na met0   na
C1 0 las1     Nd:YAG    1064.00      20.00      80.00   10.0  2.00    1
C2 0 det4       SPAD   1064.000  70.00   -93.0 180.0     analog 150.0  0.35  90.0  18.0       none    0.0    0.0  0
C3 0 tim0                  TAC              EFOS-18             Dassault             02,09,10    0.0
C6 0 met0 Paroscientific Digiquarz_765-16B     155046 E+E_Elektronik EE33-PFTM2022N 17059374047303 E+E_Elektronik EE33-PFTM2022N 17059374047303
20 58440.000000000000  944.43 286.88   49 0
20 58620.000000000000  944.41 286.61   50 0
20 59160.000000000000  944.40 286.28   51 0
40 61031.662305100000 0 std4       na       na      na   119023.8      1.4   26.0      na      na     na 3 4 0 3    na
41 56509.781030800000 0 std4     2582     2582      na   119023.3       na   25.4   0.055  -0.733   -5.3 3 0 0 1   4.3
41 59957.834449800000 0 std4     2542     2542      na   119021.4       na   25.2  -0.088  -0.803   -9.4 3 0 0 1  17.9
41 63760.152412500000 0 std4     2944     2944      na   119022.6       na   27.1  -0.093  -0.859    4.4 3 0 0 2  19.1
41 65553.543579300000 0 std4     2724     2724      na   119028.7       na   26.1   0.053  -0.880  -13.7 3 0 0 2  14.1
10 58726.625930540100     2.482831116336 std4 2 2 0 0     0     0
10 58727.198388140113     2.482830857963 std4 2 2 0 0     0     0
10 58728.099108140108     2.482830451127 std4 2 2 0 0     0     0
10 58729.324087340089     2.482829898726 std4 2 2 0 0     0     0
10 58730.332893740087     2.482829443875 std4 2 2 0 0     0     0
10 58736.441776940076     2.482826690385 std4 2 2 0 0     0     0
10 58739.095898540098     2.482825495712 std4 2 2 0 0     0     0
10 58744.544253740082     2.482823045474 std4 2 2 0 0     0     0
10 58750.733200940115     2.482820265325 std4 2 2 0 0     0     0
10 58758.091082540094     2.482816966160 std4 2 2 0 0     0     0
10 58758.491402540091     2.482816787007 std4 2 2 0 0     0     0
10 58758.951770540096     2.482816580805 std4 2 2 0 0     0     0
10 58760.376909740109     2.482815942369 std4 2 2 0 0     0     0
10 58760.929351340078     2.482815695251 std4 2 2 0 0     0     0
10 58808.231664597258     2.482794638510 std4 2 2 0 0     0     0
10 58811.063664597257     2.482793385744 std4 2 2 0 0     0     0
10 58812.331664597251     2.482792824460 std4 2 2 0 0     0     0
10 58813.155664582946     2.482792460614 std4 2 2 0 0     0     0
10 58816.139664597224     2.482791141984 std4 2 2 0 0     0     0
10 58820.259664597234     2.482789322566 std4 2 2 0 0     0     0
10 58822.247664582965     2.482788445490 std4 2 2 0 0     0     0
10 58823.235664597235     2.482788009806 std4 2 2 0 0     0     0
10 58823.335664597241     2.482787965597 std4 2 2 0 0     0     0
10 58824.955664597232     2.482787251373 std4 2 2 0 0     0     0
10 58829.731664597241     2.482785147721 std4 2 2 0 0     0     0
10 58831.371664597234     2.482784425793 std4 2 2 0 0     0     0
10 58832.623664597241     2.482783874531 std4 2 2 0 0     0     0
10 58837.311664597224     2.482781813480 std4 2 2 0 0     0     0
10 58843.131664597251     2.482779257519 std4 2 2 0 0     0     0
10 58851.207664597237     2.482775717500 std4 2 2 0 0     0     0
10 58858.423664597241     2.482772559717 std4 2 2 0 0     0     0
10 58859.603664597241     2.482772044362 std4 2 2 0 0     0     0
10 58860.079664597230     2.482771836007 std4 2 2 0 0     0     0
10 58866.647664597255     2.482768968357 std4 2 2 0 0     0     0
10 58878.183664597223     2.482763942731 std4 2 2 0 0     0     0
10 58878.955664597230     2.482763606759 std4 2 2 0 0     0     0
10 58884.399664582954     2.482761240343 std4 2 2 0 0     0     0
10 58890.967664597263     2.482758390075 std4 2 2 0 0     0     0
10 58892.823664597240     2.482757585109 std4 2 2 0 0     0     0
10 58898.567664597239     2.482755097081 std4 2 2 0 0     0     0
10 58903.263664597251     2.482753065747 std4 2 2 0 0     0     0
10 58917.171664597242     2.482747063812 std4 2 2 0 0     0     0
10 58921.119664597247     2.482745363949 std4 2 2 0 0     0     0
10 58925.267664597245     2.482743579316 std4 2 2 0 0     0     0
10 58925.795664597231     2.482743352404 std4 2 2 0 0     0     0
10 58926.263664597245     2.482743151672 std4 2 2 0 0     0     0
10 58928.627664597228     2.482742135390 std4 2 2 0 0     0     0
10 58932.987664597262     2.482740263893 std4 2 2 0 0     0     0
10 58934.687664597256     2.482739534558 std4 2 2 0 0     0     0
10 58941.295664597230     2.482736702491 std4 2 2 0 0     0     0
10 58947.091664597237     2.482734222690 std4 2 2 0 0     0     0
10 58950.371664597231     2.482732820759 std4 2 2 0 0     0     0
10 58951.923664597222     2.482732157986 std4 2 2 0 0     0     0
10 58955.547664597240     2.482730611039 std4 2 2 0 0     0     0
10 58957.519664597242     2.482729769932 std4 2 2 0 0     0     0
10 58958.415664597265     2.482729387491 std4 2 2 0 0     0     0
10 58963.379664597263     2.482727272959 std4 2 2 0 0     0     0
10 58968.507664597238     2.482725090669 std4 2 2 0 0     0     0
10 58968.631664597259     2.482725038142 std4 2 2 0 0     0     0
10 58970.915664597268     2.482724067295 std4 2 2 0 0     0     0
10 58971.747664597226     2.482723713802 std4 2 2 0 0     0     0
10 58971.751664597250     2.482723711707 std4 2 2 0 0     0     0
10 58973.595664597263     2.482722928580 std4 2 2 0 0     0     0
10 58976.715664597254     2.482721604243 std4 2 2 0 0     0     0
10 58981.447664597249     2.482719597296 std4 2 2 0 0     0     0
10 58991.399664597237     2.482715384859 std4 2 2 0 0     0     0
10 58993.299664597267     2.482714581631 std4 2 2 0 0     0     0
10 58994.131664597240     2.482714230189 std4 2 2 0 0     0     0
10 59003.247664597267     2.482710383908 std4 2 2 0 0     0     0
10 59003.423664597247     2.482710309454 std4 2 2 0 0     0     0
10 59007.039664597263     2.482708786333 std4 2 2 0 0     0     0
10 59008.063664597236     2.482708355414 std4 2 2 0 0     0     0
10 59010.991664597255     2.482707123088 std4 2 2 0 0     0     0
10 59011.147664597238     2.482707057616 std4 2 2 0 0     0     0
10 59014.619664597223     2.482705597921 std4 2 2 0 0     0     0
10 59019.791664597268     2.482703426085 std4 2 2 0 0     0     0
10 59019.831664597267     2.482703409303 std4 2 2 0 0     0     0
10 59023.947664597256     2.482701682989 std4 2 2 0 0     0     0
10 59024.023664597252     2.482701651228 std4 2 2 0 0     0     0
10 59025.043664597251     2.482701223391 std4 2 2 0 0     0     0
10 59027.303664597239     2.482700276655 std4 2 2 0 0     0     0
10 59029.111664597262     2.482699519197 std4 2 2 0 0     0     0
10 59032.395664597273     2.482698144959 std4 2 2 0 0     0     0
10 59032.507664597229     2.482698098594 std4 2 2 0 0     0     0
10 59034.419664597228     2.482697298924 std4 2 2 0 0     0     0
10 59039.151664597272     2.482695321833 std4 2 2 0 0     0     0
10 59040.707664597247     2.482694671876 std4 2 2 0 0     0     0
10 59040.827664597242     2.482694622260 std4 2 2 0 0     0     0
10 59041.495664597230     2.482694342936 std4 2 2 0 0     0     0
10 59041.691664597263     2.482694261767 std4 2 2 0 0     0     0
10 59043.103664597266     2.482693672416 std4 2 2 0 0     0     0
10 59043.171664597258     2.482693644114 std4 2 2 0 0     0     0
10 59048.279664597275     2.482691514629 std4 2 2 0 0     0     0
10 59048.863664597241     2.482691271779 std4 2 2 0 0     0     0
10 59049.343664597239     2.482691071696 std4 2 2 0 0     0     0
10 59051.315664597246     2.482690250496 std4 2 2 0 0     0     0
10 59051.847664597251     2.482690029341 std4 2 2 0 0     0     0
10 59052.295664597235     2.482689842782 std4 2 2 0 0     0     0
10 59052.875664597236     2.482689601724 std4 2 2 0 0     0     0
10 59062.251664582987     2.482685705355 std4 2 2 0 0     0     0
10 59063.991664597264     2.482684983006 std4 2 2 0 0     0     0
10 59073.647664597252     2.482680982793 std4 2 2 0 0     0     0
10 59074.591664597269     2.482680591973 std4 2 2 0 0     0     0
10 59079.255664597267     2.482678663511 std4 2 2 0 0     0     0
10 59080.459664597249     2.482678166400 std4 2 2 0 0     0     0
10 59087.703664597275     2.482675177260 std4 2 2 0 0     0     0
10 59092.987664597277     2.482673000518 std4 2 2 0 0     0     0
10 59093.603664597254     2.482672746710 std4 2 2 0 0     0     0
10 59094.047664597270     2.482672563861 std4 2 2 0 0     0     0
10 59108.839664597270     2.482666488156 std4 2 2 0 0     0     0
10 59112.979664597246     2.482664791918 std4 2 2 0 0     0     0
10 59113.355664597273     2.482664637875 std4 2 2 0 0     0     0
10 59116.335664597262     2.482663418056 std4 2 2 0 0     0     0
10 59118.379664597265     2.482662581810 std4 2 2 0 0     0     0
10 59122.187664597237     2.482661025435 std4 2 2 0 0     0     0
10 59125.183664597253     2.482659802371 std4 2 2 0 0     0     0
10 59125.235664597265     2.482659781134 std4 2 2 0 0     0     0
10 59125.859664597272     2.482659526333 std4 2 2 0 0     0     0
10 59128.247664597262     2.482658552320 std4 2 2 0 0     0     0
10 59128.971664597274     2.482658257062 std4 2 2 0 0     0     0
10 59129.431664597273     2.482658069563 std4 2 2 0 0     0     0
h8
h9
