h1 CRD 2 2025 3 14 14
h2 WETL 8834 10 01 4 ILRS
h3 apollo15 0000103 0103 na 0 1 1
h4 0 2025 3 7 18 33 16 2025 3 7 18 38 14 0 0 0 0 1 0 2 0
C0 0   1064.000 std4 las1 det4 tim0   na   na met0   na
C1 0 las1     Nd:YAG    1064.00      20.00      80.00   10.0  2.00    1
C2 0 det4       SPAD   1064.000  70.00   -93.0 180.0     analog 150.0  0.35  90.0  18.0       none    0.0    0.0  0
C3 0 tim0                  TAC              EFOS-18             Dassault             02,09,10    0.0
C6 0 met0 Paroscientific Digiquarz_765-16B     155046 E+E_Elektronik EE33-PFTM2022N 17059374047303 E+E_Elektronik EE33-PFTM2022N 17059374047303
20 67080.000000000000  944.51 282.62   57 0
20 66540.000000000000  944.52 283.25   55 0
20 66720.000000000000  944.52 283.05   56 0
20 66900.000000000000  944.51 282.76   57 0
20 67620.000000000000  944.51 283.14   54 0
40 66942.983398500000 0 std4       na       na      na   119025.4      1.5   25.5      na      na     na 3 4 0 3    na
41 59957.834449800000 0 std4     2542     2542      na   119021.4       na   25.2  -0.088  -0.803   -9.4 3 0 0 1  17.9
41 63760.152412500000 0 std4     2944     2944      na   119022.6       na   27.1  -0.093  -0.859    4.4 3 0 0 1  19.1
41 65553.543579300000 0 std4     2724     2724      na   119028.7       na   26.1   0.053  -0.880  -13.7 3 0 0 1  14.1
41 69454.648726700000 0 std4     2540     2540      na   119025.1       na   25.2   0.012  -0.877   -4.1 3 0 0 2   9.1
41 73928.132347200000 0 std4     2287     2287      na   119028.1       na   23.9   0.009  -0.836    1.9 3 0 0 2   8.7
10 66796.921650940609     2.482936782321 std4 2 2 0 0     0     0
10 66799.483698940570     2.482938050695 std4 2 2 0 0     0     0
10 66809.655830140574     2.482943092661 std4 2 2 0 0     0     0
10 66813.675042940579     2.482945088405 std4 2 2 0 0     0     0
10 66813.799142140591     2.482945149948 std4 2 2 0 0     0     0
10 66813.919238140592     2.482945209524 std4 2 2 0 0     0     0
10 66815.816754940580     2.482946152690 std4 2 2 0 0     0     0
10 66818.050540540597     2.482947262864 std4 2 2 0 0     0     0
10 66819.992092540602     2.482948228853 std4 2 2 0 0     0     0
10 66827.874393340610     2.482952154408 std4 2 2 0 0     0     0
10 66837.113778940618     2.482956764998 std4 2 2 0 0     0     0
10 66843.254687740583     2.482959835477 std4 2 2 0 0     0     0
10 66844.419618940601     2.482960418112 std4 2 2 0 0     0     0
10 66846.693436540616     2.482961556756 std4 2 2 0 0     0     0
10 66846.893596540611     2.482961657127 std4 2 2 0 0     0     0
10 66849.908006140588     2.482963166943 std4 2 2 0 0     0     0
10 66851.709446140595     2.482964070159 std4 2 2 0 0     0     0
10 66855.776697340577     2.482966109833 std4 2 2 0 0     0     0
10 66855.820732540597     2.482966132211 std4 2 2 0 0     0     0
10 66858.987263740570     2.482967722052 std4 2 2 0 0     0     0
10 66861.048911740585     2.482968757513 std4 2 2 0 0     0     0
10 66869.996063740613     2.482973257822 std4 2 2 0 0     0     0
10 66871.821522940589     2.482974177650 std4 2 2 0 0     0     0
10 66880.184207740605     2.482978394527 std4 2 2 0 0     0     0
10 66923.578895740623     2.483000412443 std4 2 2 0 0     0     0
10 66938.302665340610     2.483007934835 std4 2 2 0 0     0     0
10 66943.530844540605     2.483010612189 std4 2 2 0 0     0     0
10 66949.895932540585     2.483013876081 std4 2 2 0 0     0     0
10 66958.114502140599     2.483018097673 std4 2 2 0 0     0     0
10 66958.955174140603     2.483018529605 std4 2 2 0 0     0     0
10 66961.345084540604     2.483019759179 std4 2 2 0 0     0     0
10 66963.582873340598     2.483020911001 std4 2 2 0 0     0     0
10 66974.323458940605     2.483026446920 std4 2 2 0 0     0     0
10 66975.928742140592     2.483027275829 std4 2 2 0 0     0     0
10 66977.830262140590     2.483028257541 std4 2 2 0 0     0     0
10 66982.233782140613     2.483030533163 std4 2 2 0 0     0     0
10 66983.847071740626     2.483031367709 std4 2 2 0 0     0     0
10 66986.020809340599     2.483032492590 std4 2 2 0 0     0     0
10 67000.228166140588     2.483039857027 std4 2 2 0 0     0     0
10 67004.623679740617     2.483042140141 std4 2 2 0 0     0     0
10 67007.409906940593     2.483043589215 std4 2 2 0 0     0     0
10 67013.230559740603     2.483046618299 std4 2 2 0 0     0     0
10 67021.457135740589     2.483050906517 std4 2 2 0 0     0     0
10 67023.726950140591     2.483052091442 std4 2 2 0 0     0     0
10 67034.411490940612     2.483057675885 std4 2 2 0 0     0     0
10 67036.609247740598     2.483058826030 std4 2 2 0 0     0     0
10 67037.245756540629     2.483059159246 std4 2 2 0 0     0     0
10 67038.891071740605     2.483060021028 std4 2 2 0 0     0     0
10 67046.465126140621     2.483063992283 std4 2 2 0 0     0     0
10 67049.935900540621     2.483065814329 std4 2 2 0 0     0     0
10 67051.585218940616     2.483066681155 std4 2 2 0 0     0     0
10 67055.628450940624     2.483068805958 std4 2 2 0 0     0     0
10 67056.008754940629     2.483069006362 std4 2 2 0 0     0     0
10 67056.441100540592     2.483069233358 std4 2 2 0 0     0     0
10 67061.533170940590     2.483071913448 std4 2 2 0 0     0     0
10 67063.847020540610     2.483073132191 std4 2 2 0 0     0     0
10 67067.477922940608     2.483075045806 std4 2 2 0 0     0     0
10 67071.465110140596     2.483077149182 std4 2 2 0 0     0     0
10 67074.195292540619     2.483078590799 std4 2 2 0 0     0     0
10 67076.024754940631     2.483079557408 std4 2 2 0 0     0     0
10 67077.141647740613     2.483080147323 std4 2 2 0 0     0     0
10 67086.284956540608     2.483084984029 std4 2 2 0 0     0     0
10 67086.869423740636     2.483085293903 std4 2 2 0 0     0     0
10 67089.731711740599     2.483086810015 std4 2 2 0 0     0     0
10 67090.352207740592     2.483087139286 std4 2 2 0 0     0     0
10 67092.393839740598     2.483088221479 std4 2 2 0 0     0     0
10 67094.267337340614     2.483089215266 std4 2 2 0 0     0     0
h8
h9
