h1 CRD 2 2025 3 14 14
h2 WETL 8834 10 01 4 ILRS
h3 apollo15 0000103 0103 na 0 1 1
h4 0 2025 3 7 20 2 41 2025 3 7 20 10 4 0 0 0 0 1 0 2 0
C0 0   1064.000 std4 las1 det4 tim0   na   na met0   na
C1 0 las1     Nd:YAG    1064.00      20.00      80.00   10.0  2.00    1
C2 0 det4       SPAD   1064.000  70.00   -93.0 180.0     analog 150.0  0.35  90.0  18.0       none    0.0    0.0  0
C3 0 tim0                  TAC              EFOS-18             Dassault             02,09,10    0.0
C6 0 met0 Paroscientific Digiquarz_765-16B     155046 E+E_Elektronik EE33-PFTM2022N 17059374047303 E+E_Elektronik EE33-PFTM2022N 17059374047303
20 71940.000000000000  944.48 281.27   65 0
20 72120.000000000000  944.44 281.39   64 0
20 72300.000000000000  944.43 281.27   65 0
20 72660.000000000000  944.40 281.76   63 0
20 72840.000000000000  944.41 281.89   63 0
20 73020.000000000000  944.42 281.51   64 0
20 73200.000000000000  944.45 281.32   65 0
40 68844.142379800000 0 std4       na       na      na   119026.3      1.0   25.6      na      na     na 3 4 0 3    na
41 63760.152412500000 0 std4     2944     2944      na   119022.6       na   27.1  -0.093  -0.859    4.4 3 0 0 1  19.1
41 65553.543579300000 0 std4     2724     2724      na   119028.7       na   26.1   0.053  -0.880  -13.7 3 0 0 1  14.1
41 69454.648726700000 0 std4     2540     2540      na   119025.1       na   25.2   0.012  -0.877   -4.1 3 0 0 2   9.1
41 73928.132347200000 0 std4     2287     2287      na   119028.1       na   23.9   0.009  -0.836    1.9 3 0 0 2   8.7
10 72161.249828083808     2.487280950584 std4 2 2 0 0     0     0
10 72169.136132083809     2.487289733580 std4 2 2 0 0     0     0
10 72182.254618483812     2.487304359006 std4 2 2 0 0     0     0
10 72182.626916083828     2.487304774475 std4 2 2 0 0     0     0
10 72183.659741683838     2.487305926360 std4 2 2 0 0     0     0
10 72184.232199283800     2.487306565302 std4 2 2 0 0     0     0
10 72184.716586483820     2.487307105730 std4 2 2 0 0     0     0
10 72184.792647283799     2.487307190603 std4 2 2 0 0     0     0
10 72185.753415283794     2.487308262473 std4 2 2 0 0     0     0
10 72186.738202483820     2.487309361842 std4 2 2 0 0     0     0
10 72186.818266483821     2.487309450778 std4 2 2 0 0     0     0
10 72187.106496883810     2.487309772940 std4 2 2 0 0     0     0
10 72187.534839283789     2.487310250598 std4 2 2 0 0     0     0
10 72189.080074483822     2.487311975275 std4 2 2 0 0     0     0
10 72190.969584883812     2.487314084870 std4 2 2 0 0     0     0
10 72202.274621683825     2.487326713990 std4 2 2 0 0     0     0
10 72206.465972083835     2.487331399332 std4 2 2 0 0     0     0
10 72207.518813683811     2.487332577046 std4 2 2 0 0     0     0
10 72207.803040883817     2.487332894571 std4 2 2 0 0     0     0
10 72218.199351283812     2.487344526332 std4 2 2 0 0     0     0
10 72218.815844083839     2.487345216619 std4 2 2 0 0     0     0
10 72223.347466483835     2.487350290719 std4 2 2 0 0     0     0
10 72235.585248883833     2.487364004389 std4 2 2 0 0     0     0
10 72237.342653683816     2.487365975737 std4 2 2 0 0     0     0
10 72240.653300083810     2.487369689027 std4 2 2 0 0     0     0
10 72242.258583283831     2.487371490031 std4 2 2 0 0     0     0
10 72242.630880883838     2.487371907478 std4 2 2 0 0     0     0
10 72244.608461683822     2.487374126466 std4 2 2 0 0     0     0
10 72244.796612083806     2.487374337613 std4 2 2 0 0     0     0
10 72246.037604083811     2.487375730801 std4 2 2 0 0     0     0
10 72246.714144883836     2.487376490121 std4 2 2 0 0     0     0
10 72250.325031283828     2.487380543822 std4 2 2 0 0     0     0
10 72250.453133683819     2.487380687576 std4 2 2 0 0     0     0
10 72252.402692083803     2.487382876676 std4 2 2 0 0     0     0
10 72252.959136883837     2.487383501847 std4 2 2 0 0     0     0
10 72254.912698483838     2.487385696011 std4 2 2 0 0     0     0
10 72260.809412083820     2.487392322231 std4 2 2 0 0     0     0
10 72261.610052083824     2.487393221858 std4 2 2 0 0     0     0
10 72264.616455283815     2.487396601791 std4 2 2 0 0     0     0
10 72264.708528883827     2.487396705506 std4 2 2 0 0     0     0
10 72264.716535283817     2.487396714101 std4 2 2 0 0     0     0
10 72264.936711283810     2.487396962066 std4 2 2 0 0     0     0
10 72267.282586483832     2.487399599921 std4 2 2 0 0     0     0
10 72267.682906483837     2.487400050486 std4 2 2 0 0     0     0
10 72273.199316083837     2.487406256383 std4 2 2 0 0     0     0
10 72276.397872883811     2.487409856312 std4 2 2 0 0     0     0
10 72276.746151283806     2.487410248109 std4 2 2 0 0     0     0
10 72277.518768883810     2.487411118098 std4 2 2 0 0     0     0
10 72291.802186483816     2.487427208867 std4 2 2 0 0     0     0
10 72293.167277683837     2.487428747498 std4 2 2 0 0     0     0
10 72303.935885683832     2.487440894750 std4 2 2 0 0     0     0
10 72304.428279283840     2.487441450290 std4 2 2 0 0     0     0
10 72306.089607283844     2.487443325632 std4 2 2 0 0     0     0
10 72306.862224883800     2.487444197973 std4 2 2 0 0     0     0
10 72308.647652083827     2.487446213564 std4 2 2 0 0     0     0
10 72312.654855283840     2.487450738644 std4 2 2 0 0     0     0
10 72314.684477683840     2.487453031807 std4 2 2 0 0     0     0
10 72317.150448883809     2.487455817939 std4 2 2 0 0     0     0
10 72325.801364083840     2.487465597441 std4 2 2 0 0     0     0
10 72326.710090483837     2.487466625286 std4 2 2 0 0     0     0
10 72343.631616883843     2.487485779128 std4 2 2 0 0     0     0
10 72345.413040883849     2.487487797069 std4 2 2 0 0     0     0
10 72367.358583283817     2.487512687960 std4 2 2 0 0     0     0
10 72367.698855283817     2.487513074228 std4 2 2 0 0     0     0
10 72368.023114483840     2.487513442326 std4 2 2 0 0     0     0
10 72394.380183283838     2.487543405887 std4 2 2 0 0     0     0
10 72397.042311283844     2.487546436185 std4 2 2 0 0     0     0
10 72401.361764083828     2.487551354999 std4 2 2 0 0     0     0
10 72410.501069683850     2.487561769413 std4 2 2 0 0     0     0
10 72417.826925683813     2.487570123345 std4 2 2 0 0     0     0
10 72418.867757683819     2.487571310798 std4 2 2 0 0     0     0
10 72418.875764083810     2.487571319872 std4 2 2 0 0     0     0
10 72422.110349683830     2.487575010483 std4 2 2 0 0     0     0
10 72423.863751283842     2.487577011469 std4 2 2 0 0     0     0
10 72429.252058483818     2.487583163306 std4 2 2 0 0     0     0
10 72429.488247283849     2.487583432970 std4 2 2 0 0     0     0
10 72429.864548083833     2.487583862447 std4 2 2 0 0     0     0
10 72430.204820083831     2.487584251122 std4 2 2 0 0     0     0
10 72435.629156083840     2.487590447496 std4 2 2 0 0     0     0
10 72440.445005683849     2.487595951568 std4 2 2 0 0     0     0
10 72444.200007283819     2.487600244915 std4 2 2 0 0     0     0
10 72447.434592883834     2.487603944551 std4 2 2 0 0     0     0
10 72453.667575283843     2.487611076158 std4 2 2 0 0     0     0
10 72454.224020083820     2.487611713393 std4 2 2 0 0     0     0
10 72454.272058483820     2.487611768353 std4 2 2 0 0     0     0
10 72457.398557683835     2.487615347635 std4 2 2 0 0     0     0
10 72460.172775283852     2.487618524136 std4 2 2 0 0     0     0
10 72460.240829683839     2.487618602158 std4 2 2 0 0     0     0
10 72462.110324083838     2.487620743287 std4 2 2 0 0     0     0
10 72463.099114483831     2.487621875951 std4 2 2 0 0     0     0
10 72466.722010483837     2.487626026739 std4 2 2 0 0     0     0
10 72470.917364083855     2.487630835515 std4 2 2 0 0     0     0
10 72473.519444083809     2.487633818916 std4 2 2 0 0     0     0
10 72473.923767283834     2.487634282331 std4 2 2 0 0     0     0
10 72474.075888883847     2.487634456580 std4 2 2 0 0     0     0
10 72475.028650483837     2.487635549053 std4 2 2 0 0     0     0
10 72476.665959283846     2.487637427543 std4 2 2 0 0     0     0
10 72477.354509683839     2.487638217157 std4 2 2 0 0     0     0
10 72491.637927283829     2.487654612083 std4 2 2 0 0     0     0
10 72496.709981683824     2.487660439081 std4 2 2 0 0     0     0
10 72497.690765683830     2.487661565887 std4 2 2 0 0     0     0
10 72503.367303283851     2.487668091095 std4 2 2 0 0     0     0
10 72506.125508083839     2.487671262995 std4 2 2 0 0     0     0
10 72507.362496883818     2.487672686207 std4 2 2 0 0     0     0
10 72508.671543283816     2.487674191940 std4 2 2 0 0     0     0
10 72508.903728883826     2.487674459102 std4 2 2 0 0     0     0
10 72519.408125683836     2.487686549031 std4 2 2 0 0     0     0
10 72520.605082483817     2.487687927682 std4 2 2 0 0     0     0
10 72520.829261683844     2.487688185468 std4 2 2 0 0     0     0
10 72523.691549683853     2.487691482831 std4 2 2 0 0     0     0
10 72523.707562483829     2.487691500987 std4 2 2 0 0     0     0
10 72530.244788083815     2.487699034152 std4 2 2 0 0     0     0
10 72530.304836083814     2.487699103291 std4 2 2 0 0     0     0
10 72530.440944883851     2.487699260083 std4 2 2 0 0     0     0
10 72533.847668083834     2.487703187751 std4 2 2 0 0     0     0
10 72533.915722483819     2.487703266257 std4 2 2 0 0     0     0
10 72533.927732083832     2.487703279980 std4 2 2 0 0     0     0
10 72535.440941683849     2.487705024955 std4 2 2 0 0     0     0
10 72539.572244083855     2.487709790499 std4 2 2 0 0     0     0
10 72539.648304883839     2.487709877994 std4 2 2 0 0     0     0
10 72540.553028083853     2.487710921905 std4 2 2 0 0     0     0
10 72542.922922483847     2.487713656295 std4 2 2 0 0     0     0
10 72542.950944883850     2.487713688695 std4 2 2 0 0     0     0
10 72549.227962483832     2.487720934852 std4 2 2 0 0     0     0
10 72552.582644083857     2.487724808778 std4 2 2 0 0     0     0
10 72555.304820083859     2.487727953441 std4 2 2 0 0     0     0
10 72557.882880883848     2.487730932084 std4 2 2 0 0     0     0
10 72560.348852083821     2.487733782148 std4 2 2 0 0     0     0
10 72560.416906483847     2.487733860938 std4 2 2 0 0     0     0
10 72564.083837683846     2.487738100170 std4 2 2 0 0     0     0
10 72565.805213683849     2.487740090538 std4 2 2 0 0     0     0
10 72573.151085683829     2.487748588902 std4 2 2 0 0     0     0
10 72573.843639283827     2.487749390327 std4 2 2 0 0     0     0
10 72583.195114483823     2.487760217356 std4 2 2 0 0     0     0
10 72590.921290483848     2.487769169465 std4 2 2 0 0     0     0
10 72591.665885683833     2.487770032572 std4 2 2 0 0     0     0
10 72593.058999283833     2.487771647550 std4 2 2 0 0     0     0
10 72593.607437683818     2.487772283430 std4 2 2 0 0     0     0
10 72596.557796083814     2.487775704245 std4 2 2 0 0     0     0
10 72599.484135283850     2.487779098405 std4 2 2 0 0     0     0
10 72601.413677683847     2.487781336899 std4 2 2 0 0     0     0
10 72603.155069683855     2.487783357766 std4 2 2 0 0     0     0
10 72604.380048883829     2.487784779245 std4 2 2 0 0     0     0
h8
h9
