h1 CRD 2 2025 3 14 14
h2 WETL 8834 10 01 4 ILRS
h3 apollo15 0000103 0103 na 0 1 1
h4 0 2025 3 7 20 10 14 2025 3 7 20 17 41 0 0 0 0 1 0 2 0
C0 0   1064.000 std4 las1 det4 tim0   na   na met0   na
C1 0 las1     Nd:YAG    1064.00      20.00      80.00   10.0  2.00    1
C2 0 det4       SPAD   1064.000  70.00   -93.0 180.0     analog 150.0  0.35  90.0  18.0       none    0.0    0.0  0
C3 0 tim0                  TAC              EFOS-18             Dassault             02,09,10    0.0
C6 0 met0 Paroscientific Digiquarz_765-16B     155046 E+E_Elektronik EE33-PFTM2022N 17059374047303 E+E_Elektronik EE33-PFTM2022N 17059374047303
20 72480.000000000000  944.41 281.34   65 0
20 72660.000000000000  944.40 281.76   63 0
20 72840.000000000000  944.41 281.89   63 0
20 73020.000000000000  944.42 281.51   64 0
20 73200.000000000000  944.45 281.32   65 0
20 73560.000000000000  944.47 281.16   64 0
40 68844.142379800000 0 std4       na       na      na   119026.3      1.0   25.6      na      na     na 3 4 0 3    na
41 63760.152412500000 0 std4     2944     2944      na   119022.6       na   27.1  -0.093  -0.859    4.4 3 0 0 1  19.1
41 65553.543579300000 0 std4     2724     2724      na   119028.7       na   26.1   0.053  -0.880  -13.7 3 0 0 1  14.1
41 69454.648726700000 0 std4     2540     2540      na   119025.1       na   25.2   0.012  -0.877   -4.1 3 0 0 2   9.1
41 73928.132347200000 0 std4     2287     2287      na   119028.1       na   23.9   0.009  -0.836    1.9 3 0 0 2   8.7
10 72614.115831283847     2.487796082459 std4 2 2 0 0     0     0
10 72620.268749683835     2.487803231508 std4 2 2 0 0     0     0
10 72620.364826483861     2.487803343328 std4 2 2 0 0     0     0
10 72621.637844083830     2.487804822444 std4 2 2 0 0     0     0
10 72622.506538483831     2.487805832789 std4 2 2 0 0     0     0
10 72626.057376883819     2.487809961111 std4 2 2 0 0     0     0
10 72637.534551283865     2.487823313395 std4 2 2 0 0     0     0
10 72640.000522483845     2.487826184357 std4 2 2 0 0     0     0
10 72649.544151283824     2.487837300344 std4 2 2 0 0     0     0
10 72650.841188083860     2.487838812358 std4 2 2 0 0     0     0
10 72653.707479283853     2.487842152790 std4 2 2 0 0     0     0
10 72653.859600883860     2.487842330570 std4 2 2 0 0     0     0
10 72658.151031283826     2.487847333770 std4 2 2 0 0     0     0
10 72660.993303283851     2.487850649228 std4 2 2 0 0     0     0
10 72662.162237683849     2.487852012881 std4 2 2 0 0     0     0
10 72666.950064883861     2.487857599624 std4 2 2 0 0     0     0
10 72668.747501683853     2.487859697334 std4 2 2 0 0     0     0
10 72672.750701683828     2.487864371341 std4 2 2 0 0     0     0
10 72674.179844083832     2.487866040421 std4 2 2 0 0     0     0
10 72677.274317683863     2.487869655076 std4 2 2 0 0     0     0
10 72684.319949683856     2.487877888363 std4 2 2 0 0     0     0
10 72684.412023283864     2.487877995672 std4 2 2 0 0     0     0
10 72690.160618483826     2.487884717789 std4 2 2 0 0     0     0
10 72694.760295283834     2.487890098417 std4 2 2 0 0     0     0
10 72695.865178483863     2.487891390982 std4 2 2 0 0     0     0
10 72697.078148083828     2.487892810551 std4 2 2 0 0     0     0
10 72698.339156083838     2.487894286548 std4 2 2 0 0     0     0
10 72698.863575283862     2.487894900017 std4 2 2 0 0     0     0
10 72699.688234483837     2.487895865664 std4 2 2 0 0     0     0
10 72701.525703283827     2.487898016769 std4 2 2 0 0     0     0
10 72702.918816883854     2.487899647832 std4 2 2 0 0     0     0
10 72704.151802483866     2.487901091690 std4 2 2 0 0     0     0
10 72708.739469683850     2.487906465224 std4 2 2 0 0     0     0
10 72711.597754483861     2.487909814048 std4 2 2 0 0     0     0
10 72715.885181683866     2.487914839074 std4 2 2 0 0     0     0
10 72715.989264883837     2.487914961165 std4 2 2 0 0     0     0
10 72719.840343283852     2.487919476497 std4 2 2 0 0     0     0
10 72723.731453683867     2.487924040314 std4 2 2 0 0     0     0
10 72724.179812083860     2.487924566223 std4 2 2 0 0     0     0
10 72724.544103283830     2.487924993883 std4 2 2 0 0     0     0
10 72727.586535283856     2.487928563546 std4 2 2 0 0     0     0
10 72731.950023283830     2.487933684884 std4 2 2 0 0     0     0
10 72732.278285683838     2.487934070455 std4 2 2 0 0     0     0
10 72733.355146483864     2.487935334466 std4 2 2 0 0     0     0
10 72733.899581683837     2.487935973725 std4 2 2 0 0     0     0
10 72733.911591283848     2.487935987897 std4 2 2 0 0     0     0
10 72740.933204083849     2.487944235404 std4 2 2 0 0     0     0
10 72741.677799283850     2.487945110244 std4 2 2 0 0     0     0
10 72743.319111283861     2.487947038809 std4 2 2 0 0     0     0
10 72745.853136883836     2.487950017202 std4 2 2 0 0     0     0
10 72749.476032883864     2.487954276414 std4 2 2 0 0     0     0
10 72751.889962483842     2.487957115066 std4 2 2 0 0     0     0
10 72753.062900083867     2.487958494284 std4 2 2 0 0     0     0
10 72753.255053683850     2.487958720223 std4 2 2 0 0     0     0
10 72753.895565683832     2.487959473602 std4 2 2 0 0     0     0
10 72755.412778483873     2.487961258245 std4 2 2 0 0     0     0
10 72757.162176883847     2.487963316725 std4 2 2 0 0     0     0
10 72758.327108083858     2.487964687740 std4 2 2 0 0     0     0
10 72762.182189683845     2.487969224911 std4 2 2 0 0     0     0
10 72764.423981683859     2.487971863628 std4 2 2 0 0     0     0
10 72767.606525683833     2.487975611354 std4 2 2 0 0     0     0
10 72776.649754483840     2.487986266198 std4 2 2 0 0     0     0
10 72777.150154483845     2.487986856089 std4 2 2 0 0     0     0
10 72778.651354483856     2.487988625708 std4 2 2 0 0     0     0
10 72780.925172083829     2.487991306513 std4 2 2 0 0     0     0
10 72784.267844083861     2.487995248413 std4 2 2 0 0     0     0
10 72792.842698483871     2.488005365983 std4 2 2 0 0     0     0
10 72796.505626483844     2.488009690218 std4 2 2 0 0     0     0
10 72801.597696883871     2.488015703713 std4 2 2 0 0     0     0
10 72801.725799283861     2.488015855054 std4 2 2 0 0     0     0
10 72801.913949683852     2.488016077617 std4 2 2 0 0     0     0
10 72802.662548083848     2.488016962068 std4 2 2 0 0     0     0
10 72803.615309683865     2.488018087591 std4 2 2 0 0     0     0
10 72803.675357683866     2.488018158141 std4 2 2 0 0     0     0
10 72806.737805683834     2.488021777489 std4 2 2 0 0     0     0
10 72811.085280883834     2.488026916131 std4 2 2 0 0     0     0
10 72816.169344883871     2.488032928083 std4 2 2 0 0     0     0
10 72823.763415283867     2.488041913401 std4 2 2 0 0     0     0
10 72827.378304883849     2.488046192954 std4 2 2 0 0     0     0
10 72829.315853683837     2.488048486990 std4 2 2 0 0     0     0
10 72831.813850483832     2.488051445814 std4 2 2 0 0     0     0
10 72831.945956083845     2.488051601766 std4 2 2 0 0     0     0
10 72835.500797683844     2.488055813046 std4 2 2 0 0     0     0
10 72838.451156083839     2.488059309403 std4 2 2 0 0     0     0
10 72842.218167283841     2.488063774317 std4 2 2 0 0     0     0
10 72843.943546483866     2.488065820259 std4 2 2 0 0     0     0
10 72845.152512883859     2.488067253419 std4 2 2 0 0     0     0
10 72846.297428083833     2.488068611410 std4 2 2 0 0     0     0
10 72847.074048883866     2.488069532736 std4 2 2 0 0     0     0
10 72847.598468083841     2.488070154551 std4 2 2 0 0     0     0
10 72850.809034483854     2.488073962879 std4 2 2 0 0     0     0
10 72851.193341683877     2.488074418999 std4 2 2 0 0     0     0
10 72852.066039283841     2.488075454656 std4 2 2 0 0     0     0
10 72853.959552883865     2.488077701488 std4 2 2 0 0     0     0
10 72854.283812083834     2.488078086519 std4 2 2 0 0     0     0
10 72862.734567283868     2.488088119573 std4 2 2 0 0     0     0
10 72863.583245683867     2.488089127298 std4 2 2 0 0     0     0
10 72864.952340083865     2.488090753599 std4 2 2 0 0     0     0
10 72865.588848883845     2.488091509916 std4 2 2 0 0     0     0
10 72867.922714483872     2.488094282370 std4 2 2 0 0     0     0
10 72870.000375283864     2.488096751732 std4 2 2 0 0     0     0
10 72870.432720883878     2.488097265593 std4 2 2 0 0     0     0
10 72871.101255283872     2.488098059955 std4 2 2 0 0     0     0
10 72872.110061683866     2.488099259231 std4 2 2 0 0     0     0
10 72886.721741683860     2.488116638592 std4 2 2 0 0     0     0
10 72921.565594483875     2.488158172655 std4 2 2 0 0     0     0
10 72930.160464883841     2.488168437211 std4 2 2 0 0     0     0
10 72930.540768883839     2.488168891787 std4 2 2 0 0     0     0
10 72934.219709683885     2.488173287680 std4 2 2 0 0     0     0
10 72934.275754483866     2.488173354763 std4 2 2 0 0     0     0
10 72934.732119283841     2.488173900468 std4 2 2 0 0     0     0
10 72934.920269683877     2.488174125195 std4 2 2 0 0     0     0
10 72941.393444083837     2.488181864012 std4 2 2 0 0     0     0
10 72942.470304883873     2.488183151933 std4 2 2 0 0     0     0
10 72944.668061683863     2.488185780748 std4 2 2 0 0     0     0
10 72946.213296883855     2.488187629473 std4 2 2 0 0     0     0
10 72949.035552883846     2.488191006551 std4 2 2 0 0     0     0
10 72950.736912883856     2.488193042470 std4 2 2 0 0     0     0
10 72950.804967283837     2.488193123866 std4 2 2 0 0     0     0
10 72952.994717683845     2.488195745270 std4 2 2 0 0     0     0
10 72953.383028083881     2.488196209823 std4 2 2 0 0     0     0
10 72954.876221683842     2.488197997303 std4 2 2 0 0     0     0
10 72956.889831283866     2.488200408805 std4 2 2 0 0     0     0
10 72960.812967283883     2.488205107677 std4 2 2 0 0     0     0
10 72961.197274483854     2.488205567990 std4 2 2 0 0     0     0
10 72969.964282483847     2.488216074425 std4 2 2 0 0     0     0
10 72971.905834483861     2.488218402335 std4 2 2 0 0     0     0
10 72982.278125683875     2.488230845026 std4 2 2 0 0     0     0
10 72982.506308083865     2.488231118617 std4 2 2 0 0     0     0
10 72984.199661683881     2.488233151039 std4 2 2 0 0     0     0
10 72984.371799283848     2.488233357771 std4 2 2 0 0     0     0
10 72987.089972083884     2.488236621144 std4 2 2 0 0     0     0
10 72992.338167283880     2.488242923412 std4 2 2 0 0     0     0
10 72994.439847283848     2.488245448609 std4 2 2 0 0     0     0
10 72996.169229683849     2.488247526619 std4 2 2 0 0     0     0
10 72997.041927283858     2.488248574854 std4 2 2 0 0     0     0
10 73001.661620083866     2.488254127800 std4 2 2 0 0     0     0
10 73003.835357683886     2.488256740688 std4 2 2 0 0     0     0
10 73005.848967283857     2.488259162395 std4 2 2 0 0     0     0
10 73007.570343283864     2.488261232694 std4 2 2 0 0     0     0
10 73010.248484083859     2.488264454147 std4 2 2 0 0     0     0
10 73014.019498483864     2.488268991442 std4 2 2 0 0     0     0
10 73018.230864883877     2.488274060818 std4 2 2 0 0     0     0
10 73019.079543283869     2.488275082644 std4 2 2 0 0     0     0
10 73019.415812083852     2.488275487496 std4 2 2 0 0     0     0
10 73020.660807283878     2.488276986521 std4 2 2 0 0     0     0
10 73020.864970483843     2.488277232587 std4 2 2 0 0     0     0
10 73021.337348083860     2.488277801248 std4 2 2 0 0     0     0
10 73021.525498483850     2.488278027713 std4 2 2 0 0     0     0
10 73022.390189683877     2.488279069138 std4 2 2 0 0     0     0
10 73022.522295283883     2.488279227820 std4 2 2 0 0     0     0
10 73025.184423283850     2.488282434930 std4 2 2 0 0     0     0
10 73027.614365683851     2.488285362045 std4 2 2 0 0     0     0
10 73028.451034483885     2.488286370062 std4 2 2 0 0     0     0
10 73030.732858483876     2.488289119761 std4 2 2 0 0     0     0
10 73038.803309683856     2.488298849872 std4 2 2 0 0     0     0
10 73039.131572083883     2.488299245319 std4 2 2 0 0     0     0
10 73040.380570483882     2.488300751947 std4 2 2 0 0     0     0
10 73043.575124083844     2.488304606005 std4 2 2 0 0     0     0
10 73043.847341683859     2.488304934045 std4 2 2 0 0     0     0
10 73047.334128883886     2.488309141952 std4 2 2 0 0     0     0
10 73048.214832883890     2.488310204893 std4 2 2 0 0     0     0
10 73049.760068083864     2.488312070345 std4 2 2 0 0     0     0
10 73049.884167283882     2.488312219533 std4 2 2 0 0     0     0
10 73050.772877683874     2.488313292780 std4 2 2 0 0     0     0
10 73051.265271283883     2.488313887471 std4 2 2 0 0     0     0
10 73051.365351283888     2.488314008232 std4 2 2 0 0     0     0
10 73053.286887283865     2.488316327960 std4 2 2 0 0     0     0
10 73055.844932083881     2.488319417706 std4 2 2 0 0     0     0
10 73059.447812083890     2.488323769359 std4 2 2 0 0     0     0
10 73059.868148083885     2.488324277158 std4 2 2 0 0     0     0
10 73061.913783283868     2.488326749220 std4 2 2 0 0     0     0
h8
h9
