h1 CRD 2 2025 3 14 14
h2 WETL 8834 10 01 4 ILRS
h3 apollo15 0000103 0103 na 0 1 1
h4 0 2025 3 7 18 30 9 2025 3 7 18 33 8 0 0 0 0 1 0 2 0
C0 0   1064.000 std4 las1 det4 tim0   na   na met0   na
C1 0 las1     Nd:YAG    1064.00      20.00      80.00   10.0  2.00    1
C2 0 det4       SPAD   1064.000  70.00   -93.0 180.0     analog 150.0  0.35  90.0  18.0       none    0.0    0.0  0
C3 0 tim0                  TAC              EFOS-18             Dassault             02,09,10    0.0
C6 0 met0 Paroscientific Digiquarz_765-16B     155046 E+E_Elektronik EE33-PFTM2022N 17059374047303 E+E_Elektronik EE33-PFTM2022N 17059374047303
20 67080.000000000000  944.51 282.62   57 0
20 66360.000000000000  944.52 282.77   59 0
20 66540.000000000000  944.52 283.25   55 0
20 66720.000000000000  944.52 283.05   56 0
20 66900.000000000000  944.51 282.76   57 0
40 66942.983398500000 0 std4       na       na      na   119025.4      1.5   25.5      na      na     na 3 4 0 3    na
41 59957.834449800000 0 std4     2542     2542      na   119021.4       na   25.2  -0.088  -0.803   -9.4 3 0 0 1  17.9
41 63760.152412500000 0 std4     2944     2944      na   119022.6       na   27.1  -0.093  -0.859    4.4 3 0 0 1  19.1
41 65553.543579300000 0 std4     2724     2724      na   119028.7       na   26.1   0.053  -0.880  -13.7 3 0 0 1  14.1
41 69454.648726700000 0 std4     2540     2540      na   119025.1       na   25.2   0.012  -0.877   -4.1 3 0 0 2   9.1
41 73928.132347200000 0 std4     2287     2287      na   119028.1       na   23.9   0.009  -0.836    1.9 3 0 0 2   8.7
10 66609.575894140584     2.482846205210 std4 2 2 0 0     0     0
10 66609.868127740596     2.482846343236 std4 2 2 0 0     0     0
10 66611.637542140594     2.482847178625 std4 2 2 0 0     0     0
10 66615.352511740563     2.482848934694 std4 2 2 0 0     0     0
10 66616.381334140573     2.482849421359 std4 2 2 0 0     0     0
10 66617.650348540602     2.482850022156 std4 2 2 0 0     0     0
10 66622.602306940584     2.482852366421 std4 2 2 0 0     0     0
10 66624.948182140590     2.482853477996 std4 2 2 0 0     0     0
10 66627.998620540586     2.482854924595 std4 2 2 0 0     0     0
10 66632.350098940587     2.482856990096 std4 2 2 0 0     0     0
10 66639.988204540577     2.482860621211 std4 2 2 0 0     0     0
10 66649.483794940570     2.482865145066 std4 2 2 0 0     0     0
10 66660.144316540587     2.482870236908 std4 2 2 0 0     0     0
10 66669.439746940571     2.482874688199 std4 2 2 0 0     0     0
10 66677.257996540588     2.482878439831 std4 2 2 0 0     0     0
10 66679.763999740580     2.482879643957 std4 2 2 0 0     0     0
10 66680.308434940585     2.482879906170 std4 2 2 0 0     0     0
10 66681.589458940588     2.482880521810 std4 2 2 0 0     0     0
10 66683.919321340581     2.482881642690 std4 2 2 0 0     0     0
10 66684.359673340582     2.482881854527 std4 2 2 0 0     0     0
10 66685.496582140573     2.482882401689 std4 2 2 0 0     0     0
10 66687.582249340590     2.482883405740 std4 2 2 0 0     0     0
10 66698.114668540572     2.482888485013 std4 2 2 0 0     0     0
10 66703.599052540583     2.482891134954 std4 2 2 0 0     0     0
10 66704.243567740605     2.482891446565 std4 2 2 0 0     0     0
10 66706.089042940579     2.482892339331 std4 2 2 0 0     0     0
10 66718.538994940598     2.482898372223 std4 2 2 0 0     0     0
10 66718.631068540614     2.482898416296 std4 2 2 0 0     0     0
10 66719.731948540603     2.482898950845 std4 2 2 0 0     0     0
10 66723.675100540567     2.482900866053 std4 2 2 0 0     0     0
10 66724.103442940609     2.482901074246 std4 2 2 0 0     0     0
10 66727.490150140586     2.482902720924 std4 2 2 0 0     0     0
10 66731.052998140596     2.482904454578 std4 2 2 0 0     0     0
10 66731.249154940572     2.482904549877 std4 2 2 0 0     0     0
10 66732.318009340576     2.482905070462 std4 2 2 0 0     0     0
10 66733.438905340571     2.482905616408 std4 2 2 0 0     0     0
10 66735.588623740609     2.482906663896 std4 2 2 0 0     0     0
10 66736.437302140604     2.482907077591 std4 2 2 0 0     0     0
10 66736.641465340575     2.482907176758 std4 2 2 0 0     0     0
10 66737.085820540599     2.482907393838 std4 2 2 0 0     0     0
10 66737.189903740585     2.482907444451 std4 2 2 0 0     0     0
10 66738.695106940586     2.482908178543 std4 2 2 0 0     0     0
10 66745.212316540601     2.482911359816 std4 2 2 0 0     0     0
10 66751.785570940567     2.482914573773 std4 2 2 0 0     0     0
10 66755.468514940572     2.482916376347 std4 2 2 0 0     0     0
10 66758.454902140602     2.482917839787 std4 2 2 0 0     0     0
10 66765.456498940601     2.482921274709 std4 2 2 0 0     0     0
10 66765.716706940599     2.482921402335 std4 2 2 0 0     0     0
10 66769.447689340603     2.482923235124 std4 2 2 0 0     0     0
10 66777.173865340577     2.482927035401 std4 2 2 0 0     0     0
10 66780.624623740579     2.482928735017 std4 2 2 0 0     0     0
10 66785.308367740602     2.482931044930 std4 2 2 0 0     0     0
10 66787.434066940577     2.482932093767 std4 2 2 0 0     0     0
10 66788.611007740613     2.482932674947 std4 2 2 0 0     0     0
h8
h9
