h1 CRD 2 2025 3 13 19
h2 WETL 8834 10 01 4 ILRS
h3 apollo15 0000103 0103 na 0 1 1
h4 0 2025 3 6 20 30 42 2025 3 6 20 37 55 0 0 0 0 1 0 2 0
C0 0   1064.000 std4 las1 det4 tim0   na   na met0   na
C1 0 las1     Nd:YAG    1064.00      20.00      80.00   10.0  2.00    1
C2 0 det4       SPAD   1064.000  70.00   -93.0 180.0     analog 150.0  0.35  90.0  18.0       none    0.0    0.0  0
C3 0 tim0                  TAC              EFOS-18             Dassault             02,09,10    0.0
C6 0 met0 Paroscientific Digiquarz_765-16B     155046 E+E_Elektronik EE33-PFTM2022N 17059374047303 E+E_Elektronik EE33-PFTM2022N 17059374047303
20 73560.000000000000  948.37 280.46   62 0
20 73920.000000000000  948.41 280.81   60 0
20 74100.000000000000  948.42 280.40   62 0
20 74280.000000000000  948.43 280.08   63 0
20 74640.000000000000  948.43 279.74   64 0
20 74820.000000000000  948.44 279.49   65 0
40 71266.046555800000 0 std4       na       na      na   119026.4      0.1   24.6      na      na     na 3 4 0 3    na
41 67586.528127300000 0 std4     2566     2566      na   119026.4       na   25.3   0.011  -0.797    3.6 3 0 0 1   7.6
41 71731.595017400000 0 std4     2248     2248      na   119026.2       na   23.7  -0.005  -0.876   -2.2 3 0 0 2   7.3
41 74617.451967400000 0 std4     2713     2713      na   119026.8       na   26.0  -0.046  -0.834   -2.8 3 0 0 2   8.1
41 74945.564984300000 0 std4     2200     2200      na   119026.5       na   23.5   0.028  -0.788    6.5 3 0 0 2   7.6
10 73842.583926121161     2.465336944398 std4 2 2 0 0     0     0
10 73846.599926121162     2.465343433519 std4 2 2 0 0     0     0
10 73846.611926121124     2.465343452896 std4 2 2 0 0     0     0
10 73849.587926121137     2.465348262867 std4 2 2 0 0     0     0
10 73850.747926121121     2.465350137534 std4 2 2 0 0     0     0
10 73851.963926121155     2.465352103306 std4 2 2 0 0     0     0
10 73862.883926121128     2.465369760270 std4 2 2 0 0     0     0
10 73863.387926121149     2.465370575217 std4 2 2 0 0     0     0
10 73863.647926121149     2.465370995749 std4 2 2 0 0     0     0
10 73863.951926121166     2.465371487631 std4 2 2 0 0     0     0
10 73865.219926121150     2.465373538275 std4 2 2 0 0     0     0
10 73866.379926121144     2.465375414672 std4 2 2 0 0     0     0
10 73867.275926121168     2.465376864215 std4 2 2 0 0     0     0
10 73867.643926121156     2.465377459707 std4 2 2 0 0     0     0
10 73868.859926121121     2.465379427039 std4 2 2 0 0     0     0
10 73884.447926121146     2.465404655094 std4 2 2 0 0     0     0
10 73889.695926121162     2.465413153053 std4 2 2 0 0     0     0
10 73895.507926121141     2.465422566909 std4 2 2 0 0     0     0
10 73896.319926121149     2.465423882205 std4 2 2 0 0     0     0
10 73897.131926121158     2.465425197581 std4 2 2 0 0     0     0
10 73900.195926121165     2.465430162146 std4 2 2 0 0     0     0
10 73900.259926121129     2.465430265938 std4 2 2 0 0     0     0
10 73900.439926121127     2.465430557555 std4 2 2 0 0     0     0
10 73900.707926121173     2.465430991480 std4 2 2 0 0     0     0
10 73900.807926121167     2.465431153884 std4 2 2 0 0     0     0
10 73900.879926121130     2.465431270485 std4 2 2 0 0     0     0
10 73902.531926121130     2.465433947503 std4 2 2 0 0     0     0
10 73902.567926121164     2.465434005318 std4 2 2 0 0     0     0
10 73904.763926121133     2.465437564781 std4 2 2 0 0     0     0
10 73905.607926121153     2.465438932419 std4 2 2 0 0     0     0
10 73906.955926121134     2.465441117325 std4 2 2 0 0     0     0
10 73907.019926121152     2.465441220864 std4 2 2 0 0     0     0
10 73907.815926121124     2.465442511118 std4 2 2 0 0     0     0
10 73908.507926121139     2.465443632600 std4 2 2 0 0     0     0
10 73917.827926121165     2.465458743861 std4 2 2 0 0     0     0
10 73921.259926121161     2.465464309796 std4 2 2 0 0     0     0
10 73928.107926121132     2.465475419345 std4 2 2 0 0     0     0
10 73934.023926121157     2.465485019554 std4 2 2 0 0     0     0
10 73935.687926121166     2.465487720386 std4 2 2 0 0     0     0
10 73936.199926121151     2.465488551465 std4 2 2 0 0     0     0
10 73936.835926121160     2.465489583471 std4 2 2 0 0     0     0
10 73940.863926121133     2.465496122722 std4 2 2 0 0     0     0
10 73941.451926121171     2.465497077226 std4 2 2 0 0     0     0
10 73944.283926121161     2.465501675896 std4 2 2 0 0     0     0
10 73953.207926121173     2.465516169871 std4 2 2 0 0     0     0
10 73953.315926121164     2.465516345196 std4 2 2 0 0     0     0
10 73954.587926121172     2.465518411410 std4 2 2 0 0     0     0
10 73956.567926121164     2.465521628348 std4 2 2 0 0     0     0
10 73958.779926121167     2.465525222735 std4 2 2 0 0     0     0
10 73959.551926121172     2.465526477290 std4 2 2 0 0     0     0
10 73962.919926121158     2.465531950695 std4 2 2 0 0     0     0
10 73964.007926121144     2.465533719087 std4 2 2 0 0     0     0
10 73966.727926121128     2.465538140302 std4 2 2 0 0     0     0
10 73969.943926121156     2.465543368607 std4 2 2 0 0     0     0
10 73974.151926121127     2.465550211099 std4 2 2 0 0     0     0
10 73975.139926121173     2.465551817723 std4 2 2 0 0     0     0
10 73975.875926121153     2.465553014671 std4 2 2 0 0     0     0
10 73976.599926121172     2.465554192134 std4 2 2 0 0     0     0
10 73976.611926121149     2.465554211678 std4 2 2 0 0     0     0
10 73981.423926121176     2.465562038473 std4 2 2 0 0     0     0
10 73982.259926121154     2.465563398528 std4 2 2 0 0     0     0
10 73982.531926121163     2.465563840877 std4 2 2 0 0     0     0
10 73997.815926121143     2.465588714622 std4 2 2 0 0     0     0
10 73998.971926121168     2.465590596924 std4 2 2 0 0     0     0
10 73999.355926121133     2.465591221875 std4 2 2 0 0     0     0
10 74000.543926121184     2.465593156016 std4 2 2 0 0     0     0
10 74000.987926121144     2.465593879365 std4 2 2 0 0     0     0
10 74001.063926121173     2.465594002818 std4 2 2 0 0     0     0
10 74001.603926121173     2.465594882200 std4 2 2 0 0     0     0
10 74002.267926121141     2.465595963427 std4 2 2 0 0     0     0
10 74003.107926121137     2.465597331640 std4 2 2 0 0     0     0
10 74003.291926121161     2.465597630977 std4 2 2 0 0     0     0
10 74015.103926121146     2.465616872032 std4 2 2 0 0     0     0
10 74020.959926121166     2.465626415184 std4 2 2 0 0     0     0
10 74021.003926121165     2.465626486756 std4 2 2 0 0     0     0
10 74023.699926121155     2.465630880931 std4 2 2 0 0     0     0
10 74023.863926121174     2.465631148770 std4 2 2 0 0     0     0
10 74023.935926121142     2.465631266000 std4 2 2 0 0     0     0
10 74024.191926121166     2.465631683209 std4 2 2 0 0     0     0
10 74026.059926121151     2.465634728538 std4 2 2 0 0     0     0
10 74027.563926121171     2.465637180094 std4 2 2 0 0     0     0
10 74031.971926121151     2.465644367753 std4 2 2 0 0     0     0
10 74033.347926121174     2.465646611860 std4 2 2 0 0     0     0
10 74034.915926121164     2.465649168918 std4 2 2 0 0     0     0
10 74036.431926121139     2.465651641924 std4 2 2 0 0     0     0
10 74036.815926121164     2.465652267839 std4 2 2 0 0     0     0
10 74039.283926121146     2.465656293554 std4 2 2 0 0     0     0
10 74048.979926121163     2.465672114446 std4 2 2 0 0     0     0
10 74053.391926121169     2.465679315567 std4 2 2 0 0     0     0
10 74054.123926121179     2.465680510613 std4 2 2 0 0     0     0
10 74054.983926121176     2.465681915105 std4 2 2 0 0     0     0
10 74059.899926121156     2.465689941432 std4 2 2 0 0     0     0
10 74059.915926121179     2.465689967398 std4 2 2 0 0     0     0
10 74060.587926121140     2.465691064568 std4 2 2 0 0     0     0
10 74060.631926121164     2.465691136633 std4 2 2 0 0     0     0
10 74068.863926121173     2.465704582026 std4 2 2 0 0     0     0
10 74071.551926121160     2.465708973438 std4 2 2 0 0     0     0
10 74085.123926121144     2.465731154556 std4 2 2 0 0     0     0
10 74090.983926121181     2.465740736542 std4 2 2 0 0     0     0
10 74091.203926121179     2.465741096047 std4 2 2 0 0     0     0
10 74091.475926121140     2.465741540928 std4 2 2 0 0     0     0
10 74098.575926121154     2.465753154318 std4 2 2 0 0     0     0
10 74106.551926121165     2.465766204913 std4 2 2 0 0     0     0
10 74113.311926121151     2.465777269930 std4 2 2 0 0     0     0
10 74113.315926121167     2.465777276216 std4 2 2 0 0     0     0
10 74113.391926121151     2.465777400738 std4 2 2 0 0     0     0
10 74113.543926121161     2.465777649746 std4 2 2 0 0     0     0
10 74116.279926121181     2.465782128903 std4 2 2 0 0     0     0
10 74121.519926121176     2.465790709857 std4 2 2 0 0     0     0
10 74123.551926121180     2.465794037873 std4 2 2 0 0     0     0
10 74128.311926121170     2.465801834673 std4 2 2 0 0     0     0
10 74137.391926121154     2.465816713598 std4 2 2 0 0     0     0
10 74139.679926121173     2.465820463477 std4 2 2 0 0     0     0
10 74152.351926121171     2.465841241307 std4 2 2 0 0     0     0
10 74154.155926121163     2.465844200361 std4 2 2 0 0     0     0
10 74154.415926121162     2.465844626360 std4 2 2 0 0     0     0
10 74156.603926121150     2.465848215999 std4 2 2 0 0     0     0
10 74156.651926121162     2.465848294435 std4 2 2 0 0     0     0
10 74156.887926121173     2.465848681728 std4 2 2 0 0     0     0
10 74158.815926121166     2.465851844468 std4 2 2 0 0     0     0
10 74159.491926121153     2.465852953746 std4 2 2 0 0     0     0
10 74163.875926121164     2.465860147235 std4 2 2 0 0     0     0
10 74166.203926121157     2.465863967776 std4 2 2 0 0     0     0
10 74169.279926121179     2.465869016460 std4 2 2 0 0     0     0
10 74170.603926121161     2.465871189917 std4 2 2 0 0     0     0
10 74171.699926121159     2.465872988705 std4 2 2 0 0     0     0
10 74171.787926121183     2.465873133352 std4 2 2 0 0     0     0
10 74172.523926121165     2.465874341597 std4 2 2 0 0     0     0
10 74182.987926121154     2.465891524594 std4 2 2 0 0     0     0
10 74193.715926121145     2.465909149681 std4 2 2 0 0     0     0
10 74194.059926121171     2.465909715232 std4 2 2 0 0     0     0
10 74194.215926121145     2.465909971656 std4 2 2 0 0     0     0
10 74194.967926121159     2.465911207015 std4 2 2 0 0     0     0
10 74196.735926121146     2.465914113244 std4 2 2 0 0     0     0
10 74199.511926121180     2.465918675802 std4 2 2 0 0     0     0
10 74200.255926121145     2.465919898978 std4 2 2 0 0     0     0
10 74201.219926121174     2.465921483497 std4 2 2 0 0     0     0
10 74207.111926121185     2.465931170883 std4 2 2 0 0     0     0
10 74207.919926121178     2.465932499380 std4 2 2 0 0     0     0
10 74208.363926121161     2.465933229967 std4 2 2 0 0     0     0
10 74215.151926121185     2.465944394339 std4 2 2 0 0     0     0
10 74215.595926121158     2.465945124712 std4 2 2 0 0     0     0
10 74215.639926121182     2.465945197112 std4 2 2 0 0     0     0
10 74215.767926121167     2.465945407547 std4 2 2 0 0     0     0
10 74216.379926121178     2.465946414204 std4 2 2 0 0     0     0
10 74217.799926121180     2.465948750367 std4 2 2 0 0     0     0
10 74220.387926121173     2.465953008221 std4 2 2 0 0     0     0
10 74220.619926121179     2.465953389964 std4 2 2 0 0     0     0
10 74225.955926121162     2.465962171424 std4 2 2 0 0     0     0
10 74231.491926121148     2.465971283727 std4 2 2 0 0     0     0
10 74235.643926121169     2.465978119618 std4 2 2 0 0     0     0
10 74238.375926121188     2.465982618406 std4 2 2 0 0     0     0
10 74240.059926121165     2.465985391722 std4 2 2 0 0     0     0
10 74254.191926121150     2.466008673539 std4 2 2 0 0     0     0
10 74256.159926121177     2.466011916936 std4 2 2 0 0     0     0
10 74260.679926121149     2.466019367338 std4 2 2 0 0     0     0
10 74266.799926121161     2.466029457891 std4 2 2 0 0     0     0
10 74274.627926121168     2.466042368571 std4 2 2 0 0     0     0
10 74275.111926121185     2.466043166870 std4 2 2 0 0     0     0
h8
h9
