h1 CRD 2 2025 3 14 14
h2 WETL 8834 10 01 4 ILRS
h3 apollo15 0000103 0103 na 0 1 1
h4 0 2025 3 7 19 28 13 2025 3 7 19 32 18 0 0 0 0 1 0 2 0
C0 0   1064.000 std4 las1 det4 tim0   na   na met0   na
C1 0 las1     Nd:YAG    1064.00      20.00      80.00   10.0  2.00    1
C2 0 det4       SPAD   1064.000  70.00   -93.0 180.0     analog 150.0  0.35  90.0  18.0       none    0.0    0.0  0
C3 0 tim0                  TAC              EFOS-18             Dassault             02,09,10    0.0
C6 0 met0 Paroscientific Digiquarz_765-16B     155046 E+E_Elektronik EE33-PFTM2022N 17059374047303 E+E_Elektronik EE33-PFTM2022N 17059374047303
20 69960.000000000000  944.37 280.97   63 0
20 70320.000000000000  944.43 281.37   65 0
20 70680.000000000000  944.47 280.95   66 0
20 70860.000000000000  944.45 281.05   65 0
40 68844.142379800000 0 std4       na       na      na   119026.3      1.0   25.6      na      na     na 3 4 0 3    na
41 63760.152412500000 0 std4     2944     2944      na   119022.6       na   27.1  -0.093  -0.859    4.4 3 0 0 1  19.1
41 65553.543579300000 0 std4     2724     2724      na   119028.7       na   26.1   0.053  -0.880  -13.7 3 0 0 1  14.1
41 69454.648726700000 0 std4     2540     2540      na   119025.1       na   25.2   0.012  -0.877   -4.1 3 0 0 2   9.1
41 73928.132347200000 0 std4     2287     2287      na   119028.1       na   23.9   0.009  -0.836    1.9 3 0 0 2   8.7
10 70093.301709969385     2.485213840670 std4 2 2 0 0     0     0
10 70099.917709969416     2.485219688509 std4 2 2 0 0     0     0
10 70106.549709969391     2.485225555321 std4 2 2 0 0     0     0
10 70109.217709969382     2.485227916575 std4 2 2 0 0     0     0
10 70114.781709969412     2.485232844235 std4 2 2 0 0     0     0
10 70117.545709969383     2.485235293593 std4 2 2 0 0     0     0
10 70118.385709969385     2.485236038199 std4 2 2 0 0     0     0
10 70121.501709969418     2.485238800373 std4 2 2 0 0     0     0
10 70129.261709969419     2.485245684968 std4 2 2 0 0     0     0
10 70129.805709969392     2.485246167736 std4 2 2 0 0     0     0
10 70131.349709969413     2.485247538340 std4 2 2 0 0     0     0
10 70132.093709969383     2.485248198988 std4 2 2 0 0     0     0
10 70132.481709969403     2.485248543661 std4 2 2 0 0     0     0
10 70133.613709969386     2.485249549023 std4 2 2 0 0     0     0
10 70143.261709969397     2.485258122964 std4 2 2 0 0     0     0
10 70148.809709969393     2.485263057637 std4 2 2 0 0     0     0
10 70158.649709969402     2.485271819483 std4 2 2 0 0     0     0
10 70168.621709969413     2.485280709583 std4 2 2 0 0     0     0
10 70182.409709969407     2.485293020609 std4 2 2 0 0     0     0
10 70186.957709969396     2.485297086471 std4 2 2 0 0     0     0
10 70191.145709969385     2.485300832222 std4 2 2 0 0     0     0
10 70193.185709969391     2.485302657819 std4 2 2 0 0     0     0
10 70193.969709969412     2.485303359191 std4 2 2 0 0     0     0
10 70197.389709969419     2.485306420956 std4 2 2 0 0     0     0
10 70198.081709969407     2.485307040547 std4 2 2 0 0     0     0
10 70205.037709969423     2.485313272255 std4 2 2 0 0     0     0
10 70205.061709969390     2.485313293649 std4 2 2 0 0     0     0
10 70206.513709969404     2.485314595310 std4 2 2 0 0     0     0
10 70210.893709969414     2.485318522819 std4 2 2 0 0     0     0
10 70224.353709969391     2.485330606043 std4 2 2 0 0     0     0
10 70224.385709969401     2.485330634810 std4 2 2 0 0     0     0
10 70229.001709969421     2.485334783252 std4 2 2 0 0     0     0
10 70233.705709969416     2.485339013183 std4 2 2 0 0     0     0
10 70235.613709969417     2.485340729866 std4 2 2 0 0     0     0
10 70236.821709969405     2.485341816456 std4 2 2 0 0     0     0
10 70238.161709969403     2.485343022795 std4 2 2 0 0     0     0
10 70239.577709969429     2.485344297330 std4 2 2 0 0     0     0
10 70240.069709969387     2.485344740474 std4 2 2 0 0     0     0
10 70240.909709969392     2.485345496710 std4 2 2 0 0     0     0
10 70241.877709969424     2.485346368045 std4 2 2 0 0     0     0
10 70245.989709969421     2.485350071478 std4 2 2 0 0     0     0
10 70248.893709969407     2.485352688429 std4 2 2 0 0     0     0
10 70251.529709969409     2.485355064683 std4 2 2 0 0     0     0
10 70255.645709969430     2.485358776561 std4 2 2 0 0     0     0
10 70256.065709969426     2.485359155076 std4 2 2 0 0     0     0
10 70262.057709969423     2.485364562310 std4 2 2 0 0     0     0
10 70266.581709969420     2.485368647844 std4 2 2 0 0     0     0
10 70270.389709969415     2.485372088327 std4 2 2 0 0     0     0
10 70280.125709969427     2.485380892117 std4 2 2 0 0     0     0
10 70281.049709969399     2.485381728434 std4 2 2 0 0     0     0
10 70282.353709969418     2.485382908577 std4 2 2 0 0     0     0
10 70287.797709969425     2.485387837562 std4 2 2 0 0     0     0
10 70296.661709969425     2.485395870165 std4 2 2 0 0     0     0
10 70302.901709969415     2.485401529870 std4 2 2 0 0     0     0
10 70311.381709969391     2.485409229358 std4 2 2 0 0     0     0
10 70313.469709969429     2.485411126221 std4 2 2 0 0     0     0
10 70328.765709969429     2.485425037278 std4 2 2 0 0     0     0
10 70334.025709969418     2.485429827246 std4 2 2 0 0     0     0
10 70337.701709969389     2.485433176978 std4 2 2 0 0     0     0
10 70337.805709969420     2.485433271860 std4 2 2 0 0     0     0
10 70338.237709969420     2.485433665370 std4 2 2 0 0     0     0
h8
h9
