h1 CRD 2 2025 3 13 19
h2 WETL 8834 10 01 4 ILRS
h3 apollo15 0000103 0103 na 0 1 1
h4 0 2025 3 6 19 2 58 2025 3 6 19 6 50 0 0 0 0 1 0 2 0
C0 0   1064.000 std4 las1 det4 tim0   na   na met0   na
C1 0 las1     Nd:YAG    1064.00      20.00      80.00   10.0  2.00    1
C2 0 det4       SPAD   1064.000  70.00   -93.0 180.0     analog 150.0  0.35  90.0  18.0       none    0.0    0.0  0
C3 0 tim0                  TAC              EFOS-18             Dassault             02,09,10    0.0
C6 0 met0 Paroscientific Digiquarz_765-16B     155046 E+E_Elektronik EE33-PFTM2022N 17059374047303 E+E_Elektronik EE33-PFTM2022N 17059374047303
20 68340.000000000000  948.53 281.43   56 0
20 68700.000000000000  948.47 281.70   55 0
20 68880.000000000000  948.46 281.18   57 0
20 69240.000000000000  948.52 281.31   57 0
40 68917.950047800000 0 std4       na       na      na   119026.7     -0.1   24.8      na      na     na 3 4 0 3    na
41 62890.335111300000 0 std4     2597     2597      na   119027.2       na   25.5   0.026  -0.746   -3.2 3 0 0 1   7.5
41 67586.528127300000 0 std4     2566     2566      na   119026.4       na   25.3   0.011  -0.797    3.6 3 0 0 1   7.6
41 71731.595017400000 0 std4     2248     2248      na   119026.2       na   23.7  -0.005  -0.876   -2.2 3 0 0 2   7.3
41 74617.451967400000 0 std4     2713     2713      na   119026.8       na   26.0  -0.046  -0.834   -2.8 3 0 0 2   8.1
41 74945.564984300000 0 std4     2200     2200      na   119026.5       na   23.5   0.028  -0.788    6.5 3 0 0 2   7.6
10 68578.840887106482     2.458080795995 std4 2 2 0 0     0     0
10 68582.964887106482     2.458085402180 std4 2 2 0 0     0     0
10 68583.700887106512     2.458086224033 std4 2 2 0 0     0     0
10 68584.736887106493     2.458087381696 std4 2 2 0 0     0     0
10 68585.088887106499     2.458087774844 std4 2 2 0 0     0     0
10 68592.060887106494     2.458095568117 std4 2 2 0 0     0     0
10 68601.624887106479     2.458106266595 std4 2 2 0 0     0     0
10 68605.000887106508     2.458110045494 std4 2 2 0 0     0     0
10 68607.840887106492     2.458113225260 std4 2 2 0 0     0     0
10 68609.684887106511     2.458115290331 std4 2 2 0 0     0     0
10 68610.072887106497     2.458115725141 std4 2 2 0 0     0     0
10 68624.744887106511     2.458132170234 std4 2 2 0 0     0     0
10 68627.184887106505     2.458134907386 std4 2 2 0 0     0     0
10 68627.580887106481     2.458135351821 std4 2 2 0 0     0     0
10 68633.392887106483     2.458141874332 std4 2 2 0 0     0     0
10 68637.168887106513     2.458146113905 std4 2 2 0 0     0     0
10 68637.768887106515     2.458146787453 std4 2 2 0 0     0     0
10 68638.920887106520     2.458148081568 std4 2 2 0 0     0     0
10 68648.948887106495     2.458159349956 std4 2 2 0 0     0     0
10 68656.636887106524     2.458167996475 std4 2 2 0 0     0     0
10 68657.788887106531     2.458169292667 std4 2 2 0 0     0     0
10 68661.720887106522     2.458173717682 std4 2 2 0 0     0     0
10 68662.916887106502     2.458175063826 std4 2 2 0 0     0     0
10 68672.264887106517     2.458185592217 std4 2 2 0 0     0     0
10 68678.104887106500     2.458192174190 std4 2 2 0 0     0     0
10 68690.588887106497     2.458206256319 std4 2 2 0 0     0     0
10 68694.976887106527     2.458211210280 std4 2 2 0 0     0     0
10 68707.468887106527     2.458225324409 std4 2 2 0 0     0     0
10 68707.848887120809     2.458225754210 std4 2 2 0 0     0     0
10 68708.788887106525     2.458226816773 std4 2 2 0 0     0     0
10 68709.352887106492     2.458227454502 std4 2 2 0 0     0     0
10 68719.700887106525     2.458239161164 std4 2 2 0 0     0     0
10 68721.508887106515     2.458241207666 std4 2 2 0 0     0     0
10 68731.504887106528     2.458252528445 std4 2 2 0 0     0     0
10 68732.056887106505     2.458253154242 std4 2 2 0 0     0     0
10 68732.064887106528     2.458253163178 std4 2 2 0 0     0     0
10 68732.172887106521     2.458253285536 std4 2 2 0 0     0     0
10 68733.680887106507     2.458254994566 std4 2 2 0 0     0     0
10 68735.308887106494     2.458256839688 std4 2 2 0 0     0     0
10 68735.944887106525     2.458257560793 std4 2 2 0 0     0     0
10 68737.784887106522     2.458259646746 std4 2 2 0 0     0     0
10 68740.968887106492     2.458263256906 std4 2 2 0 0     0     0
10 68745.012887106519     2.458267844496 std4 2 2 0 0     0     0
10 68745.272887106516     2.458268139182 std4 2 2 0 0     0     0
10 68745.888887106492     2.458268838373 std4 2 2 0 0     0     0
10 68746.124887106525     2.458269105832 std4 2 2 0 0     0     0
10 68746.452887106514     2.458269478187 std4 2 2 0 0     0     0
10 68747.456887106532     2.458270617253 std4 2 2 0 0     0     0
10 68750.540887106499     2.458274117571 std4 2 2 0 0     0     0
10 68756.992887106505     2.458281443891 std4 2 2 0 0     0     0
10 68762.764887106524     2.458288001735 std4 2 2 0 0     0     0
10 68766.308887106500     2.458292029858 std4 2 2 0 0     0     0
10 68768.168887106499     2.458294144340 std4 2 2 0 0     0     0
10 68775.468887106500     2.458302447472 std4 2 2 0 0     0     0
10 68779.612887106510     2.458307163641 std4 2 2 0 0     0     0
10 68782.796887106526     2.458310788204 std4 2 2 0 0     0     0
10 68803.920887106532     2.458334863543 std4 2 2 0 0     0     0
10 68807.000887106537     2.458338378015 std4 2 2 0 0     0     0
10 68809.708887106533     2.458341468647 std4 2 2 0 0     0     0
10 68810.032887106500     2.458341838312 std4 2 2 0 0     0     0
h8
h9
